{"/Users/williamportugal/Desktop/CSC 308/BallerzStatApp/frontend/src/App/App.tsx": {"path":"/Users/williamportugal/Desktop/CSC 308/BallerzStatApp/frontend/src/App/App.tsx","statementMap":{"0":{"start":{"line":1,"column":0},"end":{"line":1,"column":49}},"1":{"start":{"line":2,"column":0},"end":{"line":2,"column":47}},"2":{"start":{"line":3,"column":0},"end":{"line":3,"column":49}},"3":{"start":{"line":4,"column":0},"end":{"line":4,"column":57}},"4":{"start":{"line":5,"column":0},"end":{"line":5,"column":64}},"5":{"start":{"line":6,"column":0},"end":{"line":6,"column":46}},"6":{"start":{"line":7,"column":0},"end":{"line":7,"column":61}},"7":{"start":{"line":8,"column":0},"end":{"line":8,"column":61}},"8":{"start":{"line":10,"column":0},"end":{"line":10,"column":58}},"9":{"start":{"line":11,"column":0},"end":{"line":11,"column":47}},"10":{"start":{"line":12,"column":0},"end":{"line":12,"column":19}},"11":{"start":{"line":13,"column":0},"end":{"line":13,"column":59}},"12":{"start":{"line":14,"column":0},"end":{"line":14,"column":49}},"13":{"start":{"line":15,"column":0},"end":{"line":15,"column":47}},"14":{"start":{"line":16,"column":0},"end":{"line":16,"column":51}},"15":{"start":{"line":19,"column":2},"end":{"line":19,"column":59}},"16":{"start":{"line":19,"column":19},"end":{"line":19,"column":59}},"17":{"start":{"line":20,"column":2},"end":{"line":20,"column":25}},"18":{"start":{"line":24,"column":2},"end":{"line":52,"column":4}},"19":{"start":{"line":55,"column":0},"end":{"line":55,"column":19}}},"fnMap":{"0":{"name":"ProtectedRoute","decl":{"start":{"line":18,"column":9},"end":{"line":18,"column":23}},"loc":{"start":{"line":18,"column":67},"end":{"line":21,"column":1}}},"1":{"name":"App","decl":{"start":{"line":23,"column":9},"end":{"line":23,"column":12}},"loc":{"start":{"line":23,"column":12},"end":{"line":53,"column":1}}}},"branchMap":{"0":{"loc":{"start":{"line":19,"column":2},"end":{"line":19,"column":59}},"type":"if","locations":[{"start":{"line":19,"column":2},"end":{"line":19,"column":59}},{"start":{},"end":{}}]}},"s":{"0":1,"1":1,"2":1,"3":1,"4":1,"5":1,"6":1,"7":1,"8":1,"9":1,"10":1,"11":1,"12":1,"13":1,"14":1,"15":4,"16":1,"17":3,"18":8,"19":1},"f":{"0":4,"1":8},"b":{"0":[1,3]}}
,"/Users/williamportugal/Desktop/CSC 308/BallerzStatApp/frontend/src/assets/teamAssets.ts": {"path":"/Users/williamportugal/Desktop/CSC 308/BallerzStatApp/frontend/src/assets/teamAssets.ts","statementMap":{"0":{"start":{"line":148,"column":0},"end":{"line":148,"column":16}},"1":{"start":{"line":157,"column":0},"end":{"line":157,"column":16}},"2":{"start":{"line":13,"column":13},"end":{"line":145,"column":2}},"3":{"start":{"line":149,"column":2},"end":{"line":149,"column":64}},"4":{"start":{"line":158,"column":16},"end":{"line":158,"column":47}},"5":{"start":{"line":159,"column":2},"end":{"line":159,"column":26}},"6":{"start":{"line":159,"column":14},"end":{"line":159,"column":26}},"7":{"start":{"line":160,"column":16},"end":{"line":160,"column":53}},"8":{"start":{"line":161,"column":2},"end":{"line":161,"column":41}}},"fnMap":{"0":{"name":"getTeamAsset","decl":{"start":{"line":148,"column":16},"end":{"line":148,"column":28}},"loc":{"start":{"line":148,"column":41},"end":{"line":150,"column":1}}},"1":{"name":"getTeamNbaId","decl":{"start":{"line":157,"column":16},"end":{"line":157,"column":28}},"loc":{"start":{"line":157,"column":41},"end":{"line":162,"column":1}}}},"branchMap":{"0":{"loc":{"start":{"line":149,"column":9},"end":{"line":149,"column":63}},"type":"binary-expr","locations":[{"start":{"line":149,"column":9},"end":{"line":149,"column":26}},{"start":{"line":149,"column":30},"end":{"line":149,"column":63}}]},"1":{"loc":{"start":{"line":159,"column":2},"end":{"line":159,"column":26}},"type":"if","locations":[{"start":{"line":159,"column":2},"end":{"line":159,"column":26}},{"start":{},"end":{}}]},"2":{"loc":{"start":{"line":161,"column":9},"end":{"line":161,"column":40}},"type":"cond-expr","locations":[{"start":{"line":161,"column":17},"end":{"line":161,"column":33}},{"start":{"line":161,"column":36},"end":{"line":161,"column":40}}]}},"s":{"0":1,"1":1,"2":1,"3":8,"4":0,"5":0,"6":0,"7":0,"8":0},"f":{"0":8,"1":0},"b":{"0":[8,0],"1":[0,0],"2":[0,0]}}
,"/Users/williamportugal/Desktop/CSC 308/BallerzStatApp/frontend/src/assets/teamLogos.ts": {"path":"/Users/williamportugal/Desktop/CSC 308/BallerzStatApp/frontend/src/assets/teamLogos.ts","statementMap":{"0":{"start":{"line":2,"column":13},"end":{"line":61,"column":2}}},"fnMap":{},"branchMap":{},"s":{"0":2},"f":{},"b":{}}
,"/Users/williamportugal/Desktop/CSC 308/BallerzStatApp/frontend/src/components/account/AccountComponents.tsx": {"path":"/Users/williamportugal/Desktop/CSC 308/BallerzStatApp/frontend/src/components/account/AccountComponents.tsx","statementMap":{"0":{"start":{"line":30,"column":0},"end":{"line":30,"column":16}},"1":{"start":{"line":101,"column":0},"end":{"line":101,"column":16}},"2":{"start":{"line":143,"column":0},"end":{"line":143,"column":16}},"3":{"start":{"line":210,"column":0},"end":{"line":210,"column":16}},"4":{"start":{"line":361,"column":0},"end":{"line":361,"column":16}},"5":{"start":{"line":5,"column":0},"end":{"line":5,"column":41}},"6":{"start":{"line":6,"column":0},"end":{"line":6,"column":59}},"7":{"start":{"line":12,"column":0},"end":{"line":12,"column":33}},"8":{"start":{"line":38,"column":19},"end":{"line":40,"column":17}},"9":{"start":{"line":42,"column":2},"end":{"line":84,"column":4}},"10":{"start":{"line":94,"column":68},"end":{"line":99,"column":2}},"11":{"start":{"line":102,"column":2},"end":{"line":110,"column":3}},"12":{"start":{"line":103,"column":4},"end":{"line":109,"column":6}},"13":{"start":{"line":106,"column":10},"end":{"line":106,"column":27}},"14":{"start":{"line":112,"column":2},"end":{"line":126,"column":4}},"15":{"start":{"line":115,"column":20},"end":{"line":115,"column":56}},"16":{"start":{"line":117,"column":10},"end":{"line":117,"column":73}},"17":{"start":{"line":118,"column":8},"end":{"line":123,"column":10}},"18":{"start":{"line":139,"column":12},"end":{"line":139,"column":25}},"19":{"start":{"line":140,"column":2},"end":{"line":140,"column":75}},"20":{"start":{"line":149,"column":2},"end":{"line":149,"column":60}},"21":{"start":{"line":149,"column":15},"end":{"line":149,"column":60}},"22":{"start":{"line":151,"column":2},"end":{"line":157,"column":3}},"23":{"start":{"line":152,"column":4},"end":{"line":156,"column":6}},"24":{"start":{"line":159,"column":2},"end":{"line":194,"column":4}},"25":{"start":{"line":173,"column":10},"end":{"line":173,"column":null}},"26":{"start":{"line":180,"column":62},"end":{"line":180,"column":71}},"27":{"start":{"line":185,"column":31},"end":{"line":185,"column":46}},"28":{"start":{"line":207,"column":2},"end":{"line":207,"column":37}},"29":{"start":{"line":216,"column":34},"end":{"line":217,"column":null}},"30":{"start":{"line":219,"column":34},"end":{"line":219,"column":67}},"31":{"start":{"line":220,"column":30},"end":{"line":220,"column":68}},"32":{"start":{"line":221,"column":32},"end":{"line":221,"column":71}},"33":{"start":{"line":222,"column":34},"end":{"line":222,"column":74}},"34":{"start":{"line":223,"column":30},"end":{"line":223,"column":79}},"35":{"start":{"line":224,"column":30},"end":{"line":224,"column":68}},"36":{"start":{"line":225,"column":30},"end":{"line":225,"column":68}},"37":{"start":{"line":226,"column":36},"end":{"line":226,"column":77}},"38":{"start":{"line":227,"column":32},"end":{"line":227,"column":71}},"39":{"start":{"line":228,"column":30},"end":{"line":228,"column":45}},"40":{"start":{"line":229,"column":28},"end":{"line":229,"column":57}},"41":{"start":{"line":231,"column":23},"end":{"line":256,"column":3}},"42":{"start":{"line":232,"column":4},"end":{"line":232,"column":23}},"43":{"start":{"line":233,"column":4},"end":{"line":236,"column":5}},"44":{"start":{"line":234,"column":6},"end":{"line":234,"column":41}},"45":{"start":{"line":235,"column":6},"end":{"line":235,"column":13}},"46":{"start":{"line":237,"column":4},"end":{"line":237,"column":19}},"47":{"start":{"line":238,"column":4},"end":{"line":238,"column":20}},"48":{"start":{"line":239,"column":4},"end":{"line":255,"column":5}},"49":{"start":{"line":240,"column":6},"end":{"line":251,"column":9}},"50":{"start":{"line":253,"column":6},"end":{"line":253,"column":68}},"51":{"start":{"line":254,"column":6},"end":{"line":254,"column":23}},"52":{"start":{"line":258,"column":19},"end":{"line":273,"column":null}},"53":{"start":{"line":263,"column":4},"end":{"line":263,"column":null}},"54":{"start":{"line":271,"column":25},"end":{"line":271,"column":47}},"55":{"start":{"line":276,"column":2},"end":{"line":336,"column":4}},"56":{"start":{"line":279,"column":22},"end":{"line":279,"column":63}},"57":{"start":{"line":296,"column":31},"end":{"line":296,"column":58}},"58":{"start":{"line":306,"column":31},"end":{"line":306,"column":58}},"59":{"start":{"line":341,"column":25},"end":{"line":341,"column":26}},"60":{"start":{"line":366,"column":36},"end":{"line":366,"column":60}},"61":{"start":{"line":367,"column":34},"end":{"line":367,"column":57}},"62":{"start":{"line":368,"column":28},"end":{"line":368,"column":48}},"63":{"start":{"line":369,"column":34},"end":{"line":369,"column":46}},"64":{"start":{"line":370,"column":44},"end":{"line":371,"column":null}},"65":{"start":{"line":373,"column":48},"end":{"line":373,"column":77}},"66":{"start":{"line":374,"column":30},"end":{"line":374,"column":45}},"67":{"start":{"line":375,"column":28},"end":{"line":375,"column":57}},"68":{"start":{"line":376,"column":23},"end":{"line":376,"column":53}},"69":{"start":{"line":378,"column":27},"end":{"line":394,"column":3}},"70":{"start":{"line":379,"column":17},"end":{"line":379,"column":36}},"71":{"start":{"line":380,"column":4},"end":{"line":380,"column":22}},"72":{"start":{"line":380,"column":15},"end":{"line":380,"column":22}},"73":{"start":{"line":381,"column":4},"end":{"line":385,"column":5}},"74":{"start":{"line":382,"column":6},"end":{"line":382,"column":62}},"75":{"start":{"line":383,"column":6},"end":{"line":383,"column":26}},"76":{"start":{"line":384,"column":6},"end":{"line":384,"column":13}},"77":{"start":{"line":386,"column":4},"end":{"line":386,"column":19}},"78":{"start":{"line":387,"column":19},"end":{"line":387,"column":35}},"79":{"start":{"line":388,"column":4},"end":{"line":392,"column":6}},"80":{"start":{"line":389,"column":21},"end":{"line":389,"column":44}},"81":{"start":{"line":390,"column":6},"end":{"line":390,"column":31}},"82":{"start":{"line":391,"column":6},"end":{"line":391,"column":33}},"83":{"start":{"line":393,"column":4},"end":{"line":393,"column":31}},"84":{"start":{"line":396,"column":29},"end":{"line":400,"column":3}},"85":{"start":{"line":397,"column":4},"end":{"line":397,"column":27}},"86":{"start":{"line":398,"column":4},"end":{"line":398,"column":27}},"87":{"start":{"line":399,"column":4},"end":{"line":399,"column":62}},"88":{"start":{"line":399,"column":30},"end":{"line":399,"column":62}},"89":{"start":{"line":402,"column":23},"end":{"line":426,"column":3}},"90":{"start":{"line":403,"column":4},"end":{"line":403,"column":23}},"91":{"start":{"line":404,"column":4},"end":{"line":404,"column":19}},"92":{"start":{"line":405,"column":4},"end":{"line":405,"column":20}},"93":{"start":{"line":406,"column":4},"end":{"line":425,"column":5}},"94":{"start":{"line":407,"column":46},"end":{"line":407,"column":48}},"95":{"start":{"line":408,"column":6},"end":{"line":408,"column":70}},"96":{"start":{"line":408,"column":40},"end":{"line":408,"column":70}},"97":{"start":{"line":409,"column":6},"end":{"line":409,"column":66}},"98":{"start":{"line":409,"column":38},"end":{"line":409,"column":66}},"99":{"start":{"line":410,"column":6},"end":{"line":410,"column":54}},"100":{"start":{"line":410,"column":32},"end":{"line":410,"column":54}},"101":{"start":{"line":411,"column":6},"end":{"line":411,"column":48}},"102":{"start":{"line":411,"column":20},"end":{"line":411,"column":48}},"103":{"start":{"line":412,"column":6},"end":{"line":412,"column":69}},"104":{"start":{"line":412,"column":36},"end":{"line":412,"column":69}},"105":{"start":{"line":414,"column":6},"end":{"line":417,"column":7}},"106":{"start":{"line":415,"column":8},"end":{"line":415,"column":18}},"107":{"start":{"line":416,"column":8},"end":{"line":416,"column":15}},"108":{"start":{"line":419,"column":22},"end":{"line":419,"column":50}},"109":{"start":{"line":420,"column":6},"end":{"line":420,"column":22}},"110":{"start":{"line":422,"column":6},"end":{"line":422,"column":70}},"111":{"start":{"line":424,"column":6},"end":{"line":424,"column":23}},"112":{"start":{"line":428,"column":19},"end":{"line":430,"column":17}},"113":{"start":{"line":432,"column":2},"end":{"line":534,"column":4}},"114":{"start":{"line":435,"column":22},"end":{"line":435,"column":63}},"115":{"start":{"line":452,"column":29},"end":{"line":452,"column":58}},"116":{"start":{"line":487,"column":31},"end":{"line":487,"column":59}},"117":{"start":{"line":495,"column":31},"end":{"line":495,"column":58}},"118":{"start":{"line":504,"column":31},"end":{"line":504,"column":55}},"119":{"start":{"line":514,"column":31},"end":{"line":514,"column":58}}},"fnMap":{"0":{"name":"ProfileHeader","decl":{"start":{"line":30,"column":16},"end":{"line":30,"column":29}},"loc":{"start":{"line":37,"column":21},"end":{"line":85,"column":1}}},"1":{"name":"StatTiles","decl":{"start":{"line":101,"column":16},"end":{"line":101,"column":25}},"loc":{"start":{"line":101,"column":60},"end":{"line":127,"column":1}}},"2":{"name":"(anonymous_2)","decl":{"start":{"line":105,"column":24},"end":{"line":105,"column":25}},"loc":{"start":{"line":106,"column":10},"end":{"line":106,"column":27}}},"3":{"name":"(anonymous_3)","decl":{"start":{"line":114,"column":22},"end":{"line":114,"column":23}},"loc":{"start":{"line":114,"column":28},"end":{"line":124,"column":7}}},"4":{"name":"formatDate","decl":{"start":{"line":138,"column":9},"end":{"line":138,"column":19}},"loc":{"start":{"line":138,"column":31},"end":{"line":141,"column":1}}},"5":{"name":"GameLogTable","decl":{"start":{"line":143,"column":16},"end":{"line":143,"column":28}},"loc":{"start":{"line":148,"column":20},"end":{"line":195,"column":1}}},"6":{"name":"(anonymous_6)","decl":{"start":{"line":172,"column":19},"end":{"line":172,"column":20}},"loc":{"start":{"line":173,"column":10},"end":{"line":173,"column":null}}},"7":{"name":"(anonymous_7)","decl":{"start":{"line":180,"column":56},"end":{"line":180,"column":59}},"loc":{"start":{"line":180,"column":62},"end":{"line":180,"column":71}}},"8":{"name":"(anonymous_8)","decl":{"start":{"line":185,"column":25},"end":{"line":185,"column":28}},"loc":{"start":{"line":185,"column":31},"end":{"line":185,"column":46}}},"9":{"name":"toDateInput","decl":{"start":{"line":206,"column":9},"end":{"line":206,"column":20}},"loc":{"start":{"line":206,"column":32},"end":{"line":208,"column":1}}},"10":{"name":"GameLogModal","decl":{"start":{"line":210,"column":16},"end":{"line":210,"column":28}},"loc":{"start":{"line":215,"column":20},"end":{"line":337,"column":1}}},"11":{"name":"(anonymous_11)","decl":{"start":{"line":231,"column":23},"end":{"line":231,"column":28}},"loc":{"start":{"line":231,"column":52},"end":{"line":256,"column":3}}},"12":{"name":"(anonymous_12)","decl":{"start":{"line":258,"column":19},"end":{"line":258,"column":null}},"loc":{"start":{"line":263,"column":4},"end":{"line":263,"column":null}}},"13":{"name":"(anonymous_13)","decl":{"start":{"line":271,"column":18},"end":{"line":271,"column":19}},"loc":{"start":{"line":271,"column":25},"end":{"line":271,"column":47}}},"14":{"name":"(anonymous_14)","decl":{"start":{"line":279,"column":15},"end":{"line":279,"column":16}},"loc":{"start":{"line":279,"column":22},"end":{"line":279,"column":63}}},"15":{"name":"(anonymous_15)","decl":{"start":{"line":296,"column":24},"end":{"line":296,"column":25}},"loc":{"start":{"line":296,"column":31},"end":{"line":296,"column":58}}},"16":{"name":"(anonymous_16)","decl":{"start":{"line":306,"column":24},"end":{"line":306,"column":25}},"loc":{"start":{"line":306,"column":31},"end":{"line":306,"column":58}}},"17":{"name":"EditProfileModal","decl":{"start":{"line":361,"column":16},"end":{"line":361,"column":32}},"loc":{"start":{"line":365,"column":24},"end":{"line":535,"column":1}}},"18":{"name":"(anonymous_18)","decl":{"start":{"line":378,"column":27},"end":{"line":378,"column":28}},"loc":{"start":{"line":378,"column":70},"end":{"line":394,"column":3}}},"19":{"name":"(anonymous_19)","decl":{"start":{"line":388,"column":20},"end":{"line":388,"column":23}},"loc":{"start":{"line":388,"column":25},"end":{"line":392,"column":5}}},"20":{"name":"(anonymous_20)","decl":{"start":{"line":396,"column":29},"end":{"line":396,"column":32}},"loc":{"start":{"line":396,"column":34},"end":{"line":400,"column":3}}},"21":{"name":"(anonymous_21)","decl":{"start":{"line":402,"column":23},"end":{"line":402,"column":28}},"loc":{"start":{"line":402,"column":52},"end":{"line":426,"column":3}}},"22":{"name":"(anonymous_22)","decl":{"start":{"line":435,"column":15},"end":{"line":435,"column":16}},"loc":{"start":{"line":435,"column":22},"end":{"line":435,"column":63}}},"23":{"name":"(anonymous_23)","decl":{"start":{"line":452,"column":23},"end":{"line":452,"column":26}},"loc":{"start":{"line":452,"column":29},"end":{"line":452,"column":58}}},"24":{"name":"(anonymous_24)","decl":{"start":{"line":487,"column":24},"end":{"line":487,"column":25}},"loc":{"start":{"line":487,"column":31},"end":{"line":487,"column":59}}},"25":{"name":"(anonymous_25)","decl":{"start":{"line":495,"column":24},"end":{"line":495,"column":25}},"loc":{"start":{"line":495,"column":31},"end":{"line":495,"column":58}}},"26":{"name":"(anonymous_26)","decl":{"start":{"line":504,"column":24},"end":{"line":504,"column":25}},"loc":{"start":{"line":504,"column":31},"end":{"line":504,"column":55}}},"27":{"name":"(anonymous_27)","decl":{"start":{"line":514,"column":24},"end":{"line":514,"column":25}},"loc":{"start":{"line":514,"column":31},"end":{"line":514,"column":58}}}},"branchMap":{"0":{"loc":{"start":{"line":39,"column":5},"end":{"line":39,"column":28}},"type":"binary-expr","locations":[{"start":{"line":39,"column":5},"end":{"line":39,"column":22}},{"start":{"line":39,"column":26},"end":{"line":39,"column":28}}]},"1":{"loc":{"start":{"line":39,"column":33},"end":{"line":39,"column":55}},"type":"binary-expr","locations":[{"start":{"line":39,"column":33},"end":{"line":39,"column":49}},{"start":{"line":39,"column":53},"end":{"line":39,"column":55}}]},"2":{"loc":{"start":{"line":45,"column":9},"end":{"line":48,"column":null}},"type":"cond-expr","locations":[{"start":{"line":46,"column":10},"end":{"line":46,"column":68}},{"start":{"line":48,"column":10},"end":{"line":48,"column":33}}]},"3":{"loc":{"start":{"line":102,"column":2},"end":{"line":110,"column":3}},"type":"if","locations":[{"start":{"line":102,"column":2},"end":{"line":110,"column":3}},{"start":{},"end":{}}]},"4":{"loc":{"start":{"line":117,"column":10},"end":{"line":117,"column":73}},"type":"cond-expr","locations":[{"start":{"line":117,"column":46},"end":{"line":117,"column":49}},{"start":{"line":117,"column":52},"end":{"line":117,"column":73}}]},"5":{"loc":{"start":{"line":117,"column":10},"end":{"line":117,"column":43}},"type":"binary-expr","locations":[{"start":{"line":117,"column":10},"end":{"line":117,"column":16}},{"start":{"line":117,"column":20},"end":{"line":117,"column":43}}]},"6":{"loc":{"start":{"line":117,"column":53},"end":{"line":117,"column":61}},"type":"binary-expr","locations":[{"start":{"line":117,"column":53},"end":{"line":117,"column":56}},{"start":{"line":117,"column":60},"end":{"line":117,"column":61}}]},"7":{"loc":{"start":{"line":149,"column":2},"end":{"line":149,"column":60}},"type":"if","locations":[{"start":{"line":149,"column":2},"end":{"line":149,"column":60}},{"start":{},"end":{}}]},"8":{"loc":{"start":{"line":151,"column":2},"end":{"line":157,"column":3}},"type":"if","locations":[{"start":{"line":151,"column":2},"end":{"line":157,"column":3}},{"start":{},"end":{}}]},"9":{"loc":{"start":{"line":207,"column":9},"end":{"line":207,"column":36}},"type":"cond-expr","locations":[{"start":{"line":207,"column":15},"end":{"line":207,"column":31}},{"start":{"line":207,"column":34},"end":{"line":207,"column":36}}]},"10":{"loc":{"start":{"line":217,"column":4},"end":{"line":217,"column":48}},"type":"cond-expr","locations":[{"start":{"line":217,"column":14},"end":{"line":217,"column":43}},{"start":{"line":217,"column":46},"end":{"line":217,"column":48}}]},"11":{"loc":{"start":{"line":219,"column":43},"end":{"line":219,"column":66}},"type":"binary-expr","locations":[{"start":{"line":219,"column":43},"end":{"line":219,"column":60}},{"start":{"line":219,"column":64},"end":{"line":219,"column":66}}]},"12":{"loc":{"start":{"line":220,"column":46},"end":{"line":220,"column":66}},"type":"binary-expr","locations":[{"start":{"line":220,"column":46},"end":{"line":220,"column":61}},{"start":{"line":220,"column":65},"end":{"line":220,"column":66}}]},"13":{"loc":{"start":{"line":221,"column":48},"end":{"line":221,"column":69}},"type":"binary-expr","locations":[{"start":{"line":221,"column":48},"end":{"line":221,"column":64}},{"start":{"line":221,"column":68},"end":{"line":221,"column":69}}]},"14":{"loc":{"start":{"line":222,"column":50},"end":{"line":222,"column":72}},"type":"binary-expr","locations":[{"start":{"line":222,"column":50},"end":{"line":222,"column":67}},{"start":{"line":222,"column":71},"end":{"line":222,"column":72}}]},"15":{"loc":{"start":{"line":223,"column":46},"end":{"line":223,"column":77}},"type":"binary-expr","locations":[{"start":{"line":223,"column":46},"end":{"line":223,"column":72}},{"start":{"line":223,"column":76},"end":{"line":223,"column":77}}]},"16":{"loc":{"start":{"line":224,"column":46},"end":{"line":224,"column":66}},"type":"binary-expr","locations":[{"start":{"line":224,"column":46},"end":{"line":224,"column":61}},{"start":{"line":224,"column":65},"end":{"line":224,"column":66}}]},"17":{"loc":{"start":{"line":225,"column":46},"end":{"line":225,"column":66}},"type":"binary-expr","locations":[{"start":{"line":225,"column":46},"end":{"line":225,"column":61}},{"start":{"line":225,"column":65},"end":{"line":225,"column":66}}]},"18":{"loc":{"start":{"line":226,"column":52},"end":{"line":226,"column":75}},"type":"binary-expr","locations":[{"start":{"line":226,"column":52},"end":{"line":226,"column":70}},{"start":{"line":226,"column":74},"end":{"line":226,"column":75}}]},"19":{"loc":{"start":{"line":227,"column":48},"end":{"line":227,"column":69}},"type":"binary-expr","locations":[{"start":{"line":227,"column":48},"end":{"line":227,"column":64}},{"start":{"line":227,"column":68},"end":{"line":227,"column":69}}]},"20":{"loc":{"start":{"line":233,"column":4},"end":{"line":236,"column":5}},"type":"if","locations":[{"start":{"line":233,"column":4},"end":{"line":236,"column":5}},{"start":{},"end":{}}]},"21":{"loc":{"start":{"line":242,"column":18},"end":{"line":242,"column":39}},"type":"binary-expr","locations":[{"start":{"line":242,"column":18},"end":{"line":242,"column":26}},{"start":{"line":242,"column":30},"end":{"line":242,"column":39}}]},"22":{"loc":{"start":{"line":243,"column":16},"end":{"line":243,"column":35}},"type":"binary-expr","locations":[{"start":{"line":243,"column":16},"end":{"line":243,"column":30}},{"start":{"line":243,"column":34},"end":{"line":243,"column":35}}]},"23":{"loc":{"start":{"line":244,"column":17},"end":{"line":244,"column":37}},"type":"binary-expr","locations":[{"start":{"line":244,"column":17},"end":{"line":244,"column":32}},{"start":{"line":244,"column":36},"end":{"line":244,"column":37}}]},"24":{"loc":{"start":{"line":245,"column":18},"end":{"line":245,"column":39}},"type":"binary-expr","locations":[{"start":{"line":245,"column":18},"end":{"line":245,"column":34}},{"start":{"line":245,"column":38},"end":{"line":245,"column":39}}]},"25":{"loc":{"start":{"line":246,"column":27},"end":{"line":246,"column":46}},"type":"binary-expr","locations":[{"start":{"line":246,"column":27},"end":{"line":246,"column":41}},{"start":{"line":246,"column":45},"end":{"line":246,"column":46}}]},"26":{"loc":{"start":{"line":247,"column":16},"end":{"line":247,"column":35}},"type":"binary-expr","locations":[{"start":{"line":247,"column":16},"end":{"line":247,"column":30}},{"start":{"line":247,"column":34},"end":{"line":247,"column":35}}]},"27":{"loc":{"start":{"line":248,"column":16},"end":{"line":248,"column":35}},"type":"binary-expr","locations":[{"start":{"line":248,"column":16},"end":{"line":248,"column":30}},{"start":{"line":248,"column":34},"end":{"line":248,"column":35}}]},"28":{"loc":{"start":{"line":249,"column":19},"end":{"line":249,"column":41}},"type":"binary-expr","locations":[{"start":{"line":249,"column":19},"end":{"line":249,"column":36}},{"start":{"line":249,"column":40},"end":{"line":249,"column":41}}]},"29":{"loc":{"start":{"line":250,"column":17},"end":{"line":250,"column":37}},"type":"binary-expr","locations":[{"start":{"line":250,"column":17},"end":{"line":250,"column":32}},{"start":{"line":250,"column":36},"end":{"line":250,"column":37}}]},"30":{"loc":{"start":{"line":253,"column":15},"end":{"line":253,"column":66}},"type":"cond-expr","locations":[{"start":{"line":253,"column":38},"end":{"line":253,"column":49}},{"start":{"line":253,"column":52},"end":{"line":253,"column":66}}]},"31":{"loc":{"start":{"line":279,"column":22},"end":{"line":279,"column":63}},"type":"binary-expr","locations":[{"start":{"line":279,"column":22},"end":{"line":279,"column":50}},{"start":{"line":279,"column":54},"end":{"line":279,"column":63}}]},"32":{"loc":{"start":{"line":283,"column":11},"end":{"line":283,"column":53}},"type":"cond-expr","locations":[{"start":{"line":283,"column":29},"end":{"line":283,"column":40}},{"start":{"line":283,"column":43},"end":{"line":283,"column":53}}]},"33":{"loc":{"start":{"line":319,"column":11},"end":{"line":319,"column":56}},"type":"binary-expr","locations":[{"start":{"line":319,"column":11},"end":{"line":319,"column":16}},{"start":{"line":319,"column":20},"end":{"line":319,"column":56}}]},"34":{"loc":{"start":{"line":330,"column":15},"end":{"line":330,"column":42}},"type":"cond-expr","locations":[{"start":{"line":330,"column":24},"end":{"line":330,"column":33}},{"start":{"line":330,"column":36},"end":{"line":330,"column":42}}]},"35":{"loc":{"start":{"line":380,"column":4},"end":{"line":380,"column":22}},"type":"if","locations":[{"start":{"line":380,"column":4},"end":{"line":380,"column":22}},{"start":{},"end":{}}]},"36":{"loc":{"start":{"line":381,"column":4},"end":{"line":385,"column":5}},"type":"if","locations":[{"start":{"line":381,"column":4},"end":{"line":385,"column":5}},{"start":{},"end":{}}]},"37":{"loc":{"start":{"line":399,"column":4},"end":{"line":399,"column":62}},"type":"if","locations":[{"start":{"line":399,"column":4},"end":{"line":399,"column":62}},{"start":{},"end":{}}]},"38":{"loc":{"start":{"line":408,"column":6},"end":{"line":408,"column":70}},"type":"if","locations":[{"start":{"line":408,"column":6},"end":{"line":408,"column":70}},{"start":{},"end":{}}]},"39":{"loc":{"start":{"line":409,"column":6},"end":{"line":409,"column":66}},"type":"if","locations":[{"start":{"line":409,"column":6},"end":{"line":409,"column":66}},{"start":{},"end":{}}]},"40":{"loc":{"start":{"line":410,"column":6},"end":{"line":410,"column":54}},"type":"if","locations":[{"start":{"line":410,"column":6},"end":{"line":410,"column":54}},{"start":{},"end":{}}]},"41":{"loc":{"start":{"line":411,"column":6},"end":{"line":411,"column":48}},"type":"if","locations":[{"start":{"line":411,"column":6},"end":{"line":411,"column":48}},{"start":{},"end":{}}]},"42":{"loc":{"start":{"line":412,"column":6},"end":{"line":412,"column":69}},"type":"if","locations":[{"start":{"line":412,"column":6},"end":{"line":412,"column":69}},{"start":{},"end":{}}]},"43":{"loc":{"start":{"line":414,"column":6},"end":{"line":417,"column":7}},"type":"if","locations":[{"start":{"line":414,"column":6},"end":{"line":417,"column":7}},{"start":{},"end":{}}]},"44":{"loc":{"start":{"line":422,"column":15},"end":{"line":422,"column":68}},"type":"cond-expr","locations":[{"start":{"line":422,"column":38},"end":{"line":422,"column":49}},{"start":{"line":422,"column":52},"end":{"line":422,"column":68}}]},"45":{"loc":{"start":{"line":429,"column":5},"end":{"line":429,"column":28}},"type":"binary-expr","locations":[{"start":{"line":429,"column":5},"end":{"line":429,"column":22}},{"start":{"line":429,"column":26},"end":{"line":429,"column":28}}]},"46":{"loc":{"start":{"line":429,"column":33},"end":{"line":429,"column":55}},"type":"binary-expr","locations":[{"start":{"line":429,"column":33},"end":{"line":429,"column":49}},{"start":{"line":429,"column":53},"end":{"line":429,"column":55}}]},"47":{"loc":{"start":{"line":435,"column":22},"end":{"line":435,"column":63}},"type":"binary-expr","locations":[{"start":{"line":435,"column":22},"end":{"line":435,"column":50}},{"start":{"line":435,"column":54},"end":{"line":435,"column":63}}]},"48":{"loc":{"start":{"line":442,"column":13},"end":{"line":445,"column":null}},"type":"cond-expr","locations":[{"start":{"line":443,"column":14},"end":{"line":443,"column":62}},{"start":{"line":445,"column":14},"end":{"line":445,"column":37}}]},"49":{"loc":{"start":{"line":456,"column":13},"end":{"line":463,"column":null}},"type":"binary-expr","locations":[{"start":{"line":456,"column":13},"end":{"line":456,"column":26}},{"start":{"line":457,"column":14},"end":{"line":460,"column":null}}]},"50":{"loc":{"start":{"line":517,"column":11},"end":{"line":517,"column":56}},"type":"binary-expr","locations":[{"start":{"line":517,"column":11},"end":{"line":517,"column":16}},{"start":{"line":517,"column":20},"end":{"line":517,"column":56}}]},"51":{"loc":{"start":{"line":528,"column":15},"end":{"line":528,"column":42}},"type":"cond-expr","locations":[{"start":{"line":528,"column":24},"end":{"line":528,"column":33}},{"start":{"line":528,"column":36},"end":{"line":528,"column":42}}]}},"s":{"0":1,"1":1,"2":1,"3":1,"4":1,"5":1,"6":1,"7":1,"8":5,"9":5,"10":1,"11":4,"12":1,"13":4,"14":3,"15":12,"16":12,"17":12,"18":4,"19":4,"20":6,"21":1,"22":5,"23":1,"24":4,"25":4,"26":1,"27":1,"28":1,"29":8,"30":8,"31":8,"32":8,"33":8,"34":8,"35":8,"36":8,"37":8,"38":8,"39":8,"40":8,"41":8,"42":2,"43":2,"44":1,"45":1,"46":1,"47":1,"48":1,"49":1,"50":0,"51":0,"52":8,"53":64,"54":0,"55":8,"56":2,"57":1,"58":0,"59":1,"60":0,"61":0,"62":0,"63":0,"64":0,"65":0,"66":0,"67":0,"68":0,"69":0,"70":0,"71":0,"72":0,"73":0,"74":0,"75":0,"76":0,"77":0,"78":0,"79":0,"80":0,"81":0,"82":0,"83":0,"84":0,"85":0,"86":0,"87":0,"88":0,"89":0,"90":0,"91":0,"92":0,"93":0,"94":0,"95":0,"96":0,"97":0,"98":0,"99":0,"100":0,"101":0,"102":0,"103":0,"104":0,"105":0,"106":0,"107":0,"108":0,"109":0,"110":0,"111":0,"112":0,"113":0,"114":0,"115":0,"116":0,"117":0,"118":0,"119":0},"f":{"0":5,"1":4,"2":4,"3":12,"4":4,"5":6,"6":4,"7":1,"8":1,"9":1,"10":8,"11":2,"12":64,"13":0,"14":2,"15":1,"16":0,"17":0,"18":0,"19":0,"20":0,"21":0,"22":0,"23":0,"24":0,"25":0,"26":0,"27":0},"b":{"0":[5,0],"1":[5,0],"2":[0,5],"3":[1,3],"4":[8,4],"5":[12,8],"6":[4,0],"7":[1,5],"8":[1,4],"9":[1,0],"10":[1,7],"11":[8,7],"12":[8,7],"13":[8,7],"14":[8,7],"15":[8,7],"16":[8,7],"17":[8,7],"18":[8,7],"19":[8,7],"20":[1,1],"21":[1,1],"22":[1,1],"23":[1,1],"24":[1,1],"25":[1,1],"26":[1,1],"27":[1,1],"28":[1,1],"29":[1,1],"30":[0,0],"31":[2,0],"32":[1,7],"33":[8,1],"34":[1,7],"35":[0,0],"36":[0,0],"37":[0,0],"38":[0,0],"39":[0,0],"40":[0,0],"41":[0,0],"42":[0,0],"43":[0,0],"44":[0,0],"45":[0,0],"46":[0,0],"47":[0,0],"48":[0,0],"49":[0,0],"50":[0,0],"51":[0,0]}}
,"/Users/williamportugal/Desktop/CSC 308/BallerzStatApp/frontend/src/components/account/FriendsComponents.tsx": {"path":"/Users/williamportugal/Desktop/CSC 308/BallerzStatApp/frontend/src/components/account/FriendsComponents.tsx","statementMap":{"0":{"start":{"line":493,"column":0},"end":{"line":493,"column":16}},"1":{"start":{"line":6,"column":0},"end":{"line":6,"column":65}},"2":{"start":{"line":7,"column":0},"end":{"line":7,"column":null}},"3":{"start":{"line":22,"column":0},"end":{"line":22,"column":null}},"4":{"start":{"line":26,"column":0},"end":{"line":26,"column":33}},"5":{"start":{"line":47,"column":30},"end":{"line":47,"column":45}},"6":{"start":{"line":49,"column":24},"end":{"line":56,"column":3}},"7":{"start":{"line":50,"column":4},"end":{"line":50,"column":20}},"8":{"start":{"line":51,"column":4},"end":{"line":55,"column":5}},"9":{"start":{"line":52,"column":6},"end":{"line":52,"column":24}},"10":{"start":{"line":54,"column":6},"end":{"line":54,"column":23}},"11":{"start":{"line":58,"column":2},"end":{"line":84,"column":4}},"12":{"start":{"line":61,"column":22},"end":{"line":61,"column":64}},"13":{"start":{"line":96,"column":26},"end":{"line":96,"column":41}},"14":{"start":{"line":97,"column":21},"end":{"line":98,"column":null}},"15":{"start":{"line":101,"column":22},"end":{"line":103,"column":3}},"16":{"start":{"line":102,"column":4},"end":{"line":102,"column":61}},"17":{"start":{"line":102,"column":28},"end":{"line":102,"column":61}},"18":{"start":{"line":105,"column":24},"end":{"line":108,"column":3}},"19":{"start":{"line":106,"column":4},"end":{"line":106,"column":18}},"20":{"start":{"line":107,"column":4},"end":{"line":107,"column":63}},"21":{"start":{"line":107,"column":42},"end":{"line":107,"column":56}},"22":{"start":{"line":110,"column":2},"end":{"line":138,"column":4}},"23":{"start":{"line":114,"column":8},"end":{"line":114,"column":22}},"24":{"start":{"line":115,"column":8},"end":{"line":115,"column":22}},"25":{"start":{"line":148,"column":2},"end":{"line":148,"column":52}},"26":{"start":{"line":158,"column":28},"end":{"line":158,"column":40}},"27":{"start":{"line":159,"column":32},"end":{"line":159,"column":64}},"28":{"start":{"line":160,"column":32},"end":{"line":160,"column":64}},"29":{"start":{"line":161,"column":42},"end":{"line":161,"column":57}},"30":{"start":{"line":162,"column":28},"end":{"line":162,"column":57}},"31":{"start":{"line":163,"column":24},"end":{"line":164,"column":null}},"32":{"start":{"line":166,"column":22},"end":{"line":167,"column":null}},"33":{"start":{"line":170,"column":25},"end":{"line":170,"column":57}},"34":{"start":{"line":171,"column":25},"end":{"line":171,"column":58}},"35":{"start":{"line":173,"column":2},"end":{"line":188,"column":14}},"36":{"start":{"line":174,"column":4},"end":{"line":174,"column":63}},"37":{"start":{"line":174,"column":29},"end":{"line":174,"column":63}},"38":{"start":{"line":175,"column":4},"end":{"line":175,"column":33}},"39":{"start":{"line":175,"column":26},"end":{"line":175,"column":33}},"40":{"start":{"line":176,"column":4},"end":{"line":184,"column":12}},"41":{"start":{"line":177,"column":6},"end":{"line":183,"column":7}},"42":{"start":{"line":178,"column":21},"end":{"line":178,"column":45}},"43":{"start":{"line":179,"column":8},"end":{"line":179,"column":25}},"44":{"start":{"line":180,"column":8},"end":{"line":180,"column":41}},"45":{"start":{"line":182,"column":8},"end":{"line":182,"column":23}},"46":{"start":{"line":185,"column":4},"end":{"line":187,"column":6}},"47":{"start":{"line":186,"column":6},"end":{"line":186,"column":65}},"48":{"start":{"line":186,"column":31},"end":{"line":186,"column":65}},"49":{"start":{"line":190,"column":20},"end":{"line":194,"column":3}},"50":{"start":{"line":191,"column":4},"end":{"line":191,"column":67}},"51":{"start":{"line":191,"column":31},"end":{"line":191,"column":67}},"52":{"start":{"line":192,"column":4},"end":{"line":192,"column":48}},"53":{"start":{"line":193,"column":4},"end":{"line":193,"column":67}},"54":{"start":{"line":193,"column":45},"end":{"line":193,"column":59}},"55":{"start":{"line":196,"column":24},"end":{"line":205,"column":3}},"56":{"start":{"line":197,"column":4},"end":{"line":204,"column":5}},"57":{"start":{"line":198,"column":6},"end":{"line":198,"column":37}},"58":{"start":{"line":199,"column":6},"end":{"line":199,"column":53}},"59":{"start":{"line":199,"column":27},"end":{"line":199,"column":51}},"60":{"start":{"line":200,"column":6},"end":{"line":200,"column":48}},"61":{"start":{"line":201,"column":6},"end":{"line":201,"column":22}},"62":{"start":{"line":207,"column":19},"end":{"line":208,"column":66}},"63":{"start":{"line":208,"column":4},"end":{"line":208,"column":66}},"64":{"start":{"line":210,"column":2},"end":{"line":263,"column":4}},"65":{"start":{"line":218,"column":27},"end":{"line":218,"column":51}},"66":{"start":{"line":219,"column":25},"end":{"line":219,"column":75}},"67":{"start":{"line":220,"column":24},"end":{"line":220,"column":69}},"68":{"start":{"line":220,"column":41},"end":{"line":220,"column":63}},"69":{"start":{"line":225,"column":34},"end":{"line":225,"column":52}},"70":{"start":{"line":226,"column":14},"end":{"line":257,"column":16}},"71":{"start":{"line":251,"column":37},"end":{"line":251,"column":53}},"72":{"start":{"line":279,"column":26},"end":{"line":279,"column":58}},"73":{"start":{"line":281,"column":2},"end":{"line":281,"column":41}},"74":{"start":{"line":281,"column":29},"end":{"line":281,"column":41}},"75":{"start":{"line":283,"column":14},"end":{"line":294,"column":3}},"76":{"start":{"line":284,"column":4},"end":{"line":284,"column":39}},"77":{"start":{"line":284,"column":19},"end":{"line":284,"column":37}},"78":{"start":{"line":285,"column":4},"end":{"line":293,"column":5}},"79":{"start":{"line":286,"column":6},"end":{"line":286,"column":19}},"80":{"start":{"line":288,"column":6},"end":{"line":292,"column":9}},"81":{"start":{"line":289,"column":18},"end":{"line":289,"column":28}},"82":{"start":{"line":290,"column":8},"end":{"line":290,"column":21}},"83":{"start":{"line":291,"column":8},"end":{"line":291,"column":17}},"84":{"start":{"line":296,"column":19},"end":{"line":297,"column":76}},"85":{"start":{"line":297,"column":4},"end":{"line":297,"column":76}},"86":{"start":{"line":299,"column":2},"end":{"line":330,"column":4}},"87":{"start":{"line":302,"column":19},"end":{"line":302,"column":29}},"88":{"start":{"line":303,"column":23},"end":{"line":303,"column":35}},"89":{"start":{"line":304,"column":8},"end":{"line":327,"column":10}},"90":{"start":{"line":314,"column":29},"end":{"line":314,"column":46}},"91":{"start":{"line":322,"column":29},"end":{"line":322,"column":47}},"92":{"start":{"line":342,"column":34},"end":{"line":342,"column":79}},"93":{"start":{"line":344,"column":2},"end":{"line":359,"column":16}},"94":{"start":{"line":345,"column":4},"end":{"line":345,"column":37}},"95":{"start":{"line":345,"column":30},"end":{"line":345,"column":37}},"96":{"start":{"line":346,"column":4},"end":{"line":358,"column":7}},"97":{"start":{"line":348,"column":8},"end":{"line":350,"column":52}},"98":{"start":{"line":349,"column":24},"end":{"line":349,"column":47}},"99":{"start":{"line":350,"column":24},"end":{"line":350,"column":50}},"100":{"start":{"line":353,"column":51},"end":{"line":353,"column":53}},"101":{"start":{"line":354,"column":6},"end":{"line":356,"column":7}},"102":{"start":{"line":355,"column":8},"end":{"line":355,"column":41}},"103":{"start":{"line":355,"column":21},"end":{"line":355,"column":41}},"104":{"start":{"line":357,"column":6},"end":{"line":357,"column":23}},"105":{"start":{"line":361,"column":14},"end":{"line":365,"column":3}},"106":{"start":{"line":362,"column":14},"end":{"line":362,"column":30}},"107":{"start":{"line":363,"column":4},"end":{"line":363,"column":46}},"108":{"start":{"line":363,"column":35},"end":{"line":363,"column":46}},"109":{"start":{"line":364,"column":4},"end":{"line":364,"column":41}},"110":{"start":{"line":367,"column":19},"end":{"line":368,"column":66}},"111":{"start":{"line":368,"column":4},"end":{"line":368,"column":66}},"112":{"start":{"line":370,"column":2},"end":{"line":409,"column":4}},"113":{"start":{"line":384,"column":27},"end":{"line":384,"column":57}},"114":{"start":{"line":385,"column":10},"end":{"line":405,"column":12}},"115":{"start":{"line":390,"column":34},"end":{"line":390,"column":59}},"116":{"start":{"line":391,"column":33},"end":{"line":391,"column":57}},"117":{"start":{"line":414,"column":55},"end":{"line":419,"column":2}},"118":{"start":{"line":429,"column":2},"end":{"line":429,"column":73}},"119":{"start":{"line":429,"column":18},"end":{"line":429,"column":73}},"120":{"start":{"line":430,"column":2},"end":{"line":430,"column":75}},"121":{"start":{"line":430,"column":18},"end":{"line":430,"column":75}},"122":{"start":{"line":431,"column":2},"end":{"line":431,"column":75}},"123":{"start":{"line":431,"column":18},"end":{"line":431,"column":75}},"124":{"start":{"line":432,"column":2},"end":{"line":432,"column":56}},"125":{"start":{"line":441,"column":20},"end":{"line":441,"column":38}},"126":{"start":{"line":443,"column":20},"end":{"line":451,"column":3}},"127":{"start":{"line":444,"column":52},"end":{"line":449,"column":6}},"128":{"start":{"line":450,"column":4},"end":{"line":450,"column":34}},"129":{"start":{"line":453,"column":2},"end":{"line":453,"column":60}},"130":{"start":{"line":453,"column":15},"end":{"line":453,"column":60}},"131":{"start":{"line":454,"column":2},"end":{"line":455,"column":76}},"132":{"start":{"line":455,"column":4},"end":{"line":455,"column":76}},"133":{"start":{"line":457,"column":2},"end":{"line":476,"column":4}},"134":{"start":{"line":460,"column":8},"end":{"line":461,"column":null}},"135":{"start":{"line":494,"column":32},"end":{"line":494,"column":58}},"136":{"start":{"line":495,"column":34},"end":{"line":495,"column":63}},"137":{"start":{"line":496,"column":40},"end":{"line":496,"column":72}},"138":{"start":{"line":498,"column":4},"end":{"line":498,"column":45}},"139":{"start":{"line":499,"column":46},"end":{"line":499,"column":60}},"140":{"start":{"line":500,"column":54},"end":{"line":500,"column":68}},"141":{"start":{"line":501,"column":42},"end":{"line":501,"column":77}},"142":{"start":{"line":503,"column":23},"end":{"line":513,"column":8}},"143":{"start":{"line":504,"column":4},"end":{"line":512,"column":5}},"144":{"start":{"line":505,"column":19},"end":{"line":505,"column":37}},"145":{"start":{"line":506,"column":6},"end":{"line":506,"column":31}},"146":{"start":{"line":507,"column":6},"end":{"line":507,"column":39}},"147":{"start":{"line":511,"column":6},"end":{"line":511,"column":31}},"148":{"start":{"line":515,"column":27},"end":{"line":525,"column":8}},"149":{"start":{"line":516,"column":4},"end":{"line":516,"column":32}},"150":{"start":{"line":517,"column":4},"end":{"line":524,"column":5}},"151":{"start":{"line":518,"column":19},"end":{"line":518,"column":47}},"152":{"start":{"line":519,"column":6},"end":{"line":519,"column":27}},"153":{"start":{"line":523,"column":6},"end":{"line":523,"column":35}},"154":{"start":{"line":527,"column":2},"end":{"line":530,"column":39}},"155":{"start":{"line":528,"column":4},"end":{"line":528,"column":19}},"156":{"start":{"line":529,"column":4},"end":{"line":529,"column":34}},"157":{"start":{"line":532,"column":21},"end":{"line":535,"column":3}},"158":{"start":{"line":533,"column":4},"end":{"line":533,"column":19}},"159":{"start":{"line":534,"column":4},"end":{"line":534,"column":38}},"160":{"start":{"line":537,"column":38},"end":{"line":540,"column":3}},"161":{"start":{"line":538,"column":4},"end":{"line":538,"column":31}},"162":{"start":{"line":539,"column":4},"end":{"line":539,"column":29}},"163":{"start":{"line":542,"column":23},"end":{"line":545,"column":3}},"164":{"start":{"line":543,"column":4},"end":{"line":543,"column":42}},"165":{"start":{"line":544,"column":4},"end":{"line":544,"column":17}},"166":{"start":{"line":546,"column":24},"end":{"line":549,"column":3}},"167":{"start":{"line":547,"column":4},"end":{"line":547,"column":43}},"168":{"start":{"line":548,"column":4},"end":{"line":548,"column":19}},"169":{"start":{"line":551,"column":23},"end":{"line":562,"column":3}},"170":{"start":{"line":552,"column":4},"end":{"line":561,"column":7}},"171":{"start":{"line":558,"column":8},"end":{"line":558,"column":37}},"172":{"start":{"line":559,"column":8},"end":{"line":559,"column":21}},"173":{"start":{"line":564,"column":22},"end":{"line":575,"column":3}},"174":{"start":{"line":565,"column":4},"end":{"line":574,"column":7}},"175":{"start":{"line":571,"column":8},"end":{"line":571,"column":34}},"176":{"start":{"line":572,"column":8},"end":{"line":572,"column":21}},"177":{"start":{"line":577,"column":2},"end":{"line":659,"column":4}},"178":{"start":{"line":628,"column":14},"end":{"line":628,"column":79}},"179":{"start":{"line":652,"column":12},"end":{"line":652,"column":43}},"180":{"start":{"line":653,"column":12},"end":{"line":653,"column":34}},"181":{"start":{"line":655,"column":26},"end":{"line":655,"column":47}}},"fnMap":{"0":{"name":"ConfirmModal","decl":{"start":{"line":39,"column":9},"end":{"line":39,"column":21}},"loc":{"start":{"line":46,"column":20},"end":{"line":85,"column":1}}},"1":{"name":"(anonymous_1)","decl":{"start":{"line":49,"column":24},"end":{"line":49,"column":29}},"loc":{"start":{"line":49,"column":35},"end":{"line":56,"column":3}}},"2":{"name":"(anonymous_2)","decl":{"start":{"line":61,"column":15},"end":{"line":61,"column":16}},"loc":{"start":{"line":61,"column":22},"end":{"line":61,"column":64}}},"3":{"name":"FriendRowMenu","decl":{"start":{"line":95,"column":9},"end":{"line":95,"column":22}},"loc":{"start":{"line":95,"column":64},"end":{"line":139,"column":1}}},"4":{"name":"(anonymous_4)","decl":{"start":{"line":101,"column":22},"end":{"line":101,"column":25}},"loc":{"start":{"line":101,"column":27},"end":{"line":103,"column":3}}},"5":{"name":"(anonymous_5)","decl":{"start":{"line":105,"column":24},"end":{"line":105,"column":27}},"loc":{"start":{"line":105,"column":29},"end":{"line":108,"column":3}}},"6":{"name":"(anonymous_6)","decl":{"start":{"line":107,"column":36},"end":{"line":107,"column":39}},"loc":{"start":{"line":107,"column":42},"end":{"line":107,"column":56}}},"7":{"name":"(anonymous_7)","decl":{"start":{"line":113,"column":20},"end":{"line":113,"column":23}},"loc":{"start":{"line":113,"column":25},"end":{"line":116,"column":7}}},"8":{"name":"Toast","decl":{"start":{"line":147,"column":9},"end":{"line":147,"column":14}},"loc":{"start":{"line":147,"column":38},"end":{"line":149,"column":1}}},"9":{"name":"AddFriends","decl":{"start":{"line":157,"column":9},"end":{"line":157,"column":19}},"loc":{"start":{"line":157,"column":54},"end":{"line":264,"column":1}}},"10":{"name":"(anonymous_10)","decl":{"start":{"line":173,"column":12},"end":{"line":173,"column":15}},"loc":{"start":{"line":173,"column":17},"end":{"line":188,"column":3}}},"11":{"name":"(anonymous_11)","decl":{"start":{"line":176,"column":37},"end":{"line":176,"column":42}},"loc":{"start":{"line":176,"column":48},"end":{"line":184,"column":5}}},"12":{"name":"(anonymous_12)","decl":{"start":{"line":185,"column":11},"end":{"line":185,"column":14}},"loc":{"start":{"line":185,"column":16},"end":{"line":187,"column":5}}},"13":{"name":"(anonymous_13)","decl":{"start":{"line":190,"column":20},"end":{"line":190,"column":21}},"loc":{"start":{"line":190,"column":37},"end":{"line":194,"column":3}}},"14":{"name":"(anonymous_14)","decl":{"start":{"line":193,"column":39},"end":{"line":193,"column":42}},"loc":{"start":{"line":193,"column":45},"end":{"line":193,"column":59}}},"15":{"name":"(anonymous_15)","decl":{"start":{"line":196,"column":24},"end":{"line":196,"column":29}},"loc":{"start":{"line":196,"column":54},"end":{"line":205,"column":3}}},"16":{"name":"(anonymous_16)","decl":{"start":{"line":199,"column":17},"end":{"line":199,"column":18}},"loc":{"start":{"line":199,"column":27},"end":{"line":199,"column":51}}},"17":{"name":"(anonymous_17)","decl":{"start":{"line":207,"column":19},"end":{"line":207,"column":20}},"loc":{"start":{"line":208,"column":4},"end":{"line":208,"column":66}}},"18":{"name":"(anonymous_18)","decl":{"start":{"line":218,"column":20},"end":{"line":218,"column":21}},"loc":{"start":{"line":218,"column":27},"end":{"line":218,"column":51}}},"19":{"name":"(anonymous_19)","decl":{"start":{"line":219,"column":19},"end":{"line":219,"column":22}},"loc":{"start":{"line":219,"column":25},"end":{"line":219,"column":75}}},"20":{"name":"(anonymous_20)","decl":{"start":{"line":220,"column":18},"end":{"line":220,"column":21}},"loc":{"start":{"line":220,"column":24},"end":{"line":220,"column":69}}},"21":{"name":"(anonymous_21)","decl":{"start":{"line":220,"column":35},"end":{"line":220,"column":38}},"loc":{"start":{"line":220,"column":41},"end":{"line":220,"column":63}}},"22":{"name":"(anonymous_22)","decl":{"start":{"line":224,"column":32},"end":{"line":224,"column":33}},"loc":{"start":{"line":224,"column":38},"end":{"line":258,"column":13}}},"23":{"name":"(anonymous_23)","decl":{"start":{"line":251,"column":31},"end":{"line":251,"column":34}},"loc":{"start":{"line":251,"column":37},"end":{"line":251,"column":53}}},"24":{"name":"FriendRequests","decl":{"start":{"line":274,"column":9},"end":{"line":274,"column":23}},"loc":{"start":{"line":278,"column":22},"end":{"line":331,"column":1}}},"25":{"name":"(anonymous_25)","decl":{"start":{"line":283,"column":14},"end":{"line":283,"column":19}},"loc":{"start":{"line":283,"column":70},"end":{"line":294,"column":3}}},"26":{"name":"(anonymous_26)","decl":{"start":{"line":284,"column":12},"end":{"line":284,"column":13}},"loc":{"start":{"line":284,"column":19},"end":{"line":284,"column":37}}},"27":{"name":"(anonymous_27)","decl":{"start":{"line":288,"column":14},"end":{"line":288,"column":15}},"loc":{"start":{"line":288,"column":20},"end":{"line":292,"column":7}}},"28":{"name":"(anonymous_28)","decl":{"start":{"line":296,"column":19},"end":{"line":296,"column":20}},"loc":{"start":{"line":297,"column":4},"end":{"line":297,"column":76}}},"29":{"name":"(anonymous_29)","decl":{"start":{"line":301,"column":20},"end":{"line":301,"column":21}},"loc":{"start":{"line":301,"column":26},"end":{"line":328,"column":7}}},"30":{"name":"(anonymous_30)","decl":{"start":{"line":314,"column":23},"end":{"line":314,"column":26}},"loc":{"start":{"line":314,"column":29},"end":{"line":314,"column":46}}},"31":{"name":"(anonymous_31)","decl":{"start":{"line":322,"column":23},"end":{"line":322,"column":26}},"loc":{"start":{"line":322,"column":29},"end":{"line":322,"column":47}}},"32":{"name":"FriendsList","decl":{"start":{"line":341,"column":9},"end":{"line":341,"column":20}},"loc":{"start":{"line":341,"column":69},"end":{"line":410,"column":1}}},"33":{"name":"(anonymous_33)","decl":{"start":{"line":344,"column":12},"end":{"line":344,"column":15}},"loc":{"start":{"line":344,"column":17},"end":{"line":359,"column":3}}},"34":{"name":"(anonymous_34)","decl":{"start":{"line":347,"column":18},"end":{"line":347,"column":19}},"loc":{"start":{"line":348,"column":8},"end":{"line":350,"column":52}}},"35":{"name":"(anonymous_35)","decl":{"start":{"line":349,"column":16},"end":{"line":349,"column":17}},"loc":{"start":{"line":349,"column":24},"end":{"line":349,"column":47}}},"36":{"name":"(anonymous_36)","decl":{"start":{"line":350,"column":17},"end":{"line":350,"column":20}},"loc":{"start":{"line":350,"column":24},"end":{"line":350,"column":50}}},"37":{"name":"(anonymous_37)","decl":{"start":{"line":352,"column":11},"end":{"line":352,"column":12}},"loc":{"start":{"line":352,"column":23},"end":{"line":358,"column":5}}},"38":{"name":"(anonymous_38)","decl":{"start":{"line":361,"column":14},"end":{"line":361,"column":15}},"loc":{"start":{"line":361,"column":69},"end":{"line":365,"column":3}}},"39":{"name":"(anonymous_39)","decl":{"start":{"line":367,"column":19},"end":{"line":367,"column":20}},"loc":{"start":{"line":368,"column":4},"end":{"line":368,"column":66}}},"40":{"name":"(anonymous_40)","decl":{"start":{"line":383,"column":21},"end":{"line":383,"column":22}},"loc":{"start":{"line":383,"column":27},"end":{"line":406,"column":9}}},"41":{"name":"(anonymous_41)","decl":{"start":{"line":390,"column":28},"end":{"line":390,"column":31}},"loc":{"start":{"line":390,"column":34},"end":{"line":390,"column":59}}},"42":{"name":"(anonymous_42)","decl":{"start":{"line":391,"column":27},"end":{"line":391,"column":30}},"loc":{"start":{"line":391,"column":33},"end":{"line":391,"column":57}}},"43":{"name":"RankBadge","decl":{"start":{"line":428,"column":9},"end":{"line":428,"column":18}},"loc":{"start":{"line":428,"column":45},"end":{"line":433,"column":1}}},"44":{"name":"Leaderboard","decl":{"start":{"line":435,"column":9},"end":{"line":435,"column":20}},"loc":{"start":{"line":440,"column":19},"end":{"line":477,"column":1}}},"45":{"name":"(anonymous_45)","decl":{"start":{"line":443,"column":20},"end":{"line":443,"column":21}},"loc":{"start":{"line":443,"column":52},"end":{"line":451,"column":3}}},"46":{"name":"(anonymous_46)","decl":{"start":{"line":459,"column":19},"end":{"line":459,"column":20}},"loc":{"start":{"line":460,"column":8},"end":{"line":461,"column":null}}},"47":{"name":"FriendsPanel","decl":{"start":{"line":493,"column":16},"end":{"line":493,"column":28}},"loc":{"start":{"line":493,"column":65},"end":{"line":660,"column":1}}},"48":{"name":"(anonymous_48)","decl":{"start":{"line":503,"column":35},"end":{"line":503,"column":40}},"loc":{"start":{"line":503,"column":46},"end":{"line":513,"column":3}}},"49":{"name":"(anonymous_49)","decl":{"start":{"line":515,"column":39},"end":{"line":515,"column":44}},"loc":{"start":{"line":515,"column":76},"end":{"line":525,"column":3}}},"50":{"name":"(anonymous_50)","decl":{"start":{"line":527,"column":12},"end":{"line":527,"column":15}},"loc":{"start":{"line":527,"column":17},"end":{"line":530,"column":3}}},"51":{"name":"(anonymous_51)","decl":{"start":{"line":532,"column":21},"end":{"line":532,"column":24}},"loc":{"start":{"line":532,"column":26},"end":{"line":535,"column":3}}},"52":{"name":"(anonymous_52)","decl":{"start":{"line":537,"column":38},"end":{"line":537,"column":39}},"loc":{"start":{"line":537,"column":69},"end":{"line":540,"column":3}}},"53":{"name":"(anonymous_53)","decl":{"start":{"line":542,"column":23},"end":{"line":542,"column":28}},"loc":{"start":{"line":542,"column":52},"end":{"line":545,"column":3}}},"54":{"name":"(anonymous_54)","decl":{"start":{"line":546,"column":24},"end":{"line":546,"column":29}},"loc":{"start":{"line":546,"column":53},"end":{"line":549,"column":3}}},"55":{"name":"(anonymous_55)","decl":{"start":{"line":551,"column":23},"end":{"line":551,"column":24}},"loc":{"start":{"line":551,"column":64},"end":{"line":562,"column":3}}},"56":{"name":"(anonymous_56)","decl":{"start":{"line":557,"column":17},"end":{"line":557,"column":22}},"loc":{"start":{"line":557,"column":28},"end":{"line":560,"column":7}}},"57":{"name":"(anonymous_57)","decl":{"start":{"line":564,"column":22},"end":{"line":564,"column":23}},"loc":{"start":{"line":564,"column":63},"end":{"line":575,"column":3}}},"58":{"name":"(anonymous_58)","decl":{"start":{"line":570,"column":17},"end":{"line":570,"column":22}},"loc":{"start":{"line":570,"column":28},"end":{"line":573,"column":7}}},"59":{"name":"(anonymous_59)","decl":{"start":{"line":627,"column":22},"end":{"line":627,"column":23}},"loc":{"start":{"line":628,"column":14},"end":{"line":628,"column":79}}},"60":{"name":"(anonymous_60)","decl":{"start":{"line":651,"column":21},"end":{"line":651,"column":26}},"loc":{"start":{"line":651,"column":32},"end":{"line":654,"column":11}}},"61":{"name":"(anonymous_61)","decl":{"start":{"line":655,"column":20},"end":{"line":655,"column":23}},"loc":{"start":{"line":655,"column":26},"end":{"line":655,"column":47}}}},"branchMap":{"0":{"loc":{"start":{"line":43,"column":2},"end":{"line":43,"column":23}},"type":"default-arg","locations":[{"start":{"line":43,"column":18},"end":{"line":43,"column":23}}]},"1":{"loc":{"start":{"line":61,"column":22},"end":{"line":61,"column":64}},"type":"binary-expr","locations":[{"start":{"line":61,"column":22},"end":{"line":61,"column":50}},{"start":{"line":61,"column":54},"end":{"line":61,"column":64}}]},"2":{"loc":{"start":{"line":75,"column":41},"end":{"line":75,"column":75}},"type":"cond-expr","locations":[{"start":{"line":75,"column":57},"end":{"line":75,"column":70}},{"start":{"line":75,"column":73},"end":{"line":75,"column":75}}]},"3":{"loc":{"start":{"line":79,"column":13},"end":{"line":79,"column":51}},"type":"cond-expr","locations":[{"start":{"line":79,"column":22},"end":{"line":79,"column":36}},{"start":{"line":79,"column":39},"end":{"line":79,"column":51}}]},"4":{"loc":{"start":{"line":102,"column":4},"end":{"line":102,"column":61}},"type":"if","locations":[{"start":{"line":102,"column":4},"end":{"line":102,"column":61}},{"start":{},"end":{}}]},"5":{"loc":{"start":{"line":122,"column":7},"end":{"line":135,"column":null}},"type":"binary-expr","locations":[{"start":{"line":122,"column":7},"end":{"line":122,"column":11}},{"start":{"line":123,"column":8},"end":{"line":134,"column":null}}]},"6":{"loc":{"start":{"line":170,"column":25},"end":{"line":170,"column":57}},"type":"cond-expr","locations":[{"start":{"line":170,"column":45},"end":{"line":170,"column":52}},{"start":{"line":170,"column":55},"end":{"line":170,"column":57}}]},"7":{"loc":{"start":{"line":171,"column":25},"end":{"line":171,"column":58}},"type":"binary-expr","locations":[{"start":{"line":171,"column":25},"end":{"line":171,"column":42}},{"start":{"line":171,"column":46},"end":{"line":171,"column":58}}]},"8":{"loc":{"start":{"line":174,"column":4},"end":{"line":174,"column":63}},"type":"if","locations":[{"start":{"line":174,"column":4},"end":{"line":174,"column":63}},{"start":{},"end":{}}]},"9":{"loc":{"start":{"line":175,"column":4},"end":{"line":175,"column":33}},"type":"if","locations":[{"start":{"line":175,"column":4},"end":{"line":175,"column":33}},{"start":{},"end":{}}]},"10":{"loc":{"start":{"line":186,"column":6},"end":{"line":186,"column":65}},"type":"if","locations":[{"start":{"line":186,"column":6},"end":{"line":186,"column":65}},{"start":{},"end":{}}]},"11":{"loc":{"start":{"line":191,"column":4},"end":{"line":191,"column":67}},"type":"if","locations":[{"start":{"line":191,"column":4},"end":{"line":191,"column":67}},{"start":{},"end":{}}]},"12":{"loc":{"start":{"line":208,"column":6},"end":{"line":208,"column":26}},"type":"binary-expr","locations":[{"start":{"line":208,"column":6},"end":{"line":208,"column":20}},{"start":{"line":208,"column":24},"end":{"line":208,"column":26}}]},"13":{"loc":{"start":{"line":208,"column":31},"end":{"line":208,"column":50}},"type":"binary-expr","locations":[{"start":{"line":208,"column":31},"end":{"line":208,"column":44}},{"start":{"line":208,"column":48},"end":{"line":208,"column":50}}]},"14":{"loc":{"start":{"line":212,"column":7},"end":{"line":212,"column":41}},"type":"binary-expr","locations":[{"start":{"line":212,"column":7},"end":{"line":212,"column":12}},{"start":{"line":212,"column":16},"end":{"line":212,"column":41}}]},"15":{"loc":{"start":{"line":219,"column":25},"end":{"line":219,"column":75}},"type":"binary-expr","locations":[{"start":{"line":219,"column":25},"end":{"line":219,"column":50}},{"start":{"line":219,"column":54},"end":{"line":219,"column":75}}]},"16":{"loc":{"start":{"line":222,"column":9},"end":{"line":259,"column":null}},"type":"binary-expr","locations":[{"start":{"line":222,"column":9},"end":{"line":222,"column":23}},{"start":{"line":222,"column":27},"end":{"line":222,"column":52}},{"start":{"line":223,"column":10},"end":{"line":258,"column":null}}]},"17":{"loc":{"start":{"line":232,"column":19},"end":{"line":238,"column":null}},"type":"binary-expr","locations":[{"start":{"line":232,"column":19},"end":{"line":232,"column":40}},{"start":{"line":233,"column":20},"end":{"line":235,"column":null}}]},"18":{"loc":{"start":{"line":240,"column":19},"end":{"line":246,"column":null}},"type":"binary-expr","locations":[{"start":{"line":240,"column":20},"end":{"line":240,"column":42}},{"start":{"line":240,"column":46},"end":{"line":240,"column":57}},{"start":{"line":241,"column":20},"end":{"line":243,"column":null}}]},"19":{"loc":{"start":{"line":248,"column":19},"end":{"line":254,"column":null}},"type":"binary-expr","locations":[{"start":{"line":248,"column":19},"end":{"line":248,"column":38}},{"start":{"line":248,"column":42},"end":{"line":248,"column":54}},{"start":{"line":249,"column":20},"end":{"line":251,"column":null}}]},"20":{"loc":{"start":{"line":281,"column":2},"end":{"line":281,"column":41}},"type":"if","locations":[{"start":{"line":281,"column":2},"end":{"line":281,"column":41}},{"start":{},"end":{}}]},"21":{"loc":{"start":{"line":297,"column":6},"end":{"line":297,"column":31}},"type":"binary-expr","locations":[{"start":{"line":297,"column":6},"end":{"line":297,"column":25}},{"start":{"line":297,"column":29},"end":{"line":297,"column":31}}]},"22":{"loc":{"start":{"line":297,"column":36},"end":{"line":297,"column":60}},"type":"binary-expr","locations":[{"start":{"line":297,"column":36},"end":{"line":297,"column":54}},{"start":{"line":297,"column":58},"end":{"line":297,"column":60}}]},"23":{"loc":{"start":{"line":345,"column":4},"end":{"line":345,"column":37}},"type":"if","locations":[{"start":{"line":345,"column":4},"end":{"line":345,"column":37}},{"start":{},"end":{}}]},"24":{"loc":{"start":{"line":355,"column":8},"end":{"line":355,"column":41}},"type":"if","locations":[{"start":{"line":355,"column":8},"end":{"line":355,"column":41}},{"start":{},"end":{}}]},"25":{"loc":{"start":{"line":363,"column":4},"end":{"line":363,"column":46}},"type":"if","locations":[{"start":{"line":363,"column":4},"end":{"line":363,"column":46}},{"start":{},"end":{}}]},"26":{"loc":{"start":{"line":363,"column":8},"end":{"line":363,"column":33}},"type":"binary-expr","locations":[{"start":{"line":363,"column":8},"end":{"line":363,"column":10}},{"start":{"line":363,"column":14},"end":{"line":363,"column":33}}]},"27":{"loc":{"start":{"line":368,"column":6},"end":{"line":368,"column":26}},"type":"binary-expr","locations":[{"start":{"line":368,"column":6},"end":{"line":368,"column":20}},{"start":{"line":368,"column":24},"end":{"line":368,"column":26}}]},"28":{"loc":{"start":{"line":368,"column":31},"end":{"line":368,"column":50}},"type":"binary-expr","locations":[{"start":{"line":368,"column":31},"end":{"line":368,"column":44}},{"start":{"line":368,"column":48},"end":{"line":368,"column":50}}]},"29":{"loc":{"start":{"line":429,"column":2},"end":{"line":429,"column":73}},"type":"if","locations":[{"start":{"line":429,"column":2},"end":{"line":429,"column":73}},{"start":{},"end":{}}]},"30":{"loc":{"start":{"line":430,"column":2},"end":{"line":430,"column":75}},"type":"if","locations":[{"start":{"line":430,"column":2},"end":{"line":430,"column":75}},{"start":{},"end":{}}]},"31":{"loc":{"start":{"line":431,"column":2},"end":{"line":431,"column":75}},"type":"if","locations":[{"start":{"line":431,"column":2},"end":{"line":431,"column":75}},{"start":{},"end":{}}]},"32":{"loc":{"start":{"line":453,"column":2},"end":{"line":453,"column":60}},"type":"if","locations":[{"start":{"line":453,"column":2},"end":{"line":453,"column":60}},{"start":{},"end":{}}]},"33":{"loc":{"start":{"line":454,"column":2},"end":{"line":455,"column":76}},"type":"if","locations":[{"start":{"line":454,"column":2},"end":{"line":455,"column":76}},{"start":{},"end":{}}]},"34":{"loc":{"start":{"line":462,"column":31},"end":{"line":462,"column":80}},"type":"cond-expr","locations":[{"start":{"line":462,"column":60},"end":{"line":462,"column":75}},{"start":{"line":462,"column":78},"end":{"line":462,"column":80}}]},"35":{"loc":{"start":{"line":467,"column":13},"end":{"line":467,"column":55}},"type":"cond-expr","locations":[{"start":{"line":467,"column":42},"end":{"line":467,"column":50}},{"start":{"line":467,"column":53},"end":{"line":467,"column":55}}]},"36":{"loc":{"start":{"line":587,"column":7},"end":{"line":601,"column":null}},"type":"binary-expr","locations":[{"start":{"line":587,"column":7},"end":{"line":587,"column":22}},{"start":{"line":587,"column":26},"end":{"line":587,"column":45}},{"start":{"line":588,"column":8},"end":{"line":600,"column":null}}]},"37":{"loc":{"start":{"line":607,"column":9},"end":{"line":616,"column":null}},"type":"cond-expr","locations":[{"start":{"line":608,"column":10},"end":{"line":608,"column":47}},{"start":{"line":609,"column":12},"end":{"line":616,"column":null}}]},"38":{"loc":{"start":{"line":609,"column":12},"end":{"line":616,"column":null}},"type":"cond-expr","locations":[{"start":{"line":610,"column":10},"end":{"line":610,"column":80}},{"start":{"line":612,"column":10},"end":{"line":615,"column":null}}]},"39":{"loc":{"start":{"line":645,"column":7},"end":{"line":656,"column":null}},"type":"binary-expr","locations":[{"start":{"line":645,"column":7},"end":{"line":645,"column":19}},{"start":{"line":646,"column":8},"end":{"line":655,"column":null}}]}},"s":{"0":0,"1":0,"2":0,"3":0,"4":0,"5":0,"6":0,"7":0,"8":0,"9":0,"10":0,"11":0,"12":0,"13":0,"14":0,"15":0,"16":0,"17":0,"18":0,"19":0,"20":0,"21":0,"22":0,"23":0,"24":0,"25":0,"26":0,"27":0,"28":0,"29":0,"30":0,"31":0,"32":0,"33":0,"34":0,"35":0,"36":0,"37":0,"38":0,"39":0,"40":0,"41":0,"42":0,"43":0,"44":0,"45":0,"46":0,"47":0,"48":0,"49":0,"50":0,"51":0,"52":0,"53":0,"54":0,"55":0,"56":0,"57":0,"58":0,"59":0,"60":0,"61":0,"62":0,"63":0,"64":0,"65":0,"66":0,"67":0,"68":0,"69":0,"70":0,"71":0,"72":0,"73":0,"74":0,"75":0,"76":0,"77":0,"78":0,"79":0,"80":0,"81":0,"82":0,"83":0,"84":0,"85":0,"86":0,"87":0,"88":0,"89":0,"90":0,"91":0,"92":0,"93":0,"94":0,"95":0,"96":0,"97":0,"98":0,"99":0,"100":0,"101":0,"102":0,"103":0,"104":0,"105":0,"106":0,"107":0,"108":0,"109":0,"110":0,"111":0,"112":0,"113":0,"114":0,"115":0,"116":0,"117":0,"118":0,"119":0,"120":0,"121":0,"122":0,"123":0,"124":0,"125":0,"126":0,"127":0,"128":0,"129":0,"130":0,"131":0,"132":0,"133":0,"134":0,"135":0,"136":0,"137":0,"138":0,"139":0,"140":0,"141":0,"142":0,"143":0,"144":0,"145":0,"146":0,"147":0,"148":0,"149":0,"150":0,"151":0,"152":0,"153":0,"154":0,"155":0,"156":0,"157":0,"158":0,"159":0,"160":0,"161":0,"162":0,"163":0,"164":0,"165":0,"166":0,"167":0,"168":0,"169":0,"170":0,"171":0,"172":0,"173":0,"174":0,"175":0,"176":0,"177":0,"178":0,"179":0,"180":0,"181":0},"f":{"0":0,"1":0,"2":0,"3":0,"4":0,"5":0,"6":0,"7":0,"8":0,"9":0,"10":0,"11":0,"12":0,"13":0,"14":0,"15":0,"16":0,"17":0,"18":0,"19":0,"20":0,"21":0,"22":0,"23":0,"24":0,"25":0,"26":0,"27":0,"28":0,"29":0,"30":0,"31":0,"32":0,"33":0,"34":0,"35":0,"36":0,"37":0,"38":0,"39":0,"40":0,"41":0,"42":0,"43":0,"44":0,"45":0,"46":0,"47":0,"48":0,"49":0,"50":0,"51":0,"52":0,"53":0,"54":0,"55":0,"56":0,"57":0,"58":0,"59":0,"60":0,"61":0},"b":{"0":[0],"1":[0,0],"2":[0,0],"3":[0,0],"4":[0,0],"5":[0,0],"6":[0,0],"7":[0,0],"8":[0,0],"9":[0,0],"10":[0,0],"11":[0,0],"12":[0,0],"13":[0,0],"14":[0,0],"15":[0,0],"16":[0,0,0],"17":[0,0],"18":[0,0,0],"19":[0,0,0],"20":[0,0],"21":[0,0],"22":[0,0],"23":[0,0],"24":[0,0],"25":[0,0],"26":[0,0],"27":[0,0],"28":[0,0],"29":[0,0],"30":[0,0],"31":[0,0],"32":[0,0],"33":[0,0],"34":[0,0],"35":[0,0],"36":[0,0,0],"37":[0,0],"38":[0,0],"39":[0,0]}}
,"/Users/williamportugal/Desktop/CSC 308/BallerzStatApp/frontend/src/components/games/GameCard.tsx": {"path":"/Users/williamportugal/Desktop/CSC 308/BallerzStatApp/frontend/src/components/games/GameCard.tsx","statementMap":{"0":{"start":{"line":28,"column":0},"end":{"line":28,"column":24}},"1":{"start":{"line":1,"column":0},"end":{"line":1,"column":24}},"2":{"start":{"line":2,"column":0},"end":{"line":2,"column":55}},"3":{"start":{"line":36,"column":20},"end":{"line":36,"column":47}},"4":{"start":{"line":37,"column":20},"end":{"line":37,"column":47}},"5":{"start":{"line":40,"column":19},"end":{"line":40,"column":120}},"6":{"start":{"line":42,"column":19},"end":{"line":42,"column":66}},"7":{"start":{"line":44,"column":2},"end":{"line":98,"column":4}}},"fnMap":{"0":{"name":"GameCard","decl":{"start":{"line":28,"column":24},"end":{"line":28,"column":32}},"loc":{"start":{"line":35,"column":16},"end":{"line":99,"column":1}}}},"branchMap":{"0":{"loc":{"start":{"line":42,"column":19},"end":{"line":42,"column":66}},"type":"binary-expr","locations":[{"start":{"line":42,"column":19},"end":{"line":42,"column":38}},{"start":{"line":42,"column":42},"end":{"line":42,"column":66}}]},"1":{"loc":{"start":{"line":46,"column":29},"end":{"line":46,"column":59}},"type":"cond-expr","locations":[{"start":{"line":46,"column":40},"end":{"line":46,"column":54}},{"start":{"line":46,"column":57},"end":{"line":46,"column":59}}]},"2":{"loc":{"start":{"line":48,"column":8},"end":{"line":50,"column":21}},"type":"cond-expr","locations":[{"start":{"line":49,"column":12},"end":{"line":49,"column":76}},{"start":{"line":50,"column":12},"end":{"line":50,"column":21}}]},"3":{"loc":{"start":{"line":56,"column":45},"end":{"line":56,"column":92}},"type":"cond-expr","locations":[{"start":{"line":56,"column":69},"end":{"line":56,"column":87}},{"start":{"line":56,"column":90},"end":{"line":56,"column":92}}]},"4":{"loc":{"start":{"line":59,"column":11},"end":{"line":66,"column":null}},"type":"cond-expr","locations":[{"start":{"line":60,"column":12},"end":{"line":63,"column":null}},{"start":{"line":66,"column":12},"end":{"line":66,"column":51}}]},"5":{"loc":{"start":{"line":69,"column":40},"end":{"line":69,"column":61}},"type":"binary-expr","locations":[{"start":{"line":69,"column":40},"end":{"line":69,"column":54}},{"start":{"line":69,"column":58},"end":{"line":69,"column":61}}]},"6":{"loc":{"start":{"line":79,"column":45},"end":{"line":79,"column":92}},"type":"cond-expr","locations":[{"start":{"line":79,"column":69},"end":{"line":79,"column":87}},{"start":{"line":79,"column":90},"end":{"line":79,"column":92}}]},"7":{"loc":{"start":{"line":82,"column":11},"end":{"line":89,"column":null}},"type":"cond-expr","locations":[{"start":{"line":83,"column":12},"end":{"line":86,"column":null}},{"start":{"line":89,"column":12},"end":{"line":89,"column":51}}]},"8":{"loc":{"start":{"line":92,"column":40},"end":{"line":92,"column":61}},"type":"binary-expr","locations":[{"start":{"line":92,"column":40},"end":{"line":92,"column":54}},{"start":{"line":92,"column":58},"end":{"line":92,"column":61}}]}},"s":{"0":1,"1":1,"2":1,"3":11,"4":11,"5":11,"6":11,"7":11},"f":{"0":11},"b":{"0":[11,10],"1":[2,9],"2":[1,10],"3":[1,10],"4":[10,1],"5":[11,1],"6":[1,10],"7":[10,1],"8":[11,1]}}
,"/Users/williamportugal/Desktop/CSC 308/BallerzStatApp/frontend/src/components/home/UserSelfPanel.tsx": {"path":"/Users/williamportugal/Desktop/CSC 308/BallerzStatApp/frontend/src/components/home/UserSelfPanel.tsx","statementMap":{"0":{"start":{"line":97,"column":0},"end":{"line":97,"column":24}},"1":{"start":{"line":1,"column":0},"end":{"line":1,"column":44}},"2":{"start":{"line":2,"column":0},"end":{"line":2,"column":null}},"3":{"start":{"line":10,"column":0},"end":{"line":10,"column":29}},"4":{"start":{"line":11,"column":0},"end":{"line":11,"column":79}},"5":{"start":{"line":43,"column":56},"end":{"line":48,"column":2}},"6":{"start":{"line":50,"column":65},"end":{"line":55,"column":2}},"7":{"start":{"line":59,"column":12},"end":{"line":59,"column":32}},"8":{"start":{"line":60,"column":15},"end":{"line":63,"column":4}},"9":{"start":{"line":64,"column":2},"end":{"line":70,"column":4}},"10":{"start":{"line":74,"column":2},"end":{"line":74,"column":24}},"11":{"start":{"line":84,"column":2},"end":{"line":84,"column":47}},"12":{"start":{"line":84,"column":35},"end":{"line":84,"column":47}},"13":{"start":{"line":85,"column":2},"end":{"line":90,"column":4}},"14":{"start":{"line":95,"column":20},"end":{"line":95,"column":29}},"15":{"start":{"line":103,"column":28},"end":{"line":103,"column":66}},"16":{"start":{"line":104,"column":36},"end":{"line":104,"column":60}},"17":{"start":{"line":105,"column":42},"end":{"line":105,"column":56}},"18":{"start":{"line":106,"column":42},"end":{"line":106,"column":56}},"19":{"start":{"line":107,"column":42},"end":{"line":107,"column":66}},"20":{"start":{"line":109,"column":2},"end":{"line":137,"column":9}},"21":{"start":{"line":110,"column":20},"end":{"line":110,"column":25}},"22":{"start":{"line":113,"column":6},"end":{"line":130,"column":7}},"23":{"start":{"line":114,"column":27},"end":{"line":117,"column":10}},"24":{"start":{"line":118,"column":8},"end":{"line":122,"column":9}},"25":{"start":{"line":119,"column":10},"end":{"line":119,"column":22}},"26":{"start":{"line":121,"column":10},"end":{"line":121,"column":61}},"27":{"start":{"line":126,"column":8},"end":{"line":129,"column":9}},"28":{"start":{"line":127,"column":10},"end":{"line":127,"column":33}},"29":{"start":{"line":128,"column":10},"end":{"line":128,"column":33}},"30":{"start":{"line":133,"column":4},"end":{"line":133,"column":11}},"31":{"start":{"line":134,"column":4},"end":{"line":136,"column":6}},"32":{"start":{"line":135,"column":6},"end":{"line":135,"column":23}},"33":{"start":{"line":139,"column":25},"end":{"line":139,"column":88}},"34":{"start":{"line":142,"column":23},"end":{"line":154,"column":3}},"35":{"start":{"line":143,"column":4},"end":{"line":143,"column":25}},"36":{"start":{"line":143,"column":16},"end":{"line":143,"column":25}},"37":{"start":{"line":144,"column":4},"end":{"line":153,"column":5}},"38":{"start":{"line":146,"column":8},"end":{"line":146,"column":31}},"39":{"start":{"line":148,"column":8},"end":{"line":148,"column":32}},"40":{"start":{"line":150,"column":8},"end":{"line":150,"column":33}},"41":{"start":{"line":152,"column":8},"end":{"line":152,"column":29}},"42":{"start":{"line":156,"column":2},"end":{"line":317,"column":4}},"43":{"start":{"line":173,"column":19},"end":{"line":174,"column":29}},"44":{"start":{"line":181,"column":30},"end":{"line":181,"column":34}},"45":{"start":{"line":202,"column":29},"end":{"line":202,"column":71}},"46":{"start":{"line":205,"column":14},"end":{"line":205,"column":34}},"47":{"start":{"line":248,"column":48},"end":{"line":248,"column":57}},"48":{"start":{"line":250,"column":31},"end":{"line":250,"column":54}},"49":{"start":{"line":251,"column":31},"end":{"line":251,"column":53}},"50":{"start":{"line":252,"column":20},"end":{"line":252,"column":56}},"51":{"start":{"line":255,"column":33},"end":{"line":256,"column":null}},"52":{"start":{"line":256,"column":29},"end":{"line":256,"column":54}},"53":{"start":{"line":258,"column":20},"end":{"line":258,"column":48}},"54":{"start":{"line":258,"column":38},"end":{"line":258,"column":48}},"55":{"start":{"line":259,"column":31},"end":{"line":259,"column":68}},"56":{"start":{"line":260,"column":31},"end":{"line":260,"column":67}},"57":{"start":{"line":261,"column":35},"end":{"line":261,"column":37}},"58":{"start":{"line":262,"column":20},"end":{"line":262,"column":69}},"59":{"start":{"line":262,"column":33},"end":{"line":262,"column":35}},"60":{"start":{"line":262,"column":54},"end":{"line":262,"column":69}},"61":{"start":{"line":263,"column":20},"end":{"line":263,"column":34}},"62":{"start":{"line":299,"column":32},"end":{"line":299,"column":49}},"63":{"start":{"line":300,"column":31},"end":{"line":300,"column":48}},"64":{"start":{"line":302,"column":18},"end":{"line":304,"column":42}},"65":{"start":{"line":305,"column":16},"end":{"line":310,"column":18}}},"fnMap":{"0":{"name":"toChartRow","decl":{"start":{"line":58,"column":9},"end":{"line":58,"column":19}},"loc":{"start":{"line":58,"column":34},"end":{"line":71,"column":1}}},"1":{"name":"fmt","decl":{"start":{"line":73,"column":9},"end":{"line":73,"column":12}},"loc":{"start":{"line":73,"column":24},"end":{"line":75,"column":1}}},"2":{"name":"ChartTooltip","decl":{"start":{"line":83,"column":9},"end":{"line":83,"column":21}},"loc":{"start":{"line":83,"column":67},"end":{"line":91,"column":1}}},"3":{"name":"UserSelfPanel","decl":{"start":{"line":97,"column":24},"end":{"line":97,"column":37}},"loc":{"start":{"line":102,"column":21},"end":{"line":318,"column":1}}},"4":{"name":"(anonymous_4)","decl":{"start":{"line":109,"column":12},"end":{"line":109,"column":15}},"loc":{"start":{"line":109,"column":17},"end":{"line":137,"column":3}}},"5":{"name":"load","decl":{"start":{"line":112,"column":19},"end":{"line":112,"column":23}},"loc":{"start":{"line":112,"column":23},"end":{"line":131,"column":5}}},"6":{"name":"(anonymous_6)","decl":{"start":{"line":134,"column":11},"end":{"line":134,"column":14}},"loc":{"start":{"line":134,"column":16},"end":{"line":136,"column":5}}},"7":{"name":"(anonymous_7)","decl":{"start":{"line":142,"column":23},"end":{"line":142,"column":24}},"loc":{"start":{"line":142,"column":59},"end":{"line":154,"column":3}}},"8":{"name":"(anonymous_8)","decl":{"start":{"line":172,"column":25},"end":{"line":172,"column":26}},"loc":{"start":{"line":172,"column":31},"end":{"line":175,"column":17}}},"9":{"name":"(anonymous_9)","decl":{"start":{"line":181,"column":23},"end":{"line":181,"column":24}},"loc":{"start":{"line":181,"column":30},"end":{"line":181,"column":34}}},"10":{"name":"(anonymous_10)","decl":{"start":{"line":202,"column":22},"end":{"line":202,"column":23}},"loc":{"start":{"line":202,"column":29},"end":{"line":202,"column":71}}},"11":{"name":"(anonymous_11)","decl":{"start":{"line":204,"column":30},"end":{"line":204,"column":31}},"loc":{"start":{"line":205,"column":14},"end":{"line":205,"column":34}}},"12":{"name":"(anonymous_12)","decl":{"start":{"line":248,"column":33},"end":{"line":248,"column":34}},"loc":{"start":{"line":248,"column":48},"end":{"line":248,"column":57}}},"13":{"name":"(anonymous_13)","decl":{"start":{"line":249,"column":26},"end":{"line":249,"column":27}},"loc":{"start":{"line":249,"column":68},"end":{"line":253,"column":19}}},"14":{"name":"(anonymous_14)","decl":{"start":{"line":254,"column":26},"end":{"line":254,"column":29}},"loc":{"start":{"line":254,"column":31},"end":{"line":264,"column":19}}},"15":{"name":"(anonymous_15)","decl":{"start":{"line":256,"column":22},"end":{"line":256,"column":23}},"loc":{"start":{"line":256,"column":29},"end":{"line":256,"column":54}}},"16":{"name":"(anonymous_16)","decl":{"start":{"line":298,"column":30},"end":{"line":298,"column":31}},"loc":{"start":{"line":298,"column":49},"end":{"line":311,"column":15}}}},"branchMap":{"0":{"loc":{"start":{"line":84,"column":2},"end":{"line":84,"column":47}},"type":"if","locations":[{"start":{"line":84,"column":2},"end":{"line":84,"column":47}},{"start":{},"end":{}}]},"1":{"loc":{"start":{"line":84,"column":6},"end":{"line":84,"column":33}},"type":"binary-expr","locations":[{"start":{"line":84,"column":6},"end":{"line":84,"column":13}},{"start":{"line":84,"column":17},"end":{"line":84,"column":33}}]},"2":{"loc":{"start":{"line":118,"column":8},"end":{"line":122,"column":9}},"type":"if","locations":[{"start":{"line":118,"column":8},"end":{"line":122,"column":9}},{"start":{},"end":{}}]},"3":{"loc":{"start":{"line":126,"column":8},"end":{"line":129,"column":9}},"type":"if","locations":[{"start":{"line":126,"column":8},"end":{"line":129,"column":9}},{"start":{},"end":{}}]},"4":{"loc":{"start":{"line":143,"column":4},"end":{"line":143,"column":25}},"type":"if","locations":[{"start":{"line":143,"column":4},"end":{"line":143,"column":25}},{"start":{},"end":{}}]},"5":{"loc":{"start":{"line":144,"column":4},"end":{"line":153,"column":5}},"type":"switch","locations":[{"start":{"line":145,"column":6},"end":{"line":146,"column":31}},{"start":{"line":147,"column":6},"end":{"line":148,"column":32}},{"start":{"line":149,"column":6},"end":{"line":150,"column":33}},{"start":{"line":151,"column":6},"end":{"line":152,"column":29}}]},"6":{"loc":{"start":{"line":167,"column":13},"end":{"line":185,"column":null}},"type":"cond-expr","locations":[{"start":{"line":168,"column":14},"end":{"line":175,"column":null}},{"start":{"line":178,"column":14},"end":{"line":184,"column":null}}]},"7":{"loc":{"start":{"line":212,"column":9},"end":{"line":282,"column":null}},"type":"cond-expr","locations":[{"start":{"line":213,"column":10},"end":{"line":213,"column":48
[...]
,"/Users/williamportugal/Desktop/CSC 308/BallerzStatApp/frontend/src/pages/Players/PlayerBio.tsx": {"path":"/Users/williamportugal/Desktop/CSC 308/BallerzStatApp/frontend/src/pages/Players/PlayerBio.tsx","statementMap":{"0":{"start":{"line":16,"column":0},"end":{"line":16,"column":24}},"1":{"start":{"line":1,"column":0},"end":{"line":1,"column":44}},"2":{"start":{"line":3,"column":17},"end":{"line":3,"column":44}},"3":{"start":{"line":21,"column":32},"end":{"line":21,"column":66}},"4":{"start":{"line":23,"column":2},"end":{"line":50,"column":33}},"5":{"start":{"line":25,"column":6},"end":{"line":46,"column":7}},"6":{"start":{"line":26,"column":23},"end":{"line":29,"column":10}},"7":{"start":{"line":31,"column":20},"end":{"line":32,"column":null}},"8":{"start":{"line":35,"column":8},"end":{"line":37,"column":9}},"9":{"start":{"line":36,"column":10},"end":{"line":36,"column":63}},"10":{"start":{"line":39,"column":21},"end":{"line":39,"column":37}},"11":{"start":{"line":40,"column":8},"end":{"line":40,"column":25}},"12":{"start":{"line":42,"column":8},"end":{"line":42,"column":27}},"13":{"start":{"line":43,"column":8},"end":{"line":45,"column":11}},"14":{"start":{"line":49,"column":4},"end":{"line":49,"column":14}},"15":{"start":{"line":52,"column":2},"end":{"line":52,"column":51}},"16":{"start":{"line":52,"column":16},"end":{"line":52,"column":51}},"17":{"start":{"line":54,"column":2},"end":{"line":65,"column":4}}},"fnMap":{"0":{"name":"PlayerBio","decl":{"start":{"line":16,"column":24},"end":{"line":16,"column":33}},"loc":{"start":{"line":20,"column":17},"end":{"line":66,"column":1}}},"1":{"name":"(anonymous_1)","decl":{"start":{"line":23,"column":12},"end":{"line":23,"column":15}},"loc":{"start":{"line":23,"column":17},"end":{"line":50,"column":3}}},"2":{"name":"loadBio","decl":{"start":{"line":24,"column":19},"end":{"line":24,"column":26}},"loc":{"start":{"line":24,"column":26},"end":{"line":47,"column":5}}}},"branchMap":{"0":{"loc":{"start":{"line":28,"column":16},"end":{"line":28,"column":26}},"type":"binary-expr","locations":[{"start":{"line":28,"column":16},"end":{"line":28,"column":20}},{"start":{"line":28,"column":24},"end":{"line":28,"column":26}}]},"1":{"loc":{"start":{"line":35,"column":8},"end":{"line":37,"column":9}},"type":"if","locations":[{"start":{"line":35,"column":8},"end":{"line":37,"column":9}},{"start":{},"end":{}}]},"2":{"loc":{"start":{"line":52,"column":2},"end":{"line":52,"column":51}},"type":"if","locations":[{"start":{"line":52,"column":2},"end":{"line":52,"column":51}},{"start":{},"end":{}}]},"3":{"loc":{"start":{"line":59,"column":7},"end":{"line":62,"column":null}},"type":"binary-expr","locations":[{"start":{"line":59,"column":7},"end":{"line":59,"column":24}},{"start":{"line":60,"column":8},"end":{"line":60,"column":null}}]}},"s":{"0":1,"1":1,"2":1,"3":13,"4":13,"5":7,"6":7,"7":7,"8":5,"9":1,"10":4,"11":4,"12":2,"13":2,"14":7,"15":13,"16":7,"17":6},"f":{"0":13,"1":7,"2":7},"b":{"0":[7,5],"1":[1,4],"2":[7,6],"3":[6,1]}}
,"/Users/williamportugal/Desktop/CSC 308/BallerzStatApp/frontend/src/pages/Standings/StandingsPage.tsx": {"path":"/Users/williamportugal/Desktop/CSC 308/BallerzStatApp/frontend/src/pages/Standings/StandingsPage.tsx","statementMap":{"0":{"start":{"line":67,"column":0},"end":{"line":67,"column":24}},"1":{"start":{"line":1,"column":0},"end":{"line":1,"column":44}},"2":{"start":{"line":2,"column":0},"end":{"line":2,"column":null}},"3":{"start":{"line":7,"column":0},"end":{"line":7,"column":29}},"4":{"start":{"line":16,"column":2},"end":{"line":64,"column":4}},"5":{"start":{"line":37,"column":14},"end":{"line":37,"column":null}},"6":{"start":{"line":68,"column":26},"end":{"line":68,"column":66}},"7":{"start":{"line":69,"column":32},"end":{"line":69,"column":46}},"8":{"start":{"line":70,"column":28},"end":{"line":70,"column":40}},"9":{"start":{"line":71,"column":44},"end":{"line":72,"column":null}},"10":{"start":{"line":75,"column":2},"end":{"line":90,"column":22}},"11":{"start":{"line":77,"column":6},"end":{"line":86,"column":7}},"12":{"start":{"line":78,"column":8},"end":{"line":78,"column":25}},"13":{"start":{"line":79,"column":26},"end":{"line":79,"column":72}},"14":{"start":{"line":80,"column":8},"end":{"line":80,"column":27}},"15":{"start":{"line":81,"column":8},"end":{"line":81,"column":21}},"16":{"start":{"line":83,"column":8},"end":{"line":83,"column":71}},"17":{"start":{"line":85,"column":8},"end":{"line":85,"column":26}},"18":{"start":{"line":89,"column":4},"end":{"line":89,"column":20}},"19":{"start":{"line":92,"column":2},"end":{"line":94,"column":3}},"20":{"start":{"line":93,"column":4},"end":{"line":93,"column":70}},"21":{"start":{"line":96,"column":2},"end":{"line":98,"column":3}},"22":{"start":{"line":97,"column":4},"end":{"line":97,"column":64}},"23":{"start":{"line":100,"column":2},"end":{"line":118,"column":4}},"24":{"start":{"line":106,"column":31},"end":{"line":106,"column":57}},"25":{"start":{"line":110,"column":31},"end":{"line":110,"column":57}}},"fnMap":{"0":{"name":"StandingsTable","decl":{"start":{"line":9,"column":9},"end":{"line":9,"column":23}},"loc":{"start":{"line":15,"column":1},"end":{"line":65,"column":1}}},"1":{"name":"(anonymous_1)","decl":{"start":{"line":36,"column":23},"end":{"line":36,"column":24}},"loc":{"start":{"line":37,"column":14},"end":{"line":37,"column":null}}},"2":{"name":"StandingsPage","decl":{"start":{"line":67,"column":24},"end":{"line":67,"column":37}},"loc":{"start":{"line":67,"column":37},"end":{"line":119,"column":1}}},"3":{"name":"(anonymous_3)","decl":{"start":{"line":75,"column":12},"end":{"line":75,"column":15}},"loc":{"start":{"line":75,"column":17},"end":{"line":90,"column":3}}},"4":{"name":"loadStandings","decl":{"start":{"line":76,"column":19},"end":{"line":76,"column":32}},"loc":{"start":{"line":76,"column":32},"end":{"line":87,"column":5}}},"5":{"name":"(anonymous_5)","decl":{"start":{"line":106,"column":25},"end":{"line":106,"column":28}},"loc":{"start":{"line":106,"column":31},"end":{"line":106,"column":57}}},"6":{"name":"(anonymous_6)","decl":{"start":{"line":110,"column":25},"end":{"line":110,"column":28}},"loc":{"start":{"line":110,"column":31},"end":{"line":110,"column":57}}}},"branchMap":{"0":{"loc":{"start":{"line":43,"column":21},"end":{"line":43,"column":54}},"type":"binary-expr","locations":[{"start":{"line":43,"column":21},"end":{"line":43,"column":47}},{"start":{"line":43,"column":51},"end":{"line":43,"column":54}}]},"1":{"loc":{"start":{"line":44,"column":21},"end":{"line":44,"column":56}},"type":"binary-expr","locations":[{"start":{"line":44,"column":21},"end":{"line":44,"column":49}},{"start":{"line":44,"column":53},"end":{"line":44,"column":56}}]},"2":{"loc":{"start":{"line":45,"column":21},"end":{"line":45,"column":55}},"type":"binary-expr","locations":[{"start":{"line":45,"column":21},"end":{"line":45,"column":48}},{"start":{"line":45,"column":52},"end":{"line":45,"column":55}}]},"3":{"loc":{"start":{"line":48,"column":19},"end":{"line":50,"column":25}},"type":"cond-expr","locations":[{"start":{"line":49,"column":22},"end":{"line":49,"column":57}},{"start":{"line":50,"column":22},"end":{"line":50,"column":25}}]},"4":{"loc":{"start":{"line":54,"column":19},"end":{"line":56,"column":25}},"type":"cond-expr","locations":[{"start":{"line":55,"column":22},"end":{"line":55,"column":58}},{"start":{"line":56,"column":22},"end":{"line":56,"column":25}}]},"5":{"loc":{"start":{"line":83,"column":17},"end":{"line":83,"column":69}},"type":"cond-expr","locations":[{"start":{"line":83,"column":40},"end":{"line":83,"column":51}},{"start":{"line":83,"column":54},"end":{"line":83,"column":69}}]},"6":{"loc":{"start":{"line":92,"column":2},"end":{"line":94,"column":3}},"type":"if","locations":[{"start":{"line":92,"column":2},"end":{"line":94,"column":3}},{"start":{},"end":{}}]},"7":{"loc":{"start":{"line":96,"column":2},"end":{"line":98,"column":3}},"type":"if","locations":[{"start":{"line":96,"column":2},"end":{"line":98,"column":3}},{"start":{},"end":{}}]},"8":{"loc":{"start":{"line":114,"column":58},"end":{"line":114,"column":74}},"type":"binary-expr","locations":[{"start":{"line":114,"column":58},"end":{"line":114,"column":68}},{"start":{"line":114,"column":72},"end":{"line":114,"column":74}}]},"9":{"loc":{"start":{"line":115,"column":58},"end":{"line":115,"column":74}},"type":"binary-expr","locations":[{"start":{"line":115,"column":58},"end":{"line":115,"column":68}},{"start":{"line":115,"column":72},"end":{"line":115,"column":74}}]}},"s":{"0":1,"1":1,"2":1,"3":1,"4":10,"5":8,"6":15,"7":15,"8":15,"9":15,"10":15,"11":8,"12":8,"13":8,"14":5,"15":5,"16":2,"17":7,"18":8,"19":15,"20":8,"21":7,"22":2,"23":5,"24":0,"25":0},"f":{"0":10,"1":8,"2":15,"3":8,"4":8,"5":0,"6":0},"b":{"0":[8,0],"1":[8,0],"2":[8,0],"3":[8,0],"4":[8,0],"5":[1,1],"6":[8,7],"7":[2,5],"8":[5,1],"9":[5,1]}}
,"/Users/williamportugal/Desktop/CSC 308/BallerzStatApp/frontend/src/pages/Teams/TeamsPage.tsx": {"path":"/Users/williamportugal/Desktop/CSC 308/BallerzStatApp/frontend/src/pages/Teams/TeamsPage.tsx","statementMap":{"0":{"start":{"line":65,"column":0},"end":{"line":65,"column":24}},"1":{"start":{"line":1,"column":0},"end":{"line":1,"column":44}},"2":{"start":{"line":2,"column":0},"end":{"line":2,"column":63}},"3":{"start":{"line":3,"column":0},"end":{"line":3,"column":69}},"4":{"start":{"line":4,"column":0},"end":{"line":4,"column":51}},"5":{"start":{"line":5,"column":0},"end":{"line":5,"column":25}},"6":{"start":{"line":40,"column":48},"end":{"line":47,"column":4}},"7":{"start":{"line":49,"column":2},"end":{"line":62,"column":6}},"8":{"start":{"line":49,"column":77},"end":{"line":62,"column":4}},"9":{"start":{"line":52,"column":24},"end":{"line":52,"column":69}},"10":{"start":{"line":53,"column":22},"end":{"line":61,"column":8}},"11":{"start":{"line":66,"column":28},"end":{"line":66,"column":48}},"12":{"start":{"line":67,"column":44},"end":{"line":67,"column":72}},"13":{"start":{"line":68,"column":32},"end":{"line":68,"column":46}},"14":{"start":{"line":69,"column":28},"end":{"line":69,"column":40}},"15":{"start":{"line":71,"column":2},"end":{"line":112,"column":9}},"16":{"start":{"line":73,"column":6},"end":{"line":108,"column":7}},"17":{"start":{"line":74,"column":8},"end":{"line":74,"column":25}},"18":{"start":{"line":75,"column":8},"end":{"line":75,"column":21}},"19":{"start":{"line":77,"column":21},"end":{"line":77,"column":39}},"20":{"start":{"line":79,"column":8},"end":{"line":79,"column":44}},"21":{"start":{"line":81,"column":36},"end":{"line":97,"column":11}},"22":{"start":{"line":81,"column":62},"end":{"line":97,"column":10}},"23":{"start":{"line":99,"column":8},"end":{"line":99,"column":50}},"24":{"start":{"line":100,"column":8},"end":{"line":100,"column":77}},"25":{"start":{"line":102,"column":8},"end":{"line":102,"column":30}},"26":{"start":{"line":104,"column":8},"end":{"line":104,"column":27}},"27":{"start":{"line":105,"column":8},"end":{"line":105,"column":42}},"28":{"start":{"line":107,"column":8},"end":{"line":107,"column":26}},"29":{"start":{"line":111,"column":4},"end":{"line":111,"column":16}},"30":{"start":{"line":114,"column":26},"end":{"line":128,"column":3}},"31":{"start":{"line":115,"column":4},"end":{"line":127,"column":7}},"32":{"start":{"line":116,"column":30},"end":{"line":116,"column":68}},"33":{"start":{"line":116,"column":47},"end":{"line":116,"column":67}},"34":{"start":{"line":118,"column":6},"end":{"line":120,"column":7}},"35":{"start":{"line":119,"column":8},"end":{"line":119,"column":56}},"36":{"start":{"line":119,"column":34},"end":{"line":119,"column":54}},"37":{"start":{"line":122,"column":6},"end":{"line":124,"column":7}},"38":{"start":{"line":123,"column":8},"end":{"line":123,"column":31}},"39":{"start":{"line":126,"column":6},"end":{"line":126,"column":29}},"40":{"start":{"line":130,"column":22},"end":{"line":132,"column":3}},"41":{"start":{"line":131,"column":4},"end":{"line":131,"column":72}},"42":{"start":{"line":131,"column":31},"end":{"line":131,"column":70}},"43":{"start":{"line":131,"column":50},"end":{"line":131,"column":69}},"44":{"start":{"line":134,"column":19},"end":{"line":134,"column":43}},"45":{"start":{"line":135,"column":20},"end":{"line":135,"column":47}},"46":{"start":{"line":137,"column":2},"end":{"line":139,"column":3}},"47":{"start":{"line":138,"column":4},"end":{"line":138,"column":62}},"48":{"start":{"line":141,"column":2},"end":{"line":143,"column":3}},"49":{"start":{"line":142,"column":4},"end":{"line":142,"column":53}},"50":{"start":{"line":145,"column":2},"end":{"line":196,"column":4}},"51":{"start":{"line":175,"column":10},"end":{"line":176,"column":null}},"52":{"start":{"line":187,"column":12},"end":{"line":188,"column":null}},"53":{"start":{"line":190,"column":29},"end":{"line":190,"column":51}}},"fnMap":{"0":{"name":"groupTeamsByDivision","decl":{"start":{"line":39,"column":9},"end":{"line":39,"column":29}},"loc":{"start":{"line":39,"column":43},"end":{"line":63,"column":1}}},"1":{"name":"(anonymous_2)","decl":{"start":{"line":49,"column":41},"end":{"line":49,"column":42}},"loc":{"start":{"line":49,"column":77},"end":{"line":62,"column":4}}},"2":{"name":"(anonymous_3)","decl":{"start":{"line":52,"column":14},"end":{"line":52,"column":15}},"loc":{"start":{"line":52,"column":24},"end":{"line":52,"column":69}}},"3":{"name":"(anonymous_4)","decl":{"start":{"line":53,"column":11},"end":{"line":53,"column":12}},"loc":{"start":{"line":53,"column":22},"end":{"line":61,"column":8}}},"4":{"name":"TeamsPage","decl":{"start":{"line":65,"column":24},"end":{"line":65,"column":33}},"loc":{"start":{"line":65,"column":33},"end":{"line":197,"column":1}}},"5":{"name":"(anonymous_6)","decl":{"start":{"line":71,"column":12},"end":{"line":71,"column":15}},"loc":{"start":{"line":71,"column":17},"end":{"line":112,"column":3}}},"6":{"name":"loadTeams","decl":{"start":{"line":72,"column":19},"end":{"line":72,"column":28}},"loc":{"start":{"line":72,"column":28},"end":{"line":109,"column":5}}},"7":{"name":"(anonymous_8)","decl":{"start":{"line":81,"column":45},"end":{"line":81,"column":46}},"loc":{"start":{"line":81,"column":62},"end":{"line":97,"column":10}}},"8":{"name":"(anonymous_9)","decl":{"start":{"line":114,"column":26},"end":{"line":114,"column":27}},"loc":{"start":{"line":114,"column":49},"end":{"line":128,"column":3}}},"9":{"name":"(anonymous_10)","decl":{"start":{"line":115,"column":21},"end":{"line":115,"column":22}},"loc":{"start":{"line":115,"column":30},"end":{"line":127,"column":5}}},"10":{"name":"(anonymous_11)","decl":{"start":{"line":116,"column":40},"end":{"line":116,"column":41}},"loc":{"start":{"line":116,"column":47},"end":{"line":116,"column":67}}},"11":{"name":"(anonymous_12)","decl":{"start":{"line":119,"column":27},"end":{"line":119,"column":28}},"loc":{"start":{"line":119,"column":34},"end":{"line":119,"column":54}}},"12":{"name":"(anonymous_13)","decl":{"start":{"line":130,"column":22},"end":{"line":130,"column":23}},"loc":{"start":{"line":130,"column":43},"end":{"line":132,"column":3}}},"13":{"name":"(anonymous_14)","decl":{"start":{"line":131,"column":21},"end":{"line":131,"column":22}},"loc":{"start":{"line":131,"column":31},"end":{"line":131,"column":70}}},"14":{"name":"(anonymous_15)","decl":{"start":{"line":131,"column":43},"end":{"line":131,"column":44}},"loc":{"start":{"line":131,"column":50},"end":{"line":131,"column":69}}},"15":{"name":"(anonymous_16)","decl":{"start":{"line":174,"column":23},"end":{"line":174,"column":24}},"loc":{"start":{"line":175,"column":10},"end":{"line":176,"column":null}}},"16":{"name":"(anonymous_17)","decl":{"start":{"line":186,"column":29},"end":{"line":186,"column":30}},"loc":{"start":{"line":187,"column":12},"end":{"line":188,"column":null}}},"17":{"name":"(anonymous_18)","decl":{"start":{"line":190,"column":23},"end":{"line":190,"column":26}},"loc":{"start":{"line":190,"column":29},"end":{"line":190,"column":51}}}},"branchMap":{"0":{"loc":{"start":{"line":118,"column":6},"end":{"line":120,"column":7}},"type":"if","locations":[{"start":{"line":118,"column":6},"end":{"line":120,"column":7}},{"start":{},"end":{}}]},"1":{"loc":{"start":{"line":122,"column":6},"end":{"line":124,"column":7}},"type":"if","locations":[{"start":{"line":122,"column":6},"end":{"line":124,"column":7}},{"start":{},"end":{}}]},"2":{"loc":{"start":{"line":137,"column":2},"end":{"line":139,"column":3}},"type":"if","locations":[{"start":{"line":137,"column":2},"end":{"line":139,"column":3}},{"start":{},"end":{}}]},"3":{"loc":{"start":{"line":141,"column":2},"end":{"line":143,"column":3}},"type":"if","locations":[{"start":{"line":141,"column":2},"end":{"line":143,"column":3}},{"start":{},"end":{}}]},"4":{"loc":{"start":{"line":146,"column":34},"end":{"line":146,"column":61}},"type":"cond-expr","locations":[{"start":{"line":146,"column":45},"end":{"line":146,"column":56}},{"start":{"line":146,"column":59},"end":{"line":146,"column":61}}]},"5":{"loc":{"start":{"line":147,"column":7},"end":{"line":170,"column":null}},"type":"binary-expr","locations":[{"start":{"line":147,"column":7},"end":{"line":147,"column":16}},{"start":{"line":148,"column":8},"end":{"line":169,"column":null}}]},"6":{"loc":{"start":{"line":173,"column":22},"end":{"line":173,"column":63}},"type":"cond-expr","locations":[{"start":{"line":173,"column":33},"end":{"line":173,"column":45}},{"start":{"line":173,"column":48},"end":{"line":173,"column":63}}]},"7":{"loc":{"start":{"line":184,"column":7},"end":{"line":193,"column":null}},"type":"binary-expr","locations":[{"start":{"line":184,"column":7},"end":{"line":184,"column":15}},{"start":{"line":185,"column":8},"end":{"line":192,"column":null}}]}},"s":{"0":1,"1":1,"2":1,"3":1,"4":1,"5":1,"6":15,"7":15,"8":90,"9":96,"10":16,"11":11,"12":11,"13":11,"14":11,"15":11,"16":6,"17":6,"18":6,"19":6,"20":4,"21":4,"22":8,"23":4,"24":4,"25":4,"26":1,"27":1,"28":5,"29":6,"30":11,"31":0,"32":0,"33":0,"34":0,"35":0,"36":0,"37":0,"38":0,"39":0,"40":11,"41":0,"42":0,"43":0,"44":11,"45":11,"46":11,"47":6,"48":5,"49":1,"50":4,"51":24,"52":0,"53":0},"f":{"0":15,"1":90,"2":96,"3":16,"4":11,"5":6,"6":6,"7":8,"8":0,"9":0,"10":0,"11":0,"12":0,"13":0,"14":0,"15":24,"16":0,"17":0},"b":{"0":[0,0],"1":[0,0],"2":[6,5],"3":[1,4],"4":[0,4],"5":[4,4],"6":[0,4],"7":[4,0]}}
}
