{"/Users/williamportugal/Desktop/CSC 308/BallerzStatApp/frontend/src/App/App.tsx": {"path":"/Users/williamportugal/Desktop/CSC 308/BallerzStatApp/frontend/src/App/App.tsx","statementMap":{"0":{"start":{"line":1,"column":0},"end":{"line":1,"column":49}},"1":{"start":{"line":2,"column":0},"end":{"line":2,"column":47}},"2":{"start":{"line":3,"column":0},"end":{"line":3,"column":49}},"3":{"start":{"line":4,"column":0},"end":{"line":4,"column":57}},"4":{"start":{"line":5,"column":0},"end":{"line":5,"column":64}},"5":{"start":{"line":6,"column":0},"end":{"line":6,"column":46}},"6":{"start":{"line":7,"column":0},"end":{"line":7,"column":61}},"7":{"start":{"line":8,"column":0},"end":{"line":8,"column":61}},"8":{"start":{"line":10,"column":0},"end":{"line":10,"column":58}},"9":{"start":{"line":11,"column":0},"end":{"line":11,"column":47}},"10":{"start":{"line":12,"column":0},"end":{"line":12,"column":19}},"11":{"start":{"line":13,"column":0},"end":{"line":13,"column":49}},"12":{"start":{"line":14,"column":0},"end":{"line":14,"column":49}},"13":{"start":{"line":15,"column":0},"end":{"line":15,"column":47}},"14":{"start":{"line":18,"column":2},"end":{"line":44,"column":4}},"15":{"start":{"line":47,"column":0},"end":{"line":47,"column":19}}},"fnMap":{"0":{"name":"App","decl":{"start":{"line":17,"column":9},"end":{"line":17,"column":12}},"loc":{"start":{"line":17,"column":12},"end":{"line":45,"column":1}}}},"branchMap":{},"s":{"0":0,"1":0,"2":0,"3":0,"4":0,"5":0,"6":0,"7":0,"8":0,"9":0,"10":0,"11":0,"12":0,"13":0,"14":0,"15":0},"f":{"0":0},"b":{}}
,"/Users/williamportugal/Desktop/CSC 308/BallerzStatApp/frontend/src/assets/teamAssets.ts": {"path":"/Users/williamportugal/Desktop/CSC 308/BallerzStatApp/frontend/src/assets/teamAssets.ts","statementMap":{"0":{"start":{"line":148,"column":0},"end":{"line":148,"column":16}},"1":{"start":{"line":157,"column":0},"end":{"line":157,"column":16}},"2":{"start":{"line":13,"column":13},"end":{"line":145,"column":2}},"3":{"start":{"line":149,"column":2},"end":{"line":149,"column":64}},"4":{"start":{"line":158,"column":16},"end":{"line":158,"column":47}},"5":{"start":{"line":159,"column":2},"end":{"line":159,"column":26}},"6":{"start":{"line":159,"column":14},"end":{"line":159,"column":26}},"7":{"start":{"line":160,"column":16},"end":{"line":160,"column":53}},"8":{"start":{"line":161,"column":2},"end":{"line":161,"column":41}}},"fnMap":{"0":{"name":"getTeamAsset","decl":{"start":{"line":148,"column":16},"end":{"line":148,"column":28}},"loc":{"start":{"line":148,"column":41},"end":{"line":150,"column":1}}},"1":{"name":"getTeamNbaId","decl":{"start":{"line":157,"column":16},"end":{"line":157,"column":28}},"loc":{"start":{"line":157,"column":41},"end":{"line":162,"column":1}}}},"branchMap":{"0":{"loc":{"start":{"line":149,"column":9},"end":{"line":149,"column":63}},"type":"binary-expr","locations":[{"start":{"line":149,"column":9},"end":{"line":149,"column":26}},{"start":{"line":149,"column":30},"end":{"line":149,"column":63}}]},"1":{"loc":{"start":{"line":159,"column":2},"end":{"line":159,"column":26}},"type":"if","locations":[{"start":{"line":159,"column":2},"end":{"line":159,"column":26}},{"start":{},"end":{}}]},"2":{"loc":{"start":{"line":161,"column":9},"end":{"line":161,"column":40}},"type":"cond-expr","locations":[{"start":{"line":161,"column":17},"end":{"line":161,"column":33}},{"start":{"line":161,"column":36},"end":{"line":161,"column":40}}]}},"s":{"0":0,"1":0,"2":0,"3":0,"4":0,"5":0,"6":0,"7":0,"8":0},"f":{"0":0,"1":0},"b":{"0":[0,0],"1":[0,0],"2":[0,0]}}
,"/Users/williamportugal/Desktop/CSC 308/BallerzStatApp/frontend/src/assets/teamLogos.ts": {"path":"/Users/williamportugal/Desktop/CSC 308/BallerzStatApp/frontend/src/assets/teamLogos.ts","statementMap":{"0":{"start":{"line":2,"column":13},"end":{"line":61,"column":2}}},"fnMap":{},"branchMap":{},"s":{"0":0},"f":{},"b":{}}
,"/Users/williamportugal/Desktop/CSC 308/BallerzStatApp/frontend/src/components/games/GameCard.tsx": {"path":"/Users/williamportugal/Desktop/CSC 308/BallerzStatApp/frontend/src/components/games/GameCard.tsx","statementMap":{"0":{"start":{"line":28,"column":0},"end":{"line":28,"column":24}},"1":{"start":{"line":1,"column":0},"end":{"line":1,"column":24}},"2":{"start":{"line":2,"column":0},"end":{"line":2,"column":55}},"3":{"start":{"line":36,"column":20},"end":{"line":36,"column":47}},"4":{"start":{"line":37,"column":20},"end":{"line":37,"column":47}},"5":{"start":{"line":40,"column":19},"end":{"line":40,"column":120}},"6":{"start":{"line":42,"column":19},"end":{"line":42,"column":66}},"7":{"start":{"line":44,"column":2},"end":{"line":98,"column":4}}},"fnMap":{"0":{"name":"GameCard","decl":{"start":{"line":28,"column":24},"end":{"line":28,"column":32}},"loc":{"start":{"line":35,"column":16},"end":{"line":99,"column":1}}}},"branchMap":{"0":{"loc":{"start":{"line":42,"column":19},"end":{"line":42,"column":66}},"type":"binary-expr","locations":[{"start":{"line":42,"column":19},"end":{"line":42,"column":38}},{"start":{"line":42,"column":42},"end":{"line":42,"column":66}}]},"1":{"loc":{"start":{"line":46,"column":29},"end":{"line":46,"column":59}},"type":"cond-expr","locations":[{"start":{"line":46,"column":40},"end":{"line":46,"column":54}},{"start":{"line":46,"column":57},"end":{"line":46,"column":59}}]},"2":{"loc":{"start":{"line":48,"column":8},"end":{"line":50,"column":21}},"type":"cond-expr","locations":[{"start":{"line":49,"column":12},"end":{"line":49,"column":76}},{"start":{"line":50,"column":12},"end":{"line":50,"column":21}}]},"3":{"loc":{"start":{"line":56,"column":45},"end":{"line":56,"column":92}},"type":"cond-expr","locations":[{"start":{"line":56,"column":69},"end":{"line":56,"column":87}},{"start":{"line":56,"column":90},"end":{"line":56,"column":92}}]},"4":{"loc":{"start":{"line":59,"column":11},"end":{"line":66,"column":null}},"type":"cond-expr","locations":[{"start":{"line":60,"column":12},"end":{"line":63,"column":null}},{"start":{"line":66,"column":12},"end":{"line":66,"column":51}}]},"5":{"loc":{"start":{"line":69,"column":40},"end":{"line":69,"column":61}},"type":"binary-expr","locations":[{"start":{"line":69,"column":40},"end":{"line":69,"column":54}},{"start":{"line":69,"column":58},"end":{"line":69,"column":61}}]},"6":{"loc":{"start":{"line":79,"column":45},"end":{"line":79,"column":92}},"type":"cond-expr","locations":[{"start":{"line":79,"column":69},"end":{"line":79,"column":87}},{"start":{"line":79,"column":90},"end":{"line":79,"column":92}}]},"7":{"loc":{"start":{"line":82,"column":11},"end":{"line":89,"column":null}},"type":"cond-expr","locations":[{"start":{"line":83,"column":12},"end":{"line":86,"column":null}},{"start":{"line":89,"column":12},"end":{"line":89,"column":51}}]},"8":{"loc":{"start":{"line":92,"column":40},"end":{"line":92,"column":61}},"type":"binary-expr","locations":[{"start":{"line":92,"column":40},"end":{"line":92,"column":54}},{"start":{"line":92,"column":58},"end":{"line":92,"column":61}}]}},"s":{"0":1,"1":1,"2":1,"3":11,"4":11,"5":11,"6":11,"7":11},"f":{"0":11},"b":{"0":[11,10],"1":[2,9],"2":[1,10],"3":[1,10],"4":[10,1],"5":[11,1],"6":[1,10],"7":[10,1],"8":[11,1]}}
,"/Users/williamportugal/Desktop/CSC 308/BallerzStatApp/frontend/src/components/layout/Layout.tsx": {"path":"/Users/williamportugal/Desktop/CSC 308/BallerzStatApp/frontend/src/components/layout/Layout.tsx","statementMap":{"0":{"start":{"line":8,"column":0},"end":{"line":8,"column":24}},"1":{"start":{"line":2,"column":0},"end":{"line":2,"column":30}},"2":{"start":{"line":9,"column":2},"end":{"line":14,"column":4}}},"fnMap":{"0":{"name":"Layout","decl":{"start":{"line":8,"column":24},"end":{"line":8,"column":30}},"loc":{"start":{"line":8,"column":50},"end":{"line":15,"column":1}}}},"branchMap":{},"s":{"0":0,"1":0,"2":0},"f":{"0":0},"b":{}}
,"/Users/williamportugal/Desktop/CSC 308/BallerzStatApp/frontend/src/components/layout/TopNav.tsx": {"path":"/Users/williamportugal/Desktop/CSC 308/BallerzStatApp/frontend/src/components/layout/TopNav.tsx","statementMap":{"0":{"start":{"line":20,"column":0},"end":{"line":20,"column":24}},"1":{"start":{"line":1,"column":0},"end":{"line":1,"column":43}},"2":{"start":{"line":2,"column":0},"end":{"line":2,"column":22}},"3":{"start":{"line":9,"column":28},"end":{"line":18,"column":2}},"4":{"start":{"line":21,"column":2},"end":{"line":40,"column":4}},"5":{"start":{"line":25,"column":10},"end":{"line":26,"column":null}},"6":{"start":{"line":29,"column":41},"end":{"line":29,"column":78}}},"fnMap":{"0":{"name":"TopNav","decl":{"start":{"line":20,"column":24},"end":{"line":20,"column":30}},"loc":{"start":{"line":20,"column":30},"end":{"line":41,"column":1}}},"1":{"name":"(anonymous_1)","decl":{"start":{"line":24,"column":22},"end":{"line":24,"column":23}},"loc":{"start":{"line":25,"column":10},"end":{"line":26,"column":null}}},"2":{"name":"(anonymous_2)","decl":{"start":{"line":29,"column":23},"end":{"line":29,"column":24}},"loc":{"start":{"line":29,"column":41},"end":{"line":29,"column":78}}}},"branchMap":{"0":{"loc":{"start":{"line":29,"column":51},"end":{"line":29,"column":76}},"type":"cond-expr","locations":[{"start":{"line":29,"column":62},"end":{"line":29,"column":71}},{"start":{"line":29,"column":74},"end":{"line":29,"column":76}}]}},"s":{"0":1,"1":1,"2":1,"3":1,"4":6,"5":48,"6":48},"f":{"0":6,"1":48,"2":48},"b":{"0":[8,40]}}
,"/Users/williamportugal/Desktop/CSC 308/BallerzStatApp/frontend/src/components/players/TopPlayerCard.tsx": {"path":"/Users/williamportugal/Desktop/CSC 308/BallerzStatApp/frontend/src/components/players/TopPlayerCard.tsx","statementMap":{"0":{"start":{"line":27,"column":0},"end":{"line":27,"column":24}},"1":{"start":{"line":1,"column":0},"end":{"line":1,"column":29}},"2":{"start":{"line":2,"column":0},"end":{"line":2,"column":55}},"3":{"start":{"line":33,"column":16},"end":{"line":33,"column":45}},"4":{"start":{"line":34,"column":22},"end":{"line":34,"column":99}},"5":{"start":{"line":37,"column":19},"end":{"line":37,"column":80}},"6":{"start":{"line":39,"column":2},"end":{"line":71,"column":4}},"7":{"start":{"line":56,"column":11},"end":{"line":56,"column":76}}},"fnMap":{"0":{"name":"TopPlayerCard","decl":{"start":{"line":27,"column":24},"end":{"line":27,"column":37}},"loc":{"start":{"line":32,"column":21},"end":{"line":72,"column":1}}},"1":{"name":"(anonymous_1)","decl":{"start":{"line":55,"column":17},"end":{"line":55,"column":18}},"loc":{"start":{"line":55,"column":23},"end":{"line":57,"column":9}}}},"branchMap":{"0":{"loc":{"start":{"line":44,"column":12},"end":{"line":46,"column":14}},"type":"cond-expr","locations":[{"start":{"line":45,"column":12},"end":{"line":45,"column":76}},{"start":{"line":46,"column":12},"end":{"line":46,"column":14}}]}},"s":{"0":0,"1":0,"2":0,"3":0,"4":0,"5":0,"6":0,"7":0},"f":{"0":0,"1":0},"b":{"0":[0,0]}}
,"/Users/williamportugal/Desktop/CSC 308/BallerzStatApp/frontend/src/components/teams/DivisionCard.tsx": {"path":"/Users/williamportugal/Desktop/CSC 308/BallerzStatApp/frontend/src/components/teams/DivisionCard.tsx","statementMap":{"0":{"start":{"line":24,"column":0},"end":{"line":24,"column":24}},"1":{"start":{"line":1,"column":0},"end":{"line":1,"column":52}},"2":{"start":{"line":2,"column":0},"end":{"line":2,"column":28}},"3":{"start":{"line":29,"column":16},"end":{"line":29,"column":37}},"4":{"start":{"line":31,"column":2},"end":{"line":67,"column":4}},"5":{"start":{"line":37,"column":26},"end":{"line":37,"column":49}},"6":{"start":{"line":38,"column":29},"end":{"line":38,"column":76}},"7":{"start":{"line":38,"column":55},"end":{"line":38,"column":75}},"8":{"start":{"line":40,"column":10},"end":{"line":63,"column":12}},"9":{"start":{"line":50,"column":29},"end":{"line":50,"column":48}}},"fnMap":{"0":{"name":"DivisionCard","decl":{"start":{"line":24,"column":24},"end":{"line":24,"column":36}},"loc":{"start":{"line":28,"column":8},"end":{"line":68,"column":1}}},"1":{"name":"(anonymous_1)","decl":{"start":{"line":36,"column":19},"end":{"line":36,"column":20}},"loc":{"start":{"line":36,"column":28},"end":{"line":64,"column":9}}},"2":{"name":"(anonymous_2)","decl":{"start":{"line":38,"column":48},"end":{"line":38,"column":49}},"loc":{"start":{"line":38,"column":55},"end":{"line":38,"column":75}}},"3":{"name":"(anonymous_3)","decl":{"start":{"line":50,"column":23},"end":{"line":50,"column":26}},"loc":{"start":{"line":50,"column":29},"end":{"line":50,"column":48}}}},"branchMap":{"0":{"loc":{"start":{"line":26,"column":2},"end":{"line":26,"column":20}},"type":"default-arg","locations":[{"start":{"line":26,"column":18},"end":{"line":26,"column":20}}]},"1":{"loc":{"start":{"line":29,"column":16},"end":{"line":29,"column":37}},"type":"binary-expr","locations":[{"start":{"line":29,"column":16},"end":{"line":29,"column":31}},{"start":{"line":29,"column":35},"end":{"line":29,"column":37}}]},"2":{"loc":{"start":{"line":43,"column":37},"end":{"line":43,"column":65}},"type":"cond-expr","locations":[{"start":{"line":43,"column":50},"end":{"line":43,"column":60}},{"start":{"line":43,"column":63},"end":{"line":43,"column":65}}]},"3":{"loc":{"start":{"line":52,"column":15},"end":{"line":59,"column":null}},"type":"cond-expr","locations":[{"start":{"line":53,"column":16},"end":{"line":56,"column":null}},{"start":{"line":59,"column":16},"end":{"line":59,"column":57}}]}},"s":{"0":0,"1":0,"2":0,"3":0,"4":0,"5":0,"6":0,"7":0,"8":0,"9":0},"f":{"0":0,"1":0,"2":0,"3":0},"b":{"0":[0],"1":[0,0],"2":[0,0],"3":[0,0]}}
,"/Users/williamportugal/Desktop/CSC 308/BallerzStatApp/frontend/src/components/teams/TeamDetailPanel.tsx": {"path":"/Users/williamportugal/Desktop/CSC 308/BallerzStatApp/frontend/src/components/teams/TeamDetailPanel.tsx","statementMap":{"0":{"start":{"line":35,"column":0},"end":{"line":35,"column":24}},"1":{"start":{"line":1,"column":0},"end":{"line":1,"column":44}},"2":{"start":{"line":2,"column":0},"end":{"line":2,"column":52}},"3":{"start":{"line":3,"column":0},"end":{"line":3,"column":50}},"4":{"start":{"line":4,"column":0},"end":{"line":4,"column":31}},"5":{"start":{"line":36,"column":18},"end":{"line":36,"column":41}},"6":{"start":{"line":37,"column":38},"end":{"line":37,"column":71}},"7":{"start":{"line":38,"column":32},"end":{"line":38,"column":46}},"8":{"start":{"line":39,"column":28},"end":{"line":39,"column":40}},"9":{"start":{"line":41,"column":2},"end":{"line":58,"column":20}},"10":{"start":{"line":43,"column":6},"end":{"line":54,"column":7}},"11":{"start":{"line":44,"column":8},"end":{"line":44,"column":25}},"12":{"start":{"line":45,"column":8},"end":{"line":45,"column":21}},"13":{"start":{"line":47,"column":21},"end":{"line":47,"column":49}},"14":{"start":{"line":48,"column":8},"end":{"line":48,"column":28}},"15":{"start":{"line":50,"column":8},"end":{"line":50,"column":27}},"16":{"start":{"line":51,"column":8},"end":{"line":51,"column":46}},"17":{"start":{"line":53,"column":8},"end":{"line":53,"column":26}},"18":{"start":{"line":57,"column":4},"end":{"line":57,"column":21}},"19":{"start":{"line":60,"column":2},"end":{"line":143,"column":4}}},"fnMap":{"0":{"name":"TeamDetailPanel","decl":{"start":{"line":35,"column":24},"end":{"line":35,"column":39}},"loc":{"start":{"line":35,"column":64},"end":{"line":144,"column":1}}},"1":{"name":"(anonymous_1)","decl":{"start":{"line":41,"column":12},"end":{"line":41,"column":15}},"loc":{"start":{"line":41,"column":17},"end":{"line":58,"column":3}}},"2":{"name":"loadTeamDetail","decl":{"start":{"line":42,"column":19},"end":{"line":42,"column":33}},"loc":{"start":{"line":42,"column":33},"end":{"line":55,"column":5}}}},"branchMap":{"0":{"loc":{"start":{"line":72,"column":11},"end":{"line":79,"column":null}},"type":"cond-expr","locations":[{"start":{"line":73,"column":12},"end":{"line":76,"column":null}},{"start":{"line":79,"column":12},"end":{"line":79,"column":60}}]},"1":{"loc":{"start":{"line":83,"column":15},"end":{"line":83,"column":79}},"type":"cond-expr","locations":[{"start":{"line":83,"column":28},"end":{"line":83,"column":67}},{"start":{"line":83,"column":70},"end":{"line":83,"column":79}}]},"2":{"loc":{"start":{"line":86,"column":15},"end":{"line":88,"column":45}},"type":"cond-expr","locations":[{"start":{"line":87,"column":18},"end":{"line":87,"column":51}},{"start":{"line":88,"column":18},"end":{"line":88,"column":45}}]},"3":{"loc":{"start":{"line":101,"column":9},"end":{"line":139,"column":null}},"type":"cond-expr","locations":[{"start":{"line":102,"column":10},"end":{"line":104,"column":null}},{"start":{"line":106,"column":12},"end":{"line":139,"column":null}}]},"4":{"loc":{"start":{"line":106,"column":12},"end":{"line":139,"column":null}},"type":"cond-expr","locations":[{"start":{"line":107,"column":10},"end":{"line":109,"column":null}},{"start":{"line":112,"column":10},"end":{"line":138,"column":null}}]},"5":{"loc":{"start":{"line":106,"column":12},"end":{"line":106,"column":32}},"type":"binary-expr","locations":[{"start":{"line":106,"column":12},"end":{"line":106,"column":17}},{"start":{"line":106,"column":21},"end":{"line":106,"column":32}}]},"6":{"loc":{"start":{"line":109,"column":47},"end":{"line":109,"column":71}},"type":"binary-expr","locations":[{"start":{"line":109,"column":47},"end":{"line":109,"column":52}},{"start":{"line":109,"column":56},"end":{"line":109,"column":71}}]}},"s":{"0":0,"1":0,"2":0,"3":0,"4":0,"5":0,"6":0,"7":0,"8":0,"9":0,"10":0,"11":0,"12":0,"13":0,"14":0,"15":0,"16":0,"17":0,"18":0,"19":0},"f":{"0":0,"1":0,"2":0},"b":{"0":[0,0],"1":[0,0],"2":[0,0],"3":[0,0],"4":[0,0],"5":[0,0],"6":[0,0]}}
,"/Users/williamportugal/Desktop/CSC 308/BallerzStatApp/frontend/src/pages/Fantasy/Fantasy.tsx": {"path":"/Users/williamportugal/Desktop/CSC 308/BallerzStatApp/frontend/src/pages/Fantasy/Fantasy.tsx","statementMap":{"0":{"start":{"line":30,"column":0},"end":{"line":30,"column":24}},"1":{"start":{"line":1,"column":0},"end":{"line":1,"column":44}},"2":{"start":{"line":2,"column":0},"end":{"line":2,"column":23}},"3":{"start":{"line":17,"column":17},"end":{"line":17,"column":64}},"4":{"start":{"line":20,"column":2},"end":{"line":27,"column":4}},"5":{"start":{"line":31,"column":32},"end":{"line":31,"column":61}},"6":{"start":{"line":32,"column":32},"end":{"line":32,"column":46}},"7":{"start":{"line":34,"column":2},"end":{"line":59,"column":9}},"8":{"start":{"line":36,"column":6},"end":{"line":55,"column":7}},"9":{"start":{"line":37,"column":20},"end":{"line":37,"column":68}},"10":{"start":{"line":38,"column":21},"end":{"line":38,"column":37}},"11":{"start":{"line":40,"column":23},"end":{"line":50,"column":11}},"12":{"start":{"line":40,"column":68},"end":{"line":50,"column":10}},"13":{"start":{"line":52,"column":8},"end":{"line":52,"column":27}},"14":{"start":{"line":54,"column":8},"end":{"line":54,"column":26}},"15":{"start":{"line":58,"column":4},"end":{"line":58,"column":18}},"16":{"start":{"line":61,"column":2},"end":{"line":61,"column":53}},"17":{"start":{"line":61,"column":15},"end":{"line":61,"column":53}},"18":{"start":{"line":63,"column":2},"end":{"line":104,"column":4}},"19":{"start":{"line":91,"column":30},"end":{"line":91,"column":63}},"20":{"start":{"line":93,"column":16},"end":{"line":93,"column":null}}},"fnMap":{"0":{"name":"fantasyScore","decl":{"start":{"line":19,"column":9},"end":{"line":19,"column":21}},"loc":{"start":{"line":19,"column":38},"end":{"line":28,"column":1}}},"1":{"name":"Fantasy","decl":{"start":{"line":30,"column":24},"end":{"line":30,"column":31}},"loc":{"start":{"line":30,"column":31},"end":{"line":105,"column":1}}},"2":{"name":"(anonymous_2)","decl":{"start":{"line":34,"column":12},"end":{"line":34,"column":15}},"loc":{"start":{"line":34,"column":17},"end":{"line":59,"column":3}}},"3":{"name":"loadPlayers","decl":{"start":{"line":35,"column":19},"end":{"line":35,"column":30}},"loc":{"start":{"line":35,"column":30},"end":{"line":56,"column":5}}},"4":{"name":"(anonymous_4)","decl":{"start":{"line":40,"column":45},"end":{"line":40,"column":46}},"loc":{"start":{"line":40,"column":68},"end":{"line":50,"column":10}}},"5":{"name":"(anonymous_5)","decl":{"start":{"line":91,"column":20},"end":{"line":91,"column":21}},"loc":{"start":{"line":91,"column":30},"end":{"line":91,"column":63}}},"6":{"name":"(anonymous_6)","decl":{"start":{"line":92,"column":19},"end":{"line":92,"column":20}},"loc":{"start":{"line":93,"column":16},"end":{"line":93,"column":null}}}},"branchMap":{"0":{"loc":{"start":{"line":61,"column":2},"end":{"line":61,"column":53}},"type":"if","locations":[{"start":{"line":61,"column":2},"end":{"line":61,"column":53}},{"start":{},"end":{}}]},"1":{"loc":{"start":{"line":96,"column":23},"end":{"line":96,"column":42}},"type":"binary-expr","locations":[{"start":{"line":96,"column":23},"end":{"line":96,"column":34}},{"start":{"line":96,"column":38},"end":{"line":96,"column":42}}]}},"s":{"0":0,"1":0,"2":0,"3":0,"4":0,"5":0,"6":0,"7":0,"8":0,"9":0,"10":0,"11":0,"12":0,"13":0,"14":0,"15":0,"16":0,"17":0,"18":0,"19":0,"20":0},"f":{"0":0,"1":0,"2":0,"3":0,"4":0,"5":0,"6":0},"b":{"0":[0,0],"1":[0,0]}}
,"/Users/williamportugal/Desktop/CSC 308/BallerzStatApp/frontend/src/pages/GetStarted/GetStartedPage.tsx": {"path":"/Users/williamportugal/Desktop/CSC 308/BallerzStatApp/frontend/src/pages/GetStarted/GetStartedPage.tsx","statementMap":{"0":{"start":{"line":14,"column":0},"end":{"line":14,"column":24}},"1":{"start":{"line":1,"column":0},"end":{"line":1,"column":33}},"2":{"start":{"line":2,"column":0},"end":{"line":2,"column":47}},"3":{"start":{"line":3,"column":0},"end":{"line":3,"column":54}},"4":{"start":{"line":4,"column":0},"end":{"line":4,"column":64}},"5":{"start":{"line":5,"column":0},"end":{"line":5,"column":32}},"6":{"start":{"line":6,"column":0},"end":{"line":6,"column":30}},"7":{"start":{"line":7,"column":0},"end":{"line":7,"column":71}},"8":{"start":{"line":8,"column":0},"end":{"line":8,"column":48}},"9":{"start":{"line":12,"column":2},"end":{"line":12,"column":63}},"10":{"start":{"line":15,"column":19},"end":{"line":15,"column":32}},"11":{"start":{"line":18,"column":26},"end":{"line":18,"column":48}},"12":{"start":{"line":21,"column":36},"end":{"line":21,"column":48}},"13":{"start":{"line":22,"column":34},"end":{"line":22,"column":46}},"14":{"start":{"line":23,"column":28},"end":{"line":23,"column":40}},"15":{"start":{"line":24,"column":34},"end":{"line":24,"column":46}},"16":{"start":{"line":25,"column":48},"end":{"line":25,"column":60}},"17":{"start":{"line":29,"column":48},"end":{"line":29,"column":76}},"18":{"start":{"line":30,"column":44},"end":{"line":30,"column":72}},"19":{"start":{"line":33,"column":28},"end":{"line":33,"column":40}},"20":{"start":{"line":35,"column":32},"end":{"line":35,"column":47}},"21":{"start":{"line":39,"column":21},"end":{"line":43,"column":3}},"22":{"start":{"line":40,"column":4},"end":{"line":42,"column":20}},"23":{"start":{"line":40,"column":20},"end":{"line":40,"column":39}},"24":{"start":{"line":41,"column":9},"end":{"line":42,"column":20}},"25":{"start":{"line":41,"column":25},"end":{"line":41,"column":36}},"26":{"start":{"line":42,"column":9},"end":{"line":42,"column":20}},"27":{"start":{"line":45,"column":21},"end":{"line":112,"column":3}},"28":{"start":{"line":47,"column":4},"end":{"line":76,"column":5}},"29":{"start":{"line":48,"column":6},"end":{"line":48,"column":19}},"30":{"start":{"line":50,"column":6},"end":{"line":53,"column":7}},"31":{"start":{"line":51,"column":8},"end":{"line":51,"column":45}},"32":{"start":{"line":52,"column":8},"end":{"line":52,"column":15}},"33":{"start":{"line":54,"column":6},"end":{"line":59,"column":7}},"34":{"start":{"line":55,"column":8},"end":{"line":57,"column":10}},"35":{"start":{"line":58,"column":8},"end":{"line":58,"column":15}},"36":{"start":{"line":60,"column":6},"end":{"line":63,"column":7}},"37":{"start":{"line":61,"column":8},"end":{"line":61,"column":44}},"38":{"start":{"line":62,"column":8},"end":{"line":62,"column":15}},"39":{"start":{"line":65,"column":6},"end":{"line":74,"column":7}},"40":{"start":{"line":66,"column":8},"end":{"line":66,"column":25}},"41":{"start":{"line":67,"column":8},"end":{"line":67,"column":61}},"42":{"start":{"line":69,"column":8},"end":{"line":69,"column":19}},"43":{"start":{"line":71,"column":8},"end":{"line":71,"column":78}},"44":{"start":{"line":73,"column":8},"end":{"line":73,"column":26}},"45":{"start":{"line":75,"column":6},"end":{"line":75,"column":13}},"46":{"start":{"line":79,"column":4},"end":{"line":95,"column":5}},"47":{"start":{"line":80,"column":6},"end":{"line":92,"column":7}},"48":{"start":{"line":81,"column":8},"end":{"line":91,"column":9}},"49":{"start":{"line":82,"column":10},"end":{"line":82,"column":27}},"50":{"start":{"line":83,"column":10},"end":{"line":85,"column":13}},"51":{"start":{"line":84,"column":56},"end":{"line":84,"column":68}},"52":{"start":{"line":86,"column":10},"end":{"line":86,"column":74}},"53":{"start":{"line":88,"column":10},"end":{"line":88,"column":78}},"54":{"start":{"line":90,"column":10},"end":{"line":90,"column":28}},"55":{"start":{"line":93,"column":6},"end":{"line":93,"column":17}},"56":{"start":{"line":94,"column":6},"end":{"line":94,"column":13}},"57":{"start":{"line":98,"column":4},"end":{"line":110,"column":5}},"58":{"start":{"line":99,"column":6},"end":{"line":109,"column":7}},"59":{"start":{"line":100,"column":8},"end":{"line":100,"column":25}},"60":{"start":{"line":101,"column":8},"end":{"line":103,"column":11}},"61":{"start":{"line":102,"column":50},"end":{"line":102,"column":62}},"62":{"start":{"line":104,"column":8},"end":{"line":104,"column":70}},"63":{"start":{"line":106,"column":8},"end":{"line":106,"column":74}},"64":{"start":{"line":108,"column":8},"end":{"line":108,"column":26}},"65":{"start":{"line":111,"column":4},"end":{"line":111,"column":18}},"66":{"start":{"line":116,"column":21},"end":{"line":119,"column":3}},"67":{"start":{"line":117,"column":4},"end":{"line":118,"column":23}},"68":{"start":{"line":117,"column":20},"end":{"line":117,"column":31}},"69":{"start":{"line":118,"column":9},"end":{"line":118,"column":23}},"70":{"start":{"line":123,"column":20},"end":{"line":124,"column":46}},"71":{"start":{"line":124,"column":4},"end":{"line":124,"column":46}},"72":{"start":{"line":124,"column":33},"end":{"line":124,"column":45}},"73":{"start":{"line":125,"column":23},"end":{"line":126,"column":65}},"74":{"start":{"line":126,"column":4},"end":{"line":126,"column":65}},"75":{"start":{"line":126,"column":33},"end":{"line":126,"column":64}},"76":{"start":{"line":126,"column":52},"end":{"line":126,"column":63}},"77":{"start":{"line":128,"column":18},"end":{"line":128,"column":79}},"78":{"start":{"line":128,"column":39},"end":{"line":128,"column":79}},"79":{"start":{"line":128,"column":66},"end":{"line":128,"column":78}},"80":{"start":{"line":129,"column":21},"end":{"line":130,"column":63}},"81":{"start":{"line":130,"column":4},"end":{"line":130,"column":63}},"82":{"start":{"line":130,"column":31},"end":{"line":130,"column":62}},"83":{"start":{"line":130,"column":50},"end":{"line":130,"column":61}},"84":{"start":{"line":134,"column":2},"end":{"line":250,"column":4}},"85":{"start":{"line":166,"column":33},"end":{"line":166,"column":61}},"86":{"start":{"line":177,"column":33},"end":{"line":177,"column":60}},"87":{"start":{"line":188,"column":33},"end":{"line":188,"column":57}},"88":{"start":{"line":199,"column":33},"end":{"line":199,"column":60}},"89":{"start":{"line":210,"column":33},"end":{"line":210,"column":67}}},"fnMap":{"0":{"name":"GetStartedPage","decl":{"start":{"line":14,"column":24},"end":{"line":14,"column":38}},"loc":{"start":{"line":14,"column":38},"end":{"line":251,"column":1}}},"1":{"name":"(anonymous_2)","decl":{"start":{"line":39,"column":21},"end":{"line":39,"column":24}},"loc":{"start":{"line":39,"column":26},"end":{"line":43,"column":3}}},"2":{"name":"(anonymous_3)","decl":{"start":{"line":45,"column":21},"end":{"line":45,"column":26}},"loc":{"start":{"line":45,"column":32},"end":{"line":112,"column":3}}},"3":{"name":"(anonymous_4)","decl":{"start":{"line":84,"column":49},"end":{"line":84,"column":50}},"loc":{"start":{"line":84,"column":56},"end":{"line":84,"column":68}}},"4":{"name":"(anonymous_5)","decl":{"start":{"line":102,"column":43},"end":{"line":102,"column":44}},"loc":{"start":{"line":102,"column":50},"end":{"line":102,"column":62}}},"5":{"name":"(anonymous_6)","decl":{"start":{"line":116,"column":21},"end":{"line":116,"column":24}},"loc":{"start":{"line":116,"column":26},"end":{"line":119,"column":3}}},"6":{"name":"(anonymous_7)","decl":{"start":{"line":123,"column":20},"end":{"line":123,"column":21}},"loc":{"start":{"line":124,"column":4},"end":{"line":124,"column":46}}},"7":{"name":"(anonymous_8)","decl":{"start":{"line":124,"column":23},"end":{"line":124,"column":24}},"loc":{"start":{"line":124,"column":33},"end":{"line":124,"column":45}}},"8":{"name":"(anonymous_9)","decl":{"start":{"line":125,"column":23},"end":{"line":125,"column":24}},"loc":{"start":{"line":126,"column":4},"end":{"line":126,"column":65}}},"9":{"name":"(anonymous_10)","decl":{"start":{"line":126,"column":23},"end":{"line":126,"column":24}},"loc":{"start":{"line":126,"column":33},"end":{"line":126,"column":64}}},"10":{"name":"(anonymous_11)","decl":{"start":{"line":126,"column":45},"end":{"line":126,"column":46}},"loc":{"start":{"line":126,"column":52},"end":{"line":126,"column":63}}},"11":{"name":"(anonymous_12)","decl":{"start":{"line":128,"column":18},"end":{"line":128,"column":19}},"loc":{"start":{"line":128,"column":39},"end":{"line":128,"column":79}}},"12":{"name":"(anonymous_13)","decl":{"start":{"line":128,"column":56},"end":{"line":128,"column":57}},"loc":{"start":{"line":128,"column":66},"end":{"line":128,"column":78}}},"13":{"name":"(anonymous_14)","decl":{"start":{"line":129,"column":21},"end":{"line":129,"column":22}},"loc":{"start":{"line":130,"column":4},"end":{"line":130,"column":63}}},"14":{"name":"(anonymous_15)","decl":{"start":{"line":130,"column":21},"end":{"line":130,"column":22}},"loc":{"start":{"line":130,"column":31},"end":{"line":130,"column":62}}},"15":{"name":"(anonymous_16)","decl":{"start":{"line":130,"column":43},"end":{"line":130,"column":44}},"loc":{"start":{"line":130,"column":50},"end":{"line":130,"column":61}}},"16":{"name":"(anonymous_17)","decl":{"start":{"line":166,"column":26},"end":{"line":166,"column":27}},"loc":{"start":{"line":166,"column":33},"end":{"line":166,"column":61}}},"17":{"name":"(anonymous_18)","decl":{"start":{"line":177,"column":26},"end":{"line":177,"column":27}},"loc":{"start":{"line":177,"column":33},"end":{"line":177,"column":60}}},"18":{"name":"(anonymous_19)","decl":{"start":{"line":188,"column":26},"end":{"line":188,"column":27}},"loc":{"start":{"line":188,"column":33},"end":{"line":188,"column":57}}},"19":{"name":"(anonymous_20)","decl":{"start":{"line":199,"column":26},"end":{"line":199,"column":27}},"loc":{"start":{"line":199,"column":33},"end":{"line":199,"column":60}}},"20":{"name":"(anonymous_21)","decl":{"start":{"line":210,"column":26},"end":{"line":210,"column":27}},"loc":{"start":{"line":210,"column":33},"end":{"line":210,"column":67}}}},"branchMap":{"0":{"loc":{"start":{"line":40,"column":4},"end":{"line":42,"column":20}},"type":"if","locations":[{"start":{"line":40,"column":4},"end":{"line":42,"column":20}},{"start":{"line":41,"column":9},"end":{"line":42,"column":20}}]},"1":{"loc":{"start":{"line":41,"column":9},"end":{"line":42,"column":20}},"type":"if","locations":[{"start":{"line":41,"column":9},"end":{"line":42,"column":20}},{"start":{"line":42,"column":9},"end":{"line":42,"column":20}}]},"2":{"loc":{"start":{"line":47,"column":4},"end":{"line":76,"column":5}},"type":"if","locations":[{"start":{"line":47,"column":4},"end":{"line":76,"column":5}},{"start":{},"end":{}}]},"3":{"loc":{"start":{"line":50,"column":6},"end":{"line":53,"column":7}},"type":"if","locations":[{"start":{"line":50,"column":6},"end":{"line":53,"column":7}},{"start":{},"end":{}}]},"4":{"loc":{"start":{"line":50,"column":10},"end":{"line":50,"column":76}},"type":"binary-expr","locations":[{"start":{"line":50,"column":10},"end":{"line":50,"column":20}},{"start":{"line":50,"column":24},"end":{"line":50,"column":33}},{"start":{"line":50,"column":37},"end":{"line":50,"column":43}},{"start":{"line":50,"column":47},"end":{"line":50,"column":56}},{"start":{"line":50,"column":60},"end":{"line":50,"column":76}}]},"5":{"loc":{"start":{"line":54,"column":6},"end":{"line":59,"column":7}},"type":"if","locations":[{"start":{"line":54,"column":6},"end":{"line":59,"column":7}},{"start":{},"end":{}}]},"6":{"loc":{"start":{"line":60,"column":6},"end":{"line":63,"column":7}},"type":"if","locations":[{"start":{"line":60,"column":6},"end":{"line":63,"column":7}},{"start":{},"end":{}}]},"7":{"loc":{"start":{"line":71,"column":17},"end":{"line":71,"column":76}},"type":"cond-expr","locations":[{"start":{"line":71,"column":40},"end":{"line":71,"column":51}},{"start":{"line":71,"column":54},"end":{"line":71,"column":76}}]},"8":{"loc":{"start":{"line":79,"column":4},"end":{"line":95,"column":5}},"type":"if","locations":[{"start":{"line":79,"column":4},"end":{"line":95,"column":5}},{"start":{},"end":{}}]},"9":{"loc":{"start":{"line":80,"column":6},"end":{"line":92,"column":7}},"type":"if","locations":[{"start":{"line":80,"column":6},"end":{"line":92,"column":7}},{"start":{},"end":{}}]},"10":{"loc":{"start":{"line":98,"column":4},"end":{"line":110,"column":5}},"type":"if","locations":[{"start":{"line":98,"column":4},"end":{"line":110,"column":5}},{"start":{},"end":{}}]},"11":{"loc":{"start":{"line":117,"column":4},"end":{"line":118,"column":23}},"type":"if","locations":[{"start":{"line":117,"column":4},"end":{"line":118,"column":23}},{"start":{"line":118,"column":9},"end":{"line":118,"column":23}}]},"12":{"loc":{"start":{"line":154,"column":9},"end":{"line":216,"column":null}},"type":"binary-expr","locations":[{"start":{"line":154,"column":9},"end":{"line":154,"column":19}},{"start":{"line":155,"column":10},"end":{"line":215,"column":null}}]},"13":{"loc":{"start":{"line":215,"column":13},"end":{"line":215,"column":57}},"type":"binary-expr","locations":[{"start":{"line":215,"column":13},"end":{"line":215,"column":18}},{"start":{"line":215,"column":22},"end":{"line":215,"column":57}}]},"14":{"loc":{"start":{"line":220,"column":9},"end":{"line":226,"column":null}},"type":"binary-expr","locations":[{"start":{"line":220,"column":9},"end":{"line":220,"column":19}},{"start":{"line":221,"column":10},"end":{"line":225,"column":null}}]},"15":{"loc":{"start":{"line":230,"column":9},"end":{"line":236,"column":null}},"type":"binary-expr","locations":[{"start":{"line":230,"column":9},"end":{"line":230,"column":19}},{"start":{"line":231,"column":10},"end":{"line":235,"column":null}}]},"16":{"loc":{"start":{"line":246,"column":11},"end":{"line":246,"column":30}},"type":"cond-expr","locations":[{"start":{"line":246,"column":21},"end":{"line":246,"column":24}},{"start":{"line":246,"column":27},"end":{"line":246,"column":30}}]}},"s":{"0":1,"1":1,"2":1,"3":1,"4":1,"5":1,"6":1,"7":1,"8":1,"9":1,"10":76,"11":76,"12":76,"13":76,"14":76,"15":76,"16":76,"17":76,"18":76,"19":76,"20":76,"21":76,"22":2,"23":1,"24":1,"25":1,"26":0,"27":76,"28":13,"29":10,"30":10,"31":1,"32":1,"33":9,"34":1,"35":1,"36":8,"37":1,"38":1,"39":7,"40":7,"41":7,"42":5,"43":1,"44":6,"45":6,"46":3,"47":2,"48":0,"49":0,"50":0,"51":0,"52":0,"53":0,"54":0,"55":2,"56":2,"57":1,"58":0,"59":0,"60":0,"61":0,"62":0,"63":0,"64":0,"65":1,"66":76,"67":0,"68":0,"69":0,"70":76,"71":0,"72":0,"73":76,"74":0,"75":0,"76":0,"77":76,"78":0,"79":0,"80":76,"81":0,"82":0,"83":0,"84":76,"85":9,"86":9,"87":9,"88":9,"89":9},"f":{"0":76,"1":2,"2":13,"3":0,"4":0,"5":0,"6":0,"7":0,"8":0,"9":0,"10":0,"11":0,"12":0,"13":0,"14":0,"15":0,"16":9,"17":9,"18":9,"19":9,"20":9},"b":{"0":[1,1],"1":[1,0],"2":[10,3],"3":[1,9],"4":[10,9,9,9,9],"5":[1,8],"6":[1,7],"7":[1,0],"8":[2,1],"9":[0,2],"10":[0,1],"11":[0,0],"12":[76,69],"13":[69,4],"14":[76,5],"15":[76,2],"16":[7,69]}}
,"/Users/williamportugal/Desktop/CSC 308/BallerzStatApp/frontend/src/pages/Login/LoginFormPage.tsx": {"path":"/Users/williamportugal/Desktop/CSC 308/BallerzStatApp/frontend/src/pages/Login/LoginFormPage.tsx","statementMap":{"0":{"start":{"line":7,"column":0},"end":{"line":7,"column":24}},"1":{"start":{"line":1,"column":0},"end":{"line":1,"column":33}},"2":{"start":{"line":2,"column":0},"end":{"line":2,"column":47}},"3":{"start":{"line":3,"column":0},"end":{"line":3,"column":51}},"4":{"start":{"line":4,"column":0},"end":{"line":4,"column":25}},"5":{"start":{"line":5,"column":0},"end":{"line":5,"column":42}},"6":{"start":{"line":8,"column":19},"end":{"line":8,"column":32}},"7":{"start":{"line":11,"column":28},"end":{"line":11,"column":40}},"8":{"start":{"line":12,"column":34},"end":{"line":12,"column":46}},"9":{"start":{"line":15,"column":28},"end":{"line":15,"column":40}},"10":{"start":{"line":17,"column":32},"end":{"line":17,"column":47}},"11":{"start":{"line":19,"column":22},"end":{"line":39,"column":3}},"12":{"start":{"line":20,"column":4},"end":{"line":20,"column":17}},"13":{"start":{"line":23,"column":4},"end":{"line":26,"column":5}},"14":{"start":{"line":24,"column":6},"end":{"line":24,"column":51}},"15":{"start":{"line":25,"column":6},"end":{"line":25,"column":13}},"16":{"start":{"line":29,"column":4},"end":{"line":38,"column":5}},"17":{"start":{"line":30,"column":6},"end":{"line":30,"column":23}},"18":{"start":{"line":31,"column":6},"end":{"line":31,"column":35}},"19":{"start":{"line":32,"column":6},"end":{"line":32,"column":20}},"20":{"start":{"line":35,"column":6},"end":{"line":35,"column":69}},"21":{"start":{"line":37,"column":6},"end":{"line":37,"column":24}},"22":{"start":{"line":41,"column":2},"end":{"line":101,"column":4}},"23":{"start":{"line":54,"column":25},"end":{"line":54,"column":43}},"24":{"start":{"line":69,"column":31},"end":{"line":69,"column":55}},"25":{"start":{"line":80,"column":31},"end":{"line":80,"column":58}}},"fnMap":{"0":{"name":"LoginFormPage","decl":{"start":{"line":7,"column":24},"end":{"line":7,"column":37}},"loc":{"start":{"line":7,"column":37},"end":{"line":102,"column":1}}},"1":{"name":"(anonymous_1)","decl":{"start":{"line":19,"column":22},"end":{"line":19,"column":27}},"loc":{"start":{"line":19,"column":33},"end":{"line":39,"column":3}}},"2":{"name":"(anonymous_2)","decl":{"start":{"line":54,"column":19},"end":{"line":54,"column":22}},"loc":{"start":{"line":54,"column":25},"end":{"line":54,"column":43}}},"3":{"name":"(anonymous_3)","decl":{"start":{"line":69,"column":24},"end":{"line":69,"column":25}},"loc":{"start":{"line":69,"column":31},"end":{"line":69,"column":55}}},"4":{"name":"(anonymous_4)","decl":{"start":{"line":80,"column":24},"end":{"line":80,"column":25}},"loc":{"start":{"line":80,"column":31},"end":{"line":80,"column":58}}}},"branchMap":{"0":{"loc":{"start":{"line":23,"column":4},"end":{"line":26,"column":5}},"type":"if","locations":[{"start":{"line":23,"column":4},"end":{"line":26,"column":5}},{"start":{},"end":{}}]},"1":{"loc":{"start":{"line":23,"column":8},"end":{"line":23,"column":27}},"type":"binary-expr","locations":[{"start":{"line":23,"column":8},"end":{"line":23,"column":14}},{"start":{"line":23,"column":18},"end":{"line":23,"column":27}}]},"2":{"loc":{"start":{"line":35,"column":15},"end":{"line":35,"column":67}},"type":"cond-expr","locations":[{"start":{"line":35,"column":38},"end":{"line":35,"column":49}},{"start":{"line":35,"column":52},"end":{"line":35,"column":67}}]},"3":{"loc":{"start":{"line":86,"column":11},"end":{"line":86,"column":55}},"type":"binary-expr","locations":[{"start":{"line":86,"column":11},"end":{"line":86,"column":16}},{"start":{"line":86,"column":20},"end":{"line":86,"column":55}}]},"4":{"loc":{"start":{"line":97,"column":11},"end":{"line":97,"column":30}},"type":"cond-expr","locations":[{"start":{"line":97,"column":21},"end":{"line":97,"column":24}},{"start":{"line":97,"column":27},"end":{"line":97,"column":30}}]}},"s":{"0":1,"1":1,"2":1,"3":1,"4":1,"5":1,"6":23,"7":23,"8":23,"9":23,"10":23,"11":23,"12":5,"13":5,"14":1,"15":1,"16":4,"17":4,"18":4,"19":2,"20":1,"21":3,"22":23,"23":1,"24":4,"25":4},"f":{"0":23,"1":5,"2":1,"3":4,"4":4},"b":{"0":[1,4],"1":[5,4],"2":[1,0],"3":[23,2],"4":[4,19]}}
,"/Users/williamportugal/Desktop/CSC 308/BallerzStatApp/frontend/src/pages/Login/LoginPage.tsx": {"path":"/Users/williamportugal/Desktop/CSC 308/BallerzStatApp/frontend/src/pages/Login/LoginPage.tsx","statementMap":{"0":{"start":{"line":22,"column":0},"end":{"line":22,"column":24}},"1":{"start":{"line":1,"column":0},"end":{"line":1,"column":42}},"2":{"start":{"line":2,"column":0},"end":{"line":2,"column":47}},"3":{"start":{"line":3,"column":0},"end":{"line":3,"column":25}},"4":{"start":{"line":5,"column":32},"end":{"line":13,"column":2}},"5":{"start":{"line":17,"column":24},"end":{"line":17,"column":60}},"6":{"start":{"line":19,"column":26},"end":{"line":19,"column":29}},"7":{"start":{"line":20,"column":24},"end":{"line":20,"column":28}},"8":{"start":{"line":23,"column":19},"end":{"line":23,"column":32}},"9":{"start":{"line":25,"column":19},"end":{"line":25,"column":47}},"10":{"start":{"line":26,"column":21},"end":{"line":26,"column":46}},"11":{"start":{"line":27,"column":22},"end":{"line":27,"column":31}},"12":{"start":{"line":28,"column":20},"end":{"line":28,"column":33}},"13":{"start":{"line":29,"column":25},"end":{"line":29,"column":75}},"14":{"start":{"line":31,"column":2},"end":{"line":94,"column":9}},"15":{"start":{"line":32,"column":18},"end":{"line":32,"column":34}},"16":{"start":{"line":33,"column":20},"end":{"line":33,"column":38}},"17":{"start":{"line":34,"column":4},"end":{"line":34,"column":35}},"18":{"start":{"line":34,"column":28},"end":{"line":34,"column":35}},"19":{"start":{"line":38,"column":22},"end":{"line":38,"column":49}},"20":{"start":{"line":38,"column":28},"end":{"line":38,"column":49}},"21":{"start":{"line":40,"column":22},"end":{"line":44,"column":5}},"22":{"start":{"line":41,"column":16},"end":{"line":41,"column":27}},"23":{"start":{"line":42,"column":6},"end":{"line":42,"column":62}},"24":{"start":{"line":42,"column":37},"end":{"line":42,"column":62}},"25":{"start":{"line":43,"column":6},"end":{"line":43,"column":60}},"26":{"start":{"line":43,"column":35},"end":{"line":43,"column":60}},"27":{"start":{"line":49,"column":17},"end":{"line":56,"column":5}},"28":{"start":{"line":50,"column":6},"end":{"line":53,"column":7}},"29":{"start":{"line":51,"column":8},"end":{"line":51,"column":49}},"30":{"start":{"line":52,"column":8},"end":{"line":52,"column":20}},"31":{"start":{"line":54,"column":6},"end":{"line":54,"column":69}},"32":{"start":{"line":55,"column":6},"end":{"line":55,"column":42}},"33":{"start":{"line":58,"column":4},"end":{"line":58,"column":40}},"34":{"start":{"line":61,"column":24},"end":{"line":76,"column":5}},"35":{"start":{"line":62,"column":6},"end":{"line":62,"column":25}},"36":{"start":{"line":65,"column":6},"end":{"line":65,"column":31}},"37":{"start":{"line":66,"column":6},"end":{"line":66,"column":71}},"38":{"start":{"line":66,"column":34},"end":{"line":66,"column":71}},"39":{"start":{"line":67,"column":6},"end":{"line":69,"column":26}},"40":{"start":{"line":68,"column":8},"end":{"line":68,"column":34}},"41":{"start":{"line":73,"column":8},"end":{"line":73,"column":69}},"42":{"start":{"line":74,"column":6},"end":{"line":74,"column":35}},"43":{"start":{"line":75,"column":6},"end":{"line":75,"column":18}},"44":{"start":{"line":79,"column":4},"end":{"line":79,"column":71}},"45":{"start":{"line":82,"column":29},"end":{"line":85,"column":5}},"46":{"start":{"line":83,"column":6},"end":{"line":83,"column":71}},"47":{"start":{"line":83,"column":34},"end":{"line":83,"column":71}},"48":{"start":{"line":84,"column":6},"end":{"line":84,"column":32}},"49":{"start":{"line":86,"column":4},"end":{"line":86,"column":61}},"50":{"start":{"line":88,"column":4},"end":{"line":93,"column":6}},"51":{"start":{"line":89,"column":6},"end":{"line":89,"column":34}},"52":{"start":{"line":90,"column":6},"end":{"line":90,"column":56}},"53":{"start":{"line":91,"column":6},"end":{"line":91,"column":66}},"54":{"start":{"line":92,"column":6},"end":{"line":92,"column":71}},"55":{"start":{"line":92,"column":34},"end":{"line":92,"column":71}},"56":{"start":{"line":96,"column":2},"end":{"line":142,"column":4}},"57":{"start":{"line":110,"column":29},"end":{"line":110,"column":53}},"58":{"start":{"line":120,"column":29},"end":{"line":120,"column":52}},"59":{"start":{"line":135,"column":12},"end":{"line":135,"column":25}}},"fnMap":{"0":{"name":"LoginPage","decl":{"start":{"line":22,"column":24},"end":{"line":22,"column":33}},"loc":{"start":{"line":22,"column":33},"end":{"line":143,"column":1}}},"1":{"name":"(anonymous_1)","decl":{"start":{"line":31,"column":12},"end":{"line":31,"column":15}},"loc":{"start":{"line":31,"column":17},"end":{"line":94,"column":3}}},"2":{"name":"(anonymous_2)","decl":{"start":{"line":38,"column":22},"end":{"line":38,"column":25}},"loc":{"start":{"line":38,"column":28},"end":{"line":38,"column":49}}},"3":{"name":"(anonymous_3)","decl":{"start":{"line":40,"column":22},"end":{"line":40,"column":25}},"loc":{"start":{"line":40,"column":27},"end":{"line":44,"column":5}}},"4":{"name":"(anonymous_4)","decl":{"start":{"line":49,"column":17},"end":{"line":49,"column":20}},"loc":{"start":{"line":49,"column":22},"end":{"line":56,"column":5}}},"5":{"name":"(anonymous_5)","decl":{"start":{"line":61,"column":24},"end":{"line":61,"column":25}},"loc":{"start":{"line":61,"column":42},"end":{"line":76,"column":5}}},"6":{"name":"(anonymous_6)","decl":{"start":{"line":67,"column":42},"end":{"line":67,"column":45}},"loc":{"start":{"line":67,"column":47},"end":{"line":69,"column":7}}},"7":{"name":"(anonymous_7)","decl":{"start":{"line":82,"column":29},"end":{"line":82,"column":32}},"loc":{"start":{"line":82,"column":34},"end":{"line":85,"column":5}}},"8":{"name":"(anonymous_8)","decl":{"start":{"line":88,"column":11},"end":{"line":88,"column":14}},"loc":{"start":{"line":88,"column":16},"end":{"line":93,"column":5}}},"9":{"name":"(anonymous_9)","decl":{"start":{"line":110,"column":23},"end":{"line":110,"column":26}},"loc":{"start":{"line":110,"column":29},"end":{"line":110,"column":53}}},"10":{"name":"(anonymous_10)","decl":{"start":{"line":120,"column":23},"end":{"line":120,"column":26}},"loc":{"start":{"line":120,"column":29},"end":{"line":120,"column":52}}},"11":{"name":"(anonymous_11)","decl":{"start":{"line":134,"column":31},"end":{"line":134,"column":32}},"loc":{"start":{"line":135,"column":12},"end":{"line":135,"column":25}}}},"branchMap":{"0":{"loc":{"start":{"line":34,"column":4},"end":{"line":34,"column":35}},"type":"if","locations":[{"start":{"line":34,"column":4},"end":{"line":34,"column":35}},{"start":{},"end":{}}]},"1":{"loc":{"start":{"line":34,"column":8},"end":{"line":34,"column":26}},"type":"binary-expr","locations":[{"start":{"line":34,"column":8},"end":{"line":34,"column":14}},{"start":{"line":34,"column":18},"end":{"line":34,"column":26}}]},"2":{"loc":{"start":{"line":42,"column":6},"end":{"line":42,"column":62}},"type":"if","locations":[{"start":{"line":42,"column":6},"end":{"line":42,"column":62}},{"start":{},"end":{}}]},"3":{"loc":{"start":{"line":43,"column":6},"end":{"line":43,"column":60}},"type":"if","locations":[{"start":{"line":43,"column":6},"end":{"line":43,"column":60}},{"start":{},"end":{}}]},"4":{"loc":{"start":{"line":50,"column":6},"end":{"line":53,"column":7}},"type":"if","locations":[{"start":{"line":50,"column":6},"end":{"line":53,"column":7}},{"start":{},"end":{}}]},"5":{"loc":{"start":{"line":66,"column":6},"end":{"line":66,"column":71}},"type":"if","locations":[{"start":{"line":66,"column":6},"end":{"line":66,"column":71}},{"start":{},"end":{}}]},"6":{"loc":{"start":{"line":73,"column":8},"end":{"line":73,"column":69}},"type":"cond-expr","locations":[{"start":{"line":73,"column":50},"end":{"line":73,"column":58}},{"start":{"line":73,"column":61},"end":{"line":73,"column":69}}]},"7":{"loc":{"start":{"line":83,"column":6},"end":{"line":83,"column":71}},"type":"if","locations":[{"start":{"line":83,"column":6},"end":{"line":83,"column":71}},{"start":{},"end":{}}]},"8":{"loc":{"start":{"line":92,"column":6},"end":{"line":92,"column":71}},"type":"if","locations":[{"start":{"line":92,"column":6},"end":{"line":92,"column":71}},{"start":{},"end":{}}]}},"s":{"0":0,"1":0,"2":0,"3":0,"4":0,"5":0,"6":0,"7":0,"8":0,"9":0,"10":0,"11":0,"12":0,"13":0,"14":0,"15":0,"16":0,"17":0,"18":0,"19":0,"20":0,"21":0,"22":0,"23":0,"24":0,"25":0,"26":0,"27":0,"28":0,"29":0,"30":0,"31":0,"32":0,"33":0,"34":0,"35":0,"36":0,"37":0,"38":0,"39":0,"40":0,"41":0,"42":0,"43":0,"44":0,"45":0,"46":0,"47":0,"48":0,"49":0,"50":0,"51":0,"52":0,"53":0,"54":0,"55":0,"56":0,"57":0,"58":0,"59":0},"f":{"0":0,"1":0,"2":0,"3":0,"4":0,"5":0,"6":0,"7":0,"8":0,"9":0,"10":0,"11":0},"b":{"0":[0,0],"1":[0,0],"2":[0,0],"3":[0,0],"4":[0,0],"5":[0,0],"6":[0,0],"7":[0,0],"8":[0,0]}}
,"/Users/williamportugal/Desktop/CSC 308/BallerzStatApp/frontend/src/pages/Standings/StandingsPage.tsx": {"path":"/Users/williamportugal/Desktop/CSC 308/BallerzStatApp/frontend/src/pages/Standings/StandingsPage.tsx","statementMap":{"0":{"start":{"line":57,"column":0},"end":{"line":57,"column":24}},"1":{"start":{"line":1,"column":0},"end":{"line":1,"column":44}},"2":{"start":{"line":2,"column":0},"end":{"line":2,"column":null}},"3":{"start":{"line":7,"column":0},"end":{"line":7,"column":29}},"4":{"start":{"line":16,"column":2},"end":{"line":54,"column":4}},"5":{"start":{"line":37,"column":14},"end":{"line":37,"column":null}},"6":{"start":{"line":58,"column":26},"end":{"line":58,"column":66}},"7":{"start":{"line":59,"column":32},"end":{"line":59,"column":46}},"8":{"start":{"line":60,"column":28},"end":{"line":60,"column":40}},"9":{"start":{"line":62,"column":2},"end":{"line":77,"column":9}},"10":{"start":{"line":64,"column":6},"end":{"line":73,"column":7}},"11":{"start":{"line":65,"column":8},"end":{"line":65,"column":25}},"12":{"start":{"line":66,"column":26},"end":{"line":66,"column":48}},"13":{"start":{"line":67,"column":8},"end":{"line":67,"column":27}},"14":{"start":{"line":68,"column":8},"end":{"line":68,"column":21}},"15":{"start":{"line":70,"column":8},"end":{"line":70,"column":71}},"16":{"start":{"line":72,"column":8},"end":{"line":72,"column":26}},"17":{"start":{"line":76,"column":4},"end":{"line":76,"column":20}},"18":{"start":{"line":79,"column":2},"end":{"line":81,"column":3}},"19":{"start":{"line":80,"column":4},"end":{"line":80,"column":70}},"20":{"start":{"line":83,"column":2},"end":{"line":85,"column":3}},"21":{"start":{"line":84,"column":4},"end":{"line":84,"column":64}},"22":{"start":{"line":87,"column":2},"end":{"line":97,"column":4}}},"fnMap":{"0":{"name":"StandingsTable","decl":{"start":{"line":9,"column":9},"end":{"line":9,"column":23}},"loc":{"start":{"line":15,"column":1},"end":{"line":55,"column":1}}},"1":{"name":"(anonymous_1)","decl":{"start":{"line":36,"column":23},"end":{"line":36,"column":24}},"loc":{"start":{"line":37,"column":14},"end":{"line":37,"column":null}}},"2":{"name":"StandingsPage","decl":{"start":{"line":57,"column":24},"end":{"line":57,"column":37}},"loc":{"start":{"line":57,"column":37},"end":{"line":98,"column":1}}},"3":{"name":"(anonymous_3)","decl":{"start":{"line":62,"column":12},"end":{"line":62,"column":15}},"loc":{"start":{"line":62,"column":17},"end":{"line":77,"column":3}}},"4":{"name":"loadStandings","decl":{"start":{"line":63,"column":19},"end":{"line":63,"column":32}},"loc":{"start":{"line":63,"column":32},"end":{"line":74,"column":5}}}},"branchMap":{"0":{"loc":{"start":{"line":70,"column":17},"end":{"line":70,"column":69}},"type":"cond-expr","locations":[{"start":{"line":70,"column":40},"end":{"line":70,"column":51}},{"start":{"line":70,"column":54},"end":{"line":70,"column":69}}]},"1":{"loc":{"start":{"line":79,"column":2},"end":{"line":81,"column":3}},"type":"if","locations":[{"start":{"line":79,"column":2},"end":{"line":81,"column":3}},{"start":{},"end":{}}]},"2":{"loc":{"start":{"line":83,"column":2},"end":{"line":85,"column":3}},"type":"if","locations":[{"start":{"line":83,"column":2},"end":{"line":85,"column":3}},{"start":{},"end":{}}]},"3":{"loc":{"start":{"line":93,"column":58},"end":{"line":93,"column":74}},"type":"binary-expr","locations":[{"start":{"line":93,"column":58},"end":{"line":93,"column":68}},{"start":{"line":93,"column":72},"end":{"line":93,"column":74}}]},"4":{"loc":{"start":{"line":94,"column":58},"end":{"line":94,"column":74}},"type":"binary-expr","locations":[{"start":{"line":94,"column":58},"end":{"line":94,"column":68}},{"start":{"line":94,"column":72},"end":{"line":94,"column":74}}]}},"s":{"0":1,"1":1,"2":1,"3":1,"4":10,"5":8,"6":15,"7":15,"8":15,"9":15,"10":8,"11":8,"12":8,"13":5,"14":5,"15":2,"16":7,"17":8,"18":15,"19":8,"20":7,"21":2,"22":5},"f":{"0":10,"1":8,"2":15,"3":8,"4":8},"b":{"0":[1,1],"1":[8,7],"2":[2,5],"3":[5,1],"4":[5,1]}}
,"/Users/williamportugal/Desktop/CSC 308/BallerzStatApp/frontend/src/pages/Teams/TeamsPage.tsx": {"path":"/Users/williamportugal/Desktop/CSC 308/BallerzStatApp/frontend/src/pages/Teams/TeamsPage.tsx","statementMap":{"0":{"start":{"line":62,"column":0},"end":{"line":62,"column":24}},"1":{"start":{"line":1,"column":0},"end":{"line":1,"column":44}},"2":{"start":{"line":2,"column":0},"end":{"line":2,"column":63}},"3":{"start":{"line":3,"column":0},"end":{"line":3,"column":69}},"4":{"start":{"line":4,"column":0},"end":{"line":4,"column":51}},"5":{"start":{"line":5,"column":0},"end":{"line":5,"column":25}},"6":{"start":{"line":38,"column":48},"end":{"line":45,"column":4}},"7":{"start":{"line":47,"column":2},"end":{"line":59,"column":6}},"8":{"start":{"line":47,"column":77},"end":{"line":59,"column":4}},"9":{"start":{"line":50,"column":24},"end":{"line":50,"column":69}},"10":{"start":{"line":51,"column":22},"end":{"line":58,"column":8}},"11":{"start":{"line":63,"column":28},"end":{"line":63,"column":48}},"12":{"start":{"line":64,"column":44},"end":{"line":64,"column":72}},"13":{"start":{"line":65,"column":32},"end":{"line":65,"column":46}},"14":{"start":{"line":66,"column":28},"end":{"line":66,"column":40}},"15":{"start":{"line":68,"column":2},"end":{"line":108,"column":9}},"16":{"start":{"line":70,"column":6},"end":{"line":104,"column":7}},"17":{"start":{"line":71,"column":8},"end":{"line":71,"column":25}},"18":{"start":{"line":72,"column":8},"end":{"line":72,"column":21}},"19":{"start":{"line":74,"column":21},"end":{"line":74,"column":39}},"20":{"start":{"line":76,"column":8},"end":{"line":76,"column":44}},"21":{"start":{"line":78,"column":36},"end":{"line":93,"column":11}},"22":{"start":{"line":78,"column":62},"end":{"line":93,"column":10}},"23":{"start":{"line":95,"column":8},"end":{"line":95,"column":50}},"24":{"start":{"line":96,"column":8},"end":{"line":96,"column":77}},"25":{"start":{"line":98,"column":8},"end":{"line":98,"column":30}},"26":{"start":{"line":100,"column":8},"end":{"line":100,"column":27}},"27":{"start":{"line":101,"column":8},"end":{"line":101,"column":42}},"28":{"start":{"line":103,"column":8},"end":{"line":103,"column":26}},"29":{"start":{"line":107,"column":4},"end":{"line":107,"column":16}},"30":{"start":{"line":110,"column":26},"end":{"line":124,"column":3}},"31":{"start":{"line":111,"column":4},"end":{"line":123,"column":7}},"32":{"start":{"line":112,"column":30},"end":{"line":112,"column":68}},"33":{"start":{"line":112,"column":47},"end":{"line":112,"column":67}},"34":{"start":{"line":114,"column":6},"end":{"line":116,"column":7}},"35":{"start":{"line":115,"column":8},"end":{"line":115,"column":56}},"36":{"start":{"line":115,"column":34},"end":{"line":115,"column":54}},"37":{"start":{"line":118,"column":6},"end":{"line":120,"column":7}},"38":{"start":{"line":119,"column":8},"end":{"line":119,"column":31}},"39":{"start":{"line":122,"column":6},"end":{"line":122,"column":29}},"40":{"start":{"line":126,"column":22},"end":{"line":128,"column":3}},"41":{"start":{"line":127,"column":4},"end":{"line":127,"column":72}},"42":{"start":{"line":127,"column":31},"end":{"line":127,"column":70}},"43":{"start":{"line":127,"column":50},"end":{"line":127,"column":69}},"44":{"start":{"line":130,"column":19},"end":{"line":130,"column":43}},"45":{"start":{"line":131,"column":20},"end":{"line":131,"column":47}},"46":{"start":{"line":133,"column":2},"end":{"line":135,"column":3}},"47":{"start":{"line":134,"column":4},"end":{"line":134,"column":62}},"48":{"start":{"line":137,"column":2},"end":{"line":139,"column":3}},"49":{"start":{"line":138,"column":4},"end":{"line":138,"column":53}},"50":{"start":{"line":141,"column":2},"end":{"line":192,"column":4}},"51":{"start":{"line":171,"column":10},"end":{"line":172,"column":null}},"52":{"start":{"line":183,"column":12},"end":{"line":184,"column":null}},"53":{"start":{"line":186,"column":29},"end":{"line":186,"column":51}}},"fnMap":{"0":{"name":"groupTeamsByDivision","decl":{"start":{"line":37,"column":9},"end":{"line":37,"column":29}},"loc":{"start":{"line":37,"column":43},"end":{"line":60,"column":1}}},"1":{"name":"(anonymous_2)","decl":{"start":{"line":47,"column":41},"end":{"line":47,"column":42}},"loc":{"start":{"line":47,"column":77},"end":{"line":59,"column":4}}},"2":{"name":"(anonymous_3)","decl":{"start":{"line":50,"column":14},"end":{"line":50,"column":15}},"loc":{"start":{"line":50,"column":24},"end":{"line":50,"column":69}}},"3":{"name":"(anonymous_4)","decl":{"start":{"line":51,"column":11},"end":{"line":51,"column":12}},"loc":{"start":{"line":51,"column":22},"end":{"line":58,"column":8}}},"4":{"name":"TeamsPage","decl":{"start":{"line":62,"column":24},"end":{"line":62,"column":33}},"loc":{"start":{"line":62,"column":33},"end":{"line":193,"column":1}}},"5":{"name":"(anonymous_6)","decl":{"start":{"line":68,"column":12},"end":{"line":68,"column":15}},"loc":{"start":{"line":68,"column":17},"end":{"line":108,"column":3}}},"6":{"name":"loadTeams","decl":{"start":{"line":69,"column":19},"end":{"line":69,"column":28}},"loc":{"start":{"line":69,"column":28},"end":{"line":105,"column":5}}},"7":{"name":"(anonymous_8)","decl":{"start":{"line":78,"column":45},"end":{"line":78,"column":46}},"loc":{"start":{"line":78,"column":62},"end":{"line":93,"column":10}}},"8":{"name":"(anonymous_9)","decl":{"start":{"line":110,"column":26},"end":{"line":110,"column":27}},"loc":{"start":{"line":110,"column":49},"end":{"line":124,"column":3}}},"9":{"name":"(anonymous_10)","decl":{"start":{"line":111,"column":21},"end":{"line":111,"column":22}},"loc":{"start":{"line":111,"column":30},"end":{"line":123,"column":5}}},"10":{"name":"(anonymous_11)","decl":{"start":{"line":112,"column":40},"end":{"line":112,"column":41}},"loc":{"start":{"line":112,"column":47},"end":{"line":112,"column":67}}},"11":{"name":"(anonymous_12)","decl":{"start":{"line":115,"column":27},"end":{"line":115,"column":28}},"loc":{"start":{"line":115,"column":34},"end":{"line":115,"column":54}}},"12":{"name":"(anonymous_13)","decl":{"start":{"line":126,"column":22},"end":{"line":126,"column":23}},"loc":{"start":{"line":126,"column":43},"end":{"line":128,"column":3}}},"13":{"name":"(anonymous_14)","decl":{"start":{"line":127,"column":21},"end":{"line":127,"column":22}},"loc":{"start":{"line":127,"column":31},"end":{"line":127,"column":70}}},"14":{"name":"(anonymous_15)","decl":{"start":{"line":127,"column":43},"end":{"line":127,"column":44}},"loc":{"start":{"line":127,"column":50},"end":{"line":127,"column":69}}},"15":{"name":"(anonymous_16)","decl":{"start":{"line":170,"column":23},"end":{"line":170,"column":24}},"loc":{"start":{"line":171,"column":10},"end":{"line":172,"column":null}}},"16":{"name":"(anonymous_17)","decl":{"start":{"line":182,"column":29},"end":{"line":182,"column":30}},"loc":{"start":{"line":183,"column":12},"end":{"line":184,"column":null}}},"17":{"name":"(anonymous_18)","decl":{"start":{"line":186,"column":23},"end":{"line":186,"column":26}},"loc":{"start":{"line":186,"column":29},"end":{"line":186,"column":51}}}},"branchMap":{"0":{"loc":{"start":{"line":114,"column":6},"end":{"line":116,"column":7}},"type":"if","locations":[{"start":{"line":114,"column":6},"end":{"line":116,"column":7}},{"start":{},"end":{}}]},"1":{"loc":{"start":{"line":118,"column":6},"end":{"line":120,"column":7}},"type":"if","locations":[{"start":{"line":118,"column":6},"end":{"line":120,"column":7}},{"start":{},"end":{}}]},"2":{"loc":{"start":{"line":133,"column":2},"end":{"line":135,"column":3}},"type":"if","locations":[{"start":{"line":133,"column":2},"end":{"line":135,"column":3}},{"start":{},"end":{}}]},"3":{"loc":{"start":{"line":137,"column":2},"end":{"line":139,"column":3}},"type":"if","locations":[{"start":{"line":137,"column":2},"end":{"line":139,"column":3}},{"start":{},"end":{}}]},"4":{"loc":{"start":{"line":142,"column":34},"end":{"line":142,"column":61}},"type":"cond-expr","locations":[{"start":{"line":142,"column":45},"end":{"line":142,"column":56}},{"start":{"line":142,"column":59},"end":{"line":142,"column":61}}]},"5":{"loc":{"start":{"line":143,"column":7},"end":{"line":166,"column":null}},"type":"binary-expr","locations":[{"start":{"line":143,"column":7},"end":{"line":143,"column":16}},{"start":{"line":144,"column":8},"end":{"line":165,"column":null}}]},"6":{"loc":{"start":{"line":169,"column":22},"end":{"line":169,"column":63}},"type":"cond-expr","locations":[{"start":{"line":169,"column":33},"end":{"line":169,"column":45}},{"start":{"line":169,"column":48},"end":{"line":169,"column":63}}]},"7":{"loc":{"start":{"line":180,"column":7},"end":{"line":189,"column":null}},"type":"binary-expr","locations":[{"start":{"line":180,"column":7},"end":{"line":180,"column":15}},{"start":{"line":181,"column":8},"end":{"line":188,"column":null}}]}},"s":{"0":1,"1":1,"2":1,"3":1,"4":1,"5":1,"6":15,"7":15,"8":90,"9":96,"10":16,"11":11,"12":11,"13":11,"14":11,"15":11,"16":6,"17":6,"18":6,"19":6,"20":4,"21":4,"22":8,"23":4,"24":4,"25":4,"26":1,"27":1,"28":5,"29":6,"30":11,"31":0,"32":0,"33":0,"34":0,"35":0,"36":0,"37":0,"38":0,"39":0,"40":11,"41":0,"42":0,"43":0,"44":11,"45":11,"46":11,"47":6,"48":5,"49":1,"50":4,"51":24,"52":0,"53":0},"f":{"0":15,"1":90,"2":96,"3":16,"4":11,"5":6,"6":6,"7":8,"8":0,"9":0,"10":0,"11":0,"12":0,"13":0,"14":0,"15":24,"16":0,"17":0},"b":{"0":[0,0],"1":[0,0],"2":[6,5],"3":[1,4],"4":[0,4],"5":[4,4],"6":[0,4],"7":[4,0]}}
}
