TN:
SF:src/App/App.tsx
FN:18,ProtectedRoute
FN:23,App
FNF:2
FNH:2
FNDA:4,ProtectedRoute
FNDA:8,App
DA:1,1
DA:2,1
DA:3,1
DA:4,1
DA:5,1
DA:6,1
DA:7,1
DA:8,1
DA:10,1
DA:11,1
DA:12,1
DA:13,1
DA:14,1
DA:15,1
DA:16,1
DA:19,4
DA:20,3
DA:24,8
DA:55,1
LF:19
LH:19
BRDA:19,0,0,1
BRDA:19,0,1,3
BRF:2
BRH:2
end_of_record
TN:
SF:src/assets/teamAssets.ts
FN:148,getTeamAsset
FN:157,getTeamNbaId
FNF:2
FNH:1
FNDA:8,getTeamAsset
FNDA:0,getTeamNbaId
DA:13,1
DA:148,1
DA:149,8
DA:157,1
DA:158,0
DA:159,0
DA:160,0
DA:161,0
LF:8
LH:4
BRDA:149,0,0,8
BRDA:149,0,1,0
BRDA:159,1,0,0
BRDA:159,1,1,0
BRDA:161,2,0,0
BRDA:161,2,1,0
BRF:6
BRH:1
end_of_record
TN:
SF:src/assets/teamLogos.ts
FNF:0
FNH:0
DA:2,2
LF:1
LH:1
BRF:0
BRH:0
end_of_record
TN:
SF:src/components/account/AccountComponents.tsx
FN:30,ProfileHeader
FN:101,StatTiles
FN:105,(anonymous_2)
FN:114,(anonymous_3)
FN:138,formatDate
FN:143,GameLogTable
FN:172,(anonymous_6)
FN:180,(anonymous_7)
FN:185,(anonymous_8)
FN:206,toDateInput
FN:210,GameLogModal
FN:231,(anonymous_11)
FN:258,(anonymous_12)
FN:271,(anonymous_13)
FN:279,(anonymous_14)
FN:296,(anonymous_15)
FN:306,(anonymous_16)
FN:361,EditProfileModal
FN:378,(anonymous_18)
FN:388,(anonymous_19)
FN:396,(anonymous_20)
FN:402,(anonymous_21)
FN:435,(anonymous_22)
FN:452,(anonymous_23)
FN:487,(anonymous_24)
FN:495,(anonymous_25)
FN:504,(anonymous_26)
FN:514,(anonymous_27)
FNF:28
FNH:15
FNDA:5,ProfileHeader
FNDA:4,StatTiles
FNDA:4,(anonymous_2)
FNDA:12,(anonymous_3)
FNDA:4,formatDate
FNDA:6,GameLogTable
FNDA:4,(anonymous_6)
FNDA:1,(anonymous_7)
FNDA:1,(anonymous_8)
FNDA:1,toDateInput
FNDA:8,GameLogModal
FNDA:2,(anonymous_11)
FNDA:64,(anonymous_12)
FNDA:0,(anonymous_13)
FNDA:2,(anonymous_14)
FNDA:1,(anonymous_15)
FNDA:0,(anonymous_16)
FNDA:0,EditProfileModal
FNDA:0,(anonymous_18)
FNDA:0,(anonymous_19)
FNDA:0,(anonymous_20)
FNDA:0,(anonymous_21)
FNDA:0,(anonymous_22)
FNDA:0,(anonymous_23)
FNDA:0,(anonymous_24)
FNDA:0,(anonymous_25)
FNDA:0,(anonymous_26)
FNDA:0,(anonymous_27)
DA:5,1
DA:6,1
DA:12,1
DA:30,1
DA:38,5
DA:42,5
DA:94,1
DA:101,1
DA:102,4
DA:103,1
DA:106,4
DA:112,3
DA:115,12
DA:117,12
DA:118,12
DA:139,4
DA:140,4
DA:143,1
DA:149,6
DA:151,5
DA:152,1
DA:159,4
DA:173,4
DA:180,1
DA:185,1
DA:207,1
DA:210,1
DA:216,8
DA:219,8
DA:220,8
DA:221,8
DA:222,8
DA:223,8
DA:224,8
DA:225,8
DA:226,8
DA:227,8
DA:228,8
DA:229,8
DA:231,8
DA:232,2
DA:233,2
DA:234,1
DA:235,1
DA:237,1
DA:238,1
DA:239,1
DA:240,1
DA:253,0
DA:254,0
DA:258,8
DA:263,64
DA:271,0
DA:276,8
DA:279,2
DA:296,1
DA:306,0
DA:341,1
DA:361,1
DA:366,0
DA:367,0
DA:368,0
DA:369,0
DA:370,0
DA:373,0
DA:374,0
DA:375,0
DA:376,0
DA:378,0
DA:379,0
DA:380,0
DA:381,0
DA:382,0
DA:383,0
DA:384,0
DA:386,0
DA:387,0
DA:388,0
DA:389,0
DA:390,0
DA:391,0
DA:393,0
DA:396,0
DA:397,0
DA:398,0
DA:399,0
DA:402,0
DA:403,0
DA:404,0
DA:405,0
DA:406,0
DA:407,0
DA:408,0
DA:409,0
DA:410,0
DA:411,0
DA:412,0
DA:414,0
DA:415,0
DA:416,0
DA:419,0
DA:420,0
DA:422,0
DA:424,0
DA:428,0
DA:432,0
DA:435,0
DA:452,0
DA:487,0
DA:495,0
DA:504,0
DA:514,0
LF:112
LH:55
BRDA:39,0,0,5
BRDA:39,0,1,0
BRDA:39,1,0,5
BRDA:39,1,1,0
BRDA:45,2,0,0
BRDA:45,2,1,5
BRDA:102,3,0,1
BRDA:102,3,1,3
BRDA:117,4,0,8
BRDA:117,4,1,4
BRDA:117,5,0,12
BRDA:117,5,1,8
BRDA:117,6,0,4
BRDA:117,6,1,0
BRDA:149,7,0,1
BRDA:149,7,1,5
BRDA:151,8,0,1
BRDA:151,8,1,4
BRDA:207,9,0,1
BRDA:207,9,1,0
BRDA:217,10,0,1
BRDA:217,10,1,7
BRDA:219,11,0,8
BRDA:219,11,1,7
BRDA:220,12,0,8
BRDA:220,12,1,7
BRDA:221,13,0,8
BRDA:221,13,1,7
BRDA:222,14,0,8
BRDA:222,14,1,7
BRDA:223,15,0,8
BRDA:223,15,1,7
BRDA:224,16,0,8
BRDA:224,16,1,7
BRDA:225,17,0,8
BRDA:225,17,1,7
BRDA:226,18,0,8
BRDA:226,18,1,7
BRDA:227,19,0,8
BRDA:227,19,1,7
BRDA:233,20,0,1
BRDA:233,20,1,1
BRDA:242,21,0,1
BRDA:242,21,1,1
BRDA:243,22,0,1
BRDA:243,22,1,1
BRDA:244,23,0,1
BRDA:244,23,1,1
BRDA:245,24,0,1
BRDA:245,24,1,1
BRDA:246,25,0,1
BRDA:246,25,1,1
BRDA:247,26,0,1
BRDA:247,26,1,1
BRDA:248,27,0,1
BRDA:248,27,1,1
BRDA:249,28,0,1
BRDA:249,28,1,1
BRDA:250,29,0,1
BRDA:250,29,1,1
BRDA:253,30,0,0
BRDA:253,30,1,0
BRDA:279,31,0,2
BRDA:279,31,1,0
BRDA:283,32,0,1
BRDA:283,32,1,7
BRDA:319,33,0,8
BRDA:319,33,1,1
BRDA:330,34,0,1
BRDA:330,34,1,7
BRDA:380,35,0,0
BRDA:380,35,1,0
BRDA:381,36,0,0
BRDA:381,36,1,0
BRDA:399,37,0,0
BRDA:399,37,1,0
BRDA:408,38,0,0
BRDA:408,38,1,0
BRDA:409,39,0,0
BRDA:409,39,1,0
BRDA:410,40,0,0
BRDA:410,40,1,0
BRDA:411,41,0,0
BRDA:411,41,1,0
BRDA:412,42,0,0
BRDA:412,42,1,0
BRDA:414,43,0,0
BRDA:414,43,1,0
BRDA:422,44,0,0
BRDA:422,44,1,0
BRDA:429,45,0,0
BRDA:429,45,1,0
BRDA:429,46,0,0
BRDA:429,46,1,0
BRDA:435,47,0,0
BRDA:435,47,1,0
BRDA:442,48,0,0
BRDA:442,48,1,0
BRDA:456,49,0,0
BRDA:456,49,1,0
BRDA:517,50,0,0
BRDA:517,50,1,0
BRDA:528,51,0,0
BRDA:528,51,1,0
BRF:104
BRH:62
end_of_record
TN:
SF:src/components/account/FriendsComponents.tsx
FN:39,ConfirmModal
FN:49,(anonymous_1)
FN:61,(anonymous_2)
FN:95,FriendRowMenu
FN:101,(anonymous_4)
FN:105,(anonymous_5)
FN:107,(anonymous_6)
FN:113,(anonymous_7)
FN:147,Toast
FN:157,AddFriends
FN:173,(anonymous_10)
FN:176,(anonymous_11)
FN:185,(anonymous_12)
FN:190,(anonymous_13)
FN:193,(anonymous_14)
FN:196,(anonymous_15)
FN:199,(anonymous_16)
FN:207,(anonymous_17)
FN:218,(anonymous_18)
FN:219,(anonymous_19)
FN:220,(anonymous_20)
FN:220,(anonymous_21)
FN:224,(anonymous_22)
FN:251,(anonymous_23)
FN:274,FriendRequests
FN:283,(anonymous_25)
FN:284,(anonymous_26)
FN:288,(anonymous_27)
FN:296,(anonymous_28)
FN:301,(anonymous_29)
FN:314,(anonymous_30)
FN:322,(anonymous_31)
FN:341,FriendsList
FN:344,(anonymous_33)
FN:347,(anonymous_34)
FN:349,(anonymous_35)
FN:350,(anonymous_36)
FN:352,(anonymous_37)
FN:361,(anonymous_38)
FN:367,(anonymous_39)
FN:383,(anonymous_40)
FN:390,(anonymous_41)
FN:391,(anonymous_42)
FN:428,RankBadge
FN:435,Leaderboard
FN:443,(anonymous_45)
FN:459,(anonymous_46)
FN:493,FriendsPanel
FN:503,(anonymous_48)
FN:515,(anonymous_49)
FN:527,(anonymous_50)
FN:532,(anonymous_51)
FN:537,(anonymous_52)
FN:542,(anonymous_53)
FN:546,(anonymous_54)
FN:551,(anonymous_55)
FN:557,(anonymous_56)
FN:564,(anonymous_57)
FN:570,(anonymous_58)
FN:627,(anonymous_59)
FN:651,(anonymous_60)
FN:655,(anonymous_61)
FNF:62
FNH:0
FNDA:0,ConfirmModal
FNDA:0,(anonymous_1)
FNDA:0,(anonymous_2)
FNDA:0,FriendRowMenu
FNDA:0,(anonymous_4)
FNDA:0,(anonymous_5)
FNDA:0,(anonymous_6)
FNDA:0,(anonymous_7)
FNDA:0,Toast
FNDA:0,AddFriends
FNDA:0,(anonymous_10)
FNDA:0,(anonymous_11)
FNDA:0,(anonymous_12)
FNDA:0,(anonymous_13)
FNDA:0,(anonymous_14)
FNDA:0,(anonymous_15)
FNDA:0,(anonymous_16)
FNDA:0,(anonymous_17)
FNDA:0,(anonymous_18)
FNDA:0,(anonymous_19)
FNDA:0,(anonymous_20)
FNDA:0,(anonymous_21)
FNDA:0,(anonymous_22)
FNDA:0,(anonymous_23)
FNDA:0,FriendRequests
FNDA:0,(anonymous_25)
FNDA:0,(anonymous_26)
FNDA:0,(anonymous_27)
FNDA:0,(anonymous_28)
FNDA:0,(anonymous_29)
FNDA:0,(anonymous_30)
FNDA:0,(anonymous_31)
FNDA:0,FriendsList
FNDA:0,(anonymous_33)
FNDA:0,(anonymous_34)
FNDA:0,(anonymous_35)
FNDA:0,(anonymous_36)
FNDA:0,(anonymous_37)
FNDA:0,(anonymous_38)
FNDA:0,(anonymous_39)
FNDA:0,(anonymous_40)
FNDA:0,(anonymous_41)
FNDA:0,(anonymous_42)
FNDA:0,RankBadge
FNDA:0,Leaderboard
FNDA:0,(anonymous_45)
FNDA:0,(anonymous_46)
FNDA:0,FriendsPanel
FNDA:0,(anonymous_48)
FNDA:0,(anonymous_49)
FNDA:0,(anonymous_50)
FNDA:0,(anonymous_51)
FNDA:0,(anonymous_52)
FNDA:0,(anonymous_53)
FNDA:0,(anonymous_54)
FNDA:0,(anonymous_55)
FNDA:0,(anonymous_56)
FNDA:0,(anonymous_57)
FNDA:0,(anonymous_58)
FNDA:0,(anonymous_59)
FNDA:0,(anonymous_60)
FNDA:0,(anonymous_61)
DA:6,0
DA:7,0
DA:22,0
DA:26,0
DA:47,0
DA:49,0
DA:50,0
DA:51,0
DA:52,0
DA:54,0
DA:58,0
DA:61,0
DA:96,0
DA:97,0
DA:101,0
DA:102,0
DA:105,0
DA:106,0
DA:107,0
DA:110,0
DA:114,0
DA:115,0
DA:148,0
DA:158,0
DA:159,0
DA:160,0
DA:161,0
DA:162,0
DA:163,0
DA:166,0
DA:170,0
DA:171,0
DA:173,0
DA:174,0
DA:175,0
DA:176,0
DA:177,0
DA:178,0
DA:179,0
DA:180,0
DA:182,0
DA:185,0
DA:186,0
DA:190,0
DA:191,0
DA:192,0
DA:193,0
DA:196,0
DA:197,0
DA:198,0
DA:199,0
DA:200,0
DA:201,0
DA:207,0
DA:208,0
DA:210,0
DA:218,0
DA:219,0
DA:220,0
DA:225,0
DA:226,0
DA:251,0
DA:279,0
DA:281,0
DA:283,0
DA:284,0
DA:285,0
DA:286,0
DA:288,0
DA:289,0
DA:290,0
DA:291,0
DA:296,0
DA:297,0
DA:299,0
DA:302,0
DA:303,0
DA:304,0
DA:314,0
DA:322,0
DA:342,0
DA:344,0
DA:345,0
DA:346,0
DA:348,0
DA:349,0
DA:350,0
DA:353,0
DA:354,0
DA:355,0
DA:357,0
DA:361,0
DA:362,0
DA:363,0
DA:364,0
DA:367,0
DA:368,0
DA:370,0
DA:384,0
DA:385,0
DA:390,0
DA:391,0
DA:414,0
DA:429,0
DA:430,0
DA:431,0
DA:432,0
DA:441,0
DA:443,0
DA:444,0
DA:450,0
DA:453,0
DA:454,0
DA:455,0
DA:457,0
DA:460,0
DA:493,0
DA:494,0
DA:495,0
DA:496,0
DA:498,0
DA:499,0
DA:500,0
DA:501,0
DA:503,0
DA:504,0
DA:505,0
DA:506,0
DA:507,0
DA:511,0
DA:515,0
DA:516,0
DA:517,0
DA:518,0
DA:519,0
DA:523,0
DA:527,0
DA:528,0
DA:529,0
DA:532,0
DA:533,0
DA:534,0
DA:537,0
DA:538,0
DA:539,0
DA:542,0
DA:543,0
DA:544,0
DA:546,0
DA:547,0
DA:548,0
DA:551,0
DA:552,0
DA:558,0
DA:559,0
DA:564,0
DA:565,0
DA:571,0
DA:572,0
DA:577,0
DA:628,0
DA:652,0
DA:653,0
DA:655,0
LF:164
LH:0
BRDA:43,0,0,0
BRDA:61,1,0,0
BRDA:61,1,1,0
BRDA:75,2,0,0
BRDA:75,2,1,0
BRDA:79,3,0,0
BRDA:79,3,1,0
BRDA:102,4,0,0
BRDA:102,4,1,0
BRDA:122,5,0,0
BRDA:122,5,1,0
BRDA:170,6,0,0
BRDA:170,6,1,0
BRDA:171,7,0,0
BRDA:171,7,1,0
BRDA:174,8,0,0
BRDA:174,8,1,0
BRDA:175,9,0,0
BRDA:175,9,1,0
BRDA:186,10,0,0
BRDA:186,10,1,0
BRDA:191,11,0,0
BRDA:191,11,1,0
BRDA:208,12,0,0
BRDA:208,12,1,0
BRDA:208,13,0,0
BRDA:208,13,1,0
BRDA:212,14,0,0
BRDA:212,14,1,0
BRDA:219,15,0,0
BRDA:219,15,1,0
BRDA:222,16,0,0
BRDA:222,16,1,0
BRDA:222,16,2,0
BRDA:232,17,0,0
BRDA:232,17,1,0
BRDA:240,18,0,0
BRDA:240,18,1,0
BRDA:240,18,2,0
BRDA:248,19,0,0
BRDA:248,19,1,0
BRDA:248,19,2,0
BRDA:281,20,0,0
BRDA:281,20,1,0
BRDA:297,21,0,0
BRDA:297,21,1,0
BRDA:297,22,0,0
BRDA:297,22,1,0
BRDA:345,23,0,0
BRDA:345,23,1,0
BRDA:355,24,0,0
BRDA:355,24,1,0
BRDA:363,25,0,0
BRDA:363,25,1,0
BRDA:363,26,0,0
BRDA:363,26,1,0
BRDA:368,27,0,0
BRDA:368,27,1,0
BRDA:368,28,0,0
BRDA:368,28,1,0
BRDA:429,29,0,0
BRDA:429,29,1,0
BRDA:430,30,0,0
BRDA:430,30,1,0
BRDA:431,31,0,0
BRDA:431,31,1,0
BRDA:453,32,0,0
BRDA:453,32,1,0
BRDA:454,33,0,0
BRDA:454,33,1,0
BRDA:462,34,0,0
BRDA:462,34,1,0
BRDA:467,35,0,0
BRDA:467,35,1,0
BRDA:587,36,0,0
BRDA:587,36,1,0
BRDA:587,36,2,0
BRDA:607,37,0,0
BRDA:607,37,1,0
BRDA:609,38,0,0
BRDA:609,38,1,0
BRDA:645,39,0,0
BRDA:645,39,1,0
BRF:83
BRH:0
end_of_record
TN:
SF:src/components/games/GameCard.tsx
FN:28,GameCard
FNF:1
FNH:1
FNDA:11,GameCard
DA:1,1
DA:2,1
DA:28,1
DA:36,11
DA:37,11
DA:40,11
DA:42,11
DA:44,11
LF:8
LH:8
BRDA:42,0,0,11
BRDA:42,0,1,10
BRDA:46,1,0,2
BRDA:46,1,1,9
BRDA:48,2,0,1
BRDA:48,2,1,10
BRDA:56,3,0,1
BRDA:56,3,1,10
BRDA:59,4,0,10
BRDA:59,4,1,1
BRDA:69,5,0,11
BRDA:69,5,1,1
BRDA:79,6,0,1
BRDA:79,6,1,10
BRDA:82,7,0,10
BRDA:82,7,1,1
BRDA:92,8,0,11
BRDA:92,8,1,1
BRF:18
BRH:18
end_of_record
TN:
SF:src/components/home/UserSelfPanel.tsx
FN:58,toChartRow
FN:73,fmt
FN:83,ChartTooltip
FN:97,UserSelfPanel
FN:109,(anonymous_4)
FN:112,load
FN:134,(anonymous_6)
FN:142,(anonymous_7)
FN:172,(anonymous_8)
FN:181,(anonymous_9)
FN:202,(anonymous_10)
FN:204,(anonymous_11)
FN:248,(anonymous_12)
FN:249,(anonymous_13)
FN:254,(anonymous_14)
FN:256,(anonymous_15)
FN:298,(anonymous_16)
FNF:17
FNH:12
FNDA:3,toChartRow
FNDA:16,fmt
FNDA:0,ChartTooltip
FNDA:15,UserSelfPanel
FNDA:10,(anonymous_4)
FNDA:10,load
FNDA:10,(anonymous_6)
FNDA:16,(anonymous_7)
FNDA:0,(anonymous_8)
FNDA:30,(anonymous_9)
FNDA:0,(anonymous_10)
FNDA:60,(anonymous_11)
FNDA:0,(anonymous_12)
FNDA:0,(anonymous_13)
FNDA:1,(anonymous_14)
FNDA:1,(anonymous_15)
FNDA:16,(anonymous_16)
DA:1,1
DA:2,1
DA:10,1
DA:11,1
DA:43,1
DA:50,1
DA:59,3
DA:60,3
DA:64,3
DA:74,16
DA:84,0
DA:85,0
DA:95,1
DA:97,1
DA:103,15
DA:104,15
DA:105,15
DA:106,15
DA:107,15
DA:109,15
DA:110,10
DA:113,10
DA:114,10
DA:118,8
DA:119,8
DA:121,8
DA:126,8
DA:127,8
DA:128,8
DA:133,10
DA:134,10
DA:135,10
DA:139,15
DA:142,15
DA:143,16
DA:144,16
DA:146,4
DA:148,4
DA:150,4
DA:152,4
DA:156,15
DA:173,0
DA:181,30
DA:202,0
DA:205,60
DA:248,0
DA:250,0
DA:251,0
DA:252,0
DA:255,1
DA:256,1
DA:258,1
DA:259,1
DA:260,1
DA:261,1
DA:262,2
DA:263,1
DA:299,16
DA:300,16
DA:302,16
DA:305,16
LF:61
LH:53
BRDA:84,0,0,0
BRDA:84,0,1,0
BRDA:84,1,0,0
BRDA:84,1,1,0
BRDA:118,2,0,8
BRDA:118,2,1,0
BRDA:126,3,0,8
BRDA:126,3,1,0
BRDA:143,4,0,0
BRDA:143,4,1,16
BRDA:144,5,0,4
BRDA:144,5,1,4
BRDA:144,5,2,4
BRDA:144,5,3,4
BRDA:167,6,0,0
BRDA:167,6,1,15
BRDA:212,7,0,10
BRDA:212,7,1,5
BRDA:214,8,0,4
BRDA:214,8,1,1
BRDA:258,9,0,0
BRDA:258,9,1,1
BRDA:290,10,0,10
BRDA:290,10,1,5
BRDA:292,11,0,1
BRDA:292,11,1,4
BRDA:302,12,0,16
BRDA:302,12,1,0
BRF:28
BRH:18
end_of_record
TN:
SF:src/components/layout/Layout.tsx
FN:8,Layout
FNF:1
FNH:1
FNDA:6,Layout
DA:2,2
DA:8,2
DA:9,6
LF:3
LH:3
BRF:0
BRH:0
end_of_record
TN:
SF:src/components/layout/TopNav.tsx
FN:20,TopNav
FN:24,(anonymous_1)
FN:29,(anonymous_2)
FNF:3
FNH:3
FNDA:6,TopNav
FNDA:48,(anonymous_1)
FNDA:48,(anonymous_2)
DA:1,1
DA:2,1
DA:9,1
DA:20,1
DA:21,6
DA:25,48
DA:29,48
LF:7
LH:7
BRDA:29,0,0,8
BRDA:29,0,1,40
BRF:2
BRH:2
end_of_record
TN:
SF:src/components/players/TopPlayerCard.tsx
FN:27,TopPlayerCard
FN:55,(anonymous_1)
FNF:2
FNH:2
FNDA:8,TopPlayerCard
FNDA:1,(anonymous_1)
DA:1,1
DA:2,1
DA:27,1
DA:33,8
DA:34,8
DA:37,8
DA:39,8
DA:56,1
LF:8
LH:8
BRDA:44,0,0,1
BRDA:44,0,1,7
BRF:2
BRH:2
end_of_record
TN:
SF:src/components/teams/DivisionCard.tsx
FN:25,DivisionCard
FN:37,(anonymous_1)
FN:39,(anonymous_2)
FN:51,(anonymous_3)
FNF:4
FNH:4
FNDA:8,DivisionCard
FNDA:14,(anonymous_1)
FNDA:2,(anonymous_2)
FNDA:2,(anonymous_3)
DA:1,1
DA:2,1
DA:25,1
DA:30,8
DA:32,8
DA:38,14
DA:39,14
DA:41,14
DA:51,2
LF:9
LH:9
BRDA:27,0,0,6
BRDA:30,1,0,8
BRDA:30,1,1,0
BRDA:44,2,0,1
BRDA:44,2,1,13
BRDA:53,3,0,14
BRDA:53,3,1,0
BRF:7
BRH:5
end_of_record
TN:
SF:src/components/teams/TeamDetailPanel.tsx
FN:59,TeamDetailPanel
FN:67,(anonymous_1)
FN:68,loadTeamDetail
FN:175,(anonymous_3)
FN:179,(anonymous_4)
FNF:5
FNH:5
FNDA:14,TeamDetailPanel
FNDA:9,(anonymous_1)
FNDA:9,loadTeamDetail
FNDA:2,(anonymous_3)
FNDA:1,(anonymous_4)
DA:1,1
DA:2,1
DA:3,1
DA:4,1
DA:5,1
DA:59,1
DA:60,14
DA:61,14
DA:62,14
DA:63,14
DA:64,14
DA:65,14
DA:67,14
DA:69,9
DA:70,9
DA:71,9
DA:73,9
DA:78,5
DA:79,5
DA:81,1
DA:82,1
DA:84,6
DA:88,9
DA:91,14
DA:176,2
DA:180,1
LF:26
LH:26
BRDA:103,0,0,14
BRDA:103,0,1,0
BRDA:114,1,0,4
BRDA:114,1,1,10
BRDA:117,2,0,4
BRDA:117,2,1,10
BRDA:132,3,0,9
BRDA:132,3,1,5
BRDA:137,4,0,1
BRDA:137,4,1,4
BRDA:137,5,0,5
BRDA:137,5,1,4
BRDA:140,6,0,1
BRDA:140,6,1,0
BRDA:202,7,0,2
BRDA:202,7,1,0
BRDA:206,8,0,2
BRDA:206,8,1,0
BRDA:210,9,0,2
BRDA:210,9,1,0
BRDA:214,10,0,2
BRDA:214,10,1,0
BRDA:218,11,0,2
BRDA:218,11,1,0
BRDA:222,12,0,2
BRDA:222,12,1,0
BRDA:226,13,0,2
BRDA:226,13,1,0
BRF:28
BRH:19
end_of_record
TN:
SF:src/pages/Fantasy/Fantasy.tsx
FN:19,fantasyScore
FN:30,Fantasy
FN:34,(anonymous_2)
FN:35,loadPlayers
FN:40,(anonymous_4)
FN:91,(anonymous_5)
FN:92,(anonymous_6)
FNF:7
FNH:7
FNDA:115,fantasyScore
FNDA:15,Fantasy
FNDA:8,(anonymous_2)
FNDA:8,loadPlayers
FNDA:43,(anonymous_4)
FNDA:36,(anonymous_5)
FNDA:43,(anonymous_6)
DA:1,1
DA:2,1
DA:17,1
DA:20,115
DA:30,1
DA:31,15
DA:32,15
DA:34,15
DA:36,8
DA:37,8
DA:38,7
DA:40,43
DA:52,7
DA:54,7
DA:58,8
DA:61,15
DA:63,7
DA:91,36
DA:93,43
LF:19
LH:19
BRDA:61,0,0,8
BRDA:61,0,1,7
BRDA:96,1,0,43
BRDA:96,1,1,6
BRF:4
BRH:4
end_of_record
TN:
SF:src/pages/GetStarted/GetStartedPage.tsx
FN:14,GetStartedPage
FN:39,(anonymous_2)
FN:45,(anonymous_3)
FN:84,(anonymous_4)
FN:102,(anonymous_5)
FN:116,(anonymous_6)
FN:123,(anonymous_7)
FN:124,(anonymous_8)
FN:125,(anonymous_9)
FN:126,(anonymous_10)
FN:126,(anonymous_11)
FN:128,(anonymous_12)
FN:128,(anonymous_13)
FN:129,(anonymous_14)
FN:130,(anonymous_15)
FN:130,(anonymous_16)
FN:166,(anonymous_17)
FN:177,(anonymous_18)
FN:188,(anonymous_19)
FN:199,(anonymous_20)
FN:210,(anonymous_21)
FNF:21
FNH:8
FNDA:76,GetStartedPage
FNDA:2,(anonymous_2)
FNDA:13,(anonymous_3)
FNDA:0,(anonymous_4)
FNDA:0,(anonymous_5)
FNDA:0,(anonymous_6)
FNDA:0,(anonymous_7)
FNDA:0,(anonymous_8)
FNDA:0,(anonymous_9)
FNDA:0,(anonymous_10)
FNDA:0,(anonymous_11)
FNDA:0,(anonymous_12)
FNDA:0,(anonymous_13)
FNDA:0,(anonymous_14)
FNDA:0,(anonymous_15)
FNDA:0,(anonymous_16)
FNDA:9,(anonymous_17)
FNDA:9,(anonymous_18)
FNDA:9,(anonymous_19)
FNDA:9,(anonymous_20)
FNDA:9,(anonymous_21)
DA:1,1
DA:2,1
DA:3,1
DA:4,1
DA:5,1
DA:6,1
DA:7,1
DA:8,1
DA:12,1
DA:14,1
DA:15,76
DA:18,76
DA:21,76
DA:22,76
DA:23,76
DA:24,76
DA:25,76
DA:29,76
DA:30,76
DA:33,76
DA:35,76
DA:39,76
DA:40,2
DA:41,1
DA:42,0
DA:45,76
DA:47,13
DA:48,10
DA:50,10
DA:51,1
DA:52,1
DA:54,9
DA:55,1
DA:58,1
DA:60,8
DA:61,1
DA:62,1
DA:65,7
DA:66,7
DA:67,7
DA:69,5
DA:71,1
DA:73,6
DA:75,6
DA:79,3
DA:80,2
DA:81,0
DA:82,0
DA:83,0
DA:84,0
DA:86,0
DA:88,0
DA:90,0
DA:93,2
DA:94,2
DA:98,1
DA:99,0
DA:100,0
DA:101,0
DA:102,0
DA:104,0
DA:106,0
DA:108,0
DA:111,1
DA:116,76
DA:117,0
DA:118,0
DA:123,76
DA:124,0
DA:125,76
DA:126,0
DA:128,76
DA:129,76
DA:130,0
DA:134,76
DA:166,9
DA:177,9
DA:188,9
DA:199,9
DA:210,9
LF:80
LH:60
BRDA:40,0,0,1
BRDA:40,0,1,1
BRDA:41,1,0,1
BRDA:41,1,1,0
BRDA:47,2,0,10
BRDA:47,2,1,3
BRDA:50,3,0,1
BRDA:50,3,1,9
BRDA:50,4,0,10
BRDA:50,4,1,9
BRDA:50,4,2,9
BRDA:50,4,3,9
BRDA:50,4,4,9
BRDA:54,5,0,1
BRDA:54,5,1,8
BRDA:60,6,0,1
BRDA:60,6,1,7
BRDA:71,7,0,1
BRDA:71,7,1,0
BRDA:79,8,0,2
BRDA:79,8,1,1
BRDA:80,9,0,0
BRDA:80,9,1,2
BRDA:98,10,0,0
BRDA:98,10,1,1
BRDA:117,11,0,0
BRDA:117,11,1,0
BRDA:154,12,0,76
BRDA:154,12,1,69
BRDA:215,13,0,69
BRDA:215,13,1,4
BRDA:220,14,0,76
BRDA:220,14,1,5
BRDA:230,15,0,76
BRDA:230,15,1,2
BRDA:246,16,0,7
BRDA:246,16,1,69
BRF:37
BRH:31
end_of_record
TN:
SF:src/pages/Login/CarouselCards.tsx
FN:5,MiniChart
FN:14,(anonymous_1)
FN:15,(anonymous_2)
FN:23,(anonymous_3)
FN:28,(anonymous_4)
FN:30,(anonymous_5)
FN:34,(anonymous_6)
FN:170,PlayerRow
FN:204,(anonymous_8)
FN:223,TrackPlayersCard
FN:257,TeamStatsCard
FN:278,(anonymous_11)
FN:304,(anonymous_12)
FN:328,MiniPanel
FN:383,(anonymous_14)
FN:407,ComparePlayersCard
FN:443,CompareTeamsCard
FN:485,AddFriendsCard
FN:497,(anonymous_18)
FN:513,(anonymous_19)
FN:526,SeeHowYouCompareCard
FN:556,(anonymous_21)
FNF:22
FNH:0
FNDA:0,MiniChart
FNDA:0,(anonymous_1)
FNDA:0,(anonymous_2)
FNDA:0,(anonymous_3)
FNDA:0,(anonymous_4)
FNDA:0,(anonymous_5)
FNDA:0,(anonymous_6)
FNDA:0,PlayerRow
FNDA:0,(anonymous_8)
FNDA:0,TrackPlayersCard
FNDA:0,TeamStatsCard
FNDA:0,(anonymous_11)
FNDA:0,(anonymous_12)
FNDA:0,MiniPanel
FNDA:0,(anonymous_14)
FNDA:0,ComparePlayersCard
FNDA:0,CompareTeamsCard
FNDA:0,AddFriendsCard
FNDA:0,(anonymous_18)
FNDA:0,(anonymous_19)
FNDA:0,SeeHowYouCompareCard
FNDA:0,(anonymous_21)
DA:1,0
DA:12,0
DA:13,0
DA:14,0
DA:15,0
DA:16,0
DA:17,0
DA:18,0
DA:19,0
DA:20,0
DA:21,0
DA:23,0
DA:28,0
DA:30,0
DA:32,0
DA:35,0
DA:58,0
DA:80,0
DA:102,0
DA:124,0
DA:146,0
DA:187,0
DA:205,0
DA:223,0
DA:224,0
DA:257,0
DA:258,0
DA:279,0
DA:305,0
DA:347,0
DA:384,0
DA:407,0
DA:408,0
DA:443,0
DA:444,0
DA:485,0
DA:486,0
DA:498,0
DA:514,0
DA:526,0
DA:527,0
DA:557,0
LF:42
LH:0
BRDA:7,0,0,0
BRDA:20,1,0,0
BRDA:20,1,1,0
BRDA:21,2,0,0
BRDA:21,2,1,0
BRDA:210,3,0,0
BRDA:210,3,1,0
BRDA:362,4,0,0
BRDA:362,4,1,0
BRDA:381,5,0,0
BRDA:381,5,1,0
BRDA:387,6,0,0
BRDA:387,6,1,0
BRDA:389,7,0,0
BRDA:389,7,1,0
BRDA:501,8,0,0
BRDA:501,8,1,0
BRDA:559,9,0,0
BRDA:559,9,1,0
BRF:19
BRH:0
end_of_record
TN:
SF:src/pages/Login/LoginFormPage.tsx
FN:7,LoginFormPage
FN:19,(anonymous_1)
FN:54,(anonymous_2)
FN:69,(anonymous_3)
FN:80,(anonymous_4)
FNF:5
FNH:5
FNDA:23,LoginFormPage
FNDA:5,(anonymous_1)
FNDA:1,(anonymous_2)
FNDA:4,(anonymous_3)
FNDA:4,(anonymous_4)
DA:1,1
DA:2,1
DA:3,1
DA:4,1
DA:5,1
DA:7,1
DA:8,23
DA:11,23
DA:12,23
DA:15,23
DA:17,23
DA:19,23
DA:20,5
DA:23,5
DA:24,1
DA:25,1
DA:29,4
DA:30,4
DA:31,4
DA:32,2
DA:35,1
DA:37,3
DA:41,23
DA:54,1
DA:69,4
DA:80,4
LF:26
LH:26
BRDA:23,0,0,1
BRDA:23,0,1,4
BRDA:23,1,0,5
BRDA:23,1,1,4
BRDA:35,2,0,1
BRDA:35,2,1,0
BRDA:86,3,0,23
BRDA:86,3,1,2
BRDA:97,4,0,4
BRDA:97,4,1,19
BRF:10
BRH:9
end_of_record
TN:
SF:src/pages/Login/LoginPage.tsx
FN:35,cardContent
FN:54,LoginPage
FN:63,(anonymous_2)
FN:70,(anonymous_3)
FN:72,(anonymous_4)
FN:81,(anonymous_5)
FN:93,(anonymous_6)
FN:99,(anonymous_7)
FN:114,(anonymous_8)
FN:120,(anonymous_9)
FN:142,(anonymous_10)
FN:152,(anonymous_11)
FN:166,(anonymous_12)
FNF:13
FNH:7
FNDA:60,cardContent
FNDA:5,LoginPage
FNDA:5,(anonymous_2)
FNDA:0,(anonymous_3)
FNDA:0,(anonymous_4)
FNDA:0,(anonymous_5)
FNDA:0,(anonymous_6)
FNDA:0,(anonymous_7)
FNDA:0,(anonymous_8)
FNDA:5,(anonymous_9)
FNDA:1,(anonymous_10)
FNDA:1,(anonymous_11)
FNDA:60,(anonymous_12)
DA:1,1
DA:2,1
DA:3,1
DA:4,1
DA:19,1
DA:30,1
DA:32,1
DA:33,1
DA:36,60
DA:38,10
DA:40,10
DA:42,10
DA:44,10
DA:46,10
DA:48,10
DA:50,0
DA:54,1
DA:55,5
DA:57,5
DA:58,5
DA:59,5
DA:60,5
DA:61,5
DA:63,5
DA:64,5
DA:65,5
DA:66,5
DA:70,5
DA:72,5
DA:73,0
DA:74,0
DA:75,0
DA:81,5
DA:82,0
DA:83,0
DA:84,0
DA:86,0
DA:87,0
DA:90,5
DA:93,5
DA:94,0
DA:97,0
DA:98,0
DA:99,0
DA:100,0
DA:105,0
DA:106,0
DA:107,0
DA:111,5
DA:114,5
DA:115,0
DA:116,0
DA:118,5
DA:120,5
DA:121,5
DA:122,5
DA:123,5
DA:124,5
DA:128,5
DA:142,1
DA:152,1
DA:167,60
LF:62
LH:43
BRDA:36,0,0,10
BRDA:36,0,1,10
BRDA:36,0,2,10
BRDA:36,0,3,10
BRDA:36,0,4,10
BRDA:36,0,5,10
BRDA:36,0,6,0
BRDA:66,1,0,0
BRDA:66,1,1,5
BRDA:66,2,0,5
BRDA:66,2,1,5
BRDA:74,3,0,0
BRDA:74,3,1,0
BRDA:75,4,0,0
BRDA:75,4,1,0
BRDA:82,5,0,0
BRDA:82,5,1,0
BRDA:98,6,0,0
BRDA:98,6,1,0
BRDA:105,7,0,0
BRDA:105,7,1,0
BRDA:115,8,0,0
BRDA:115,8,1,0
BRDA:124,9,0,0
BRDA:124,9,1,5
BRDA:169,10,0,20
BRDA:169,10,1,40
BRF:27
BRH:12
end_of_record
TN:
SF:src/pages/Players/PlayerBio.tsx
FN:16,PlayerBio
FN:23,(anonymous_1)
FN:24,loadBio
FNF:3
FNH:3
FNDA:13,PlayerBio
FNDA:7,(anonymous_1)
FNDA:7,loadBio
DA:1,1
DA:3,1
DA:16,1
DA:21,13
DA:23,13
DA:25,7
DA:26,7
DA:31,7
DA:35,5
DA:36,1
DA:39,4
DA:40,4
DA:42,2
DA:43,2
DA:49,7
DA:52,13
DA:54,6
LF:17
LH:17
BRDA:28,0,0,7
BRDA:28,0,1,5
BRDA:35,1,0,1
BRDA:35,1,1,4
BRDA:52,2,0,7
BRDA:52,2,1,6
BRDA:59,3,0,6
BRDA:59,3,1,1
BRF:8
BRH:8
end_of_record
TN:
SF:src/pages/Standings/StandingsPage.tsx
FN:9,StandingsTable
FN:36,(anonymous_1)
FN:67,StandingsPage
FN:75,(anonymous_3)
FN:76,loadStandings
FN:106,(anonymous_5)
FN:110,(anonymous_6)
FNF:7
FNH:5
FNDA:10,StandingsTable
FNDA:8,(anonymous_1)
FNDA:15,StandingsPage
FNDA:8,(anonymous_3)
FNDA:8,loadStandings
FNDA:0,(anonymous_5)
FNDA:0,(anonymous_6)
DA:1,1
DA:2,1
DA:7,1
DA:16,10
DA:37,8
DA:67,1
DA:68,15
DA:69,15
DA:70,15
DA:71,15
DA:75,15
DA:77,8
DA:78,8
DA:79,8
DA:80,5
DA:81,5
DA:83,2
DA:85,7
DA:89,8
DA:92,15
DA:93,8
DA:96,7
DA:97,2
DA:100,5
DA:106,0
DA:110,0
LF:26
LH:24
BRDA:43,0,0,8
BRDA:43,0,1,0
BRDA:44,1,0,8
BRDA:44,1,1,0
BRDA:45,2,0,8
BRDA:45,2,1,0
BRDA:48,3,0,8
BRDA:48,3,1,0
BRDA:54,4,0,8
BRDA:54,4,1,0
BRDA:83,5,0,1
BRDA:83,5,1,1
BRDA:92,6,0,8
BRDA:92,6,1,7
BRDA:96,7,0,2
BRDA:96,7,1,5
BRDA:114,8,0,5
BRDA:114,8,1,1
BRDA:115,9,0,5
BRDA:115,9,1,1
BRF:20
BRH:15
end_of_record
TN:
SF:src/pages/Teams/TeamsPage.tsx
FN:39,groupTeamsByDivision
FN:49,(anonymous_2)
FN:52,(anonymous_3)
FN:53,(anonymous_4)
FN:65,TeamsPage
FN:71,(anonymous_6)
FN:72,loadTeams
FN:81,(anonymous_8)
FN:114,(anonymous_9)
FN:115,(anonymous_10)
FN:116,(anonymous_11)
FN:119,(anonymous_12)
FN:130,(anonymous_13)
FN:131,(anonymous_14)
FN:131,(anonymous_15)
FN:174,(anonymous_16)
FN:186,(anonymous_17)
FN:190,(anonymous_18)
FNF:18
FNH:9
FNDA:15,groupTeamsByDivision
FNDA:90,(anonymous_2)
FNDA:96,(anonymous_3)
FNDA:16,(anonymous_4)
FNDA:11,TeamsPage
FNDA:6,(anonymous_6)
FNDA:6,loadTeams
FNDA:8,(anonymous_8)
FNDA:0,(anonymous_9)
FNDA:0,(anonymous_10)
FNDA:0,(anonymous_11)
FNDA:0,(anonymous_12)
FNDA:0,(anonymous_13)
FNDA:0,(anonymous_14)
FNDA:0,(anonymous_15)
FNDA:24,(anonymous_16)
FNDA:0,(anonymous_17)
FNDA:0,(anonymous_18)
DA:1,1
DA:2,1
DA:3,1
DA:4,1
DA:5,1
DA:40,15
DA:49,90
DA:52,96
DA:53,16
DA:65,1
DA:66,11
DA:67,11
DA:68,11
DA:69,11
DA:71,11
DA:73,6
DA:74,6
DA:75,6
DA:77,6
DA:79,4
DA:81,8
DA:99,4
DA:100,4
DA:102,4
DA:104,1
DA:105,1
DA:107,5
DA:111,6
DA:114,11
DA:115,0
DA:116,0
DA:118,0
DA:119,0
DA:122,0
DA:123,0
DA:126,0
DA:130,11
DA:131,0
DA:134,11
DA:135,11
DA:137,11
DA:138,6
DA:141,5
DA:142,1
DA:145,4
DA:175,24
DA:187,0
DA:190,0
LF:48
LH:38
BRDA:118,0,0,0
BRDA:118,0,1,0
BRDA:122,1,0,0
BRDA:122,1,1,0
BRDA:137,2,0,6
BRDA:137,2,1,5
BRDA:141,3,0,1
BRDA:141,3,1,4
BRDA:146,4,0,0
BRDA:146,4,1,4
BRDA:147,5,0,4
BRDA:147,5,1,4
BRDA:173,6,0,0
BRDA:173,6,1,4
BRDA:184,7,0,4
BRDA:184,7,1,0
BRF:16
BRH:9
end_of_record
