TN:
SF:src/App/App.tsx
FN:17,App
FNF:1
FNH:0
FNDA:0,App
DA:1,0
DA:2,0
DA:3,0
DA:4,0
DA:5,0
DA:6,0
DA:7,0
DA:8,0
DA:10,0
DA:11,0
DA:12,0
DA:13,0
DA:14,0
DA:15,0
DA:18,0
DA:47,0
LF:16
LH:0
BRF:0
BRH:0
end_of_record
TN:
SF:src/assets/teamAssets.ts
FN:148,getTeamAsset
FN:157,getTeamNbaId
FNF:2
FNH:0
FNDA:0,getTeamAsset
FNDA:0,getTeamNbaId
DA:13,0
DA:148,0
DA:149,0
DA:157,0
DA:158,0
DA:159,0
DA:160,0
DA:161,0
LF:8
LH:0
BRDA:149,0,0,0
BRDA:149,0,1,0
BRDA:159,1,0,0
BRDA:159,1,1,0
BRDA:161,2,0,0
BRDA:161,2,1,0
BRF:6
BRH:0
end_of_record
TN:
SF:src/assets/teamLogos.ts
FNF:0
FNH:0
DA:2,0
LF:1
LH:0
BRF:0
BRH:0
end_of_record
TN:
SF:src/components/games/GameCard.tsx
FN:28,GameCard
FNF:1
FNH:1
FNDA:11,GameCard
DA:1,1
DA:2,1
DA:28,1
DA:36,11
DA:37,11
DA:40,11
DA:42,11
DA:44,11
LF:8
LH:8
BRDA:42,0,0,11
BRDA:42,0,1,10
BRDA:46,1,0,2
BRDA:46,1,1,9
BRDA:48,2,0,1
BRDA:48,2,1,10
BRDA:56,3,0,1
BRDA:56,3,1,10
BRDA:59,4,0,10
BRDA:59,4,1,1
BRDA:69,5,0,11
BRDA:69,5,1,1
BRDA:79,6,0,1
BRDA:79,6,1,10
BRDA:82,7,0,10
BRDA:82,7,1,1
BRDA:92,8,0,11
BRDA:92,8,1,1
BRF:18
BRH:18
end_of_record
TN:
SF:src/components/layout/Layout.tsx
FN:8,Layout
FNF:1
FNH:0
FNDA:0,Layout
DA:2,0
DA:8,0
DA:9,0
LF:3
LH:0
BRF:0
BRH:0
end_of_record
TN:
SF:src/components/layout/TopNav.tsx
FN:20,TopNav
FN:24,(anonymous_1)
FN:29,(anonymous_2)
FNF:3
FNH:3
FNDA:6,TopNav
FNDA:48,(anonymous_1)
FNDA:48,(anonymous_2)
DA:1,1
DA:2,1
DA:9,1
DA:20,1
DA:21,6
DA:25,48
DA:29,48
LF:7
LH:7
BRDA:29,0,0,8
BRDA:29,0,1,40
BRF:2
BRH:2
end_of_record
TN:
SF:src/components/players/TopPlayerCard.tsx
FN:27,TopPlayerCard
FN:55,(anonymous_1)
FNF:2
FNH:0
FNDA:0,TopPlayerCard
FNDA:0,(anonymous_1)
DA:1,0
DA:2,0
DA:27,0
DA:33,0
DA:34,0
DA:37,0
DA:39,0
DA:56,0
LF:8
LH:0
BRDA:44,0,0,0
BRDA:44,0,1,0
BRF:2
BRH:0
end_of_record
TN:
SF:src/components/teams/DivisionCard.tsx
FN:24,DivisionCard
FN:36,(anonymous_1)
FN:38,(anonymous_2)
FN:50,(anonymous_3)
FNF:4
FNH:0
FNDA:0,DivisionCard
FNDA:0,(anonymous_1)
FNDA:0,(anonymous_2)
FNDA:0,(anonymous_3)
DA:1,0
DA:2,0
DA:24,0
DA:29,0
DA:31,0
DA:37,0
DA:38,0
DA:40,0
DA:50,0
LF:9
LH:0
BRDA:26,0,0,0
BRDA:29,1,0,0
BRDA:29,1,1,0
BRDA:43,2,0,0
BRDA:43,2,1,0
BRDA:52,3,0,0
BRDA:52,3,1,0
BRF:7
BRH:0
end_of_record
TN:
SF:src/components/teams/TeamDetailPanel.tsx
FN:35,TeamDetailPanel
FN:41,(anonymous_1)
FN:42,loadTeamDetail
FNF:3
FNH:0
FNDA:0,TeamDetailPanel
FNDA:0,(anonymous_1)
FNDA:0,loadTeamDetail
DA:1,0
DA:2,0
DA:3,0
DA:4,0
DA:35,0
DA:36,0
DA:37,0
DA:38,0
DA:39,0
DA:41,0
DA:43,0
DA:44,0
DA:45,0
DA:47,0
DA:48,0
DA:50,0
DA:51,0
DA:53,0
DA:57,0
DA:60,0
LF:20
LH:0
BRDA:72,0,0,0
BRDA:72,0,1,0
BRDA:83,1,0,0
BRDA:83,1,1,0
BRDA:86,2,0,0
BRDA:86,2,1,0
BRDA:101,3,0,0
BRDA:101,3,1,0
BRDA:106,4,0,0
BRDA:106,4,1,0
BRDA:106,5,0,0
BRDA:106,5,1,0
BRDA:109,6,0,0
BRDA:109,6,1,0
BRF:14
BRH:0
end_of_record
TN:
SF:src/pages/Fantasy/Fantasy.tsx
FN:19,fantasyScore
FN:30,Fantasy
FN:34,(anonymous_2)
FN:35,loadPlayers
FN:40,(anonymous_4)
FN:91,(anonymous_5)
FN:92,(anonymous_6)
FNF:7
FNH:0
FNDA:0,fantasyScore
FNDA:0,Fantasy
FNDA:0,(anonymous_2)
FNDA:0,loadPlayers
FNDA:0,(anonymous_4)
FNDA:0,(anonymous_5)
FNDA:0,(anonymous_6)
DA:1,0
DA:2,0
DA:17,0
DA:20,0
DA:30,0
DA:31,0
DA:32,0
DA:34,0
DA:36,0
DA:37,0
DA:38,0
DA:40,0
DA:52,0
DA:54,0
DA:58,0
DA:61,0
DA:63,0
DA:91,0
DA:93,0
LF:19
LH:0
BRDA:61,0,0,0
BRDA:61,0,1,0
BRDA:96,1,0,0
BRDA:96,1,1,0
BRF:4
BRH:0
end_of_record
TN:
SF:src/pages/GetStarted/GetStartedPage.tsx
FN:14,GetStartedPage
FN:39,(anonymous_2)
FN:45,(anonymous_3)
FN:84,(anonymous_4)
FN:102,(anonymous_5)
FN:116,(anonymous_6)
FN:123,(anonymous_7)
FN:124,(anonymous_8)
FN:125,(anonymous_9)
FN:126,(anonymous_10)
FN:126,(anonymous_11)
FN:128,(anonymous_12)
FN:128,(anonymous_13)
FN:129,(anonymous_14)
FN:130,(anonymous_15)
FN:130,(anonymous_16)
FN:166,(anonymous_17)
FN:177,(anonymous_18)
FN:188,(anonymous_19)
FN:199,(anonymous_20)
FN:210,(anonymous_21)
FNF:21
FNH:8
FNDA:76,GetStartedPage
FNDA:2,(anonymous_2)
FNDA:13,(anonymous_3)
FNDA:0,(anonymous_4)
FNDA:0,(anonymous_5)
FNDA:0,(anonymous_6)
FNDA:0,(anonymous_7)
FNDA:0,(anonymous_8)
FNDA:0,(anonymous_9)
FNDA:0,(anonymous_10)
FNDA:0,(anonymous_11)
FNDA:0,(anonymous_12)
FNDA:0,(anonymous_13)
FNDA:0,(anonymous_14)
FNDA:0,(anonymous_15)
FNDA:0,(anonymous_16)
FNDA:9,(anonymous_17)
FNDA:9,(anonymous_18)
FNDA:9,(anonymous_19)
FNDA:9,(anonymous_20)
FNDA:9,(anonymous_21)
DA:1,1
DA:2,1
DA:3,1
DA:4,1
DA:5,1
DA:6,1
DA:7,1
DA:8,1
DA:12,1
DA:14,1
DA:15,76
DA:18,76
DA:21,76
DA:22,76
DA:23,76
DA:24,76
DA:25,76
DA:29,76
DA:30,76
DA:33,76
DA:35,76
DA:39,76
DA:40,2
DA:41,1
DA:42,0
DA:45,76
DA:47,13
DA:48,10
DA:50,10
DA:51,1
DA:52,1
DA:54,9
DA:55,1
DA:58,1
DA:60,8
DA:61,1
DA:62,1
DA:65,7
DA:66,7
DA:67,7
DA:69,5
DA:71,1
DA:73,6
DA:75,6
DA:79,3
DA:80,2
DA:81,0
DA:82,0
DA:83,0
DA:84,0
DA:86,0
DA:88,0
DA:90,0
DA:93,2
DA:94,2
DA:98,1
DA:99,0
DA:100,0
DA:101,0
DA:102,0
DA:104,0
DA:106,0
DA:108,0
DA:111,1
DA:116,76
DA:117,0
DA:118,0
DA:123,76
DA:124,0
DA:125,76
DA:126,0
DA:128,76
DA:129,76
DA:130,0
DA:134,76
DA:166,9
DA:177,9
DA:188,9
DA:199,9
DA:210,9
LF:80
LH:60
BRDA:40,0,0,1
BRDA:40,0,1,1
BRDA:41,1,0,1
BRDA:41,1,1,0
BRDA:47,2,0,10
BRDA:47,2,1,3
BRDA:50,3,0,1
BRDA:50,3,1,9
BRDA:50,4,0,10
BRDA:50,4,1,9
BRDA:50,4,2,9
BRDA:50,4,3,9
BRDA:50,4,4,9
BRDA:54,5,0,1
BRDA:54,5,1,8
BRDA:60,6,0,1
BRDA:60,6,1,7
BRDA:71,7,0,1
BRDA:71,7,1,0
BRDA:79,8,0,2
BRDA:79,8,1,1
BRDA:80,9,0,0
BRDA:80,9,1,2
BRDA:98,10,0,0
BRDA:98,10,1,1
BRDA:117,11,0,0
BRDA:117,11,1,0
BRDA:154,12,0,76
BRDA:154,12,1,69
BRDA:215,13,0,69
BRDA:215,13,1,4
BRDA:220,14,0,76
BRDA:220,14,1,5
BRDA:230,15,0,76
BRDA:230,15,1,2
BRDA:246,16,0,7
BRDA:246,16,1,69
BRF:37
BRH:31
end_of_record
TN:
SF:src/pages/Login/LoginFormPage.tsx
FN:7,LoginFormPage
FN:19,(anonymous_1)
FN:54,(anonymous_2)
FN:69,(anonymous_3)
FN:80,(anonymous_4)
FNF:5
FNH:5
FNDA:23,LoginFormPage
FNDA:5,(anonymous_1)
FNDA:1,(anonymous_2)
FNDA:4,(anonymous_3)
FNDA:4,(anonymous_4)
DA:1,1
DA:2,1
DA:3,1
DA:4,1
DA:5,1
DA:7,1
DA:8,23
DA:11,23
DA:12,23
DA:15,23
DA:17,23
DA:19,23
DA:20,5
DA:23,5
DA:24,1
DA:25,1
DA:29,4
DA:30,4
DA:31,4
DA:32,2
DA:35,1
DA:37,3
DA:41,23
DA:54,1
DA:69,4
DA:80,4
LF:26
LH:26
BRDA:23,0,0,1
BRDA:23,0,1,4
BRDA:23,1,0,5
BRDA:23,1,1,4
BRDA:35,2,0,1
BRDA:35,2,1,0
BRDA:86,3,0,23
BRDA:86,3,1,2
BRDA:97,4,0,4
BRDA:97,4,1,19
BRF:10
BRH:9
end_of_record
TN:
SF:src/pages/Login/LoginPage.tsx
FN:22,LoginPage
FN:31,(anonymous_1)
FN:38,(anonymous_2)
FN:40,(anonymous_3)
FN:49,(anonymous_4)
FN:61,(anonymous_5)
FN:67,(anonymous_6)
FN:82,(anonymous_7)
FN:88,(anonymous_8)
FN:110,(anonymous_9)
FN:120,(anonymous_10)
FN:134,(anonymous_11)
FNF:12
FNH:0
FNDA:0,LoginPage
FNDA:0,(anonymous_1)
FNDA:0,(anonymous_2)
FNDA:0,(anonymous_3)
FNDA:0,(anonymous_4)
FNDA:0,(anonymous_5)
FNDA:0,(anonymous_6)
FNDA:0,(anonymous_7)
FNDA:0,(anonymous_8)
FNDA:0,(anonymous_9)
FNDA:0,(anonymous_10)
FNDA:0,(anonymous_11)
DA:1,0
DA:2,0
DA:3,0
DA:5,0
DA:17,0
DA:19,0
DA:20,0
DA:22,0
DA:23,0
DA:25,0
DA:26,0
DA:27,0
DA:28,0
DA:29,0
DA:31,0
DA:32,0
DA:33,0
DA:34,0
DA:38,0
DA:40,0
DA:41,0
DA:42,0
DA:43,0
DA:49,0
DA:50,0
DA:51,0
DA:52,0
DA:54,0
DA:55,0
DA:58,0
DA:61,0
DA:62,0
DA:65,0
DA:66,0
DA:67,0
DA:68,0
DA:73,0
DA:74,0
DA:75,0
DA:79,0
DA:82,0
DA:83,0
DA:84,0
DA:86,0
DA:88,0
DA:89,0
DA:90,0
DA:91,0
DA:92,0
DA:96,0
DA:110,0
DA:120,0
DA:135,0
LF:53
LH:0
BRDA:34,0,0,0
BRDA:34,0,1,0
BRDA:34,1,0,0
BRDA:34,1,1,0
BRDA:42,2,0,0
BRDA:42,2,1,0
BRDA:43,3,0,0
BRDA:43,3,1,0
BRDA:50,4,0,0
BRDA:50,4,1,0
BRDA:66,5,0,0
BRDA:66,5,1,0
BRDA:73,6,0,0
BRDA:73,6,1,0
BRDA:83,7,0,0
BRDA:83,7,1,0
BRDA:92,8,0,0
BRDA:92,8,1,0
BRF:18
BRH:0
end_of_record
TN:
SF:src/pages/Standings/StandingsPage.tsx
FN:9,StandingsTable
FN:36,(anonymous_1)
FN:57,StandingsPage
FN:62,(anonymous_3)
FN:63,loadStandings
FNF:5
FNH:5
FNDA:10,StandingsTable
FNDA:8,(anonymous_1)
FNDA:15,StandingsPage
FNDA:8,(anonymous_3)
FNDA:8,loadStandings
DA:1,1
DA:2,1
DA:7,1
DA:16,10
DA:37,8
DA:57,1
DA:58,15
DA:59,15
DA:60,15
DA:62,15
DA:64,8
DA:65,8
DA:66,8
DA:67,5
DA:68,5
DA:70,2
DA:72,7
DA:76,8
DA:79,15
DA:80,8
DA:83,7
DA:84,2
DA:87,5
LF:23
LH:23
BRDA:70,0,0,1
BRDA:70,0,1,1
BRDA:79,1,0,8
BRDA:79,1,1,7
BRDA:83,2,0,2
BRDA:83,2,1,5
BRDA:93,3,0,5
BRDA:93,3,1,1
BRDA:94,4,0,5
BRDA:94,4,1,1
BRF:10
BRH:10
end_of_record
TN:
SF:src/pages/Teams/TeamsPage.tsx
FN:37,groupTeamsByDivision
FN:47,(anonymous_2)
FN:50,(anonymous_3)
FN:51,(anonymous_4)
FN:62,TeamsPage
FN:68,(anonymous_6)
FN:69,loadTeams
FN:78,(anonymous_8)
FN:110,(anonymous_9)
FN:111,(anonymous_10)
FN:112,(anonymous_11)
FN:115,(anonymous_12)
FN:126,(anonymous_13)
FN:127,(anonymous_14)
FN:127,(anonymous_15)
FN:170,(anonymous_16)
FN:182,(anonymous_17)
FN:186,(anonymous_18)
FNF:18
FNH:9
FNDA:15,groupTeamsByDivision
FNDA:90,(anonymous_2)
FNDA:96,(anonymous_3)
FNDA:16,(anonymous_4)
FNDA:11,TeamsPage
FNDA:6,(anonymous_6)
FNDA:6,loadTeams
FNDA:8,(anonymous_8)
FNDA:0,(anonymous_9)
FNDA:0,(anonymous_10)
FNDA:0,(anonymous_11)
FNDA:0,(anonymous_12)
FNDA:0,(anonymous_13)
FNDA:0,(anonymous_14)
FNDA:0,(anonymous_15)
FNDA:24,(anonymous_16)
FNDA:0,(anonymous_17)
FNDA:0,(anonymous_18)
DA:1,1
DA:2,1
DA:3,1
DA:4,1
DA:5,1
DA:38,15
DA:47,90
DA:50,96
DA:51,16
DA:62,1
DA:63,11
DA:64,11
DA:65,11
DA:66,11
DA:68,11
DA:70,6
DA:71,6
DA:72,6
DA:74,6
DA:76,4
DA:78,8
DA:95,4
DA:96,4
DA:98,4
DA:100,1
DA:101,1
DA:103,5
DA:107,6
DA:110,11
DA:111,0
DA:112,0
DA:114,0
DA:115,0
DA:118,0
DA:119,0
DA:122,0
DA:126,11
DA:127,0
DA:130,11
DA:131,11
DA:133,11
DA:134,6
DA:137,5
DA:138,1
DA:141,4
DA:171,24
DA:183,0
DA:186,0
LF:48
LH:38
BRDA:114,0,0,0
BRDA:114,0,1,0
BRDA:118,1,0,0
BRDA:118,1,1,0
BRDA:133,2,0,6
BRDA:133,2,1,5
BRDA:137,3,0,1
BRDA:137,3,1,4
BRDA:142,4,0,0
BRDA:142,4,1,4
BRDA:143,5,0,4
BRDA:143,5,1,4
BRDA:169,6,0,0
BRDA:169,6,1,4
BRDA:180,7,0,4
BRDA:180,7,1,0
BRF:16
BRH:9
end_of_record
