<?xml version="1.0" encoding="UTF-8"?>
<coverage generated="1781031403732" clover="3.2.0">
  <project timestamp="1781031403732" name="All files">
    <metrics statements="45" coveredstatements="36" conditionals="0" coveredconditionals="0" methods="0" coveredmethods="0" elements="45" coveredelements="36" complexity="0" loc="45" ncloc="45" packages="1" files="12" classes="12"/>
    <file name="GameSchedule.js" path="/Users/williamportugal/Desktop/CSC 308/BallerzStatApp/backend/src/models/GameSchedule.js">
      <metrics statements="4" coveredstatements="0" conditionals="0" coveredconditionals="0" methods="0" coveredmethods="0"/>
      <line num="18" count="0" type="stmt"/>
      <line num="20" count="0" type="stmt"/>
      <line num="90" count="0" type="stmt"/>
      <line num="92" count="0" type="stmt"/>
    </file>
    <file name="Player.js" path="/Users/williamportugal/Desktop/CSC 308/BallerzStatApp/backend/src/models/Player.js">
      <metrics statements="3" coveredstatements="3" conditionals="0" coveredconditionals="0" methods="0" coveredmethods="0"/>
      <line num="1" count="1" type="stmt"/>
      <line num="3" count="1" type="stmt"/>
      <line num="120" count="1" type="stmt"/>
    </file>
    <file name="PlayerBio.js" path="/Users/williamportugal/Desktop/CSC 308/BallerzStatApp/backend/src/models/PlayerBio.js">
      <metrics statements="3" coveredstatements="3" conditionals="0" coveredconditionals="0" methods="0" coveredmethods="0"/>
      <line num="1" count="1" type="stmt"/>
      <line num="3" count="1" type="stmt"/>
      <line num="28" count="1" type="stmt"/>
    </file>
    <file name="PlayerCareerStats.js" path="/Users/williamportugal/Desktop/CSC 308/BallerzStatApp/backend/src/models/PlayerCareerStats.js">
      <metrics statements="5" coveredstatements="0" conditionals="0" coveredconditionals="0" methods="0" coveredmethods="0"/>
      <line num="21" count="0" type="stmt"/>
      <line num="23" count="0" type="stmt"/>
      <line num="80" count="0" type="stmt"/>
      <line num="83" count="0" type="stmt"/>
      <line num="85" count="0" type="stmt"/>
    </file>
    <file name="PlayerGameStats.js" path="/Users/williamportugal/Desktop/CSC 308/BallerzStatApp/backend/src/models/PlayerGameStats.js">
      <metrics statements="4" coveredstatements="4" conditionals="0" coveredconditionals="0" methods="0" coveredmethods="0"/>
      <line num="1" count="1" type="stmt"/>
      <line num="3" count="1" type="stmt"/>
      <line num="105" count="1" type="stmt"/>
      <line num="116" count="1" type="stmt"/>
    </file>
    <file name="PlayerSeasonStats.js" path="/Users/williamportugal/Desktop/CSC 308/BallerzStatApp/backend/src/models/PlayerSeasonStats.js">
      <metrics statements="4" coveredstatements="4" conditionals="0" coveredconditionals="0" methods="0" coveredmethods="0"/>
      <line num="1" count="1" type="stmt"/>
      <line num="23" count="1" type="stmt"/>
      <line num="143" count="1" type="stmt"/>
      <line num="148" count="1" type="stmt"/>
    </file>
    <file name="Team.js" path="/Users/williamportugal/Desktop/CSC 308/BallerzStatApp/backend/src/models/Team.js">
      <metrics statements="3" coveredstatements="3" conditionals="0" coveredconditionals="0" methods="0" coveredmethods="0"/>
      <line num="1" count="1" type="stmt"/>
      <line num="3" count="1" type="stmt"/>
      <line num="96" count="1" type="stmt"/>
    </file>
    <file name="TeamGameStats.js" path="/Users/williamportugal/Desktop/CSC 308/BallerzStatApp/backend/src/models/TeamGameStats.js">
      <metrics statements="4" coveredstatements="4" conditionals="0" coveredconditionals="0" methods="0" coveredmethods="0"/>
      <line num="1" count="1" type="stmt"/>
      <line num="3" count="1" type="stmt"/>
      <line num="130" count="1" type="stmt"/>
      <line num="141" count="1" type="stmt"/>
    </file>
    <file name="TeamSeasonStats.js" path="/Users/williamportugal/Desktop/CSC 308/BallerzStatApp/backend/src/models/TeamSeasonStats.js">
      <metrics statements="4" coveredstatements="4" conditionals="0" coveredconditionals="0" methods="0" coveredmethods="0"/>
      <line num="1" count="1" type="stmt"/>
      <line num="23" count="1" type="stmt"/>
      <line num="139" count="1" type="stmt"/>
      <line num="144" count="1" type="stmt"/>
    </file>
    <file name="User.js" path="/Users/williamportugal/Desktop/CSC 308/BallerzStatApp/backend/src/models/User.js">
      <metrics statements="3" coveredstatements="3" conditionals="0" coveredconditionals="0" methods="0" coveredmethods="0"/>
      <line num="1" count="1" type="stmt"/>
      <line num="5" count="1" type="stmt"/>
      <line num="56" count="1" type="stmt"/>
    </file>
    <file name="UserGameStats.js" path="/Users/williamportugal/Desktop/CSC 308/BallerzStatApp/backend/src/models/UserGameStats.js">
      <metrics statements="4" coveredstatements="4" conditionals="0" coveredconditionals="0" methods="0" coveredmethods="0"/>
      <line num="1" count="1" type="stmt"/>
      <line num="5" count="1" type="stmt"/>
      <line num="22" count="1" type="stmt"/>
      <line num="24" count="1" type="stmt"/>
    </file>
    <file name="UserSeasonStats.js" path="/Users/williamportugal/Desktop/CSC 308/BallerzStatApp/backend/src/models/UserSeasonStats.js">
      <metrics statements="4" coveredstatements="4" conditionals="0" coveredconditionals="0" methods="0" coveredmethods="0"/>
      <line num="1" count="1" type="stmt"/>
      <line num="5" count="1" type="stmt"/>
      <line num="21" count="1" type="stmt"/>
      <line num="23" count="1" type="stmt"/>
    </file>
  </project>
</coverage>
