{"/Users/williamportugal/Desktop/CSC 308/BallerzStatApp/backend/src/middleware/auth.js": {"path":"/Users/williamportugal/Desktop/CSC 308/BallerzStatApp/backend/src/middleware/auth.js","statementMap":{"0":{"start":{"line":3,"column":12},"end":{"line":3,"column":35}},"1":{"start":{"line":4,"column":13},"end":{"line":4,"column":38}},"2":{"start":{"line":16,"column":21},"end":{"line":16,"column":52}},"3":{"start":{"line":17,"column":16},"end":{"line":17,"column":77}},"4":{"start":{"line":19,"column":2},"end":{"line":21,"column":3}},"5":{"start":{"line":20,"column":4},"end":{"line":20,"column":73}},"6":{"start":{"line":23,"column":2},"end":{"line":29,"column":3}},"7":{"start":{"line":24,"column":20},"end":{"line":24,"column":61}},"8":{"start":{"line":25,"column":4},"end":{"line":25,"column":32}},"9":{"start":{"line":26,"column":4},"end":{"line":26,"column":11}},"10":{"start":{"line":28,"column":4},"end":{"line":28,"column":74}},"11":{"start":{"line":41,"column":2},"end":{"line":49,"column":3}},"12":{"start":{"line":42,"column":17},"end":{"line":42,"column":55}},"13":{"start":{"line":43,"column":4},"end":{"line":45,"column":5}},"14":{"start":{"line":44,"column":6},"end":{"line":44,"column":73}},"15":{"start":{"line":46,"column":4},"end":{"line":46,"column":11}},"16":{"start":{"line":48,"column":4},"end":{"line":48,"column":79}},"17":{"start":{"line":52,"column":0},"end":{"line":52,"column":47}}},"fnMap":{"0":{"name":"requireAuth","decl":{"start":{"line":15,"column":9},"end":{"line":15,"column":20}},"loc":{"start":{"line":15,"column":37},"end":{"line":30,"column":1}},"line":15},"1":{"name":"requireAdmin","decl":{"start":{"line":40,"column":15},"end":{"line":40,"column":27}},"loc":{"start":{"line":40,"column":44},"end":{"line":50,"column":1}},"line":40}},"branchMap":{"0":{"loc":{"start":{"line":16,"column":21},"end":{"line":16,"column":52}},"type":"binary-expr","locations":[{"start":{"line":16,"column":21},"end":{"line":16,"column":46}},{"start":{"line":16,"column":50},"end":{"line":16,"column":52}}],"line":16},"1":{"loc":{"start":{"line":17,"column":16},"end":{"line":17,"column":77}},"type":"cond-expr","locations":[{"start":{"line":17,"column":51},"end":{"line":17,"column":70}},{"start":{"line":17,"column":73},"end":{"line":17,"column":77}}],"line":17},"2":{"loc":{"start":{"line":19,"column":2},"end":{"line":21,"column":3}},"type":"if","locations":[{"start":{"line":19,"column":2},"end":{"line":21,"column":3}},{"start":{},"end":{}}],"line":19},"3":{"loc":{"start":{"line":43,"column":4},"end":{"line":45,"column":5}},"type":"if","locations":[{"start":{"line":43,"column":4},"end":{"line":45,"column":5}},{"start":{},"end":{}}],"line":43}},"s":{"0":1,"1":1,"2":0,"3":0,"4":0,"5":0,"6":0,"7":0,"8":0,"9":0,"10":0,"11":0,"12":0,"13":0,"14":0,"15":0,"16":0,"17":1},"f":{"0":0,"1":0},"b":{"0":[0,0],"1":[0,0],"2":[0,0],"3":[0,0]},"_coverageSchema":"1a1c01bbd47fc00a2c39e90264f33305004495a9","hash":"dcbe366f2853e6b33e7771e91577e4dddf8237b0"}
,"/Users/williamportugal/Desktop/CSC 308/BallerzStatApp/backend/src/routes/admin.js": {"path":"/Users/williamportugal/Desktop/CSC 308/BallerzStatApp/backend/src/routes/admin.js","statementMap":{"0":{"start":{"line":3,"column":16},"end":{"line":3,"column":34}},"1":{"start":{"line":4,"column":15},"end":{"line":4,"column":31}},"2":{"start":{"line":5,"column":13},"end":{"line":5,"column":38}},"3":{"start":{"line":6,"column":38},"end":{"line":6,"column":67}},"4":{"start":{"line":9,"column":14},"end":{"line":9,"column":41}},"5":{"start":{"line":14,"column":0},"end":{"line":26,"column":3}},"6":{"start":{"line":15,"column":2},"end":{"line":25,"column":3}},"7":{"start":{"line":16,"column":18},"end":{"line":19,"column":13}},"8":{"start":{"line":21,"column":4},"end":{"line":21,"column":20}},"9":{"start":{"line":23,"column":4},"end":{"line":23,"column":60}},"10":{"start":{"line":24,"column":4},"end":{"line":24,"column":64}},"11":{"start":{"line":31,"column":0},"end":{"line":49,"column":3}},"12":{"start":{"line":32,"column":2},"end":{"line":48,"column":3}},"13":{"start":{"line":33,"column":19},"end":{"line":33,"column":29}},"14":{"start":{"line":35,"column":4},"end":{"line":37,"column":5}},"15":{"start":{"line":36,"column":6},"end":{"line":36,"column":86}},"16":{"start":{"line":39,"column":20},"end":{"line":39,"column":52}},"17":{"start":{"line":40,"column":4},"end":{"line":42,"column":5}},"18":{"start":{"line":41,"column":6},"end":{"line":41,"column":66}},"19":{"start":{"line":44,"column":4},"end":{"line":44,"column":43}},"20":{"start":{"line":46,"column":4},"end":{"line":46,"column":67}},"21":{"start":{"line":47,"column":4},"end":{"line":47,"column":64}},"22":{"start":{"line":55,"column":0},"end":{"line":83,"column":3}},"23":{"start":{"line":56,"column":2},"end":{"line":82,"column":3}},"24":{"start":{"line":57,"column":19},"end":{"line":57,"column":29}},"25":{"start":{"line":58,"column":24},"end":{"line":58,"column":32}},"26":{"start":{"line":60,"column":4},"end":{"line":62,"column":5}},"27":{"start":{"line":61,"column":6},"end":{"line":61,"column":77}},"28":{"start":{"line":64,"column":4},"end":{"line":66,"column":5}},"29":{"start":{"line":65,"column":6},"end":{"line":65,"column":91}},"30":{"start":{"line":68,"column":17},"end":{"line":72,"column":12}},"31":{"start":{"line":74,"column":4},"end":{"line":76,"column":5}},"32":{"start":{"line":75,"column":6},"end":{"line":75,"column":66}},"33":{"start":{"line":78,"column":4},"end":{"line":78,"column":19}},"34":{"start":{"line":80,"column":4},"end":{"line":80,"column":71}},"35":{"start":{"line":81,"column":4},"end":{"line":81,"column":69}},"36":{"start":{"line":85,"column":0},"end":{"line":85,"column":24}}},"fnMap":{"0":{"name":"(anonymous_0)","decl":{"start":{"line":14,"column":28},"end":{"line":14,"column":29}},"loc":{"start":{"line":14,"column":48},"end":{"line":26,"column":1}},"line":14},"1":{"name":"(anonymous_1)","decl":{"start":{"line":31,"column":35},"end":{"line":31,"column":36}},"loc":{"start":{"line":31,"column":55},"end":{"line":49,"column":1}},"line":31},"2":{"name":"(anonymous_2)","decl":{"start":{"line":55,"column":39},"end":{"line":55,"column":40}},"loc":{"start":{"line":55,"column":59},"end":{"line":83,"column":1}},"line":55}},"branchMap":{"0":{"loc":{"start":{"line":35,"column":4},"end":{"line":37,"column":5}},"type":"if","locations":[{"start":{"line":35,"column":4},"end":{"line":37,"column":5}},{"start":{},"end":{}}],"line":35},"1":{"loc":{"start":{"line":40,"column":4},"end":{"line":42,"column":5}},"type":"if","locations":[{"start":{"line":40,"column":4},"end":{"line":42,"column":5}},{"start":{},"end":{}}],"line":40},"2":{"loc":{"start":{"line":60,"column":4},"end":{"line":62,"column":5}},"type":"if","locations":[{"start":{"line":60,"column":4},"end":{"line":62,"column":5}},{"start":{},"end":{}}],"line":60},"3":{"loc":{"start":{"line":64,"column":4},"end":{"line":66,"column":5}},"type":"if","locations":[{"start":{"line":64,"column":4},"end":{"line":66,"column":5}},{"start":{},"end":{}}],"line":64},"4":{"loc":{"start":{"line":64,"column":8},"end":{"line":64,"column":46}},"type":"binary-expr","locations":[{"start":{"line":64,"column":8},"end":{"line":64,"column":25}},{"start":{"line":64,"column":29},"end":{"line":64,"column":46}}],"line":64},"5":{"loc":{"start":{"line":74,"column":4},"end":{"line":76,"column":5}},"type":"if","locations":[{"start":{"line":74,"column":4},"end":{"line":76,"column":5}},{"start":{},"end":{}}],"line":74}},"s":{"0":1,"1":1,"2":1,"3":1,"4":1,"5":1,"6":3,"7":3,"8":2,"9":1,"10":1,"11":1,"12":4,"13":4,"14":4,"15":1,"16":3,"17":2,"18":1,"19":1,"20":1,"21":1,"22":1,"23":5,"24":5,"25":5,"26":5,"27":1,"28":4,"29":1,"30":3,"31":2,"32":1,"33":1,"34":1,"35":1,"36":1},"f":{"0":3,"1":4,"2":5},"b":{"0":[1,3],"1":[1,1],"2":[1,4],"3":[1,3],"4":[4,1],"5":[1,1]},"_coverageSchema":"1a1c01bbd47fc00a2c39e90264f33305004495a9","hash":"b8d56affd335763de750fedcd4681325bfdc6f02"}
,"/Users/williamportugal/Desktop/CSC 308/BallerzStatApp/backend/src/routes/auth.js": {"path":"/Users/williamportugal/Desktop/CSC 308/BallerzStatApp/backend/src/routes/auth.js","statementMap":{"0":{"start":{"line":1,"column":16},"end":{"line":1,"column":34}},"1":{"start":{"line":2,"column":15},"end":{"line":2,"column":34}},"2":{"start":{"line":3,"column":12},"end":{"line":3,"column":35}},"3":{"start":{"line":4,"column":13},"end":{"line":4,"column":38}},"4":{"start":{"line":5,"column":15},"end":{"line":5,"column":42}},"5":{"start":{"line":6,"column":13},"end":{"line":6,"column":38}},"6":{"start":{"line":7,"column":24},"end":{"line":7,"column":53}},"7":{"start":{"line":9,"column":15},"end":{"line":9,"column":31}},"8":{"start":{"line":13,"column":18},"end":{"line":16,"column":4}},"9":{"start":{"line":14,"column":2},"end":{"line":16,"column":4}},"10":{"start":{"line":21,"column":0},"end":{"line":45,"column":3}},"11":{"start":{"line":22,"column":51},"end":{"line":22,"column":59}},"12":{"start":{"line":25,"column":2},"end":{"line":27,"column":3}},"13":{"start":{"line":26,"column":4},"end":{"line":26,"column":73}},"14":{"start":{"line":30,"column":19},"end":{"line":30,"column":69}},"15":{"start":{"line":31,"column":2},"end":{"line":33,"column":3}},"16":{"start":{"line":32,"column":4},"end":{"line":32,"column":91}},"17":{"start":{"line":36,"column":23},"end":{"line":36,"column":54}},"18":{"start":{"line":37,"column":15},"end":{"line":37,"column":78}},"19":{"start":{"line":40,"column":16},"end":{"line":40,"column":35}},"20":{"start":{"line":41,"column":2},"end":{"line":44,"column":5}},"21":{"start":{"line":50,"column":0},"end":{"line":76,"column":3}},"22":{"start":{"line":51,"column":30},"end":{"line":51,"column":38}},"23":{"start":{"line":54,"column":2},"end":{"line":56,"column":3}},"24":{"start":{"line":55,"column":4},"end":{"line":55,"column":81}},"25":{"start":{"line":59,"column":15},"end":{"line":59,"column":65}},"26":{"start":{"line":60,"column":2},"end":{"line":63,"column":3}},"27":{"start":{"line":62,"column":4},"end":{"line":62,"column":75}},"28":{"start":{"line":66,"column":16},"end":{"line":66,"column":65}},"29":{"start":{"line":67,"column":2},"end":{"line":69,"column":3}},"30":{"start":{"line":68,"column":4},"end":{"line":68,"column":75}},"31":{"start":{"line":71,"column":16},"end":{"line":71,"column":35}},"32":{"start":{"line":72,"column":2},"end":{"line":75,"column":5}},"33":{"start":{"line":83,"column":0},"end":{"line":116,"column":3}},"34":{"start":{"line":84,"column":45},"end":{"line":84,"column":53}},"35":{"start":{"line":88,"column":17},"end":{"line":88,"column":19}},"36":{"start":{"line":89,"column":2},"end":{"line":89,"column":91}},"37":{"start":{"line":89,"column":38},"end":{"line":89,"column":91}},"38":{"start":{"line":90,"column":2},"end":{"line":90,"column":89}},"39":{"start":{"line":90,"column":38},"end":{"line":90,"column":89}},"40":{"start":{"line":92,"column":2},"end":{"line":94,"column":3}},"41":{"start":{"line":93,"column":4},"end":{"line":93,"column":71}},"42":{"start":{"line":96,"column":15},"end":{"line":100,"column":3}},"43":{"start":{"line":102,"column":2},"end":{"line":104,"column":3}},"44":{"start":{"line":103,"column":4},"end":{"line":103,"column":64}},"45":{"start":{"line":106,"column":2},"end":{"line":115,"column":5}},"46":{"start":{"line":123,"column":0},"end":{"line":152,"column":3}},"47":{"start":{"line":124,"column":15},"end":{"line":126,"column":11}},"48":{"start":{"line":128,"column":2},"end":{"line":130,"column":3}},"49":{"start":{"line":129,"column":4},"end":{"line":129,"column":64}},"50":{"start":{"line":133,"column":27},"end":{"line":141,"column":4}},"51":{"start":{"line":143,"column":2},"end":{"line":151,"column":5}},"52":{"start":{"line":157,"column":0},"end":{"line":202,"column":3}},"53":{"start":{"line":158,"column":2},"end":{"line":201,"column":3}},"54":{"start":{"line":159,"column":61},"end":{"line":159,"column":69}},"55":{"start":{"line":160,"column":19},"end":{"line":160,"column":21}},"56":{"start":{"line":162,"column":4},"end":{"line":162,"column":55}},"57":{"start":{"line":162,"column":19},"end":{"line":162,"column":55}},"58":{"start":{"line":163,"column":4},"end":{"line":163,"column":54}},"59":{"start":{"line":163,"column":19},"end":{"line":163,"column":54}},"60":{"start":{"line":164,"column":4},"end":{"line":164,"column":53}},"61":{"start":{"line":164,"column":30},"end":{"line":164,"column":53}},"62":{"start":{"line":166,"column":4},"end":{"line":171,"column":5}},"63":{"start":{"line":167,"column":25},"end":{"line":167,"column":51}},"64":{"start":{"line":168,"column":23},"end":{"line":168,"column":90}},"65":{"start":{"line":169,"column":6},"end":{"line":169,"column":86}},"66":{"start":{"line":169,"column":20},"end":{"line":169,"column":86}},"67":{"start":{"line":170,"column":6},"end":{"line":170,"column":32}},"68":{"start":{"line":173,"column":4},"end":{"line":175,"column":5}},"69":{"start":{"line":174,"column":6},"end":{"line":174,"column":60}},"70":{"start":{"line":177,"column":4},"end":{"line":179,"column":5}},"71":{"start":{"line":178,"column":6},"end":{"line":178,"column":70}},"72":{"start":{"line":181,"column":17},"end":{"line":185,"column":5}},"73":{"start":{"line":187,"column":4},"end":{"line":187,"column":75}},"74":{"start":{"line":187,"column":15},"end":{"line":187,"column":75}},"75":{"start":{"line":189,"column":4},"end":{"line":198,"column":7}},"76":{"start":{"line":200,"column":4},"end":{"line":200,"column":64}},"77":{"start":{"line":204,"column":0},"end":{"line":204,"column":24}}},"fnMap":{"0":{"name":"(anonymous_0)","decl":{"start":{"line":13,"column":18},"end":{"line":13,"column":19}},"loc":{"start":{"line":14,"column":2},"end":{"line":16,"column":4}},"line":14},"1":{"name":"(anonymous_1)","decl":{"start":{"line":21,"column":25},"end":{"line":21,"column":26}},"loc":{"start":{"line":21,"column":45},"end":{"line":45,"column":1}},"line":21},"2":{"name":"(anonymous_2)","decl":{"start":{"line":50,"column":22},"end":{"line":50,"column":23}},"loc":{"start":{"line":50,"column":42},"end":{"line":76,"column":1}},"line":50},"3":{"name":"(anonymous_3)","decl":{"start":{"line":83,"column":40},"end":{"line":83,"column":41}},"loc":{"start":{"line":83,"column":60},"end":{"line":116,"column":1}},"line":83},"4":{"name":"(anonymous_4)","decl":{"start":{"line":123,"column":31},"end":{"line":123,"column":32}},"loc":{"start":{"line":123,"column":51},"end":{"line":152,"column":1}},"line":123},"5":{"name":"(anonymous_5)","decl":{"start":{"line":157,"column":38},"end":{"line":157,"column":39}},"loc":{"start":{"line":157,"column":58},"end":{"line":202,"column":1}},"line":157}},"branchMap":{"0":{"loc":{"start":{"line":15,"column":15},"end":{"line":15,"column":49}},"type":"binary-expr","locations":[{"start":{"line":15,"column":15},"end":{"line":15,"column":41}},{"start":{"line":15,"column":45},"end":{"line":15,"column":49}}],"line":15},"1":{"loc":{"start":{"line":25,"column":2},"end":{"line":27,"column":3}},"type":"if","locations":[{"start":{"line":25,"column":2},"end":{"line":27,"column":3}},{"start":{},"end":{}}],"line":25},"2":{"loc":{"start":{"line":25,"column":6},"end":{"line":25,"column":52}},"type":"binary-expr","locations":[{"start":{"line":25,"column":6},"end":{"line":25,"column":16}},{"start":{"line":25,"column":20},"end":{"line":25,"column":29}},{"start":{"line":25,"column":33},"end":{"line":25,"column":39}},{"start":{"line":25,"column":43},"end":{"line":25,"column":52}}],"line":25},"3":{"loc":{"start":{"line":31,"column":2},"end":{"line":33,"column":3}},"type":"if","locations":[{"start":{"line":31,"column":2},"end":{"line":33,"column":3}},{"start":{},"end":{}}],"line":31},"4":{"loc":{"start":{"line":54,"column":2},"end":{"line":56,"column":3}},"type":"if","locations":[{"start":{"line":54,"column":2},"end":{"line":56,"column":3}},{"start":{},"end":{}}],"line":54},"5":{"loc":{"start":{"line":54,"column":6},"end":{"line":54,"column":25}},"type":"binary-expr","locations":[{"start":{"line":54,"column":6},"end":{"line":54,"column":12}},{"start":{"line":54,"column":16},"end":{"line":54,"column":25}}],"line":54},"6":{"loc":{"start":{"line":60,"column":2},"end":{"line":63,"column":3}},"type":"if","locations":[{"start":{"line":60,"column":2},"end":{"line":63,"column":3}},{"start":{},"end":{}}],"line":60},"7":{"loc":{"start":{"line":67,"column":2},"end":{"line":69,"column":3}},"type":"if","locations":[{"start":{"line":67,"column":2},"end":{"line":69,"column":3}},{"start":{},"end":{}}],"line":67},"8":{"loc":{"start":{"line":89,"column":2},"end":{"line":89,"column":91}},"type":"if","locations":[{"start":{"line":89,"column":2},"end":{"line":89,"column":91}},{"start":{},"end":{}}],"line":89},"9":{"loc":{"start":{"line":90,"column":2},"end":{"line":90,"column":89}},"type":"if","locations":[{"start":{"line":90,"column":2},"end":{"line":90,"column":89}},{"start":{},"end":{}}],"line":90},"10":{"loc":{"start":{"line":92,"column":2},"end":{"line":94,"column":3}},"type":"if","locations":[{"start":{"line":92,"column":2},"end":{"line":94,"column":3}},{"start":{},"end":{}}],"line":92},"11":{"loc":{"start":{"line":102,"column":2},"end":{"line":104,"column":3}},"type":"if","locations":[{"start":{"line":102,"column":2},"end":{"line":104,"column":3}},{"start":{},"end":{}}],"line":102},"12":{"loc":{"start":{"line":128,"column":2},"end":{"line":130,"column":3}},"type":"if","locations":[{"start":{"line":128,"column":2},"end":{"line":130,"column":3}},{"start":{},"end":{}}],"line":128},"13":{"loc":{"start":{"line":134,"column":32},"end":{"line":134,"column":58}},"type":"binary-expr","locations":[{"start":{"line":134,"column":32},"end":{"line":134,"column":52}},{"start":{"line":134,"column":56},"end":{"line":134,"column":58}}],"line":134},"14":{"loc":{"start":{"line":138,"column":30},"end":{"line":138,"column":54}},"type":"binary-expr","locations":[{"start":{"line":138,"column":30},"end":{"line":138,"column":48}},{"start":{"line":138,"column":52},"end":{"line":138,"column":54}}],"line":138},"15":{"loc":{"start":{"line":148,"column":15},"end":{"line":148,"column":35}},"type":"binary-expr","locations":[{"start":{"line":148,"column":15},"end":{"line":148,"column":26}},{"start":{"line":148,"column":31},"end":{"line":148,"column":35}}],"line":148},"16":{"loc":{"start":{"line":149,"column":15},"end":{"line":149,"column":33}},"type":"binary-expr","locations":[{"start":{"line":149,"column":15},"end":{"line":149,"column":27}},{"start":{"line":149,"column":31},"end":{"line":149,"column":33}}],"line":149},"17":{"loc":{"start":{"line":162,"column":4},"end":{"line":162,"column":55}},"type":"if","locations":[{"start":{"line":162,"column":4},"end":{"line":162,"column":55}},{"start":{},"end":{}}],"line":162},"18":{"loc":{"start":{"line":163,"column":4},"end":{"line":163,"column":54}},"type":"if","locations":[{"start":{"line":163,"column":4},"end":{"line":163,"column":54}},{"start":{},"end":{}}],"line":163},"19":{"loc":{"start":{"line":164,"column":4},"end":{"line":164,"column":53}},"type":"if","locations":[{"start":{"line":164,"column":4},"end":{"line":164,"column":53}},{"start":{},"end":{}}],"line":164},"20":{"loc":{"start":{"line":166,"column":4},"end":{"line":171,"column":5}},"type":"if","locations":[{"start":{"line":166,"column":4},"end":{"line":171,"column":5}},{"start":{},"end":{}}],"line":166},"21":{"loc":{"start":{"line":169,"column":6},"end":{"line":169,"column":86}},"type":"if","locations":[{"start":{"line":169,"column":6},"end":{"line":169,"column":86}},{"start":{},"end":{}}],"line":169},"22":{"loc":{"start":{"line":173,"column":4},"end":{"line":175,"column":5}},"type":"if","locations":[{"start":{"line":173,"column":4},"end":{"line":175,"column":5}},{"start":{},"end":{}}],"line":173},"23":{"loc":{"start":{"line":177,"column":4},"end":{"line":179,"column":5}},"type":"if","locations":[{"start":{"line":177,"column":4},"end":{"line":179,"column":5}},{"start":{},"end":{}}],"line":177},"24":{"loc":{"start":{"line":187,"column":4},"end":{"line":187,"column":75}},"type":"if","locations":[{"start":{"line":187,"column":4},"end":{"line":187,"column":75}},{"start":{},"end":{}}],"line":187}},"s":{"0":1,"1":1,"2":1,"3":1,"4":1,"5":1,"6":1,"7":1,"8":1,"9":3,"10":1,"11":4,"12":4,"13":1,"14":3,"15":3,"16":1,"17":2,"18":2,"19":2,"20":2,"21":1,"22":4,"23":4,"24":1,"25":3,"26":3,"27":1,"28":2,"29":2,"30":1,"31":1,"32":1,"33":1,"34":4,"35":4,"36":4,"37":2,"38":4,"39":2,"40":4,"41":1,"42":3,"43":3,"44":1,"45":2,"46":1,"47":2,"48":2,"49":1,"50":1,"51":1,"52":1,"53":6,"54":6,"55":6,"56":6,"57":3,"58":6,"59":1,"60":6,"61":0,"62":6,"63":1,"64":1,"65":1,"66":1,"67":0,"68":5,"69":1,"70":5,"71":1,"72":4,"73":3,"74":1,"75":2,"76":1,"77":1},"f":{"0":3,"1":4,"2":4,"3":4,"4":2,"5":6},"b":{"0":[3,1],"1":[1,3],"2":[4,4,3,3],"3":[1,2],"4":[1,3],"5":[4,4],"6":[1,2],"7":[1,1],"8":[2,2],"9":[2,2],"10":[1,3],"11":[1,2],"12":[1,1],"13":[1,0],"14":[1,0],"15":[1,1],"16":[1,0],"17":[3,3],"18":[1,5],"19":[0,6],"20":[1,5],"21":[1,0],"22":[1,4],"23":[1,4],"24":[1,2]},"_coverageSchema":"1a1c01bbd47fc00a2c39e90264f33305004495a9","hash":"777edbe750ee1bf670fa80ce74656e69f8835182"}
,"/Users/williamportugal/Desktop/CSC 308/BallerzStatApp/backend/src/routes/friends.js": {"path":"/Users/williamportugal/Desktop/CSC 308/BallerzStatApp/backend/src/routes/friends.js","statementMap":{"0":{"start":{"line":1,"column":16},"end":{"line":1,"column":34}},"1":{"start":{"line":2,"column":13},"end":{"line":2,"column":38}},"2":{"start":{"line":3,"column":24},"end":{"line":3,"column":60}},"3":{"start":{"line":4,"column":24},"end":{"line":4,"column":53}},"4":{"start":{"line":6,"column":15},"end":{"line":6,"column":31}},"5":{"start":{"line":9,"column":0},"end":{"line":25,"column":3}},"6":{"start":{"line":10,"column":2},"end":{"line":24,"column":3}},"7":{"start":{"line":11,"column":17},"end":{"line":14,"column":13}},"8":{"start":{"line":16,"column":4},"end":{"line":16,"column":75}},"9":{"start":{"line":16,"column":15},"end":{"line":16,"column":75}},"10":{"start":{"line":18,"column":4},"end":{"line":21,"column":7}},"11":{"start":{"line":23,"column":4},"end":{"line":23,"column":65}},"12":{"start":{"line":28,"column":0},"end":{"line":68,"column":3}},"13":{"start":{"line":29,"column":2},"end":{"line":67,"column":3}},"14":{"start":{"line":30,"column":14},"end":{"line":30,"column":40}},"15":{"start":{"line":31,"column":4},"end":{"line":31,"column":42}},"16":{"start":{"line":31,"column":22},"end":{"line":31,"column":42}},"17":{"start":{"line":33,"column":15},"end":{"line":33,"column":99}},"18":{"start":{"line":34,"column":4},"end":{"line":34,"column":73}},"19":{"start":{"line":34,"column":13},"end":{"line":34,"column":73}},"20":{"start":{"line":37,"column":27},"end":{"line":37,"column":93}},"21":{"start":{"line":38,"column":25},"end":{"line":38,"column":68}},"22":{"start":{"line":38,"column":51},"end":{"line":38,"column":67}},"23":{"start":{"line":40,"column":25},"end":{"line":40,"column":75}},"24":{"start":{"line":40,"column":61},"end":{"line":40,"column":74}},"25":{"start":{"line":41,"column":25},"end":{"line":41,"column":70}},"26":{"start":{"line":41,"column":56},"end":{"line":41,"column":69}},"27":{"start":{"line":42,"column":25},"end":{"line":42,"column":80}},"28":{"start":{"line":42,"column":62},"end":{"line":42,"column":79}},"29":{"start":{"line":44,"column":18},"end":{"line":44,"column":36}},"30":{"start":{"line":45,"column":20},"end":{"line":51,"column":13}},"31":{"start":{"line":54,"column":22},"end":{"line":62,"column":8}},"32":{"start":{"line":55,"column":21},"end":{"line":55,"column":105}},"33":{"start":{"line":57,"column":19},"end":{"line":57,"column":35}},"34":{"start":{"line":58,"column":21},"end":{"line":58,"column":27}},"35":{"start":{"line":59,"column":8},"end":{"line":60,"column":61}},"36":{"start":{"line":59,"column":37},"end":{"line":59,"column":55}},"37":{"start":{"line":60,"column":13},"end":{"line":60,"column":61}},"38":{"start":{"line":60,"column":42},"end":{"line":60,"column":61}},"39":{"start":{"line":61,"column":8},"end":{"line":61,"column":32}},"40":{"start":{"line":64,"column":4},"end":{"line":64,"column":24}},"41":{"start":{"line":66,"column":4},"end":{"line":66,"column":56}},"42":{"start":{"line":71,"column":0},"end":{"line":124,"column":3}},"43":{"start":{"line":72,"column":2},"end":{"line":123,"column":3}},"44":{"start":{"line":73,"column":20},"end":{"line":73,"column":73}},"45":{"start":{"line":74,"column":19},"end":{"line":74,"column":86}},"46":{"start":{"line":76,"column":15},"end":{"line":76,"column":71}},"47":{"start":{"line":77,"column":4},"end":{"line":77,"column":73}},"48":{"start":{"line":77,"column":13},"end":{"line":77,"column":73}},"49":{"start":{"line":79,"column":16},"end":{"line":79,"column":51}},"50":{"start":{"line":81,"column":31},"end":{"line":84,"column":6}},"51":{"start":{"line":86,"column":20},"end":{"line":86,"column":22}},"52":{"start":{"line":87,"column":4},"end":{"line":87,"column":57}},"53":{"start":{"line":87,"column":27},"end":{"line":87,"column":57}},"54":{"start":{"line":89,"column":20},"end":{"line":102,"column":6}},"55":{"start":{"line":90,"column":16},"end":{"line":90,"column":50}},"56":{"start":{"line":91,"column":6},"end":{"line":101,"column":8}},"57":{"start":{"line":105,"column":4},"end":{"line":115,"column":5}},"58":{"start":{"line":106,"column":18},"end":{"line":106,"column":31}},"59":{"start":{"line":107,"column":6},"end":{"line":114,"column":7}},"60":{"start":{"line":107,"column":31},"end":{"line":107,"column":47}},"61":{"start":{"line":108,"column":18},"end":{"line":108,"column":36}},"62":{"start":{"line":109,"column":8},"end":{"line":113,"column":11}},"63":{"start":{"line":117,"column":4},"end":{"line":117,"column":50}},"64":{"start":{"line":117,"column":27},"end":{"line":117,"column":48}},"65":{"start":{"line":118,"column":19},"end":{"line":118,"column":65}},"66":{"start":{"line":118,"column":42},"end":{"line":118,"column":63}},"67":{"start":{"line":120,"column":4},"end":{"line":120,"column":21}},"68":{"start":{"line":122,"column":4},"end":{"line":122,"column":69}},"69":{"start":{"line":127,"column":0},"end":{"line":178,"column":3}},"70":{"start":{"line":128,"column":2},"end":{"line":177,"column":3}},"71":{"start":{"line":129,"column":29},"end":{"line":129,"column":37}},"72":{"start":{"line":130,"column":4},"end":{"line":130,"column":93}},"73":{"start":{"line":130,"column":23},"end":{"line":130,"column":93}},"74":{"start":{"line":131,"column":4},"end":{"line":131,"column":105}},"75":{"start":{"line":131,"column":37},"end":{"line":131,"column":105}},"76":{"start":{"line":133,"column":25},"end":{"line":136,"column":6}},"77":{"start":{"line":138,"column":4},"end":{"line":138,"column":77}},"78":{"start":{"line":138,"column":17},"end":{"line":138,"column":77}},"79":{"start":{"line":141,"column":4},"end":{"line":143,"column":5}},"80":{"start":{"line":141,"column":49},"end":{"line":141,"column":77}},"81":{"start":{"line":142,"column":6},"end":{"line":142,"column":71}},"82":{"start":{"line":145,"column":4},"end":{"line":147,"column":5}},"83":{"start":{"line":145,"column":45},"end":{"line":145,"column":75}},"84":{"start":{"line":146,"column":6},"end":{"line":146,"column":89}},"85":{"start":{"line":149,"column":4},"end":{"line":151,"column":5}},"86":{"start":{"line":149,"column":40},"end":{"line":149,"column":70}},"87":{"start":{"line":150,"column":6},"end":{"line":150,"column":67}},"88":{"start":{"line":153,"column":4},"end":{"line":155,"column":5}},"89":{"start":{"line":153,"column":50},"end":{"line":153,"column":82}},"90":{"start":{"line":154,"column":6},"end":{"line":154,"column":72}},"91":{"start":{"line":157,"column":4},"end":{"line":168,"column":5}},"92":{"start":{"line":157,"column":46},"end":{"line":157,"column":80}},"93":{"start":{"line":158,"column":6},"end":{"line":166,"column":9}},"94":{"start":{"line":167,"column":6},"end":{"line":167,"column":72}},"95":{"start":{"line":170,"column":4},"end":{"line":172,"column":7}},"96":{"start":{"line":174,"column":4},"end":{"line":174,"column":62}},"97":{"start":{"line":176,"column":4},"end":{"line":176,"column":65}},"98":{"start":{"line":181,"column":0},"end":{"line":204,"column":3}},"99":{"start":{"line":182,"column":2},"end":{"line":203,"column":3}},"100":{"start":{"line":183,"column":27},"end":{"line":183,"column":35}},"101":{"start":{"line":184,"column":4},"end":{"line":184,"column":89}},"102":{"start":{"line":184,"column":21},"end":{"line":184,"column":89}},"103":{"start":{"line":186,"column":15},"end":{"line":186,"column":78}},"104":{"start":{"line":187,"column":23},"end":{"line":187,"column":94}},"105":{"start":{"line":187,"column":61},"end":{"line":187,"column":93}},"106":{"start":{"line":188,"column":4},"end":{"line":188,"column":91}},"107":{"start":{"line":188,"column":21},"end":{"line":188,"column":91}},"108":{"start":{"line":190,"column":4},"end":{"line":198,"column":7}},"109":{"start":{"line":200,"column":4},"end":{"line":200,"column":54}},"110":{"start":{"line":202,"column":4},"end":{"line":202,"column":67}},"111":{"start":{"line":207,"column":0},"end":{"line":220,"column":3}},"112":{"start":{"line":208,"column":2},"end":{"line":219,"column":3}},"113":{"start":{"line":209,"column":27},"end":{"line":209,"column":35}},"114":{"start":{"line":210,"column":4},"end":{"line":210,"column":89}},"115":{"start":{"line":210,"column":21},"end":{"line":210,"column":89}},"116":{"start":{"line":212,"column":4},"end":{"line":214,"column":7}},"117":{"start":{"line":216,"column":4},"end":{"line":216,"column":54}},"118":{"start":{"line":218,"column":4},"end":{"line":218,"column":68}},"119":{"start":{"line":223,"column":0},"end":{"line":244,"column":3}},"120":{"start":{"line":224,"column":2},"end":{"line":243,"column":3}},"121":{"start":{"line":225,"column":29},"end":{"line":225,"column":37}},"122":{"start":{"line":226,"column":4},"end":{"line":226,"column":93}},"123":{"start":{"line":226,"column":23},"end":{"line":226,"column":93}},"124":{"start":{"line":228,"column":4},"end":{"line":238,"column":7}},"125":{"start":{"line":240,"column":4},"end":{"line":240,"column":43}},"126":{"start":{"line":242,"column":4},"end":{"line":242,"column":63}},"127":{"start":{"line":247,"column":0},"end":{"line":256,"column":3}},"128":{"start":{"line":248,"column":2},"end":{"line":255,"column":3}},"129":{"start":{"line":249,"column":4},"end":{"line":251,"column":7}},"130":{"start":{"line":252,"column":4},"end":{"line":252,"column":45}},"131":{"start":{"line":254,"column":4},"end":{"line":254,"column":65}},"132":{"start":{"line":259,"column":0},"end":{"line":269,"column":3}},"133":{"start":{"line":260,"column":2},"end":{"line":268,"column":3}},"134":{"start":{"line":261,"column":4},"end":{"line":264,"column":7}},"135":{"start":{"line":265,"column":4},"end":{"line":265,"column":45}},"136":{"start":{"line":267,"column":4},"end":{"line":267,"column":66}},"137":{"start":{"line":271,"column":0},"end":{"line":271,"column":24}}},"fnMap":{"0":{"name":"(anonymous_0)","decl":{"start":{"line":9,"column":29},"end":{"line":9,"column":30}},"loc":{"start":{"line":9,"column":49},"end":{"line":25,"column":1}},"line":9},"1":{"name":"(anonymous_1)","decl":{"start":{"line":28,"column":35},"end":{"line":28,"column":36}},"loc":{"start":{"line":28,"column":55},"end":{"line":68,"column":1}},"line":28},"2":{"name":"(anonymous_2)","decl":{"start":{"line":38,"column":44},"end":{"line":38,"column":45}},"loc":{"start":{"line":38,"column":51},"end":{"line":38,"column":67}},"line":38},"3":{"name":"(anonymous_3)","decl":{"start":{"line":40,"column":53},"end":{"line":40,"column":54}},"loc":{"start":{"line":40,"column":61},"end":{"line":40,"column":74}},"line":40},"4":{"name":"(anonymous_4)","decl":{"start":{"line":41,"column":48},"end":{"line":41,"column":49}},"loc":{"start":{"line":41,"column":56},"end":{"line":41,"column":69}},"line":41},"5":{"name":"(anonymous_5)","decl":{"start":{"line":42,"column":55},"end":{"line":42,"column":56}},"loc":{"start":{"line":42,"column":62},"end":{"line":42,"column":79}},"line":42},"6":{"name":"(anonymous_6)","decl":{"start":{"line":55,"column":14},"end":{"line":55,"column":15}},"loc":{"start":{"line":55,"column":21},"end":{"line":55,"column":105}},"line":55},"7":{"name":"(anonymous_7)","decl":{"start":{"line":56,"column":11},"end":{"line":56,"column":12}},"loc":{"start":{"line":56,"column":18},"end":{"line":62,"column":7}},"line":56},"8":{"name":"(anonymous_8)","decl":{"start":{"line":71,"column":40},"end":{"line":71,"column":41}},"loc":{"start":{"line":71,"column":60},"end":{"line":124,"column":1}},"line":71},"9":{"name":"(anonymous_9)","decl":{"start":{"line":89,"column":34},"end":{"line":89,"column":35}},"loc":{"start":{"line":89,"column":41},"end":{"line":102,"column":5}},"line":89},"10":{"name":"(anonymous_10)","decl":{"start":{"line":107,"column":24},"end":{"line":107,"column":25}},"loc":{"start":{"line":107,"column":31},"end":{"line":107,"column":47}},"line":107},"11":{"name":"(anonymous_11)","decl":{"start":{"line":117,"column":17},"end":{"line":117,"column":18}},"loc":{"start":{"line":117,"column":27},"end":{"line":117,"column":48}},"line":117},"12":{"name":"(anonymous_12)","decl":{"start":{"line":118,"column":31},"end":{"line":118,"column":32}},"loc":{"start":{"line":118,"column":42},"end":{"line":118,"column":63}},"line":118},"13":{"name":"(anonymous_13)","decl":{"start":{"line":127,"column":37},"end":{"line":127,"column":38}},"loc":{"start":{"line":127,"column":57},"end":{"line":178,"column":1}},"line":127},"14":{"name":"(anonymous_14)","decl":{"start":{"line":141,"column":41},"end":{"line":141,"column":42}},"loc":{"start":{"line":141,"column":49},"end":{"line":141,"column":77}},"line":141},"15":{"name":"(anonymous_15)","decl":{"start":{"line":145,"column":37},"end":{"line":145,"column":38}},"loc":{"start":{"line":145,"column":45},"end":{"line":145,"column":75}},"line":145},"16":{"name":"(anonymous_16)","decl":{"start":{"line":149,"column":32},"end":{"line":149,"column":33}},"loc":{"start":{"line":149,"column":40},"end":{"line":149,"column":70}},"line":149},"17":{"name":"(anonymous_17)","decl":{"start":{"line":153,"column":43},"end":{"line":153,"column":44}},"loc":{"start":{"line":153,"column":50},"end":{"line":153,"column":82}},"line":153},"18":{"name":"(anonymous_18)","decl":{"start":{"line":157,"column":39},"end":{"line":157,"column":40}},"loc":{"start":{"line":157,"column":46},"end":{"line":157,"column":80}},"line":157},"19":{"name":"(anonymous_19)","decl":{"start":{"line":181,"column":36},"end":{"line":181,"column":37}},"loc":{"start":{"line":181,"column":56},"end":{"line":204,"column":1}},"line":181},"20":{"name":"(anonymous_20)","decl":{"start":{"line":187,"column":54},"end":{"line":187,"column":55}},"loc":{"start":{"line":187,"column":61},"end":{"line":187,"column":93}},"line":187},"21":{"name":"(anonymous_21)","decl":{"start":{"line":207,"column":37},"end":{"line":207,"column":38}},"loc":{"start":{"line":207,"column":57},"end":{"line":220,"column":1}},"line":207},"22":{"name":"(anonymous_22)","decl":{"start":{"line":223,"column":35},"end":{"line":223,"column":36}},"loc":{"start":{"line":223,"column":55},"end":{"line":244,"column":1}},"line":223},"23":{"name":"(anonymous_23)","decl":{"start":{"line":247,"column":51},"end":{"line":247,"column":52}},"loc":{"start":{"line":247,"column":71},"end":{"line":256,"column":1}},"line":247},"24":{"name":"(anonymous_24)","decl":{"start":{"line":259,"column":41},"end":{"line":259,"column":42}},"loc":{"start":{"line":259,"column":61},"end":{"line":269,"column":1}},"line":259}},"branchMap":{"0":{"loc":{"start":{"line":16,"column":4},"end":{"line":16,"column":75}},"type":"if","locations":[{"start":{"line":16,"column":4},"end":{"line":16,"column":75}},{"start":{},"end":{}}],"line":16},"1":{"loc":{"start":{"line":19,"column":22},"end":{"line":19,"column":47}},"type":"binary-expr","locations":[{"start":{"line":19,"column":22},"end":{"line":19,"column":34}},{"start":{"line":19,"column":45},"end":{"line":19,"column":47}}],"line":19},"2":{"loc":{"start":{"line":20,"column":22},"end":{"line":20,"column":47}},"type":"binary-expr","locations":[{"start":{"line":20,"column":22},"end":{"line":20,"column":41}},{"start":{"line":20,"column":45},"end":{"line":20,"column":47}}],"line":20},"3":{"loc":{"start":{"line":30,"column":15},"end":{"line":30,"column":32}},"type":"binary-expr","locations":[{"start":{"line":30,"column":15},"end":{"line":30,"column":26}},{"start":{"line":30,"column":30},"end":{"line":30,"column":32}}],"line":30},"4":{"loc":{"start":{"line":31,"column":4},"end":{"line":31,"column":42}},"type":"if","locations":[{"start":{"line":31,"column":4},"end":{"line":31,"column":42}},{"start":{},"end":{}}],"line":31},"5":{"loc":{"start":{"line":34,"column":4},"end":{"line":34,"column":73}},"type":"if","locations":[{"start":{"line":34,"column":4},"end":{"line":34,"column":73}},{"start":{},"end":{}}],"line":34},"6":{"loc":{"start":{"line":40,"column":26},"end":{"line":40,"column":47}},"type":"binary-expr","locations":[{"start":{"line":40,"column":26},"end":{"line":40,"column":41}},{"start":{"line":40,"column":45},"end":{"line":40,"column":47}}],"line":40},"7":{"loc":{"start":{"line":41,"column":26},"end":{"line":41,"column":42}},"type":"binary-expr","locations":[{"start":{"line":41,"column":26},"end":{"line":41,"column":36}},{"start":{"line":41,"column":40},"end":{"line":41,"column":42}}],"line":41},"8":{"loc":{"start":{"line":42,"column":26},"end":{"line":42,"column":49}},"type":"binary-expr","locations":[{"start":{"line":42,"column":26},"end":{"line":42,"column":43}},{"start":{"line":42,"column":47},"end":{"line":42,"column":49}}],"line":42},"9":{"loc":{"start":{"line":55,"column":21},"end":{"line":55,"column":105}},"type":"binary-expr","locations":[{"start":{"line":55,"column":21},"end":{"line":55,"column":61}},{"start":{"line":55,"column":65},"end":{"line":55,"column":105}}],"line":55},"10":{"loc":{"start":{"line":59,"column":8},"end":{"line":60,"column":61}},"type":"if","locations":[{"start":{"line":59,"column":8},"end":{"line":60,"column":61}},{"start":{"line":60,"column":13},"end":{"line":60,"column":61}}],"line":59},"11":{"loc":{"start":{"line":60,"column":13},"end":{"line":60,"column":61}},"type":"if","locations":[{"start":{"line":60,"column":13},"end":{"line":60,"column":61}},{"start":{},"end":{}}],"line":60},"12":{"loc":{"start":{"line":74,"column":19},"end":{"line":74,"column":86}},"type":"cond-expr","locations":[{"start":{"line":74,"column":56},"end":{"line":74,"column":72}},{"start":{"line":74,"column":75},"end":{"line":74,"column":86}}],"line":74},"13":{"loc":{"start":{"line":77,"column":4},"end":{"line":77,"column":73}},"type":"if","locations":[{"start":{"line":77,"column":4},"end":{"line":77,"column":73}},{"start":{},"end":{}}],"line":77},"14":{"loc":{"start":{"line":79,"column":21},"end":{"line":79,"column":37}},"type":"binary-expr","locations":[{"start":{"line":79,"column":21},"end":{"line":79,"column":31}},{"start":{"line":79,"column":35},"end":{"line":79,"column":37}}],"line":79},"15":{"loc":{"start":{"line":90,"column":16},"end":{"line":90,"column":50}},"type":"binary-expr","locations":[{"start":{"line":90,"column":16},"end":{"line":90,"column":44}},{"start":{"line":90,"column":48},"end":{"line":90,"column":50}}],"line":90},"16":{"loc":{"start":{"line":93,"column":20},"end":{"line":93,"column":38}},"type":"binary-expr","locations":[{"start":{"line":93,"column":20},"end":{"line":93,"column":31}},{"start":{"line":93,"column":36},"end":{"line":93,"column":38}}],"line":93},"17":{"loc":{"start":{"line":94,"column":20},"end":{"line":94,"column":38}},"type":"binary-expr","locations":[{"start":{"line":94,"column":20},"end":{"line":94,"column":30}},{"start":{"line":94,"column":36},"end":{"line":94,"column":38}}],"line":94},"18":{"loc":{"start":{"line":95,"column":20},"end":{"line":95,"column":40}},"type":"binary-expr","locations":[{"start":{"line":95,"column":20},"end":{"line":95,"column":28}},{"start":{"line":95,"column":36},"end":{"line":95,"column":40}}],"line":95},"19":{"loc":{"start":{"line":107,"column":6},"end":{"line":114,"column":7}},"type":"if","locations":[{"start":{"line":107,"column":6},"end":{"line":114,"column":7}},{"start":{},"end":{}}],"line":107},"20":{"loc":{"start":{"line":108,"column":18},"end":{"line":108,"column":36}},"type":"binary-expr","locations":[{"start":{"line":108,"column":18},"end":{"line":108,"column":30}},{"start":{"line":108,"column":34},"end":{"line":108,"column":36}}],"line":108},"21":{"loc":{"start":{"line":110,"column":34},"end":{"line":110,"column":51}},"type":"binary-expr","locations":[{"start":{"line":110,"column":34},"end":{"line":110,"column":45}},{"start":{"line":110,"column":49},"end":{"line":110,"column":51}}],"line":110},"22":{"loc":{"start":{"line":110,"column":63},"end":{"line":110,"column":79}},"type":"binary-expr","locations":[{"start":{"line":110,"column":63},"end":{"line":110,"column":73}},{"start":{"line":110,"column":77},"end":{"line":110,"column":79}}],"line":110},"23":{"loc":{"start":{"line":111,"column":18},"end":{"line":111,"column":34}},"type":"binary-expr","locations":[{"start":{"line":111,"column":18},"end":{"line":111,"column":26}},{"start":{"line":111,"column":30},"end":{"line":111,"column":34}}],"line":111},"24":{"loc":{"start":{"line":130,"column":4},"end":{"line":130,"column":93}},"type":"if","locations":[{"start":{"line":130,"column":4},"end":{"line":130,"column":93}},{"start":{},"end":{}}],"line":130},"25":{"loc":{"start":{"line":131,"column":4},"end":{"line":131,"column":105}},"type":"if","locations":[{"start":{"line":131,"column":4},"end":{"line":131,"column":105}},{"start":{},"end":{}}],"line":131},"26":{"loc":{"start":{"line":138,"column":4},"end":{"line":138,"column":77}},"type":"if","locations":[{"start":{"line":138,"column":4},"end":{"line":138,"column":77}},{"start":{},"end":{}}],"line":138},"27":{"loc":{"start":{"line":141,"column":4},"end":{"line":143,"column":5}},"type":"if","locations":[{"start":{"line":141,"column":4},"end":{"line":143,"column":5}},{"start":{},"end":{}}],"line":141},"28":{"loc":{"start":{"line":141,"column":9},"end":{"line":141,"column":34}},"type":"binary-expr","locations":[{"start":{"line":141,"column":9},"end":{"line":141,"column":28}},{"start":{"line":141,"column":32},"end":{"line":141,"column":34}}],"line":141},"29":{"loc":{"start":{"line":145,"column":4},"end":{"line":147,"column":5}},"type":"if","locations":[{"start":{"line":145,"column":4},"end":{"line":147,"column":5}},{"start":{},"end":{}}],"line":145},"30":{"loc":{"start":{"line":145,"column":9},"end":{"line":145,"column":30}},"type":"binary-expr","locations":[{"start":{"line":145,"column":9},"end":{"line":145,"column":24}},{"start":{"line":145,"column":28},"end":{"line":145,"column":30}}],"line":145},"31":{"loc":{"start":{"line":149,"column":4},"end":{"line":151,"column":5}},"type":"if","locations":[{"start":{"line":149,"column":4},"end":{"line":151,"column":5}},{"start":{},"end":{}}],"line":149},"32":{"loc":{"start":{"line":149,"column":9},"end":{"line":149,"column":25}},"type":"binary-expr","locations":[{"start":{"line":149,"column":9},"end":{"line":149,"column":19}},{"start":{"line":149,"column":23},"end":{"line":149,"column":25}}],"line":149},"33":{"loc":{"start":{"line":153,"column":4},"end":{"line":155,"column":5}},"type":"if","locations":[{"start":{"line":153,"column":4},"end":{"line":155,"column":5}},{"start":{},"end":{}}],"line":153},"34":{"loc":{"start":{"line":153,"column":9},"end":{"line":153,"column":36}},"type":"binary-expr","locations":[{"start":{"line":153,"column":9},"end":{"line":153,"column":30}},{"start":{"line":153,"column":34},"end":{"line":153,"column":36}}],"line":153},"35":{"loc":{"start":{"line":157,"column":4},"end":{"line":168,"column":5}},"type":"if","locations":[{"start":{"line":157,"column":4},"end":{"line":168,"column":5}},{"start":{},"end":{}}],"line":157},"36":{"loc":{"start":{"line":157,"column":9},"end":{"line":157,"column":32}},"type":"binary-expr","locations":[{"start":{"line":157,"column":9},"end":{"line":157,"column":26}},{"start":{"line":157,"column":30},"end":{"line":157,"column":32}}],"line":157},"37":{"loc":{"start":{"line":184,"column":4},"end":{"line":184,"column":89}},"type":"if","locations":[{"start":{"line":184,"column":4},"end":{"line":184,"column":89}},{"start":{},"end":{}}],"line":184},"38":{"loc":{"start":{"line":187,"column":24},"end":{"line":187,"column":47}},"type":"binary-expr","locations":[{"start":{"line":187,"column":24},"end":{"line":187,"column":41}},{"start":{"line":187,"column":45},"end":{"line":187,"column":47}}],"line":187},"39":{"loc":{"start":{"line":188,"column":4},"end":{"line":188,"column":91}},"type":"if","locations":[{"start":{"line":188,"column":4},"end":{"line":188,"column":91}},{"start":{},"end":{}}],"line":188},"40":{"loc":{"start":{"line":210,"column":4},"end":{"line":210,"column":89}},"type":"if","locations":[{"start":{"line":210,"column":4},"end":{"line":210,"column":89}},{"start":{},"end":{}}],"line":210},"41":{"loc":{"start":{"line":226,"column":4},"end":{"line":226,"column":93}},"type":"if","locations":[{"start":{"line":226,"column":4},"end":{"line":226,"column":93}},{"start":{},"end":{}}],"line":226}},"s":{"0":1,"1":1,"2":1,"3":1,"4":1,"5":1,"6":3,"7":3,"8":2,"9":1,"10":1,"11":1,"12":1,"13":3,"14":3,"15":3,"16":1,"17":2,"18":1,"19":0,"20":1,"21":1,"22":0,"23":1,"24":0,"25":1,"26":0,"27":1,"28":0,"29":1,"30":1,"31":1,"32":1,"33":1,"34":1,"35":1,"36":0,"37":1,"38":0,"39":1,"40":1,"41":1,"42":1,"43":3,"44":3,"45":3,"46":3,"47":2,"48":0,"49":2,"50":2,"51":2,"52":2,"53":1,"54":2,"55":1,"56":1,"57":2,"58":2,"59":2,"60":1,"61":1,"62":1,"63":2,"64":0,"65":2,"66":2,"67":2,"68":1,"69":1,"70":7,"71":7,"72":7,"73":1,"74":6,"75":1,"76":5,"77":5,"78":1,"79":4,"80":1,"81":1,"82":3,"83":0,"84":0,"85":3,"86":1,"87":1,"88":2,"89":0,"90":0,"91":2,"92":1,"93":1,"94":1,"95":1,"96":1,"97":0,"98":1,"99":3,"100":3,"101":3,"102":1,"103":2,"104":2,"105":1,"106":2,"107":1,"108":1,"109":1,"110":0,"111":1,"112":2,"113":2,"114":2,"115":1,"116":1,"117":1,"118":0,"119":1,"120":3,"121":3,"122":3,"123":1,"124":2,"125":1,"126":1,"127":1,"128":2,"129":2,"130":1,"131":1,"132":1,"133":2,"134":2,"135":1,"136":1,"137":1},"f":{"0":3,"1":3,"2":0,"3":0,"4":0,"5":0,"6":1,"7":1,"8":3,"9":1,"10":1,"11":0,"12":2,"13":7,"14":1,"15":0,"16":1,"17":0,"18":1,"19":3,"20":1,"21":2,"22":3,"23":2,"24":2},"b":{"0":[1,1],"1":[1,0],"2":[1,0],"3":[3,0],"4":[1,2],"5":[0,1],"6":[1,0],"7":[1,0],"8":[1,0],"9":[1,1],"10":[0,1],"11":[0,1],"12":[0,3],"13":[0,2],"14":[2,0],"15":[1,0],"16":[1,0],"17":[1,0],"18":[1,1],"19":[1,1],"20":[1,1],"21":[1,1],"22":[1,1],"23":[1,1],"24":[1,6],"25":[1,5],"26":[1,4],"27":[1,3],"28":[4,0],"29":[0,3],"30":[3,0],"31":[1,2],"32":[3,0],"33":[0,2],"34":[2,0],"35":[1,1],"36":[2,0],"37":[1,2],"38":[2,0],"39":[1,1],"40":[1,1],"41":[1,2]},"_coverageSchema":"1a1c01bbd47fc00a2c39e90264f33305004495a9","hash":"53af913e4145bfd66b3cc3028c60a41780be4629"}
,"/Users/williamportugal/Desktop/CSC 308/BallerzStatApp/backend/src/routes/games.js": {"path":"/Users/williamportugal/Desktop/CSC 308/BallerzStatApp/backend/src/routes/games.js","statementMap":{"0":{"start":{"line":3,"column":23},"end":{"line":3,"column":41}},"1":{"start":{"line":4,"column":23},"end":{"line":4,"column":39}},"2":{"start":{"line":5,"column":23},"end":{"line":5,"column":57}},"3":{"start":{"line":6,"column":27},"end":{"line":6,"column":47}},"4":{"start":{"line":14,"column":17},"end":{"line":14,"column":48}},"5":{"start":{"line":15,"column":17},"end":{"line":15,"column":90}},"6":{"start":{"line":16,"column":17},"end":{"line":16,"column":31}},"7":{"start":{"line":17,"column":17},"end":{"line":20,"column":34}},"8":{"start":{"line":21,"column":2},"end":{"line":21,"column":54}},"9":{"start":{"line":36,"column":0},"end":{"line":103,"column":3}},"10":{"start":{"line":37,"column":2},"end":{"line":102,"column":3}},"11":{"start":{"line":39,"column":18},"end":{"line":39,"column":28}},"12":{"start":{"line":40,"column":4},"end":{"line":40,"column":40}},"13":{"start":{"line":42,"column":17},"end":{"line":48,"column":13}},"14":{"start":{"line":51,"column":20},"end":{"line":51,"column":29}},"15":{"start":{"line":52,"column":4},"end":{"line":56,"column":5}},"16":{"start":{"line":53,"column":17},"end":{"line":53,"column":30}},"17":{"start":{"line":54,"column":6},"end":{"line":54,"column":48}},"18":{"start":{"line":54,"column":28},"end":{"line":54,"column":48}},"19":{"start":{"line":55,"column":6},"end":{"line":55,"column":32}},"20":{"start":{"line":58,"column":18},"end":{"line":58,"column":20}},"21":{"start":{"line":59,"column":4},"end":{"line":75,"column":5}},"22":{"start":{"line":60,"column":6},"end":{"line":60,"column":36}},"23":{"start":{"line":60,"column":27},"end":{"line":60,"column":36}},"24":{"start":{"line":62,"column":22},"end":{"line":62,"column":48}},"25":{"start":{"line":62,"column":39},"end":{"line":62,"column":47}},"26":{"start":{"line":63,"column":22},"end":{"line":63,"column":49}},"27":{"start":{"line":63,"column":39},"end":{"line":63,"column":48}},"28":{"start":{"line":64,"column":6},"end":{"line":64,"column":41}},"29":{"start":{"line":64,"column":32},"end":{"line":64,"column":41}},"30":{"start":{"line":67,"column":22},"end":{"line":67,"column":65}},"31":{"start":{"line":69,"column":6},"end":{"line":74,"column":9}},"32":{"start":{"line":78,"column":4},"end":{"line":78,"column":55}},"33":{"start":{"line":78,"column":25},"end":{"line":78,"column":53}},"34":{"start":{"line":83,"column":22},"end":{"line":83,"column":24}},"35":{"start":{"line":84,"column":17},"end":{"line":84,"column":26}},"36":{"start":{"line":85,"column":4},"end":{"line":91,"column":5}},"37":{"start":{"line":86,"column":6},"end":{"line":90,"column":7}},"38":{"start":{"line":87,"column":8},"end":{"line":87,"column":28}},"39":{"start":{"line":88,"column":8},"end":{"line":88,"column":34}},"40":{"start":{"line":89,"column":8},"end":{"line":89,"column":42}},"41":{"start":{"line":89,"column":36},"end":{"line":89,"column":42}},"42":{"start":{"line":93,"column":19},"end":{"line":96,"column":7}},"43":{"start":{"line":93,"column":44},"end":{"line":96,"column":5}},"44":{"start":{"line":95,"column":33},"end":{"line":95,"column":48}},"45":{"start":{"line":98,"column":4},"end":{"line":98,"column":21}},"46":{"start":{"line":100,"column":4},"end":{"line":100,"column":65}},"47":{"start":{"line":101,"column":4},"end":{"line":101,"column":92}},"48":{"start":{"line":105,"column":0},"end":{"line":105,"column":24}}},"fnMap":{"0":{"name":"formatDate","decl":{"start":{"line":13,"column":9},"end":{"line":13,"column":19}},"loc":{"start":{"line":13,"column":29},"end":{"line":22,"column":1}},"line":13},"1":{"name":"(anonymous_1)","decl":{"start":{"line":36,"column":28},"end":{"line":36,"column":29}},"loc":{"start":{"line":36,"column":48},"end":{"line":103,"column":1}},"line":36},"2":{"name":"(anonymous_2)","decl":{"start":{"line":62,"column":32},"end":{"line":62,"column":33}},"loc":{"start":{"line":62,"column":39},"end":{"line":62,"column":47}},"line":62},"3":{"name":"(anonymous_3)","decl":{"start":{"line":63,"column":32},"end":{"line":63,"column":33}},"loc":{"start":{"line":63,"column":39},"end":{"line":63,"column":48}},"line":63},"4":{"name":"(anonymous_4)","decl":{"start":{"line":78,"column":15},"end":{"line":78,"column":16}},"loc":{"start":{"line":78,"column":25},"end":{"line":78,"column":53}},"line":78},"5":{"name":"(anonymous_5)","decl":{"start":{"line":93,"column":33},"end":{"line":93,"column":34}},"loc":{"start":{"line":93,"column":44},"end":{"line":96,"column":5}},"line":93},"6":{"name":"(anonymous_6)","decl":{"start":{"line":95,"column":26},"end":{"line":95,"column":27}},"loc":{"start":{"line":95,"column":33},"end":{"line":95,"column":48}},"line":95}},"branchMap":{"0":{"loc":{"start":{"line":17,"column":17},"end":{"line":20,"column":34}},"type":"cond-expr","locations":[{"start":{"line":17,"column":46},"end":{"line":17,"column":50}},{"start":{"line":18,"column":6},"end":{"line":20,"column":34}}],"line":17},"1":{"loc":{"start":{"line":18,"column":6},"end":{"line":20,"column":34}},"type":"cond-expr","locations":[{"start":{"line":18,"column":23},"end":{"line":18,"column":27}},{"start":{"line":19,"column":6},"end":{"line":20,"column":34}}],"line":18},"2":{"loc":{"start":{"line":19,"column":6},"end":{"line":20,"column":34}},"type":"cond-expr","locations":[{"start":{"line":19,"column":23},"end":{"line":19,"column":27}},{"start":{"line":20,"column":6},"end":{"line":20,"column":34}}],"line":19},"3":{"loc":{"start":{"line":20,"column":6},"end":{"line":20,"column":34}},"type":"cond-expr","locations":[{"start":{"line":20,"column":23},"end":{"line":20,"column":27}},{"start":{"line":20,"column":30},"end":{"line":20,"column":34}}],"line":20},"4":{"loc":{"start":{"line":54,"column":6},"end":{"line":54,"column":48}},"type":"if","locations":[{"start":{"line":54,"column":6},"end":{"line":54,"column":48}},{"start":{},"end":{}}],"line":54},"5":{"loc":{"start":{"line":60,"column":6},"end":{"line":60,"column":36}},"type":"if","locations":[{"start":{"line":60,"column":6},"end":{"line":60,"column":36}},{"start":{},"end":{}}],"line":60},"6":{"loc":{"start":{"line":64,"column":6},"end":{"line":64,"column":41}},"type":"if","locations":[{"start":{"line":64,"column":6},"end":{"line":64,"column":41}},{"start":{},"end":{}}],"line":64},"7":{"loc":{"start":{"line":64,"column":10},"end":{"line":64,"column":30}},"type":"binary-expr","locations":[{"start":{"line":64,"column":10},"end":{"line":64,"column":18}},{"start":{"line":64,"column":22},"end":{"line":64,"column":30}}],"line":64},"8":{"loc":{"start":{"line":72,"column":26},"end":{"line":72,"column":60}},"type":"binary-expr","locations":[{"start":{"line":72,"column":26},"end":{"line":72,"column":54}},{"start":{"line":72,"column":58},"end":{"line":72,"column":60}}],"line":72},"9":{"loc":{"start":{"line":73,"column":26},"end":{"line":73,"column":60}},"type":"binary-expr","locations":[{"start":{"line":73,"column":26},"end":{"line":73,"column":54}},{"start":{"line":73,"column":58},"end":{"line":73,"column":60}}],"line":73},"10":{"loc":{"start":{"line":86,"column":6},"end":{"line":90,"column":7}},"type":"if","locations":[{"start":{"line":86,"column":6},"end":{"line":90,"column":7}},{"start":{},"end":{}}],"line":86},"11":{"loc":{"start":{"line":89,"column":8},"end":{"line":89,"column":42}},"type":"if","locations":[{"start":{"line":89,"column":8},"end":{"line":89,"column":42}},{"start":{},"end":{}}],"line":89}},"s":{"0":1,"1":1,"2":1,"3":1,"4":5,"5":5,"6":5,"7":5,"8":5,"9":1,"10":6,"11":6,"12":6,"13":6,"14":5,"15":5,"16":15,"17":15,"18":8,"19":15,"20":5,"21":5,"22":8,"23":1,"24":7,"25":7,"26":7,"27":14,"28":7,"29":1,"30":6,"31":6,"32":5,"33":4,"34":5,"35":5,"36":5,"37":5,"38":5,"39":5,"40":5,"41":1,"42":5,"43":5,"44":21,"45":5,"46":1,"47":1,"48":1},"f":{"0":5,"1":6,"2":7,"3":14,"4":4,"5":5,"6":21},"b":{"0":[0,5],"1":[0,5],"2":[0,5],"3":[0,5],"4":[8,7],"5":[1,7],"6":[1,6],"7":[7,7],"8":[6,0],"9":[6,0],"10":[5,0],"11":[1,4]},"_coverageSchema":"1a1c01bbd47fc00a2c39e90264f33305004495a9","hash":"19c3e626aed2c52227ff023e1c6f363db79fcfa9"}
,"/Users/williamportugal/Desktop/CSC 308/BallerzStatApp/backend/src/routes/playerBioRoutes.js": {"path":"/Users/williamportugal/Desktop/CSC 308/BallerzStatApp/backend/src/routes/playerBioRoutes.js","statementMap":{"0":{"start":{"line":3,"column":16},"end":{"line":3,"column":34}},"1":{"start":{"line":4,"column":18},"end":{"line":4,"column":48}},"2":{"start":{"line":5,"column":28},"end":{"line":5,"column":67}},"3":{"start":{"line":7,"column":15},"end":{"line":7,"column":31}},"4":{"start":{"line":9,"column":0},"end":{"line":41,"column":3}},"5":{"start":{"line":10,"column":2},"end":{"line":40,"column":3}},"6":{"start":{"line":11,"column":25},"end":{"line":11,"column":35}},"7":{"start":{"line":12,"column":31},"end":{"line":12,"column":40}},"8":{"start":{"line":14,"column":24},"end":{"line":14,"column":61}},"9":{"start":{"line":16,"column":4},"end":{"line":18,"column":5}},"10":{"start":{"line":17,"column":6},"end":{"line":17,"column":35}},"11":{"start":{"line":20,"column":4},"end":{"line":24,"column":5}},"12":{"start":{"line":21,"column":6},"end":{"line":23,"column":9}},"13":{"start":{"line":26,"column":20},"end":{"line":26,"column":51}},"14":{"start":{"line":28,"column":21},"end":{"line":34,"column":6}},"15":{"start":{"line":36,"column":4},"end":{"line":36,"column":35}},"16":{"start":{"line":38,"column":4},"end":{"line":38,"column":23}},"17":{"start":{"line":39,"column":4},"end":{"line":39,"column":65}},"18":{"start":{"line":43,"column":0},"end":{"line":43,"column":24}}},"fnMap":{"0":{"name":"(anonymous_0)","decl":{"start":{"line":9,"column":29},"end":{"line":9,"column":30}},"loc":{"start":{"line":9,"column":49},"end":{"line":41,"column":1}},"line":9}},"branchMap":{"0":{"loc":{"start":{"line":16,"column":4},"end":{"line":18,"column":5}},"type":"if","locations":[{"start":{"line":16,"column":4},"end":{"line":18,"column":5}},{"start":{},"end":{}}],"line":16},"1":{"loc":{"start":{"line":20,"column":4},"end":{"line":24,"column":5}},"type":"if","locations":[{"start":{"line":20,"column":4},"end":{"line":24,"column":5}},{"start":{},"end":{}}],"line":20}},"s":{"0":1,"1":1,"2":1,"3":1,"4":1,"5":5,"6":5,"7":5,"8":5,"9":4,"10":1,"11":3,"12":1,"13":2,"14":1,"15":1,"16":2,"17":2,"18":1},"f":{"0":5},"b":{"0":[1,3],"1":[1,2]},"_coverageSchema":"1a1c01bbd47fc00a2c39e90264f33305004495a9","hash":"5431d4c204de1c435c2cf04c7be561296d5fb896"}
,"/Users/williamportugal/Desktop/CSC 308/BallerzStatApp/backend/src/routes/players.js": {"path":"/Users/williamportugal/Desktop/CSC 308/BallerzStatApp/backend/src/routes/players.js","statementMap":{"0":{"start":{"line":3,"column":26},"end":{"line":3,"column":44}},"1":{"start":{"line":4,"column":26},"end":{"line":4,"column":42}},"2":{"start":{"line":5,"column":26},"end":{"line":5,"column":53}},"3":{"start":{"line":6,"column":26},"end":{"line":6,"column":64}},"4":{"start":{"line":7,"column":26},"end":{"line":7,"column":64}},"5":{"start":{"line":8,"column":26},"end":{"line":8,"column":62}},"6":{"start":{"line":14,"column":2},"end":{"line":19,"column":26}},"7":{"start":{"line":28,"column":0},"end":{"line":46,"column":3}},"8":{"start":{"line":29,"column":2},"end":{"line":45,"column":3}},"9":{"start":{"line":30,"column":14},"end":{"line":30,"column":40}},"10":{"start":{"line":31,"column":4},"end":{"line":31,"column":32}},"11":{"start":{"line":31,"column":12},"end":{"line":31,"column":32}},"12":{"start":{"line":33,"column":20},"end":{"line":33,"column":38}},"13":{"start":{"line":34,"column":20},"end":{"line":39,"column":13}},"14":{"start":{"line":41,"column":4},"end":{"line":41,"column":22}},"15":{"start":{"line":43,"column":4},"end":{"line":43,"column":61}},"16":{"start":{"line":44,"column":4},"end":{"line":44,"column":88}},"17":{"start":{"line":54,"column":0},"end":{"line":115,"column":3}},"18":{"start":{"line":55,"column":2},"end":{"line":114,"column":3}},"19":{"start":{"line":56,"column":22},"end":{"line":56,"column":24}},"20":{"start":{"line":59,"column":6},"end":{"line":100,"column":9}},"21":{"start":{"line":103,"column":48},"end":{"line":108,"column":6}},"22":{"start":{"line":110,"column":4},"end":{"line":110,"column":52}},"23":{"start":{"line":112,"column":4},"end":{"line":112,"column":64}},"24":{"start":{"line":113,"column":4},"end":{"line":113,"column":91}},"25":{"start":{"line":136,"column":0},"end":{"line":223,"column":3}},"26":{"start":{"line":137,"column":2},"end":{"line":222,"column":3}},"27":{"start":{"line":138,"column":19},"end":{"line":138,"column":56}},"28":{"start":{"line":139,"column":37},"end":{"line":139,"column":46}},"29":{"start":{"line":140,"column":21},"end":{"line":140,"column":40}},"30":{"start":{"line":144,"column":19},"end":{"line":144,"column":21}},"31":{"start":{"line":147,"column":4},"end":{"line":152,"column":5}},"32":{"start":{"line":148,"column":6},"end":{"line":150,"column":7}},"33":{"start":{"line":149,"column":8},"end":{"line":149,"column":88}},"34":{"start":{"line":151,"column":6},"end":{"line":151,"column":29}},"35":{"start":{"line":154,"column":4},"end":{"line":157,"column":5}},"36":{"start":{"line":155,"column":20},"end":{"line":155,"column":82}},"37":{"start":{"line":156,"column":6},"end":{"line":156,"column":63}},"38":{"start":{"line":159,"column":20},"end":{"line":161,"column":13}},"39":{"start":{"line":163,"column":19},"end":{"line":185,"column":7}},"40":{"start":{"line":163,"column":39},"end":{"line":185,"column":5}},"41":{"start":{"line":187,"column":4},"end":{"line":189,"column":5}},"42":{"start":{"line":188,"column":6},"end":{"line":188,"column":30}},"43":{"start":{"line":191,"column":25},"end":{"line":191,"column":64}},"44":{"start":{"line":191,"column":48},"end":{"line":191,"column":63}},"45":{"start":{"line":193,"column":18},"end":{"line":195,"column":13}},"46":{"start":{"line":197,"column":31},"end":{"line":199,"column":5}},"47":{"start":{"line":198,"column":26},"end":{"line":198,"column":50}},"48":{"start":{"line":201,"column":28},"end":{"line":216,"column":6}},"49":{"start":{"line":202,"column":19},"end":{"line":202,"column":58}},"50":{"start":{"line":204,"column":6},"end":{"line":215,"column":8}},"51":{"start":{"line":218,"column":4},"end":{"line":218,"column":30}},"52":{"start":{"line":220,"column":4},"end":{"line":220,"column":60}},"53":{"start":{"line":221,"column":4},"end":{"line":221,"column":87}},"54":{"start":{"line":237,"column":0},"end":{"line":275,"column":3}},"55":{"start":{"line":238,"column":2},"end":{"line":274,"column":3}},"56":{"start":{"line":239,"column":24},"end":{"line":239,"column":51}},"57":{"start":{"line":241,"column":4},"end":{"line":243,"column":5}},"58":{"start":{"line":242,"column":6},"end":{"line":242,"column":89}},"59":{"start":{"line":245,"column":23},"end":{"line":247,"column":13}},"60":{"start":{"line":252,"column":20},"end":{"line":268,"column":7}},"61":{"start":{"line":252,"column":43},"end":{"line":268,"column":5}},"62":{"start":{"line":270,"column":4},"end":{"line":270,"column":57}},"63":{"start":{"line":272,"column":4},"end":{"line":272,"column":72}},"64":{"start":{"line":273,"column":4},"end":{"line":273,"column":99}},"65":{"start":{"line":288,"column":0},"end":{"line":329,"column":3}},"66":{"start":{"line":289,"column":2},"end":{"line":328,"column":3}},"67":{"start":{"line":290,"column":24},"end":{"line":290,"column":54}},"68":{"start":{"line":291,"column":4},"end":{"line":293,"column":5}},"69":{"start":{"line":292,"column":6},"end":{"line":292,"column":92}},"70":{"start":{"line":295,"column":24},"end":{"line":295,"column":79}},"71":{"start":{"line":296,"column":4},"end":{"line":298,"column":5}},"72":{"start":{"line":297,"column":6},"end":{"line":297,"column":86}},"73":{"start":{"line":300,"column":19},"end":{"line":300,"column":84}},"74":{"start":{"line":301,"column":19},"end":{"line":301,"column":23}},"75":{"start":{"line":302,"column":4},"end":{"line":314,"column":5}},"76":{"start":{"line":303,"column":22},"end":{"line":305,"column":15}},"77":{"start":{"line":306,"column":6},"end":{"line":313,"column":7}},"78":{"start":{"line":307,"column":8},"end":{"line":312,"column":10}},"79":{"start":{"line":316,"column":4},"end":{"line":324,"column":7}},"80":{"start":{"line":326,"column":4},"end":{"line":326,"column":65}},"81":{"start":{"line":327,"column":4},"end":{"line":327,"column":92}},"82":{"start":{"line":331,"column":0},"end":{"line":361,"column":3}},"83":{"start":{"line":332,"column":2},"end":{"line":360,"column":3}},"84":{"start":{"line":333,"column":24},"end":{"line":333,"column":54}},"85":{"start":{"line":334,"column":4},"end":{"line":336,"column":5}},"86":{"start":{"line":335,"column":6},"end":{"line":335,"column":92}},"87":{"start":{"line":338,"column":19},"end":{"line":338,"column":84}},"88":{"start":{"line":339,"column":4},"end":{"line":339,"column":76}},"89":{"start":{"line":339,"column":17},"end":{"line":339,"column":76}},"90":{"start":{"line":341,"column":18},"end":{"line":344,"column":13}},"91":{"start":{"line":346,"column":4},"end":{"line":356,"column":9}},"92":{"start":{"line":346,"column":31},"end":{"line":356,"column":5}},"93":{"start":{"line":358,"column":4},"end":{"line":358,"column":68}},"94":{"start":{"line":359,"column":4},"end":{"line":359,"column":64}},"95":{"start":{"line":363,"column":0},"end":{"line":363,"column":24}}},"fnMap":{"0":{"name":"normalizeText","decl":{"start":{"line":13,"column":9},"end":{"line":13,"column":22}},"loc":{"start":{"line":13,"column":29},"end":{"line":20,"column":1}},"line":13},"1":{"name":"(anonymous_1)","decl":{"start":{"line":28,"column":30},"end":{"line":28,"column":31}},"loc":{"start":{"line":28,"column":50},"end":{"line":46,"column":1}},"line":28},"2":{"name":"(anonymous_2)","decl":{"start":{"line":54,"column":27},"end":{"line":54,"column":28}},"loc":{"start":{"line":54,"column":47},"end":{"line":115,"column":1}},"line":54},"3":{"name":"topPipeline","decl":{"start":{"line":58,"column":13},"end":{"line":58,"column":24}},"loc":{"start":{"line":58,"column":36},"end":{"line":101,"column":5}},"line":58},"4":{"name":"(anonymous_4)","decl":{"start":{"line":136,"column":23},"end":{"line":136,"column":24}},"loc":{"start":{"line":136,"column":43},"end":{"line":223,"column":1}},"line":136},"5":{"name":"(anonymous_5)","decl":{"start":{"line":163,"column":31},"end":{"line":163,"column":32}},"loc":{"start":{"line":163,"column":39},"end":{"line":185,"column":5}},"line":163},"6":{"name":"(anonymous_6)","decl":{"start":{"line":191,"column":36},"end":{"line":191,"column":37}},"loc":{"start":{"line":191,"column":48},"end":{"line":191,"column":63}},"line":191},"7":{"name":"(anonymous_7)","decl":{"start":{"line":198,"column":16},"end":{"line":198,"column":17}},"loc":{"start":{"line":198,"column":26},"end":{"line":198,"column":50}},"line":198},"8":{"name":"(anonymous_8)","decl":{"start":{"line":201,"column":39},"end":{"line":201,"column":40}},"loc":{"start":{"line":201,"column":51},"end":{"line":216,"column":5}},"line":201},"9":{"name":"(anonymous_9)","decl":{"start":{"line":237,"column":40},"end":{"line":237,"column":41}},"loc":{"start":{"line":237,"column":60},"end":{"line":275,"column":1}},"line":237},"10":{"name":"(anonymous_10)","decl":{"start":{"line":252,"column":35},"end":{"line":252,"column":36}},"loc":{"start":{"line":252,"column":43},"end":{"line":268,"column":5}},"line":252},"11":{"name":"(anonymous_11)","decl":{"start":{"line":288,"column":42},"end":{"line":288,"column":43}},"loc":{"start":{"line":288,"column":62},"end":{"line":329,"column":1}},"line":288},"12":{"name":"(anonymous_12)","decl":{"start":{"line":331,"column":42},"end":{"line":331,"column":43}},"loc":{"start":{"line":331,"column":62},"end":{"line":361,"column":1}},"line":331},"13":{"name":"(anonymous_13)","decl":{"start":{"line":346,"column":23},"end":{"line":346,"column":24}},"loc":{"start":{"line":346,"column":31},"end":{"line":356,"column":5}},"line":346}},"branchMap":{"0":{"loc":{"start":{"line":14,"column":16},"end":{"line":14,"column":26}},"type":"binary-expr","locations":[{"start":{"line":14,"column":16},"end":{"line":14,"column":20}},{"start":{"line":14,"column":24},"end":{"line":14,"column":26}}],"line":14},"1":{"loc":{"start":{"line":30,"column":15},"end":{"line":30,"column":32}},"type":"binary-expr","locations":[{"start":{"line":30,"column":15},"end":{"line":30,"column":26}},{"start":{"line":30,"column":30},"end":{"line":30,"column":32}}],"line":30},"2":{"loc":{"start":{"line":31,"column":4},"end":{"line":31,"column":32}},"type":"if","locations":[{"start":{"line":31,"column":4},"end":{"line":31,"column":32}},{"start":{},"end":{}}],"line":31},"3":{"loc":{"start":{"line":138,"column":33},"end":{"line":138,"column":55}},"type":"binary-expr","locations":[{"start":{"line":138,"column":33},"end":{"line":138,"column":49}},{"start":{"line":138,"column":53},"end":{"line":138,"column":55}}],"line":138},"4":{"loc":{"start":{"line":147,"column":4},"end":{"line":152,"column":5}},"type":"if","locations":[{"start":{"line":147,"column":4},"end":{"line":152,"column":5}},{"start":{},"end":{}}],"line":147},"5":{"loc":{"start":{"line":148,"column":6},"end":{"line":150,"column":7}},"type":"if","locations":[{"start":{"line":148,"column":6},"end":{"line":150,"column":7}},{"start":{},"end":{}}],"line":148},"6":{"loc":{"start":{"line":154,"column":4},"end":{"line":157,"column":5}},"type":"if","locations":[{"start":{"line":154,"column":4},"end":{"line":157,"column":5}},{"start":{},"end":{}}],"line":154},"7":{"loc":{"start":{"line":175,"column":20},"end":{"line":175,"column":47}},"type":"binary-expr","locations":[{"start":{"line":175,"column":20},"end":{"line":175,"column":35}},{"start":{"line":175,"column":46},"end":{"line":175,"column":47}}],"line":175},"8":{"loc":{"start":{"line":176,"column":20},"end":{"line":176,"column":48}},"type":"binary-expr","locations":[{"start":{"line":176,"column":20},"end":{"line":176,"column":42}},{"start":{"line":176,"column":46},"end":{"line":176,"column":48}}],"line":176},"9":{"loc":{"start":{"line":177,"column":20},"end":{"line":177,"column":48}},"type":"binary-expr","locations":[{"start":{"line":177,"column":20},"end":{"line":177,"column":34}},{"start":{"line":177,"column":46},"end":{"line":177,"column":48}}],"line":177},"10":{"loc":{"start":{"line":187,"column":4},"end":{"line":189,"column":5}},"type":"if","locations":[{"start":{"line":187,"column":4},"end":{"line":189,"column":5}},{"start":{},"end":{}}],"line":187},"11":{"loc":{"start":{"line":207,"column":15},"end":{"line":207,"column":35}},"type":"binary-expr","locations":[{"start":{"line":207,"column":15},"end":{"line":207,"column":30}},{"start":{"line":207,"column":34},"end":{"line":207,"column":35}}],"line":207},"12":{"loc":{"start":{"line":208,"column":15},"end":{"line":208,"column":37}},"type":"binary-expr","locations":[{"start":{"line":208,"column":15},"end":{"line":208,"column":32}},{"start":{"line":208,"column":36},"end":{"line":208,"column":37}}],"line":208},"13":{"loc":{"start":{"line":209,"column":15},"end":{"line":209,"column":36}},"type":"binary-expr","locations":[{"start":{"line":209,"column":15},"end":{"line":209,"column":31}},{"start":{"line":209,"column":35},"end":{"line":209,"column":36}}],"line":209},"14":{"loc":{"start":{"line":210,"column":15},"end":{"line":210,"column":35}},"type":"binary-expr","locations":[{"start":{"line":210,"column":15},"end":{"line":210,"column":30}},{"start":{"line":210,"column":34},"end":{"line":210,"column":35}}],"line":210},"15":{"loc":{"start":{"line":211,"column":15},"end":{"line":211,"column":35}},"type":"binary-expr","locations":[{"start":{"line":211,"column":15},"end":{"line":211,"column":30}},{"start":{"line":211,"column":34},"end":{"line":211,"column":35}}],"line":211},"16":{"loc":{"start":{"line":212,"column":17},"end":{"line":212,"column":33}},"type":"binary-expr","locations":[{"start":{"line":212,"column":17},"end":{"line":212,"column":28}},{"start":{"line":212,"column":32},"end":{"line":212,"column":33}}],"line":212},"17":{"loc":{"start":{"line":213,"column":20},"end":{"line":213,"column":37}},"type":"binary-expr","locations":[{"start":{"line":213,"column":20},"end":{"line":213,"column":32}},{"start":{"line":213,"column":36},"end":{"line":213,"column":37}}],"line":213},"18":{"loc":{"start":{"line":241,"column":4},"end":{"line":243,"column":5}},"type":"if","locations":[{"start":{"line":241,"column":4},"end":{"line":243,"column":5}},{"start":{},"end":{}}],"line":241},"19":{"loc":{"start":{"line":291,"column":4},"end":{"line":293,"column":5}},"type":"if","locations":[{"start":{"line":291,"column":4},"end":{"line":293,"column":5}},{"start":{},"end":{}}],"line":291},"20":{"loc":{"start":{"line":296,"column":4},"end":{"line":298,"column":5}},"type":"if","locations":[{"start":{"line":296,"column":4},"end":{"line":298,"column":5}},{"start":{},"end":{}}],"line":296},"21":{"loc":{"start":{"line":302,"column":4},"end":{"line":314,"column":5}},"type":"if","locations":[{"start":{"line":302,"column":4},"end":{"line":314,"column":5}},{"start":{},"end":{}}],"line":302},"22":{"loc":{"start":{"line":306,"column":6},"end":{"line":313,"column":7}},"type":"if","locations":[{"start":{"line":306,"column":6},"end":{"line":313,"column":7}},{"start":{},"end":{}}],"line":306},"23":{"loc":{"start":{"line":334,"column":4},"end":{"line":336,"column":5}},"type":"if","locations":[{"start":{"line":334,"column":4},"end":{"line":336,"column":5}},{"start":{},"end":{}}],"line":334},"24":{"loc":{"start":{"line":339,"column":4},"end":{"line":339,"column":76}},"type":"if","locations":[{"start":{"line":339,"column":4},"end":{"line":339,"column":76}},{"start":{},"end":{}}],"line":339}},"s":{"0":1,"1":1,"2":1,"3":1,"4":1,"5":1,"6":6,"7":1,"8":4,"9":4,"10":4,"11":2,"12":2,"13":2,"14":1,"15":1,"16":1,"17":1,"18":2,"19":2,"20":8,"21":2,"22":1,"23":1,"24":1,"25":1,"26":6,"27":6,"28":6,"29":6,"30":6,"31":6,"32":0,"33":0,"34":0,"35":6,"36":1,"37":1,"38":6,"39":5,"40":4,"41":5,"42":5,"43":0,"44":0,"45":0,"46":0,"47":0,"48":0,"49":0,"50":0,"51":0,"52":1,"53":1,"54":1,"55":5,"56":5,"57":5,"58":1,"59":4,"60":3,"61":2,"62":3,"63":1,"64":1,"65":1,"66":5,"67":5,"68":5,"69":1,"70":4,"71":3,"72":1,"73":2,"74":2,"75":2,"76":2,"77":2,"78":1,"79":2,"80":1,"81":1,"82":1,"83":4,"84":4,"85":4,"86":1,"87":3,"88":2,"89":1,"90":1,"91":1,"92":1,"93":1,"94":1,"95":1},"f":{"0":6,"1":4,"2":2,"3":8,"4":6,"5":4,"6":0,"7":0,"8":0,"9":5,"10":2,"11":5,"12":4,"13":1},"b":{"0":[6,5],"1":[4,2],"2":[2,2],"3":[6,5],"4":[0,6],"5":[0,0],"6":[1,5],"7":[4,1],"8":[4,1],"9":[4,1],"10":[5,0],"11":[0,0],"12":[0,0],"13":[0,0],"14":[0,0],"15":[0,0],"16":[0,0],"17":[0,0],"18":[1,4],"19":[1,4],"20":[1,2],"21":[2,0],"22":[1,1],"23":[1,3],"24":[1,1]},"_coverageSchema":"1a1c01bbd47fc00a2c39e90264f33305004495a9","hash":"7af61c9c2f736b7a93bf30fb1d0acf629aa6a58b"}
,"/Users/williamportugal/Desktop/CSC 308/BallerzStatApp/backend/src/routes/schedule.js": {"path":"/Users/williamportugal/Desktop/CSC 308/BallerzStatApp/backend/src/routes/schedule.js","statementMap":{"0":{"start":{"line":3,"column":23},"end":{"line":3,"column":41}},"1":{"start":{"line":4,"column":23},"end":{"line":4,"column":39}},"2":{"start":{"line":5,"column":23},"end":{"line":5,"column":56}},"3":{"start":{"line":6,"column":23},"end":{"line":6,"column":48}},"4":{"start":{"line":7,"column":23},"end":{"line":7,"column":57}},"5":{"start":{"line":8,"column":27},"end":{"line":8,"column":47}},"6":{"start":{"line":28,"column":0},"end":{"line":73,"column":3}},"7":{"start":{"line":29,"column":2},"end":{"line":72,"column":3}},"8":{"start":{"line":31,"column":23},"end":{"line":31,"column":33}},"9":{"start":{"line":32,"column":23},"end":{"line":32,"column":100}},"10":{"start":{"line":33,"column":23},"end":{"line":33,"column":75}},"11":{"start":{"line":35,"column":18},"end":{"line":40,"column":13}},"12":{"start":{"line":42,"column":19},"end":{"line":66,"column":6}},"13":{"start":{"line":46,"column":24},"end":{"line":54,"column":85}},"14":{"start":{"line":46,"column":49},"end":{"line":54,"column":85}},"15":{"start":{"line":56,"column":6},"end":{"line":65,"column":8}},"16":{"start":{"line":68,"column":4},"end":{"line":68,"column":21}},"17":{"start":{"line":70,"column":4},"end":{"line":70,"column":67}},"18":{"start":{"line":71,"column":4},"end":{"line":71,"column":94}},"19":{"start":{"line":93,"column":0},"end":{"line":147,"column":3}},"20":{"start":{"line":94,"column":2},"end":{"line":146,"column":3}},"21":{"start":{"line":95,"column":19},"end":{"line":95,"column":55}},"22":{"start":{"line":96,"column":19},"end":{"line":96,"column":53}},"23":{"start":{"line":98,"column":4},"end":{"line":100,"column":5}},"24":{"start":{"line":99,"column":6},"end":{"line":99,"column":96}},"25":{"start":{"line":102,"column":17},"end":{"line":102,"column":66}},"26":{"start":{"line":103,"column":4},"end":{"line":105,"column":5}},"27":{"start":{"line":104,"column":6},"end":{"line":104,"column":83}},"28":{"start":{"line":107,"column":21},"end":{"line":110,"column":13}},"29":{"start":{"line":112,"column":18},"end":{"line":140,"column":6}},"30":{"start":{"line":113,"column":18},"end":{"line":113,"column":36}},"31":{"start":{"line":114,"column":6},"end":{"line":139,"column":8}},"32":{"start":{"line":142,"column":4},"end":{"line":142,"column":20}},"33":{"start":{"line":144,"column":4},"end":{"line":144,"column":64}},"34":{"start":{"line":145,"column":4},"end":{"line":145,"column":91}},"35":{"start":{"line":149,"column":0},"end":{"line":149,"column":24}}},"fnMap":{"0":{"name":"(anonymous_0)","decl":{"start":{"line":28,"column":30},"end":{"line":28,"column":31}},"loc":{"start":{"line":28,"column":50},"end":{"line":73,"column":1}},"line":28},"1":{"name":"(anonymous_1)","decl":{"start":{"line":42,"column":29},"end":{"line":42,"column":30}},"loc":{"start":{"line":42,"column":36},"end":{"line":66,"column":5}},"line":42},"2":{"name":"(anonymous_2)","decl":{"start":{"line":46,"column":24},"end":{"line":46,"column":25}},"loc":{"start":{"line":46,"column":49},"end":{"line":54,"column":85}},"line":46},"3":{"name":"(anonymous_3)","decl":{"start":{"line":93,"column":24},"end":{"line":93,"column":25}},"loc":{"start":{"line":93,"column":44},"end":{"line":147,"column":1}},"line":93},"4":{"name":"(anonymous_4)","decl":{"start":{"line":112,"column":31},"end":{"line":112,"column":32}},"loc":{"start":{"line":112,"column":40},"end":{"line":140,"column":5}},"line":112}},"branchMap":{"0":{"loc":{"start":{"line":46,"column":49},"end":{"line":54,"column":85}},"type":"cond-expr","locations":[{"start":{"line":47,"column":10},"end":{"line":53,"column":11}},{"start":{"line":54,"column":10},"end":{"line":54,"column":85}}],"line":46},"1":{"loc":{"start":{"line":52,"column":26},"end":{"line":52,"column":49}},"type":"binary-expr","locations":[{"start":{"line":52,"column":26},"end":{"line":52,"column":41}},{"start":{"line":52,"column":45},"end":{"line":52,"column":49}}],"line":52},"2":{"loc":{"start":{"line":95,"column":20},"end":{"line":95,"column":40}},"type":"binary-expr","locations":[{"start":{"line":95,"column":20},"end":{"line":95,"column":34}},{"start":{"line":95,"column":38},"end":{"line":95,"column":40}}],"line":95},"3":{"loc":{"start":{"line":96,"column":19},"end":{"line":96,"column":53}},"type":"binary-expr","locations":[{"start":{"line":96,"column":19},"end":{"line":96,"column":35}},{"start":{"line":96,"column":39},"end":{"line":96,"column":53}}],"line":96},"4":{"loc":{"start":{"line":98,"column":4},"end":{"line":100,"column":5}},"type":"if","locations":[{"start":{"line":98,"column":4},"end":{"line":100,"column":5}},{"start":{},"end":{}}],"line":98},"5":{"loc":{"start":{"line":103,"column":4},"end":{"line":105,"column":5}},"type":"if","locations":[{"start":{"line":103,"column":4},"end":{"line":105,"column":5}},{"start":{},"end":{}}],"line":103},"6":{"loc":{"start":{"line":119,"column":24},"end":{"line":127,"column":79}},"type":"cond-expr","locations":[{"start":{"line":120,"column":12},"end":{"line":126,"column":13}},{"start":{"line":127,"column":12},"end":{"line":127,"column":79}}],"line":119},"7":{"loc":{"start":{"line":125,"column":28},"end":{"line":125,"column":47}},"type":"binary-expr","locations":[{"start":{"line":125,"column":28},"end":{"line":125,"column":39}},{"start":{"line":125,"column":43},"end":{"line":125,"column":47}}],"line":125},"8":{"loc":{"start":{"line":138,"column":20},"end":{"line":138,"column":35}},"type":"binary-expr","locations":[{"start":{"line":138,"column":20},"end":{"line":138,"column":30}},{"start":{"line":138,"column":34},"end":{"line":138,"column":35}}],"line":138},"9":{"loc":{"start":{"line":138,"column":40},"end":{"line":138,"column":58}},"type":"binary-expr","locations":[{"start":{"line":138,"column":40},"end":{"line":138,"column":53}},{"start":{"line":138,"column":57},"end":{"line":138,"column":58}}],"line":138}},"s":{"0":1,"1":1,"2":1,"3":1,"4":1,"5":1,"6":1,"7":4,"8":4,"9":4,"10":4,"11":4,"12":3,"13":2,"14":4,"15":2,"16":3,"17":1,"18":1,"19":1,"20":7,"21":7,"22":7,"23":7,"24":1,"25":6,"26":6,"27":1,"28":5,"29":4,"30":3,"31":3,"32":4,"33":1,"34":1,"35":1},"f":{"0":4,"1":2,"2":4,"3":7,"4":3},"b":{"0":[3,1],"1":[3,1],"2":[7,1],"3":[7,6],"4":[1,6],"5":[1,5],"6":[2,1],"7":[2,2],"8":[3,0],"9
[...]
79,"column":5}},"type":"if","locations":[{"start":{"line":177,"column":4},"end":{"line":179,"column":5}},{"start":{},"end":{}}],"line":177},"29":{"loc":{"start":{"line":187,"column":19},"end":{"line":187,"column":43}},"type":"binary-expr","locations":[{"start":{"line":187,"column":19},"end":{"line":187,"column":36}},{"start":{"line":187,"column":42},"end":{"line":187,"column":43}}],"line":187},"30":{"loc":{"start":{"line":188,"column":19},"end":{"line":188,"column":43}},"type":"binary-expr","locations":[{"start":{"line":188,"column":19},"end":{"line":188,"column":38}},{"start":{"line":188,"column":42},"end":{"line":188,"column":43}}],"line":188},"31":{"loc":{"start":{"line":201,"column":22},"end":{"line":201,"column":80}},"type":"cond-expr","locations":[{"start":{"line":201,"column":48},"end":{"line":201,"column":76}},{"start":{"line":201,"column":79},"end":{"line":201,"column":80}}],"line":201},"32":{"loc":{"start":{"line":202,"column":22},"end":{"line":202,"column":80}},"type":"cond-expr","locations":[{"start":{"line":202,"column":48},"end":{"line":202,"column":76}},{"start":{"line":202,"column":79},"end":{"line":202,"column":80}}],"line":202},"33":{"loc":{"start":{"line":207,"column":22},"end":{"line":207,"column":69}},"type":"cond-expr","locations":[{"start":{"line":207,"column":54},"end":{"line":207,"column":60}},{"start":{"line":207,"column":63},"end":{"line":207,"column":69}}],"line":207},"34":{"loc":{"start":{"line":208,"column":21},"end":{"line":208,"column":79}},"type":"cond-expr","locations":[{"start":{"line":208,"column":35},"end":{"line":208,"column":72}},{"start":{"line":208,"column":75},"end":{"line":208,"column":79}}],"line":208},"35":{"loc":{"start":{"line":216,"column":21},"end":{"line":223,"column":12}},"type":"cond-expr","locations":[{"start":{"line":217,"column":8},"end":{"line":222,"column":9}},{"start":{"line":223,"column":8},"end":{"line":223,"column":12}}],"line":216},"36":{"loc":{"start":{"line":221,"column":21},"end":{"line":221,"column":70}},"type":"binary-expr","locations":[{"start":{"line":221,"column":21},"end":{"line":221,"column":61}},{"start":{"line":221,"column":65},"end":{"line":221,"column":70}}],"line":221},"37":{"loc":{"start":{"line":240,"column":4},"end":{"line":250,"column":5}},"type":"if","locations":[{"start":{"line":240,"column":4},"end":{"line":250,"column":5}},{"start":{},"end":{}}],"line":240},"38":{"loc":{"start":{"line":242,"column":22},"end":{"line":244,"column":46}},"type":"cond-expr","locations":[{"start":{"line":243,"column":10},"end":{"line":243,"column":46}},{"start":{"line":244,"column":10},"end":{"line":244,"column":46}}],"line":242},"39":{"loc":{"start":{"line":246,"column":19},"end":{"line":246,"column":35}},"type":"binary-expr","locations":[{"start":{"line":246,"column":19},"end":{"line":246,"column":26}},{"start":{"line":246,"column":30},"end":{"line":246,"column":35}}],"line":246},"40":{"loc":{"start":{"line":262,"column":4},"end":{"line":262,"column":84}},"type":"if","locations":[{"start":{"line":262,"column":4},"end":{"line":262,"column":84}},{"start":{},"end":{}}],"line":262},"41":{"loc":{"start":{"line":265,"column":4},"end":{"line":265,"column":72}},"type":"if","locations":[{"start":{"line":265,"column":4},"end":{"line":265,"column":72}},{"start":{},"end":{}}],"line":265}},"s":{"0":1,"1":1,"2":1,"3":1,"4":1,"5":1,"6":1,"7":2,"8":2,"9":2,"10":1,"11":0,"12":1,"13":1,"14":1,"15":1,"16":1,"17":1,"18":1,"19":1,"20":0,"21":1,"22":1,"23":0,"24":1,"25":4,"26":4,"27":4,"28":2,"29":2,"30":2,"31":1,"32":1,"33":1,"34":1,"35":5,"36":5,"37":5,"38":4,"39":4,"40":1,"41":4,"42":2,"43":2,"44":4,"45":1,"46":1,"47":1,"48":7,"49":7,"50":7,"51":7,"52":1,"53":6,"54":5,"55":1,"56":4,"57":4,"58":1,"59":1,"60":1,"61":5,"62":5,"63":5,"64":1,"65":4,"66":3,"67":1,"68":2,"69":2,"70":2,"71":2,"72":2,"73":2,"74":2,"75":0,"76":0,"77":0,"78":2,"79":2,"80":2,"81":2,"82":2,"83":2,"84":2,"85":2,"86":2,"87":2,"88":2,"89":1,"90":1,"91":1,"92":2,"93":1,"94":1,"95":1,"96":4,"97":4,"98":4,"99":1,"100":3,"101":2,"102":1,"103":1,"104":1,"105":1,"106":1,"107":1},"f":{"0":2,"1":1,"2":1,"3":1,"4":4,"5":5,"6":1,"7":2,"8":7,"9":5,"10":2,"11":0,"12":2,"13":4,"14":1},"b":{"0":[2,2,0],"1":[0,1],"2":[0,1],"3":[1,0],"4":[4,2],"5":[2,2],"6":[5,4],"7":[2,1],"8":[2,1],"9":[2,1],"10":[2,1],"11":[2,1],"12":[2,1],"13":[2,1],"14":[2,1],"15":[7,6],"16":[1,6],"17":[1,4],"18":[4,3],"19":[4,3],"20":[4,3],"21":[4,3],"22":[4,3],"23":[4,3],"24":[4,3],"25":[4,4],"26":[4,3],"27":[1,4],"28":[1,2],"29":[2,0],"30":[2,0],"31":[0,0],"32":[0,0],"33":[2,0],"34":[2,0],"35":[2,0],"36":[2,0],"37":[1,1],"38":[1,0],"39":[1,0],"40":[1,3],"41":[1,1]},"_coverageSchema":"1a1c01bbd47fc00a2c39e90264f33305004495a9","hash":"8532a0a27ba6c662df1babff440e011d3595a10d"}
,"/Users/williamportugal/Desktop/CSC 308/BallerzStatApp/backend/src/routes/userStats.js": {"path":"/Users/williamportugal/Desktop/CSC 308/BallerzStatApp/backend/src/routes/userStats.js","statementMap":{"0":{"start":{"line":1,"column":16},"end":{"line":1,"column":34}},"1":{"start":{"line":2,"column":22},"end":{"line":2,"column":56}},"2":{"start":{"line":3,"column":24},"end":{"line":3,"column":60}},"3":{"start":{"line":4,"column":24},"end":{"line":4,"column":53}},"4":{"start":{"line":6,"column":15},"end":{"line":6,"column":31}},"5":{"start":{"line":10,"column":16},"end":{"line":10,"column":59}},"6":{"start":{"line":11,"column":16},"end":{"line":11,"column":28}},"7":{"start":{"line":13,"column":2},"end":{"line":25,"column":3}},"8":{"start":{"line":14,"column":4},"end":{"line":23,"column":6}},"9":{"start":{"line":24,"column":4},"end":{"line":24,"column":11}},"10":{"start":{"line":27,"column":14},"end":{"line":39,"column":3}},"11":{"start":{"line":28,"column":17},"end":{"line":37,"column":5}},"12":{"start":{"line":41,"column":17},"end":{"line":41,"column":49}},"13":{"start":{"line":41,"column":24},"end":{"line":41,"column":49}},"14":{"start":{"line":43,"column":2},"end":{"line":59,"column":4}},"15":{"start":{"line":62,"column":14},"end":{"line":65,"column":1}},"16":{"start":{"line":68,"column":0},"end":{"line":75,"column":3}},"17":{"start":{"line":69,"column":2},"end":{"line":74,"column":3}},"18":{"start":{"line":70,"column":18},"end":{"line":70,"column":78}},"19":{"start":{"line":71,"column":4},"end":{"line":71,"column":29}},"20":{"start":{"line":73,"column":4},"end":{"line":73,"column":70}},"21":{"start":{"line":78,"column":0},"end":{"line":85,"column":3}},"22":{"start":{"line":79,"column":2},"end":{"line":84,"column":3}},"23":{"start":{"line":80,"column":18},"end":{"line":80,"column":85}},"24":{"start":{"line":81,"column":4},"end":{"line":81,"column":29}},"25":{"start":{"line":83,"column":4},"end":{"line":83,"column":70}},"26":{"start":{"line":88,"column":0},"end":{"line":99,"column":3}},"27":{"start":{"line":89,"column":2},"end":{"line":98,"column":3}},"28":{"start":{"line":90,"column":18},"end":{"line":90,"column":64}},"29":{"start":{"line":91,"column":18},"end":{"line":94,"column":13}},"30":{"start":{"line":95,"column":4},"end":{"line":95,"column":20}},"31":{"start":{"line":97,"column":4},"end":{"line":97,"column":63}},"32":{"start":{"line":102,"column":0},"end":{"line":133,"column":3}},"33":{"start":{"line":103,"column":2},"end":{"line":132,"column":3}},"34":{"start":{"line":107,"column":8},"end":{"line":107,"column":16}},"35":{"start":{"line":109,"column":4},"end":{"line":112,"column":5}},"36":{"start":{"line":111,"column":6},"end":{"line":111,"column":123}},"37":{"start":{"line":114,"column":17},"end":{"line":126,"column":6}},"38":{"start":{"line":128,"column":4},"end":{"line":128,"column":40}},"39":{"start":{"line":129,"column":4},"end":{"line":129,"column":31}},"40":{"start":{"line":131,"column":4},"end":{"line":131,"column":61}},"41":{"start":{"line":136,"column":0},"end":{"line":165,"column":3}},"42":{"start":{"line":137,"column":2},"end":{"line":164,"column":3}},"43":{"start":{"line":138,"column":17},"end":{"line":138,"column":64}},"44":{"start":{"line":139,"column":4},"end":{"line":139,"column":75}},"45":{"start":{"line":139,"column":15},"end":{"line":139,"column":75}},"46":{"start":{"line":140,"column":4},"end":{"line":142,"column":5}},"47":{"start":{"line":141,"column":6},"end":{"line":141,"column":66}},"48":{"start":{"line":144,"column":20},"end":{"line":144,"column":133}},"49":{"start":{"line":145,"column":19},"end":{"line":145,"column":21}},"50":{"start":{"line":146,"column":4},"end":{"line":152,"column":5}},"51":{"start":{"line":147,"column":6},"end":{"line":151,"column":7}},"52":{"start":{"line":148,"column":8},"end":{"line":150,"column":49}},"53":{"start":{"line":154,"column":20},"end":{"line":158,"column":5}},"54":{"start":{"line":160,"column":4},"end":{"line":160,"column":40}},"55":{"start":{"line":161,"column":4},"end":{"line":161,"column":22}},"56":{"start":{"line":163,"column":4},"end":{"line":163,"column":64}},"57":{"start":{"line":168,"column":0},"end":{"line":182,"column":3}},"58":{"start":{"line":169,"column":2},"end":{"line":181,"column":3}},"59":{"start":{"line":170,"column":17},"end":{"line":170,"column":64}},"60":{"start":{"line":171,"column":4},"end":{"line":171,"column":75}},"61":{"start":{"line":171,"column":15},"end":{"line":171,"column":75}},"62":{"start":{"line":172,"column":4},"end":{"line":174,"column":5}},"63":{"start":{"line":173,"column":6},"end":{"line":173,"column":66}},"64":{"start":{"line":176,"column":4},"end":{"line":176,"column":27}},"65":{"start":{"line":177,"column":4},"end":{"line":177,"column":40}},"66":{"start":{"line":178,"column":4},"end":{"line":178,"column":43}},"67":{"start":{"line":180,"column":4},"end":{"line":180,"column":64}},"68":{"start":{"line":184,"column":0},"end":{"line":184,"column":24}}},"fnMap":{"0":{"name":"recalcSeasonStats","decl":{"start":{"line":9,"column":15},"end":{"line":9,"column":32}},"loc":{"start":{"line":9,"column":41},"end":{"line":60,"column":1}},"line":9},"1":{"name":"(anonymous_1)","decl":{"start":{"line":28,"column":4},"end":{"line":28,"column":5}},"loc":{"start":{"line":28,"column":17},"end":{"line":37,"column":5}},"line":28},"2":{"name":"(anonymous_2)","decl":{"start":{"line":41,"column":17},"end":{"line":41,"column":18}},"loc":{"start":{"line":41,"column":24},"end":{"line":41,"column":49}},"line":41},"3":{"name":"(anonymous_3)","decl":{"start":{"line":68,"column":41},"end":{"line":68,"column":42}},"loc":{"start":{"line":68,"column":61},"end":{"line":75,"column":1}},"line":68},"4":{"name":"(anonymous_4)","decl":{"start":{"line":78,"column":49},"end":{"line":78,"column":50}},"loc":{"start":{"line":78,"column":69},"end":{"line":85,"column":1}},"line":78},"5":{"name":"(anonymous_5)","decl":{"start":{"line":88,"column":40},"end":{"line":88,"column":41}},"loc":{"start":{"line":88,"column":60},"end":{"line":99,"column":1}},"line":88},"6":{"name":"(anonymous_6)","decl":{"start":{"line":102,"column":41},"end":{"line":102,"column":42}},"loc":{"start":{"line":102,"column":61},"end":{"line":133,"column":1}},"line":102},"7":{"name":"(anonymous_7)","decl":{"start":{"line":136,"column":50},"end":{"line":136,"column":51}},"loc":{"start":{"line":136,"column":70},"end":{"line":165,"column":1}},"line":136},"8":{"name":"(anonymous_8)","decl":{"start":{"line":168,"column":51},"end":{"line":168,"column":52}},"loc":{"start":{"line":168,"column":71},"end":{"line":182,"column":1}},"line":168}},"branchMap":{"0":{"loc":{"start":{"line":13,"column":2},"end":{"line":25,"column":3}},"type":"if","locations":[{"start":{"line":13,"column":2},"end":{"line":25,"column":3}},{"start":{},"end":{}}],"line":13},"1":{"loc":{"start":{"line":29,"column":50},"end":{"line":29,"column":74}},"type":"binary-expr","locations":[{"start":{"line":29,"column":50},"end":{"line":29,"column":58}},{"start":{"line":29,"column":73},"end":{"line":29,"column":74}}],"line":29},"2":{"loc":{"start":{"line":30,"column":50},"end":{"line":30,"column":74}},"type":"binary-expr","locations":[{"start":{"line":30,"column":50},"end":{"line":30,"column":59}},{"start":{"line":30,"column":73},"end":{"line":30,"column":74}}],"line":30},"3":{"loc":{"start":{"line":31,"column":50},"end":{"line":31,"column":74}},"type":"binary-expr","locations":[{"start":{"line":31,"column":50},"end":{"line":31,"column":60}},{"start":{"line":31,"column":73},"end":{"line":31,"column":74}}],"line":31},"4":{"loc":{"start":{"line":32,"column":50},"end":{"line":32,"column":74}},"type":"binary-expr","locations":[{"start":{"line":32,"column":50},"end":{"line":32,"column":69}},{"start":{"line":32,"column":73},"end":{"line":32,"column":74}}],"line":32},"5":{"loc":{"start":{"line":33,"column":50},"end":{"line":33,"column":74}},"type":"binary-expr","locations":[{"start":{"line":33,"column":50},"end":{"line":33,"column":58}},{"start":{"line":33,"column":73},"end":{"line":33,"column":74}}],"line":33},"6":{"loc":{"start":{"line":34,"column":50},"end":{"line":34,"column":74}},"type":"binary-expr","locations":[{"start":{"line":34,"column":50},"end":{"line":34,"column":58}},{"start":{"line":34,"column":73},"end":{"line":34,"column":74}}],"line":34},"7":{"loc":{"start":{"line":35,"column":50},"end":{"line":35,"column":74}},"type":"binary-expr","locations":[{"start":{"line":35,"column":50},"end":{"line":35,"column":61}},{"start":{"line":35,"column":73},"end":{"line":35,"column":74}}],"line":35},"8":{"loc":{"start":{"line":36,"column":50},"end":{"line":36,"column":74}},"type":"binary-expr","locations":[{"start":{"line":36,"column":50},"end":{"line":36,"column":59}},{"start":{"line":36,"column":73},"end":{"line":36,"column":74}}],"line":36},"9":{"loc":{"start":{"line":71,"column":13},"end":{"line":71,"column":27}},"type":"binary-expr","locations":[{"start":{"line":71,"column":13},"end":{"line":71,"column":18}},{"start":{"line":71,"column":22},"end":{"line":71,"column":27}}],"line":71},"10":{"loc":{"start":{"line":81,"column":13},"end":{"line":81,"column":27}},"type":"binary-expr","locations":[{"start":{"line":81,"column":13},"end":{"line":81,"column":18}},{"start":{"line":81,"column":22},"end":{"line":81,"column":27}}],"line":81},"11":{"loc":{"start":{"line":90,"column":27},"end":{"line":90,"column":58}},"type":"binary-expr","locations":[{"start":{"line":90,"column":27},"end":{"line":90,"column":52}},{"start":{"line":90,"column":56},"end":{"line":90,"column":58}}],"line":90},"12":{"loc":{"start":{"line":109,"column":4},"end":{"line":112,"column":5}},"type":"if","locations":[{"start":{"line":109,"column":4},"end":{"line":112,"column":5}},{"start":{},"end":{}}],"line":109},"13":{"loc":{"start":{"line":109,"column":8},"end":{"line":110,"column":65}},"type":"binary-expr","locations":[{"start":{"line":109,"column":8},"end":{"line":109,"column":17}},{"start":{"line":109,"column":21},"end":{"line":109,"column":41}},{"start":{"line":109,"column":45},"end":{"line":109,"column":66}},{"start":{"line":110,"column":8},"end":{"line":110,"column":30}},{"start":{"line":110,"column":34},"end":{"line":110,"column":65}}],"line":109},"14":{"loc":{"start":{"line":117,"column":25},"end":{"line":117,"column":48}},"type":"binary-expr","locations":[{"start":{"line":117,"column":25},"end":{"line":117,"column":33}},{"start":{"line":117,"column":46},"end":{"line":117,"column":48}}],"line":117},"15":{"loc":{"start":{"line":118,"column":25},"end":{"line":118,"column":55}},"type":"binary-expr","locations":[{"start":{"line":118,"column":25},"end":{"line":118,"column":39}},{"start":{"line":118,"column":54},"end":{"line":118,"column":55}}],"line":118},"16":{"loc":{"start":{"line":119,"column":25},"end":{"line":119,"column":55}},"type":"binary-expr","locations":[{"start":{"line":119,"column":25},"end":{"line":119,"column":40}},{"start":{"line":119,"column":54},"end":{"line":119,"column":55}}],"line":119},"17":{"loc":{"start":{"line":120,"column":25},"end":{"line":120,"column":55}},"type":"binary-expr","locations":[{"start":{"line":120,"column":25},"end":{"line":120,"column":41}},{"start":{"line":120,"column":54},"end":{"line":120,"column":55}}],"line":120},"18":{"loc":{"start":{"line":121,"column":25},"end":{"line":121,"column":55}},"type":"binary-expr","locations":[{"start":{"line":121,"column":25},"end":{"line":121,"column":50}},{"start":{"line":121,"column":54},"end":{"line":121,"column":55}}],"line":121},"19":{"loc":{"start":{"line":122,"column":25},"end":{"line":122,"column":55}},"type":"binary-expr","locations":[{"start":{"line":122,"column":25},"end":{"line":122,"column":39}},{"start":{"line":122,"column":54},"end":{"line":122,"column":55}}],"line":122},"20":{"loc":{"start":{"line":123,"column":25},"end":{"line":123,"column":55}},"type":"binary-expr","locations":[{"start":{"line":123,"column":25},"end":{"line":123,"column":39}},{"start":{"line":123,"column":54},"end":{"line":123,"column":55}}],"line":123},"21":{"loc":{"start":{"line":124,"column":25},"end":{"line":124,"column":55}},"type":"binary-expr","locations":[{"start":{"line":124,"column":25},"end":{"line":124,"column":42}},{"start":{"line":124,"column":54},"end":{"line":124,"column":55}}],"line":124},"22":{"loc":{"start":{"line":125,"column":25},"end":{"line":125,"column":55}},"type":"binary-expr","locations":[{"start":{"line":125,"column":25},"end":{"line":125,"column":40}},{"start":{"line":125,"column":54},"end":{"line":125,"column":55}}],"line":125},"23":{"loc":{"start":{"line":139,"column":4},"end":{"line":139,"column":75}},"type":"if","locations":[{"start":{"line":139,"column":4},"end":{"line":139,"column":75}},{"start":{},"end":{}}],"line":139},"24":{"loc":{"start":{"line":140,"column":4},"end":{"line":142,"column":5}},"type":"if","locations":[{"start":{"line":140,"column":4},"end":{"line":142,"column":5}},{"start":{},"end":{}}],"line":140},"25":{"loc":{"start":{"line":147,"column":6},"end":{"line":151,"column":7}},"type":"if","locations":[{"start":{"line":147,"column":6},"end":{"line":151,"column":7}},{"start":{},"end":{}}],"line":147},"26":{"loc":{"start":{"line":148,"column":22},"end":{"line":150,"column":48}},"type":"cond-expr","locations":[{"start":{"line":148,"column":43},"end":{"line":148,"column":66}},{"start":{"line":149,"column":22},"end":{"line":150,"column":48}}],"line":148},"27":{"loc":{"start":{"line":149,"column":22},"end":{"line":150,"column":48}},"type":"cond-expr","locations":[{"start":{"line":149,"column":43},"end":{"line":149,"column":56}},{"start":{"line":150,"column":22},"end":{"line":150,"column":48}}],"line":149},"28":{"loc":{"start":{"line":150,"column":22},"end":{"line":150,"column":48}},"type":"binary-expr","locations":[{"start":{"line":150,"column":22},"end":{"line":150,"column":43}},{"start":{"line":150,"column":47},"end":{"line":150,"column":48}}],"line":150},"29":{"loc":{"start":{"line":171,"column":4},"end":{"line":171,"column":75}},"type":"if","locations":[{"start":{"line":171,"column":4},"end":{"line":171,"column":75}},{"start":{},"end":{}}],"line":171},"30":{"loc":{"start":{"line":172,"column":4},"end":{"line":174,"column":5}},"type":"if","locations":[{"start":{"line":172,"column":4},"end":{"line":174,"column":5}},{"start":{},"end":{}}],"line":172}},"s":{"0":1,"1":1,"2":1,"3":1,"4":1,"5":3,"6":3,"7":3,"8":3,"9":3,"10":0,"11":0,"12":0,"13":0,"14":0,"15":1,"16":1,"17":3,"18":3,"19":2,"20":1,"21":1,"22":2,"23":2,"24":2,"25":0,"26":1,"27":3,"28":3,"29":3,"30":2,"31":1,"32":1,"33":3,"34":3,"35":3,"36":1,"37":2,"38":1,"39":1,"40":1,"41":1,"42":4,"43":4,"44":3,"45":1,"46":2,"47":1,"48":1,"49":1,"50":1,"51":10,"52":1,"53":1,"54":1,"55":1,"56":1,"57":1,"58":4,"59":4,"60":3,"61":1,"62":2,"63":1,"64":1,"65":1,"66":1,"67":1,"68":1},"f":{"0":3,"1":0,"2":0,"3":3,"4":2,"5":3,"6":3,"7":4,"8":4},"b":{"0":[3,0],"1":[0,0],"2":[0,0],"3":[0,0],"4":[0,0],"5":[0,0],"6":[0,0],"7":[0,0],"8":[0,0],"9":[2,1],"10":[2,1],"11":[3,2],"12":[1,2],"13":[3,2,2,2,2],"14":[2,2],"15":[2,1],"16":[2,1],"17":[2,1],"18":[2,1],"19":[2,2],"20":[2,2],"21":[2,2],"22":[2,2],"23":[1,2],"24":[1,1],"25":[1,9],"26":[0,1],"27":[0,1],"28":[1,0],"29":[1,2],"30":[1,1]},"_coverageSchema":"1a1c01bbd47fc00a2c39e90264f33305004495a9","hash":"9e0bb779ca3aafbf303d86f849b1b4391ff3afa5"}
}
