{"/Users/kennedysuon/code/BallerzStatApp/backend/src/models/Player.js": {"path":"/Users/kennedysuon/code/BallerzStatApp/backend/src/models/Player.js","statementMap":{"0":{"start":{"line":1,"column":17},"end":{"line":1,"column":36}},"1":{"start":{"line":3,"column":21},"end":{"line":118,"column":1}},"2":{"start":{"line":120,"column":0},"end":{"line":120,"column":56}}},"fnMap":{},"branchMap":{},"s":{"0":1,"1":1,"2":1},"f":{},"b":{},"_coverageSchema":"1a1c01bbd47fc00a2c39e90264f33305004495a9","hash":"34c70d1f5e2a1e98a4c08896ef8bbe751cb42789"}
,"/Users/kennedysuon/code/BallerzStatApp/backend/src/models/PlayerGameStats.js": {"path":"/Users/kennedysuon/code/BallerzStatApp/backend/src/models/PlayerGameStats.js","statementMap":{"0":{"start":{"line":1,"column":17},"end":{"line":1,"column":36}},"1":{"start":{"line":7,"column":26},"end":{"line":7,"column":43}},"2":{"start":{"line":9,"column":30},"end":{"line":105,"column":1}},"3":{"start":{"line":112,"column":0},"end":{"line":112,"column":77}},"4":{"start":{"line":119,"column":0},"end":{"line":122,"column":2}},"5":{"start":{"line":127,"column":0},"end":{"line":127,"column":93}}},"fnMap":{},"branchMap":{},"s":{"0":1,"1":1,"2":1,"3":1,"4":1,"5":1},"f":{},"b":{},"_coverageSchema":"1a1c01bbd47fc00a2c39e90264f33305004495a9","hash":"3fcf1374e228202a36e5d11ce4f0133ac92b6861"}
,"/Users/kennedysuon/code/BallerzStatApp/backend/src/models/PlayerSeasonStats.js": {"path":"/Users/kennedysuon/code/BallerzStatApp/backend/src/models/PlayerSeasonStats.js","statementMap":{"0":{"start":{"line":1,"column":17},"end":{"line":1,"column":36}},"1":{"start":{"line":23,"column":32},"end":{"line":138,"column":1}},"2":{"start":{"line":143,"column":0},"end":{"line":143,"column":76}},"3":{"start":{"line":148,"column":0},"end":{"line":148,"column":99}}},"fnMap":{},"branchMap":{},"s":{"0":1,"1":1,"2":1,"3":1},"f":{},"b":{},"_coverageSchema":"1a1c01bbd47fc00a2c39e90264f33305004495a9","hash":"1cc2629ced12de5aa30d2dfe83340268e1a82839"}
,"/Users/kennedysuon/code/BallerzStatApp/backend/src/models/Team.js": {"path":"/Users/kennedysuon/code/BallerzStatApp/backend/src/models/Team.js","statementMap":{"0":{"start":{"line":1,"column":17},"end":{"line":1,"column":36}},"1":{"start":{"line":3,"column":19},"end":{"line":84,"column":1}},"2":{"start":{"line":86,"column":0},"end":{"line":86,"column":52}}},"fnMap":{},"branchMap":{},"s":{"0":1,"1":1,"2":1},"f":{},"b":{},"_coverageSchema":"1a1c01bbd47fc00a2c39e90264f33305004495a9","hash":"68d63762a3cd2ca27280c70f59ee47a0f8e7eed9"}
,"/Users/kennedysuon/code/BallerzStatApp/backend/src/models/TeamGameStats.js": {"path":"/Users/kennedysuon/code/BallerzStatApp/backend/src/models/TeamGameStats.js","statementMap":{"0":{"start":{"line":1,"column":17},"end":{"line":1,"column":36}},"1":{"start":{"line":8,"column":26},"end":{"line":8,"column":43}},"2":{"start":{"line":10,"column":28},"end":{"line":113,"column":1}},"3":{"start":{"line":120,"column":0},"end":{"line":120,"column":73}},"4":{"start":{"line":129,"column":0},"end":{"line":132,"column":2}},"5":{"start":{"line":137,"column":0},"end":{"line":137,"column":87}}},"fnMap":{},"branchMap":{},"s":{"0":1,"1":1,"2":1,"3":1,"4":1,"5":1},"f":{},"b":{},"_coverageSchema":"1a1c01bbd47fc00a2c39e90264f33305004495a9","hash":"a9c3c2a6a550654a5ddd62e45170a46d2eef1f91"}
,"/Users/kennedysuon/code/BallerzStatApp/backend/src/models/TeamSeasonStats.js": {"path":"/Users/kennedysuon/code/BallerzStatApp/backend/src/models/TeamSeasonStats.js","statementMap":{"0":{"start":{"line":1,"column":17},"end":{"line":1,"column":36}},"1":{"start":{"line":23,"column":30},"end":{"line":134,"column":1}},"2":{"start":{"line":139,"column":0},"end":{"line":139,"column":72}},"3":{"start":{"line":144,"column":0},"end":{"line":144,"column":93}}},"fnMap":{},"branchMap":{},"s":{"0":1,"1":1,"2":1,"3":1},"f":{},"b":{},"_coverageSchema":"1a1c01bbd47fc00a2c39e90264f33305004495a9","hash":"11a86f4aa32d949437745e40079e3912c59f8b01"}
,"/Users/kennedysuon/code/BallerzStatApp/backend/src/models/User.js": {"path":"/Users/kennedysuon/code/BallerzStatApp/backend/src/models/User.js","statementMap":{"0":{"start":{"line":1,"column":17},"end":{"line":1,"column":36}},"1":{"start":{"line":7,"column":19},"end":{"line":44,"column":1}},"2":{"start":{"line":46,"column":0},"end":{"line":46,"column":52}}},"fnMap":{},"branchMap":{},"s":{"0":1,"1":1,"2":1},"f":{},"b":{},"_coverageSchema":"1a1c01bbd47fc00a2c39e90264f33305004495a9","hash":"dcc6ce1953ad4a584508fcb21da9079f096cc880"}
,"/Users/kennedysuon/code/BallerzStatApp/backend/src/routes/auth.js": {"path":"/Users/kennedysuon/code/BallerzStatApp/backend/src/routes/auth.js","statementMap":{"0":{"start":{"line":1,"column":16},"end":{"line":1,"column":34}},"1":{"start":{"line":2,"column":15},"end":{"line":2,"column":34}},"2":{"start":{"line":3,"column":12},"end":{"line":3,"column":35}},"3":{"start":{"line":4,"column":13},"end":{"line":4,"column":38}},"4":{"start":{"line":6,"column":15},"end":{"line":6,"column":31}},"5":{"start":{"line":10,"column":18},"end":{"line":13,"column":4}},"6":{"start":{"line":11,"column":2},"end":{"line":13,"column":4}},"7":{"start":{"line":18,"column":0},"end":{"line":42,"column":3}},"8":{"start":{"line":19,"column":51},"end":{"line":19,"column":59}},"9":{"start":{"line":22,"column":2},"end":{"line":24,"column":3}},"10":{"start":{"line":23,"column":4},"end":{"line":23,"column":73}},"11":{"start":{"line":27,"column":19},"end":{"line":27,"column":69}},"12":{"start":{"line":28,"column":2},"end":{"line":30,"column":3}},"13":{"start":{"line":29,"column":4},"end":{"line":29,"column":91}},"14":{"start":{"line":33,"column":23},"end":{"line":33,"column":54}},"15":{"start":{"line":34,"column":15},"end":{"line":34,"column":78}},"16":{"start":{"line":37,"column":16},"end":{"line":37,"column":35}},"17":{"start":{"line":38,"column":2},"end":{"line":41,"column":5}},"18":{"start":{"line":47,"column":0},"end":{"line":73,"column":3}},"19":{"start":{"line":48,"column":30},"end":{"line":48,"column":38}},"20":{"start":{"line":51,"column":2},"end":{"line":53,"column":3}},"21":{"start":{"line":52,"column":4},"end":{"line":52,"column":81}},"22":{"start":{"line":56,"column":15},"end":{"line":56,"column":65}},"23":{"start":{"line":57,"column":2},"end":{"line":60,"column":3}},"24":{"start":{"line":59,"column":4},"end":{"line":59,"column":75}},"25":{"start":{"line":63,"column":16},"end":{"line":63,"column":65}},"26":{"start":{"line":64,"column":2},"end":{"line":66,"column":3}},"27":{"start":{"line":65,"column":4},"end":{"line":65,"column":75}},"28":{"start":{"line":68,"column":16},"end":{"line":68,"column":35}},"29":{"start":{"line":69,"column":2},"end":{"line":72,"column":5}},"30":{"start":{"line":75,"column":0},"end":{"line":75,"column":24}}},"fnMap":{"0":{"name":"(anonymous_0)","decl":{"start":{"line":10,"column":18},"end":{"line":10,"column":19}},"loc":{"start":{"line":11,"column":2},"end":{"line":13,"column":4}},"line":11},"1":{"name":"(anonymous_1)","decl":{"start":{"line":18,"column":25},"end":{"line":18,"column":26}},"loc":{"start":{"line":18,"column":45},"end":{"line":42,"column":1}},"line":18},"2":{"name":"(anonymous_2)","decl":{"start":{"line":47,"column":22},"end":{"line":47,"column":23}},"loc":{"start":{"line":47,"column":42},"end":{"line":73,"column":1}},"line":47}},"branchMap":{"0":{"loc":{"start":{"line":12,"column":15},"end":{"line":12,"column":49}},"type":"binary-expr","locations":[{"start":{"line":12,"column":15},"end":{"line":12,"column":41}},{"start":{"line":12,"column":45},"end":{"line":12,"column":49}}],"line":12},"1":{"loc":{"start":{"line":22,"column":2},"end":{"line":24,"column":3}},"type":"if","locations":[{"start":{"line":22,"column":2},"end":{"line":24,"column":3}},{"start":{},"end":{}}],"line":22},"2":{"loc":{"start":{"line":22,"column":6},"end":{"line":22,"column":52}},"type":"binary-expr","locations":[{"start":{"line":22,"column":6},"end":{"line":22,"column":16}},{"start":{"line":22,"column":20},"end":{"line":22,"column":29}},{"start":{"line":22,"column":33},"end":{"line":22,"column":39}},{"start":{"line":22,"column":43},"end":{"line":22,"column":52}}],"line":22},"3":{"loc":{"start":{"line":28,"column":2},"end":{"line":30,"column":3}},"type":"if","locations":[{"start":{"line":28,"column":2},"end":{"line":30,"column":3}},{"start":{},"end":{}}],"line":28},"4":{"loc":{"start":{"line":51,"column":2},"end":{"line":53,"column":3}},"type":"if","locations":[{"start":{"line":51,"column":2},"end":{"line":53,"column":3}},{"start":{},"end":{}}],"line":51},"5":{"loc":{"start":{"line":51,"column":6},"end":{"line":51,"column":25}},"type":"binary-expr","locations":[{"start":{"line":51,"column":6},"end":{"line":51,"column":12}},{"start":{"line":51,"column":16},"end":{"line":51,"column":25}}],"line":51},"6":{"loc":{"start":{"line":57,"column":2},"end":{"line":60,"column":3}},"type":"if","locations":[{"start":{"line":57,"column":2},"end":{"line":60,"column":3}},{"start":{},"end":{}}],"line":57},"7":{"loc":{"start":{"line":64,"column":2},"end":{"line":66,"column":3}},"type":"if","locations":[{"start":{"line":64,"column":2},"end":{"line":66,"column":3}},{"start":{},"end":{}}],"line":64}},"s":{"0":1,"1":1,"2":1,"3":1,"4":1,"5":1,"6":3,"7":1,"8":4,"9":4,"10":1,"11":3,"12":3,"13":1,"14":2,"15":2,"16":2,"17":2,"18":1,"19":4,"20":4,"21":1,"22":3,"23":3,"24":1,"25":2,"26":2,"27":1,"28":1,"29":1,"30":1},"f":{"0":3,"1":4,"2":4},"b":{"0":[3,1],"1":[1,3],"2":[4,4,3,3],"3":[1,2],"4":[1,3],"5":[4,4],"6":[1,2],"7":[1,1]},"_coverageSchema":"1a1c01bbd47fc00a2c39e90264f33305004495a9","hash":"0ccec5fbb5c5d7eb97b219bf9165451d90f7546b"}
,"/Users/kennedysuon/code/BallerzStatApp/backend/src/routes/players.js": {"path":"/Users/kennedysuon/code/BallerzStatApp/backend/src/routes/players.js","statementMap":{"0":{"start":{"line":2,"column":16},"end":{"line":2,"column":34}},"1":{"start":{"line":3,"column":15},"end":{"line":3,"column":31}},"2":{"start":{"line":4,"column":45},"end":{"line":4,"column":65}},"3":{"start":{"line":5,"column":26},"end":{"line":5,"column":54}},"4":{"start":{"line":9,"column":2},"end":{"line":14,"column":26}},"5":{"start":{"line":18,"column":0},"end":{"line":67,"column":3}},"6":{"start":{"line":19,"column":2},"end":{"line":66,"column":3}},"7":{"start":{"line":20,"column":24},"end":{"line":20,"column":52}},"8":{"start":{"line":21,"column":19},"end":{"line":21,"column":56}},"9":{"start":{"line":23,"column":17},"end":{"line":23,"column":46}},"10":{"start":{"line":26,"column":6},"end":{"line":27,"column":20}},"11":{"start":{"line":26,"column":37},"end":{"line":26,"column":68}},"12":{"start":{"line":29,"column":4},"end":{"line":31,"column":5}},"13":{"start":{"line":30,"column":6},"end":{"line":30,"column":68}},"14":{"start":{"line":33,"column":18},"end":{"line":42,"column":7}},"15":{"start":{"line":33,"column":60},"end":{"line":42,"column":5}},"16":{"start":{"line":44,"column":4},"end":{"line":47,"column":6}},"17":{"start":{"line":46,"column":31},"end":{"line":46,"column":65}},"18":{"start":{"line":49,"column":4},"end":{"line":53,"column":5}},"19":{"start":{"line":50,"column":6},"end":{"line":52,"column":8}},"20":{"start":{"line":51,"column":8},"end":{"line":51,"column":55}},"21":{"start":{"line":55,"column":4},"end":{"line":55,"column":51}},"22":{"start":{"line":56,"column":4},"end":{"line":56,"column":58}},"23":{"start":{"line":58,"column":4},"end":{"line":58,"column":22}},"24":{"start":{"line":60,"column":4},"end":{"line":60,"column":60}},"25":{"start":{"line":62,"column":4},"end":{"line":65,"column":7}},"26":{"start":{"line":70,"column":0},"end":{"line":114,"column":3}},"27":{"start":{"line":71,"column":2},"end":{"line":113,"column":3}},"28":{"start":{"line":72,"column":25},"end":{"line":72,"column":35}},"29":{"start":{"line":74,"column":17},"end":{"line":74,"column":53}},"30":{"start":{"line":76,"column":22},"end":{"line":78,"column":5}},"31":{"start":{"line":77,"column":15},"end":{"line":77,"column":55}},"32":{"start":{"line":80,"column":4},"end":{"line":82,"column":5}},"33":{"start":{"line":81,"column":6},"end":{"line":81,"column":69}},"34":{"start":{"line":84,"column":20},"end":{"line":100,"column":7}},"35":{"start":{"line":84,"column":62},"end":{"line":100,"column":5}},"36":{"start":{"line":102,"column":4},"end":{"line":105,"column":7}},"37":{"start":{"line":107,"column":4},"end":{"line":107,"column":72}},"38":{"start":{"line":109,"column":4},"end":{"line":112,"column":7}},"39":{"start":{"line":117,"column":0},"end":{"line":117,"column":24}}},"fnMap":{"0":{"name":"normalizeText","decl":{"start":{"line":8,"column":9},"end":{"line":8,"column":22}},"loc":{"start":{"line":8,"column":29},"end":{"line":15,"column":1}},"line":8},"1":{"name":"(anonymous_1)","decl":{"start":{"line":18,"column":23},"end":{"line":18,"column":24}},"loc":{"start":{"line":18,"column":43},"end":{"line":67,"column":1}},"line":18},"2":{"name":"(anonymous_2)","decl":{"start":{"line":26,"column":28},"end":{"line":26,"column":29}},"loc":{"start":{"line":26,"column":37},"end":{"line":26,"column":68}},"line":26},"3":{"name":"(anonymous_3)","decl":{"start":{"line":33,"column":47},"end":{"line":33,"column":48}},"loc":{"start":{"line":33,"column":60},"end":{"line":42,"column":5}},"line":33},"4":{"name":"(anonymous_4)","decl":{"start":{"line":46,"column":19},"end":{"line":46,"column":20}},"loc":{"start":{"line":46,"column":31},"end":{"line":46,"column":65}},"line":46},"5":{"name":"(anonymous_5)","decl":{"start":{"line":50,"column":31},"end":{"line":50,"column":32}},"loc":{"start":{"line":51,"column":8},"end":{"line":51,"column":55}},"line":51},"6":{"name":"(anonymous_6)","decl":{"start":{"line":70,"column":40},"end":{"line":70,"column":41}},"loc":{"start":{"line":70,"column":60},"end":{"line":114,"column":1}},"line":70},"7":{"name":"(anonymous_7)","decl":{"start":{"line":77,"column":6},"end":{"line":77,"column":7}},"loc":{"start":{"line":77,"column":15},"end":{"line":77,"column":55}},"line":77},"8":{"name":"(anonymous_8)","decl":{"start":{"line":84,"column":49},"end":{"line":84,"column":50}},"loc":{"start":{"line":84,"column":62},"end":{"line":100,"column":5}},"line":84}},"branchMap":{"0":{"loc":{"start":{"line":9,"column":16},"end":{"line":9,"column":26}},"type":"binary-expr","locations":[{"start":{"line":9,"column":16},"end":{"line":9,"column":20}},{"start":{"line":9,"column":24},"end":{"line":9,"column":26}}],"line":9},"1":{"loc":{"start":{"line":20,"column":24},"end":{"line":20,"column":52}},"type":"binary-expr","locations":[{"start":{"line":20,"column":24},"end":{"line":20,"column":45}},{"start":{"line":20,"column":49},"end":{"line":20,"column":52}}],"line":20},"2":{"loc":{"start":{"line":21,"column":33},"end":{"line":21,"column":55}},"type":"binary-expr","locations":[{"start":{"line":21,"column":33},"end":{"line":21,"column":49}},{"start":{"line":21,"column":53},"end":{"line":21,"column":55}}],"line":21},"3":{"loc":{"start":{"line":26,"column":6},"end":{"line":27,"column":20}},"type":"binary-expr","locations":[{"start":{"line":26,"column":6},"end":{"line":26,"column":69}},{"start":{"line":27,"column":6},"end":{"line":27,"column":20}}],"line":26},"4":{"loc":{"start":{"line":29,"column":4},"end":{"line":31,"column":5}},"type":"if","locations":[{"start":{"line":29,"column":4},"end":{"line":31,"column":5}},{"start":{},"end":{}}],"line":29},"5":{"loc":{"start":{"line":49,"column":4},"end":{"line":53,"column":5}},"type":"if","locations":[{"start":{"line":49,"column":4},"end":{"line":53,"column":5}},{"start":{},"end":{}}],"line":49},"6":{"loc":{"start":{"line":80,"column":4},"end":{"line":82,"column":5}},"type":"if","locations":[{"start":{"line":80,"column":4},"end":{"line":82,"column":5}},{"start":{},"end":{}}],"line":80}},"s":{"0":1,"1":1,"2":1,"3":1,"4":8,"5":1,"6":6,"7":6,"8":6,"9":6,"10":5,"11":3,"12":5,"13":1,"14":4,"15":3,"16":4,"17":2,"18":4,"19":1,"20":2,"21":4,"22":4,"23":4,"24":1,"25":1,"26":1,"27":3,"28":3,"29":3,"30":2,"31":1,"32":2,"33":1,"34":1,"35":1,"36":1,"37":1,"38":1,"39":1},"f":{"0":8,"1":6,"2":3,"3":3,"4":2,"5":2,"6":3,"7":1,"8":1},"b":{"0":[8,5],"1":[6,5],"2":[6,5],"3":[5,2],"4":[1,4],"5":[1,3],"6":[1,1]},"_coverageSchema":"1a1c01bbd47fc00a2c39e90264f33305004495a9","hash":"1f5064e2b709d0300dc0f1dcca8f3c743ccfa746"}
,"/Users/kennedysuon/code/BallerzStatApp/backend/src/routes/standings.js": {"path":"/Users/kennedysuon/code/BallerzStatApp/backend/src/routes/standings.js","statementMap":{"0":{"start":{"line":1,"column":16},"end":{"line":1,"column":34}},"1":{"start":{"line":2,"column":15},"end":{"line":2,"column":31}},"2":{"start":{"line":3,"column":24},"end":{"line":3,"column":60}},"3":{"start":{"line":4,"column":13},"end":{"line":4,"column":38}},"4":{"start":{"line":6,"column":0},"end":{"line":59,"column":3}},"5":{"start":{"line":7,"column":2},"end":{"line":58,"column":3}},"6":{"start":{"line":8,"column":19},"end":{"line":8,"column":48}},"7":{"start":{"line":10,"column":22},"end":{"line":12,"column":13}},"8":{"start":{"line":14,"column":22},"end":{"line":41,"column":8}},"9":{"start":{"line":15,"column":23},"end":{"line":15,"column":33}},"10":{"start":{"line":18,"column":10},"end":{"line":18,"column":83}},"11":{"start":{"line":20,"column":8},"end":{"line":40,"column":10}},"12":{"start":{"line":43,"column":17},"end":{"line":45,"column":61}},"13":{"start":{"line":44,"column":24},"end":{"line":44,"column":83}},"14":{"start":{"line":45,"column":22},"end":{"line":45,"column":60}},"15":{"start":{"line":47,"column":17},"end":{"line":49,"column":61}},"16":{"start":{"line":48,"column":24},"end":{"line":48,"column":83}},"17":{"start":{"line":49,"column":22},"end":{"line":49,"column":60}},"18":{"start":{"line":51,"column":4},"end":{"line":51,"column":37}},"19":{"start":{"line":53,"column":4},"end":{"line":53,"column":62}},"20":{"start":{"line":54,"column":4},"end":{"line":57,"column":7}},"21":{"start":{"line":61,"column":0},"end":{"line":61,"column":24}}},"fnMap":{"0":{"name":"(anonymous_0)","decl":{"start":{"line":6,"column":25},"end":{"line":6,"column":26}},"loc":{"start":{"line":6,"column":45},"end":{"line":59,"column":1}},"line":6},"1":{"name":"(anonymous_1)","decl":{"start":{"line":15,"column":14},"end":{"line":15,"column":15}},"loc":{"start":{"line":15,"column":23},"end":{"line":15,"column":33}},"line":15},"2":{"name":"(anonymous_2)","decl":{"start":{"line":16,"column":11},"end":{"line":16,"column":12}},"loc":{"start":{"line":16,"column":20},"end":{"line":41,"column":7}},"line":16},"3":{"name":"(anonymous_3)","decl":{"start":{"line":44,"column":14},"end":{"line":44,"column":15}},"loc":{"start":{"line":44,"column":24},"end":{"line":44,"column":83}},"line":44},"4":{"name":"(anonymous_4)","decl":{"start":{"line":45,"column":12},"end":{"line":45,"column":13}},"loc":{"start":{"line":45,"column":22},"end":{"line":45,"column":60}},"line":45},"5":{"name":"(anonymous_5)","decl":{"start":{"line":48,"column":14},"end":{"line":48,"column":15}},"loc":{"start":{"line":48,"column":24},"end":{"line":48,"column":83}},"line":48},"6":{"name":"(anonymous_6)","decl":{"start":{"line":49,"column":12},"end":{"line":49,"column":13}},"loc":{"start":{"line":49,"column":22},"end":{"line":49,"column":60}},"line":49}},"branchMap":{"0":{"loc":{"start":{"line":8,"column":19},"end":{"line":8,"column":48}},"type":"binary-expr","locations":[{"start":{"line":8,"column":19},"end":{"line":8,"column":35}},{"start":{"line":8,"column":39},"end":{"line":8,"column":48}}],"line":8},"1":{"loc":{"start":{"line":18,"column":10},"end":{"line":18,"column":83}},"type":"cond-expr","locations":[{"start":{"line":18,"column":32},"end":{"line":18,"column":79}},{"start":{"line":18,"column":82},"end":{"line":18,"column":83}}],"line":18},"2":{"loc":{"start":{"line":23,"column":20},"end":{"line":23,"column":58}},"type":"binary-expr","locations":[{"start":{"line":23,"column":20},"end":{"line":23,"column":35}},{"start":{"line":23,"column":39},"end":{"line":23,"column":58}}],"line":23},"3":{"loc":{"start":{"line":44,"column":24},"end":{"line":44,"column":83}},"type":"binary-expr","locations":[{"start":{"line":44,"column":24},"end":{"line":44,"column":50}},{"start":{"line":44,"column":54},"end":{"line":44,"column":83}}],"line":44},"4":{"loc":{"start":{"line":45,"column":22},"end":{"line":45,"column":60}},"type":"binary-expr","locations":[{"start":{"line":45,"column":22},"end":{"line":45,"column":41}},{"start":{"line":45,"column":45},"end":{"line":45,"column":60}}],"line":45},"5":{"loc":{"start":{"line":48,"column":24},"end":{"line":48,"column":83}},"type":"binary-expr","locations":[{"start":{"line":48,"column":24},"end":{"line":48,"column":50}},{"start":{"line":48,"column":54},"end":{"line":48,"column":83}}],"line":48},"6":{"loc":{"start":{"line":49,"column":22},"end":{"line":49,"column":60}},"type":"binary-expr","locations":[{"start":{"line":49,"column":22},"end":{"line":49,"column":41}},{"start":{"line":49,"column":45},"end":{"line":49,"column":60}}],"line":49}},"s":{"0":1,"1":1,"2":1,"3":1,"4":1,"5":5,"6":5,"7":5,"8":4,"9":10,"10":9,"11":9,"12":4,"13":9,"14":2,"15":4,"16":9,"17":2,"18":4,"19":1,"20":1,"21":1},"f":{"0":5,"1":10,"2":9,"3":9,"4":2,"5":9,"6":2},"b":{"0":[5,2],"1":[8,1],"2":[9,1],"3":[9,6],"4":[2,1],"5":[9,7],"6":[2,1]},"_coverageSchema":"1a1c01bbd47fc00a2c39e90264f33305004495a9","hash":"814f1c1dd54a54ce4ed11bf51e21455a55d7011d"}
,"/Users/kennedysuon/code/BallerzStatApp/backend/src/routes/teams.js": {"path":"/Users/kennedysuon/code/BallerzStatApp/backend/src/routes/teams.js","statementMap":{"0":{"start":{"line":2,"column":16},"end":{"line":2,"column":34}},"1":{"start":{"line":3,"column":15},"end":{"line":3,"column":31}},"2":{"start":{"line":4,"column":50},"end":{"line":4,"column":70}},"3":{"start":{"line":5,"column":26},"end":{"line":5,"column":54}},"4":{"start":{"line":7,"column":27},"end":{"line":38,"column":1}},"5":{"start":{"line":41,"column":0},"end":{"line":76,"column":3}},"6":{"start":{"line":42,"column":2},"end":{"line":75,"column":3}},"7":{"start":{"line":43,"column":17},"end":{"line":43,"column":33}},"8":{"start":{"line":46,"column":6},"end":{"line":48,"column":20}},"9":{"start":{"line":46,"column":37},"end":{"line":46,"column":71}},"10":{"start":{"line":50,"column":4},"end":{"line":52,"column":5}},"11":{"start":{"line":51,"column":6},"end":{"line":51,"column":66}},"12":{"start":{"line":53,"column":4},"end":{"line":53,"column":35}},"13":{"start":{"line":54,"column":18},"end":{"line":65,"column":7}},"14":{"start":{"line":54,"column":58},"end":{"line":65,"column":5}},"15":{"start":{"line":67,"column":4},"end":{"line":67,"column":20}},"16":{"start":{"line":69,"column":4},"end":{"line":69,"column":58}},"17":{"start":{"line":71,"column":4},"end":{"line":74,"column":7}},"18":{"start":{"line":79,"column":0},"end":{"line":136,"column":3}},"19":{"start":{"line":80,"column":2},"end":{"line":135,"column":3}},"20":{"start":{"line":81,"column":23},"end":{"line":81,"column":33}},"21":{"start":{"line":82,"column":19},"end":{"line":82,"column":53}},"22":{"start":{"line":84,"column":34},"end":{"line":87,"column":6}},"23":{"start":{"line":90,"column":6},"end":{"line":92,"column":31}},"24":{"start":{"line":90,"column":42},"end":{"line":90,"column":76}},"25":{"start":{"line":95,"column":6},"end":{"line":97,"column":30}},"26":{"start":{"line":95,"column":41},"end":{"line":95,"column":70}},"27":{"start":{"line":99,"column":4},"end":{"line":101,"column":5}},"28":{"start":{"line":100,"column":6},"end":{"line":100,"column":73}},"29":{"start":{"line":103,"column":21},"end":{"line":103,"column":44}},"30":{"start":{"line":104,"column":22},"end":{"line":106,"column":5}},"31":{"start":{"line":105,"column":16},"end":{"line":105,"column":55}},"32":{"start":{"line":108,"column":21},"end":{"line":108,"column":46}},"33":{"start":{"line":110,"column":4},"end":{"line":112,"column":5}},"34":{"start":{"line":111,"column":6},"end":{"line":111,"column":63}},"35":{"start":{"line":114,"column":4},"end":{"line":128,"column":7}},"36":{"start":{"line":130,"column":4},"end":{"line":130,"column":64}},"37":{"start":{"line":131,"column":4},"end":{"line":134,"column":7}},"38":{"start":{"line":139,"column":0},"end":{"line":139,"column":24}}},"fnMap":{"0":{"name":"(anonymous_0)","decl":{"start":{"line":41,"column":21},"end":{"line":41,"column":22}},"loc":{"start":{"line":41,"column":41},"end":{"line":76,"column":1}},"line":41},"1":{"name":"(anonymous_1)","decl":{"start":{"line":46,"column":28},"end":{"line":46,"column":29}},"loc":{"start":{"line":46,"column":37},"end":{"line":46,"column":71}},"line":46},"2":{"name":"(anonymous_2)","decl":{"start":{"line":54,"column":47},"end":{"line":54,"column":48}},"loc":{"start":{"line":54,"column":58},"end":{"line":65,"column":5}},"line":54},"3":{"name":"(anonymous_3)","decl":{"start":{"line":79,"column":29},"end":{"line":79,"column":30}},"loc":{"start":{"line":79,"column":49},"end":{"line":136,"column":1}},"line":79},"4":{"name":"(anonymous_4)","decl":{"start":{"line":90,"column":33},"end":{"line":90,"column":34}},"loc":{"start":{"line":90,"column":42},"end":{"line":90,"column":76}},"line":90},"5":{"name":"(anonymous_5)","decl":{"start":{"line":95,"column":32},"end":{"line":95,"column":33}},"loc":{"start":{"line":95,"column":41},"end":{"line":95,"column":70}},"line":95},"6":{"name":"(anonymous_6)","decl":{"start":{"line":105,"column":6},"end":{"line":105,"column":7}},"loc":{"start":{"line":105,"column":16},"end":{"line":105,"column":55}},"line":105}},"branchMap":{"0":{"loc":{"start":{"line":46,"column":6},"end":{"line":48,"column":20}},"type":"binary-expr","locations":[{"start":{"line":46,"column":6},"end":{"line":46,"column":72}},{"start":{"line":47,"column":6},"end":{"line":47,"column":26}},{"start":{"line":48,"column":6},"end":{"line":48,"column":20}}],"line":46},"1":{"loc":{"start":{"line":50,"column":4},"end":{"line":52,"column":5}},"type":"if","locations":[{"start":{"line":50,"column":4},"end":{"line":52,"column":5}},{"start":{},"end":{}}],"line":50},"2":{"loc":{"start":{"line":82,"column":19},"end":{"line":82,"column":53}},"type":"binary-expr","locations":[{"start":{"line":82,"column":19},"end":{"line":82,"column":35}},{"start":{"line":82,"column":39},"end":{"line":82,"column":53}}],"line":82},"3":{"loc":{"start":{"line":90,"column":6},"end":{"line":92,"column":31}},"type":"binary-expr","locations":[{"start":{"line":90,"column":6},"end":{"line":90,"column":77}},{"start":{"line":91,"column":6},"end":{"line":91,"column":25}},{"start":{"line":92,"column":6},"end":{"line":92,"column":31}}],"line":90},"4":{"loc":{"start":{"line":95,"column":6},"end":{"line":97,"column":30}},"type":"binary-expr","locations":[{"start":{"line":95,"column":6},"end":{"line":95,"column":71}},{"start":{"line":96,"column":6},"end":{"line":96,"column":24}},{"start":{"line":97,"column":6},"end":{"line":97,"column":30}}],"line":95},"5":{"loc":{"start":{"line":99,"column":4},"end":{"line":101,"column":5}},"type":"if","locations":[{"start":{"line":99,"column":4},"end":{"line":101,"column":5}},{"start":{},"end":{}}],"line":99},"6":{"loc":{"start":{"line":99,"column":8},"end":{"line":99,"column":29}},"type":"binary-expr","locations":[{"start":{"line":99,"column":8},"end":{"line":99,"column":17}},{"start":{"line":99,"column":21},"end":{"line":99,"column":29}}],"line":99},"7":{"loc":{"start":{"line":110,"column":4},"end":{"line":112,"column":5}},"type":"if","locations":[{"start":{"line":110,"column":4},"end":{"line":112,"column":5}},{"start":{},"end":{}}],"line":110},"8":{"loc":{"start":{"line":110,"column":8},"end":{"line":110,"column":31}},"type":"binary-expr","locations":[{"start":{"line":110,"column":8},"end":{"line":110,"column":18}},{"start":{"line":110,"column":22},"end":{"line":110,"column":31}}],"line":110}},"s":{"0":1,"1":1,"2":1,"3":1,"4":1,"5":1,"6":5,"7":5,"8":4,"9":3,"10":4,"11":1,"12":3,"13":3,"14":1,"15":3,"16":1,"17":1,"18":1,"19":6,"20":6,"21":6,"22":6,"23":5,"24":4,"25":5,"26":4,"27":5,"28":1,"29":4,"30":4,"31":3,"32":4,"33":4,"34":2,"35":2,"36":1,"37":1,"38":1},"f":{"0":5,"1":3,"2":1,"3":6,"4":4,"5":4,"6":3},"b":{"0":[4,3,2],"1":[1,3],"2":[6,6],"3":[5,1,1],"4":[5,1,1],"5":[1,4],"6":[5,4],"7":[2,2],"8":[4,3]},"_coverageSchema":"1a1c01bbd47fc00a2c39e90264f33305004495a9","hash":"9c34678ab83c4b084830f7d3e21c4398da09ec8f"}
}
