TN:
SF:src/models/GameSchedule.js
FNF:0
FNH:0
DA:18,0
DA:20,0
DA:90,0
DA:92,0
LF:4
LH:0
BRF:0
BRH:0
end_of_record
TN:
SF:src/models/Player.js
FNF:0
FNH:0
DA:1,1
DA:3,1
DA:120,1
LF:3
LH:3
BRF:0
BRH:0
end_of_record
TN:
SF:src/models/PlayerBio.js
FNF:0
FNH:0
DA:1,1
DA:3,1
DA:28,1
LF:3
LH:3
BRF:0
BRH:0
end_of_record
TN:
SF:src/models/PlayerCareerStats.js
FNF:0
FNH:0
DA:21,0
DA:23,0
DA:80,0
DA:83,0
DA:85,0
LF:5
LH:0
BRF:0
BRH:0
end_of_record
TN:
SF:src/models/PlayerGameStats.js
FNF:0
FNH:0
DA:1,1
DA:3,1
DA:105,1
DA:116,1
LF:4
LH:4
BRF:0
BRH:0
end_of_record
TN:
SF:src/models/PlayerSeasonStats.js
FNF:0
FNH:0
DA:1,1
DA:23,1
DA:143,1
DA:148,1
LF:4
LH:4
BRF:0
BRH:0
end_of_record
TN:
SF:src/models/Team.js
FNF:0
FNH:0
DA:1,1
DA:3,1
DA:96,1
LF:3
LH:3
BRF:0
BRH:0
end_of_record
TN:
SF:src/models/TeamGameStats.js
FNF:0
FNH:0
DA:1,1
DA:3,1
DA:130,1
DA:141,1
LF:4
LH:4
BRF:0
BRH:0
end_of_record
TN:
SF:src/models/TeamSeasonStats.js
FNF:0
FNH:0
DA:1,1
DA:23,1
DA:139,1
DA:144,1
LF:4
LH:4
BRF:0
BRH:0
end_of_record
TN:
SF:src/models/User.js
FNF:0
FNH:0
DA:1,1
DA:5,1
DA:56,1
LF:3
LH:3
BRF:0
BRH:0
end_of_record
TN:
SF:src/models/UserGameStats.js
FNF:0
FNH:0
DA:1,1
DA:5,1
DA:22,1
DA:24,1
LF:4
LH:4
BRF:0
BRH:0
end_of_record
TN:
SF:src/models/UserSeasonStats.js
FNF:0
FNH:0
DA:1,1
DA:5,1
DA:21,1
DA:23,1
LF:4
LH:4
BRF:0
BRH:0
end_of_record
