TN:
SF:src/middleware/auth.js
FN:15,requireAuth
FN:40,requireAdmin
FNF:2
FNH:0
FNDA:0,requireAuth
FNDA:0,requireAdmin
DA:3,1
DA:4,1
DA:16,0
DA:17,0
DA:19,0
DA:20,0
DA:23,0
DA:24,0
DA:25,0
DA:26,0
DA:28,0
DA:41,0
DA:42,0
DA:43,0
DA:44,0
DA:46,0
DA:48,0
DA:52,1
LF:18
LH:3
BRDA:16,0,0,0
BRDA:16,0,1,0
BRDA:17,1,0,0
BRDA:17,1,1,0
BRDA:19,2,0,0
BRDA:19,2,1,0
BRDA:43,3,0,0
BRDA:43,3,1,0
BRF:8
BRH:0
end_of_record
TN:
SF:src/routes/admin.js
FN:14,(anonymous_0)
FN:31,(anonymous_1)
FN:55,(anonymous_2)
FNF:3
FNH:3
FNDA:3,(anonymous_0)
FNDA:4,(anonymous_1)
FNDA:5,(anonymous_2)
DA:3,1
DA:4,1
DA:5,1
DA:6,1
DA:9,1
DA:14,1
DA:15,3
DA:16,3
DA:21,2
DA:23,1
DA:24,1
DA:31,1
DA:32,4
DA:33,4
DA:35,4
DA:36,1
DA:39,3
DA:40,2
DA:41,1
DA:44,1
DA:46,1
DA:47,1
DA:55,1
DA:56,5
DA:57,5
DA:58,5
DA:60,5
DA:61,1
DA:64,4
DA:65,1
DA:68,3
DA:74,2
DA:75,1
DA:78,1
DA:80,1
DA:81,1
DA:85,1
LF:37
LH:37
BRDA:35,0,0,1
BRDA:35,0,1,3
BRDA:40,1,0,1
BRDA:40,1,1,1
BRDA:60,2,0,1
BRDA:60,2,1,4
BRDA:64,3,0,1
BRDA:64,3,1,3
BRDA:64,4,0,4
BRDA:64,4,1,1
BRDA:74,5,0,1
BRDA:74,5,1,1
BRF:12
BRH:12
end_of_record
TN:
SF:src/routes/auth.js
FN:13,(anonymous_0)
FN:21,(anonymous_1)
FN:50,(anonymous_2)
FN:83,(anonymous_3)
FN:123,(anonymous_4)
FN:157,(anonymous_5)
FNF:6
FNH:6
FNDA:3,(anonymous_0)
FNDA:4,(anonymous_1)
FNDA:4,(anonymous_2)
FNDA:4,(anonymous_3)
FNDA:2,(anonymous_4)
FNDA:6,(anonymous_5)
DA:1,1
DA:2,1
DA:3,1
DA:4,1
DA:5,1
DA:6,1
DA:7,1
DA:9,1
DA:13,1
DA:14,3
DA:21,1
DA:22,4
DA:25,4
DA:26,1
DA:30,3
DA:31,3
DA:32,1
DA:36,2
DA:37,2
DA:40,2
DA:41,2
DA:50,1
DA:51,4
DA:54,4
DA:55,1
DA:59,3
DA:60,3
DA:62,1
DA:66,2
DA:67,2
DA:68,1
DA:71,1
DA:72,1
DA:83,1
DA:84,4
DA:88,4
DA:89,4
DA:90,4
DA:92,4
DA:93,1
DA:96,3
DA:102,3
DA:103,1
DA:106,2
DA:123,1
DA:124,2
DA:128,2
DA:129,1
DA:133,1
DA:143,1
DA:157,1
DA:158,6
DA:159,6
DA:160,6
DA:162,6
DA:163,6
DA:164,6
DA:166,6
DA:167,1
DA:168,1
DA:169,1
DA:170,0
DA:173,5
DA:174,1
DA:177,5
DA:178,1
DA:181,4
DA:187,3
DA:189,2
DA:200,1
DA:204,1
LF:71
LH:70
BRDA:15,0,0,3
BRDA:15,0,1,1
BRDA:25,1,0,1
BRDA:25,1,1,3
BRDA:25,2,0,4
BRDA:25,2,1,4
BRDA:25,2,2,3
BRDA:25,2,3,3
BRDA:31,3,0,1
BRDA:31,3,1,2
BRDA:54,4,0,1
BRDA:54,4,1,3
BRDA:54,5,0,4
BRDA:54,5,1,4
BRDA:60,6,0,1
BRDA:60,6,1,2
BRDA:67,7,0,1
BRDA:67,7,1,1
BRDA:89,8,0,2
BRDA:89,8,1,2
BRDA:90,9,0,2
BRDA:90,9,1,2
BRDA:92,10,0,1
BRDA:92,10,1,3
BRDA:102,11,0,1
BRDA:102,11,1,2
BRDA:128,12,0,1
BRDA:128,12,1,1
BRDA:134,13,0,1
BRDA:134,13,1,0
BRDA:138,14,0,1
BRDA:138,14,1,0
BRDA:148,15,0,1
BRDA:148,15,1,1
BRDA:149,16,0,1
BRDA:149,16,1,0
BRDA:162,17,0,3
BRDA:162,17,1,3
BRDA:163,18,0,1
BRDA:163,18,1,5
BRDA:164,19,0,0
BRDA:164,19,1,6
BRDA:166,20,0,1
BRDA:166,20,1,5
BRDA:169,21,0,1
BRDA:169,21,1,0
BRDA:173,22,0,1
BRDA:173,22,1,4
BRDA:177,23,0,1
BRDA:177,23,1,4
BRDA:187,24,0,1
BRDA:187,24,1,2
BRF:52
BRH:47
end_of_record
TN:
SF:src/routes/friends.js
FN:9,(anonymous_0)
FN:28,(anonymous_1)
FN:38,(anonymous_2)
FN:40,(anonymous_3)
FN:41,(anonymous_4)
FN:42,(anonymous_5)
FN:55,(anonymous_6)
FN:56,(anonymous_7)
FN:71,(anonymous_8)
FN:89,(anonymous_9)
FN:107,(anonymous_10)
FN:117,(anonymous_11)
FN:118,(anonymous_12)
FN:127,(anonymous_13)
FN:141,(anonymous_14)
FN:145,(anonymous_15)
FN:149,(anonymous_16)
FN:153,(anonymous_17)
FN:157,(anonymous_18)
FN:181,(anonymous_19)
FN:187,(anonymous_20)
FN:207,(anonymous_21)
FN:223,(anonymous_22)
FN:247,(anonymous_23)
FN:259,(anonymous_24)
FNF:25
FNH:18
FNDA:3,(anonymous_0)
FNDA:3,(anonymous_1)
FNDA:0,(anonymous_2)
FNDA:0,(anonymous_3)
FNDA:0,(anonymous_4)
FNDA:0,(anonymous_5)
FNDA:1,(anonymous_6)
FNDA:1,(anonymous_7)
FNDA:3,(anonymous_8)
FNDA:1,(anonymous_9)
FNDA:1,(anonymous_10)
FNDA:0,(anonymous_11)
FNDA:2,(anonymous_12)
FNDA:7,(anonymous_13)
FNDA:1,(anonymous_14)
FNDA:0,(anonymous_15)
FNDA:1,(anonymous_16)
FNDA:0,(anonymous_17)
FNDA:1,(anonymous_18)
FNDA:3,(anonymous_19)
FNDA:1,(anonymous_20)
FNDA:2,(anonymous_21)
FNDA:3,(anonymous_22)
FNDA:2,(anonymous_23)
FNDA:2,(anonymous_24)
DA:1,1
DA:2,1
DA:3,1
DA:4,1
DA:6,1
DA:9,1
DA:10,3
DA:11,3
DA:16,2
DA:18,1
DA:23,1
DA:28,1
DA:29,3
DA:30,3
DA:31,3
DA:33,2
DA:34,1
DA:37,1
DA:38,1
DA:40,1
DA:41,1
DA:42,1
DA:44,1
DA:45,1
DA:54,1
DA:55,1
DA:57,1
DA:58,1
DA:59,1
DA:60,1
DA:61,1
DA:64,1
DA:66,1
DA:71,1
DA:72,3
DA:73,3
DA:74,3
DA:76,3
DA:77,2
DA:79,2
DA:81,2
DA:86,2
DA:87,2
DA:89,2
DA:90,1
DA:91,1
DA:105,2
DA:106,2
DA:107,2
DA:108,1
DA:109,1
DA:117,2
DA:118,2
DA:120,2
DA:122,1
DA:127,1
DA:128,7
DA:129,7
DA:130,7
DA:131,6
DA:133,5
DA:138,5
DA:141,4
DA:142,1
DA:145,3
DA:146,0
DA:149,3
DA:150,1
DA:153,2
DA:154,0
DA:157,2
DA:158,1
DA:167,1
DA:170,1
DA:174,1
DA:176,0
DA:181,1
DA:182,3
DA:183,3
DA:184,3
DA:186,2
DA:187,2
DA:188,2
DA:190,1
DA:200,1
DA:202,0
DA:207,1
DA:208,2
DA:209,2
DA:210,2
DA:212,1
DA:216,1
DA:218,0
DA:223,1
DA:224,3
DA:225,3
DA:226,3
DA:228,2
DA:240,1
DA:242,1
DA:247,1
DA:248,2
DA:249,2
DA:252,1
DA:254,1
DA:259,1
DA:260,2
DA:261,2
DA:265,1
DA:267,1
DA:271,1
LF:111
LH:106
BRDA:16,0,0,1
BRDA:16,0,1,1
BRDA:19,1,0,1
BRDA:19,1,1,0
BRDA:20,2,0,1
BRDA:20,2,1,0
BRDA:30,3,0,3
BRDA:30,3,1,0
BRDA:31,4,0,1
BRDA:31,4,1,2
BRDA:34,5,0,0
BRDA:34,5,1,1
BRDA:40,6,0,1
BRDA:40,6,1,0
BRDA:41,7,0,1
BRDA:41,7,1,0
BRDA:42,8,0,1
BRDA:42,8,1,0
BRDA:55,9,0,1
BRDA:55,9,1,1
BRDA:59,10,0,0
BRDA:59,10,1,1
BRDA:60,11,0,0
BRDA:60,11,1,1
BRDA:74,12,0,0
BRDA:74,12,1,3
BRDA:77,13,0,0
BRDA:77,13,1,2
BRDA:79,14,0,2
BRDA:79,14,1,0
BRDA:90,15,0,1
BRDA:90,15,1,0
BRDA:93,16,0,1
BRDA:93,16,1,0
BRDA:94,17,0,1
BRDA:94,17,1,0
BRDA:95,18,0,1
BRDA:95,18,1,1
BRDA:107,19,0,1
BRDA:107,19,1,1
BRDA:108,20,0,1
BRDA:108,20,1,1
BRDA:110,21,0,1
BRDA:110,21,1,1
BRDA:110,22,0,1
BRDA:110,22,1,1
BRDA:111,23,0,1
BRDA:111,23,1,1
BRDA:130,24,0,1
BRDA:130,24,1,6
BRDA:131,25,0,1
BRDA:131,25,1,5
BRDA:138,26,0,1
BRDA:138,26,1,4
BRDA:141,27,0,1
BRDA:141,27,1,3
BRDA:141,28,0,4
BRDA:141,28,1,0
BRDA:145,29,0,0
BRDA:145,29,1,3
BRDA:145,30,0,3
BRDA:145,30,1,0
BRDA:149,31,0,1
BRDA:149,31,1,2
BRDA:149,32,0,3
BRDA:149,32,1,0
BRDA:153,33,0,0
BRDA:153,33,1,2
BRDA:153,34,0,2
BRDA:153,34,1,0
BRDA:157,35,0,1
BRDA:157,35,1,1
BRDA:157,36,0,2
BRDA:157,36,1,0
BRDA:184,37,0,1
BRDA:184,37,1,2
BRDA:187,38,0,2
BRDA:187,38,1,0
BRDA:188,39,0,1
BRDA:188,39,1,1
BRDA:210,40,0,1
BRDA:210,40,1,1
BRDA:226,41,0,1
BRDA:226,41,1,2
BRF:84
BRH:61
end_of_record
TN:
SF:src/routes/games.js
FN:13,formatDate
FN:36,(anonymous_1)
FN:62,(anonymous_2)
FN:63,(anonymous_3)
FN:78,(anonymous_4)
FN:93,(anonymous_5)
FN:95,(anonymous_6)
FNF:7
FNH:7
FNDA:5,formatDate
FNDA:6,(anonymous_1)
FNDA:7,(anonymous_2)
FNDA:14,(anonymous_3)
FNDA:4,(anonymous_4)
FNDA:5,(anonymous_5)
FNDA:21,(anonymous_6)
DA:3,1
DA:4,1
DA:5,1
DA:6,1
DA:14,5
DA:15,5
DA:16,5
DA:17,5
DA:21,5
DA:36,1
DA:37,6
DA:39,6
DA:40,6
DA:42,6
DA:51,5
DA:52,5
DA:53,15
DA:54,15
DA:55,15
DA:58,5
DA:59,5
DA:60,8
DA:62,7
DA:63,14
DA:64,7
DA:67,6
DA:69,6
DA:78,5
DA:83,5
DA:84,5
DA:85,5
DA:86,5
DA:87,5
DA:88,5
DA:89,5
DA:93,5
DA:95,21
DA:98,5
DA:100,1
DA:101,1
DA:105,1
LF:41
LH:41
BRDA:17,0,0,0
BRDA:17,0,1,5
BRDA:18,1,0,0
BRDA:18,1,1,5
BRDA:19,2,0,0
BRDA:19,2,1,5
BRDA:20,3,0,0
BRDA:20,3,1,5
BRDA:54,4,0,8
BRDA:54,4,1,7
BRDA:60,5,0,1
BRDA:60,5,1,7
BRDA:64,6,0,1
BRDA:64,6,1,6
BRDA:64,7,0,7
BRDA:64,7,1,7
BRDA:72,8,0,6
BRDA:72,8,1,0
BRDA:73,9,0,6
BRDA:73,9,1,0
BRDA:86,10,0,5
BRDA:86,10,1,0
BRDA:89,11,0,1
BRDA:89,11,1,4
BRF:24
BRH:17
end_of_record
TN:
SF:src/routes/playerBioRoutes.js
FN:9,(anonymous_0)
FNF:1
FNH:1
FNDA:5,(anonymous_0)
DA:3,1
DA:4,1
DA:5,1
DA:7,1
DA:9,1
DA:10,5
DA:11,5
DA:12,5
DA:14,5
DA:16,4
DA:17,1
DA:20,3
DA:21,1
DA:26,2
DA:28,1
DA:36,1
DA:38,2
DA:39,2
DA:43,1
LF:19
LH:19
BRDA:16,0,0,1
BRDA:16,0,1,3
BRDA:20,1,0,1
BRDA:20,1,1,2
BRF:4
BRH:4
end_of_record
TN:
SF:src/routes/players.js
FN:13,normalizeText
FN:28,(anonymous_1)
FN:54,(anonymous_2)
FN:58,topPipeline
FN:136,(anonymous_4)
FN:163,(anonymous_5)
FN:191,(anonymous_6)
FN:198,(anonymous_7)
FN:201,(anonymous_8)
FN:237,(anonymous_9)
FN:252,(anonymous_10)
FN:288,(anonymous_11)
FN:331,(anonymous_12)
FN:346,(anonymous_13)
FNF:14
FNH:11
FNDA:6,normalizeText
FNDA:4,(anonymous_1)
FNDA:2,(anonymous_2)
FNDA:8,topPipeline
FNDA:6,(anonymous_4)
FNDA:4,(anonymous_5)
FNDA:0,(anonymous_6)
FNDA:0,(anonymous_7)
FNDA:0,(anonymous_8)
FNDA:5,(anonymous_9)
FNDA:2,(anonymous_10)
FNDA:5,(anonymous_11)
FNDA:4,(anonymous_12)
FNDA:1,(anonymous_13)
DA:3,1
DA:4,1
DA:5,1
DA:6,1
DA:7,1
DA:8,1
DA:14,6
DA:28,1
DA:29,4
DA:30,4
DA:31,4
DA:33,2
DA:34,2
DA:41,1
DA:43,1
DA:44,1
DA:54,1
DA:55,2
DA:56,2
DA:59,8
DA:103,2
DA:110,1
DA:112,1
DA:113,1
DA:136,1
DA:137,6
DA:138,6
DA:139,6
DA:140,6
DA:144,6
DA:147,6
DA:148,0
DA:149,0
DA:151,0
DA:154,6
DA:155,1
DA:156,1
DA:159,6
DA:163,5
DA:187,5
DA:188,5
DA:191,0
DA:193,0
DA:197,0
DA:198,0
DA:201,0
DA:202,0
DA:204,0
DA:218,0
DA:220,1
DA:221,1
DA:237,1
DA:238,5
DA:239,5
DA:241,5
DA:242,1
DA:245,4
DA:252,3
DA:270,3
DA:272,1
DA:273,1
DA:288,1
DA:289,5
DA:290,5
DA:291,5
DA:292,1
DA:295,4
DA:296,3
DA:297,1
DA:300,2
DA:301,2
DA:302,2
DA:303,2
DA:306,2
DA:307,1
DA:316,2
DA:326,1
DA:327,1
DA:331,1
DA:332,4
DA:333,4
DA:334,4
DA:335,1
DA:338,3
DA:339,2
DA:341,1
DA:346,1
DA:358,1
DA:359,1
DA:363,1
LF:90
LH:79
BRDA:14,0,0,6
BRDA:14,0,1,5
BRDA:30,1,0,4
BRDA:30,1,1,2
BRDA:31,2,0,2
BRDA:31,2,1,2
BRDA:138,3,0,6
BRDA:138,3,1,5
BRDA:147,4,0,0
BRDA:147,4,1,6
BRDA:148,5,0,0
BRDA:148,5,1,0
BRDA:154,6,0,1
BRDA:154,6,1,5
BRDA:175,7,0,4
BRDA:175,7,1,1
BRDA:176,8,0,4
BRDA:176,8,1,1
BRDA:177,9,0,4
BRDA:177,9,1,1
BRDA:187,10,0,5
BRDA:187,10,1,0
BRDA:207,11,0,0
BRDA:207,11,1,0
BRDA:208,12,0,0
BRDA:208,12,1,0
BRDA:209,13,0,0
BRDA:209,13,1,0
BRDA:210,14,0,0
BRDA:210,14,1,0
BRDA:211,15,0,0
BRDA:211,15,1,0
BRDA:212,16,0,0
BRDA:212,16,1,0
BRDA:213,17,0,0
BRDA:213,17,1,0
BRDA:241,18,0,1
BRDA:241,18,1,4
BRDA:291,19,0,1
BRDA:291,19,1,4
BRDA:296,20,0,1
BRDA:296,20,1,2
BRDA:302,21,0,2
BRDA:302,21,1,0
BRDA:306,22,0,1
BRDA:306,22,1,1
BRDA:334,23,0,1
BRDA:334,23,1,3
BRDA:339,24,0,1
BRDA:339,24,1,1
BRF:50
BRH:31
end_of_record
TN:
SF:src/routes/schedule.js
FN:28,(anonymous_0)
FN:42,(anonymous_1)
FN:46,(anonymous_2)
FN:93,(anonymous_3)
FN:112,(anonymous_4)
FNF:5
FNH:5
FNDA:4,(anonymous_0)
FNDA:2,(anonymous_1)
FNDA:4,(anonymous_2)
FNDA:7,(anonymous_3)
FNDA:3,(anonymous_4)
DA:3,1
DA:4,1
DA:5,1
DA:6,1
DA:7,1
DA:8,1
DA:28,1
DA:29,4
DA:31,4
DA:32,4
DA:33,4
DA:35,4
DA:42,3
DA:46,4
DA:56,2
DA:68,3
DA:70,1
DA:71,1
DA:93,1
DA:94,7
DA:95,7
DA:96,7
DA:98,7
DA:99,1
DA:102,6
DA:103,6
DA:104,1
DA:107,5
DA:112,4
DA:113,3
DA:114,3
DA:142,4
DA:144,1
DA:145,1
DA:149,1
LF:35
LH:35
BRDA:46,0,0,3
BRDA:46,0,1,1
BRDA:52,1,0,3
BRDA:52,1,1,1
BRDA:95,2,0,7
BRDA:95,2,1,1
BRDA:96,3,0,7
BRDA:96,3,1,6
BRDA:98,4,0,1
BRDA:98,4,1,6
BRDA:103,5,0,1
BRDA:103,5,1,5
BRDA:119,6,0,2
BRDA:119,6,1,1
BRDA:125,7,0,2
BRDA:125,7,1,2
BRDA:138,8,0,3
BRDA:138,8,1,0
BRDA:138,9,0,3
BRDA:138,9,1,0
BRF:20
BRH:18
end_of_record
TN:
SF:src/routes/standings.js
FN:7,(anonymous_0)
FN:27,(anonymous_1)
FN:32,(anonymous_2)
FN:38,(anonymous_3)
FN:59,(anonymous_4)
FN:95,(anonymous_5)
FN:96,(anonymous_6)
FN:99,(anonymous_7)
FN:100,(anonymous_8)
FNF:9
FNH:9
FNDA:6,(anonymous_0)
FNDA:8,(anonymous_1)
FNDA:10,(anonymous_2)
FNDA:23,(anonymous_3)
FNDA:9,(anonymous_4)
FNDA:9,(anonymous_5)
FNDA:2,(anonymous_6)
FNDA:9,(anonymous_7)
FNDA:2,(anonymous_8)
DA:1,1
DA:2,1
DA:3,1
DA:4,1
DA:5,1
DA:7,1
DA:8,6
DA:9,6
DA:10,6
DA:13,6
DA:17,6
DA:22,5
DA:24,5
DA:26,5
DA:27,5
DA:28,8
DA:31,5
DA:32,5
DA:33,10
DA:36,5
DA:38,5
DA:39,23
DA:41,23
DA:42,9
DA:49,23
DA:51,23
DA:52,17
DA:53,6
DA:54,6
DA:58,5
DA:60,9
DA:61,9
DA:62,9
DA:65,9
DA:69,9
DA:94,5
DA:95,9
DA:96,2
DA:98,5
DA:99,9
DA:100,2
DA:102,5
DA:104,1
DA:105,1
DA:111,1
LF:45
LH:45
BRDA:9,0,0,6
BRDA:9,0,1,2
BRDA:10,1,0,6
BRDA:10,1,1,5
BRDA:13,2,0,1
BRDA:13,2,1,5
BRDA:41,3,0,9
BRDA:41,3,1,14
BRDA:51,4,0,17
BRDA:51,4,1,6
BRDA:53,5,0,6
BRDA:53,5,1,0
BRDA:61,6,0,9
BRDA:61,6,1,1
BRDA:62,7,0,0
BRDA:62,7,1,9
BRDA:65,8,0,9
BRDA:65,8,1,0
BRDA:81,9,0,9
BRDA:81,9,1,5
BRDA:82,10,0,9
BRDA:82,10,1,5
BRDA:83,11,0,9
BRDA:83,11,1,5
BRDA:84,12,0,9
BRDA:84,12,1,5
BRDA:85,13,0,9
BRDA:85,13,1,5
BRDA:86,14,0,9
BRDA:86,14,1,5
BRDA:87,15,0,9
BRDA:87,15,1,5
BRDA:88,16,0,9
BRDA:88,16,1,5
BRDA:89,17,0,9
BRDA:89,17,1,5
BRDA:95,18,0,9
BRDA:95,18,1,6
BRDA:96,19,0,2
BRDA:96,19,1,1
BRDA:99,20,0,9
BRDA:99,20,1,7
BRDA:100,21,0,2
BRDA:100,21,1,1
BRF:44
BRH:41
end_of_record
TN:
SF:src/routes/teams.js
FN:12,ordinal
FN:19,formatStartTime
FN:21,(anonymous_2)
FN:28,formatGameDate
FN:46,(anonymous_4)
FN:70,(anonymous_5)
FN:77,(anonymous_6)
FN:79,(anonymous_7)
FN:117,(anonymous_8)
FN:168,(anonymous_9)
FN:198,(anonymous_10)
FN:200,(anonymous_11)
FN:206,(anonymous_12)
FN:259,(anonymous_13)
FN:272,(anonymous_14)
FNF:15
FNH:14
FNDA:2,ordinal
FNDA:1,formatStartTime
FNDA:1,(anonymous_2)
FNDA:1,formatGameDate
FNDA:4,(anonymous_4)
FNDA:5,(anonymous_5)
FNDA:1,(anonymous_6)
FNDA:2,(anonymous_7)
FNDA:7,(anonymous_8)
FNDA:5,(anonymous_9)
FNDA:2,(anonymous_10)
FNDA:0,(anonymous_11)
FNDA:2,(anonymous_12)
FNDA:4,(anonymous_13)
FNDA:1,(anonymous_14)
DA:3,1
DA:4,1
DA:5,1
DA:6,1
DA:7,1
DA:8,1
DA:9,1
DA:13,2
DA:14,2
DA:15,2
DA:20,1
DA:21,1
DA:22,1
DA:29,1
DA:30,1
DA:31,1
DA:32,1
DA:33,1
DA:35,1
DA:36,1
DA:37,0
DA:46,1
DA:47,4
DA:48,4
DA:49,4
DA:51,2
DA:52,2
DA:56,1
DA:58,1
DA:59,1
DA:70,1
DA:71,5
DA:72,5
DA:73,5
DA:74,4
DA:77,4
DA:79,4
DA:80,2
DA:81,2
DA:103,4
DA:105,1
DA:106,1
DA:117,1
DA:118,7
DA:119,7
DA:120,7
DA:122,7
DA:123,1
DA:126,6
DA:127,5
DA:128,1
DA:131,4
DA:133,4
DA:150,1
DA:151,1
DA:168,1
DA:169,5
DA:170,5
DA:171,5
DA:172,1
DA:176,4
DA:177,3
DA:178,1
DA:182,2
DA:187,2
DA:188,2
DA:193,2
DA:197,2
DA:198,2
DA:200,2
DA:201,0
DA:202,0
DA:203,0
DA:206,2
DA:207,2
DA:208,2
DA:211,2
DA:216,2
DA:226,2
DA:227,2
DA:229,2
DA:239,2
DA:240,2
DA:241,1
DA:242,1
DA:245,1
DA:252,2
DA:254,1
DA:255,1
DA:259,1
DA:260,4
DA:261,4
DA:262,4
DA:264,3
DA:265,2
DA:267,1
DA:272,1
DA:283,1
DA:287,1
LF:99
LH:95
BRDA:15,0,0,2
BRDA:15,0,1,2
BRDA:15,0,2,0
BRDA:20,1,0,0
BRDA:20,1,1,1
BRDA:35,2,0,0
BRDA:35,2,1,1
BRDA:36,3,0,1
BRDA:36,3,1,0
BRDA:48,4,0,4
BRDA:48,4,1,2
BRDA:49,5,0,2
BRDA:49,5,1,2
BRDA:72,6,0,5
BRDA:72,6,1,4
BRDA:85,7,0,2
BRDA:85,7,1,1
BRDA:86,8,0,2
BRDA:86,8,1,1
BRDA:87,9,0,2
BRDA:87,9,1,1
BRDA:87,10,0,2
BRDA:87,10,1,1
BRDA:88,11,0,2
BRDA:88,11,1,1
BRDA:89,12,0,2
BRDA:89,12,1,1
BRDA:90,13,0,2
BRDA:90,13,1,1
BRDA:91,14,0,2
BRDA:91,14,1,1
BRDA:120,15,0,7
BRDA:120,15,1,6
BRDA:122,16,0,1
BRDA:122,16,1,6
BRDA:127,17,0,1
BRDA:127,17,1,4
BRDA:140,18,0,4
BRDA:140,18,1,3
BRDA:141,19,0,4
BRDA:141,19,1,3
BRDA:142,20,0,4
BRDA:142,20,1,3
BRDA:142,21,0,4
BRDA:142,21,1,3
BRDA:143,22,0,4
BRDA:143,22,1,3
BRDA:144,23,0,4
BRDA:144,23,1,3
BRDA:145,24,0,4
BRDA:145,24,1,3
BRDA:146,25,0,4
BRDA:146,25,1,4
BRDA:147,26,0,4
BRDA:147,26,1,3
BRDA:171,27,0,1
BRDA:171,27,1,4
BRDA:177,28,0,1
BRDA:177,28,1,2
BRDA:187,29,0,2
BRDA:187,29,1,0
BRDA:188,30,0,2
BRDA:188,30,1,0
BRDA:201,31,0,0
BRDA:201,31,1,0
BRDA:202,32,0,0
BRDA:202,32,1,0
BRDA:207,33,0,2
BRDA:207,33,1,0
BRDA:208,34,0,2
BRDA:208,34,1,0
BRDA:216,35,0,2
BRDA:216,35,1,0
BRDA:221,36,0,2
BRDA:221,36,1,0
BRDA:240,37,0,1
BRDA:240,37,1,1
BRDA:242,38,0,1
BRDA:242,38,1,0
BRDA:246,39,0,1
BRDA:246,39,1,0
BRDA:262,40,0,1
BRDA:262,40,1,3
BRDA:265,41,0,1
BRDA:265,41,1,1
BRF:85
BRH:69
end_of_record
TN:
SF:src/routes/userStats.js
FN:9,recalcSeasonStats
FN:28,(anonymous_1)
FN:41,(anonymous_2)
FN:68,(anonymous_3)
FN:78,(anonymous_4)
FN:88,(anonymous_5)
FN:102,(anonymous_6)
FN:136,(anonymous_7)
FN:168,(anonymous_8)
FNF:9
FNH:7
FNDA:3,recalcSeasonStats
FNDA:0,(anonymous_1)
FNDA:0,(anonymous_2)
FNDA:3,(anonymous_3)
FNDA:2,(anonymous_4)
FNDA:3,(anonymous_5)
FNDA:3,(anonymous_6)
FNDA:4,(anonymous_7)
FNDA:4,(anonymous_8)
DA:1,1
DA:2,1
DA:3,1
DA:4,1
DA:6,1
DA:10,3
DA:11,3
DA:13,3
DA:14,3
DA:24,3
DA:27,0
DA:28,0
DA:41,0
DA:43,0
DA:62,1
DA:68,1
DA:69,3
DA:70,3
DA:71,2
DA:73,1
DA:78,1
DA:79,2
DA:80,2
DA:81,2
DA:83,0
DA:88,1
DA:89,3
DA:90,3
DA:91,3
DA:95,2
DA:97,1
DA:102,1
DA:103,3
DA:107,3
DA:109,3
DA:111,1
DA:114,2
DA:128,1
DA:129,1
DA:131,1
DA:136,1
DA:137,4
DA:138,4
DA:139,3
DA:140,2
DA:141,1
DA:144,1
DA:145,1
DA:146,1
DA:147,10
DA:148,1
DA:154,1
DA:160,1
DA:161,1
DA:163,1
DA:168,1
DA:169,4
DA:170,4
DA:171,3
DA:172,2
DA:173,1
DA:176,1
DA:177,1
DA:178,1
DA:180,1
DA:184,1
LF:66
LH:61
BRDA:13,0,0,3
BRDA:13,0,1,0
BRDA:29,1,0,0
BRDA:29,1,1,0
BRDA:30,2,0,0
BRDA:30,2,1,0
BRDA:31,3,0,0
BRDA:31,3,1,0
BRDA:32,4,0,0
BRDA:32,4,1,0
BRDA:33,5,0,0
BRDA:33,5,1,0
BRDA:34,6,0,0
BRDA:34,6,1,0
BRDA:35,7,0,0
BRDA:35,7,1,0
BRDA:36,8,0,0
BRDA:36,8,1,0
BRDA:71,9,0,2
BRDA:71,9,1,1
BRDA:81,10,0,2
BRDA:81,10,1,1
BRDA:90,11,0,3
BRDA:90,11,1,2
BRDA:109,12,0,1
BRDA:109,12,1,2
BRDA:109,13,0,3
BRDA:109,13,1,2
BRDA:109,13,2,2
BRDA:109,13,3,2
BRDA:109,13,4,2
BRDA:117,14,0,2
BRDA:117,14,1,2
BRDA:118,15,0,2
BRDA:118,15,1,1
BRDA:119,16,0,2
BRDA:119,16,1,1
BRDA:120,17,0,2
BRDA:120,17,1,1
BRDA:121,18,0,2
BRDA:121,18,1,1
BRDA:122,19,0,2
BRDA:122,19,1,2
BRDA:123,20,0,2
BRDA:123,20,1,2
BRDA:124,21,0,2
BRDA:124,21,1,2
BRDA:125,22,0,2
BRDA:125,22,1,2
BRDA:139,23,0,1
BRDA:139,23,1,2
BRDA:140,24,0,1
BRDA:140,24,1,1
BRDA:147,25,0,1
BRDA:147,25,1,9
BRDA:148,26,0,0
BRDA:148,26,1,1
BRDA:149,27,0,0
BRDA:149,27,1,1
BRDA:150,28,0,1
BRDA:150,28,1,0
BRDA:171,29,0,1
BRDA:171,29,1,2
BRDA:172,30,0,1
BRDA:172,30,1,1
BRF:65
BRH:45
end_of_record
